ARM GAS  /tmp/cc2sSfnH.s 			page 1


   1              		.cpu cortex-m4
   2              		.arch armv7e-m
   3              		.fpu fpv4-sp-d16
   4              		.eabi_attribute 27, 1
   5              		.eabi_attribute 28, 1
   6              		.eabi_attribute 20, 1
   7              		.eabi_attribute 21, 1
   8              		.eabi_attribute 23, 3
   9              		.eabi_attribute 24, 1
  10              		.eabi_attribute 25, 1
  11              		.eabi_attribute 26, 1
  12              		.eabi_attribute 30, 1
  13              		.eabi_attribute 34, 1
  14              		.eabi_attribute 18, 4
  15              		.file	"avg_filter.cpp"
  16              		.text
  17              	.Ltext0:
  18              		.cfi_sections	.debug_frame
  19              		.file 1 "Lib/compute/filter/avg_filter.cpp"
  20              		.align	1
  21              		.global	_ZN9AvgFilter4initEh
  22              		.syntax unified
  23              		.thumb
  24              		.thumb_func
  26              	_ZN9AvgFilter4initEh:
  27              	.LVL0:
  28              	.LFB982:
   1:Lib/compute/filter/avg_filter.cpp **** #include "ex_math.hpp"   // еҢ…еҗ«иҮӘе®ҡд№үж•°еӯҰе·Ҙе…·еӨҙж–Үд»¶пјҲеҸҜиғҪеҢ…еҗ«дёҖдәӣиҫ…еҠ©е®ҸжҲ–еҮ
   2:Lib/compute/filter/avg_filter.cpp **** #include "FreeRTOS.h"    // еҢ…еҗ« FreeRTOS еҶ…ж ёеӨҙж–Үд»¶пјҢз”ЁдәҺдҪҝз”Ё pvPortMalloc еҠЁжҖҒеҶ…еӯ
   3:Lib/compute/filter/avg_filter.cpp **** #include "string.h"
   4:Lib/compute/filter/avg_filter.cpp **** // ============================================================
   5:Lib/compute/filter/avg_filter.cpp **** // зұ»еҗҚ: AvgFilter
   6:Lib/compute/filter/avg_filter.cpp **** // еҠҹиғҪ: е®һзҺ°ж»‘еҠЁзӘ—еҸЈе№іеқҮж»ӨжіўпјҢзӘ—еҸЈж»ЎеҗҺиҮӘеҠЁеҺ»жҺүдёҖдёӘжңҖеӨ§еҖје’ҢдёҖдёӘжңҖе°Ҹе
   7:Lib/compute/filter/avg_filter.cpp **** //       еҶҚеҜ№еү©дҪҷж•°жҚ®жұӮе№іеқҮпјҢд»Ҙж¶ҲйҷӨејӮеёёеҖје№Іжү°гҖӮ
   8:Lib/compute/filter/avg_filter.cpp **** //       еҶ…йғЁдҪҝз”Ё FreeRTOS зҡ„ pvPortMalloc еҠЁжҖҒз”іиҜ·зҺҜеҪўзј“еҶІеҢәгҖӮ
   9:Lib/compute/filter/avg_filter.cpp **** // ============================================================
  10:Lib/compute/filter/avg_filter.cpp **** 
  11:Lib/compute/filter/avg_filter.cpp **** // еҲқе§ӢеҢ–ж»ӨжіўеҷЁ
  12:Lib/compute/filter/avg_filter.cpp **** // еҸӮж•° win_size : ж»‘еҠЁзӘ—еҸЈеӨ§е°ҸпјҲиҮіе°‘дёә2пјҢеӣ дёәйңҖиҰҒеҺ»жҺүжңҖеӨ§жңҖе°ҸеҖјеҗҺиҮіе°‘жң
  13:Lib/compute/filter/avg_filter.cpp **** // иҝ”еӣһеҖј: true иЎЁзӨәеҲқе§ӢеҢ–жҲҗеҠҹпјҢfalse иЎЁзӨәеӨұиҙҘпјҲзӘ—еҸЈеӨӘе°ҸжҲ–еҶ…еӯҳеҲҶй…ҚеӨұиҙҘпј
  14:Lib/compute/filter/avg_filter.cpp **** bool AvgFilter::init(uint8_t win_size)
  15:Lib/compute/filter/avg_filter.cpp **** {
  29              		.loc 1 15 1 view -0
  30              		.cfi_startproc
  31              		@ args = 0, pretend = 0, frame = 0
  32              		@ frame_needed = 0, uses_anonymous_args = 0
  16:Lib/compute/filter/avg_filter.cpp ****     // зӘ—еҸЈеӨӘе°ҸпјҲ<2пјүж— жі•иҝӣиЎҢеҺ»жһҒеҖје№іеқҮпјҢиҝ”еӣһеӨұиҙҘ
  17:Lib/compute/filter/avg_filter.cpp ****     if (win_size < 2)
  33              		.loc 1 17 5 view .LVU1
  34 0000 0129     		cmp	r1, #1
  35 0002 0ED9     		bls	.L3
  15:Lib/compute/filter/avg_filter.cpp ****     // зӘ—еҸЈеӨӘе°ҸпјҲ<2пјүж— жі•иҝӣиЎҢеҺ»жһҒеҖје№іеқҮпјҢиҝ”еӣһеӨұиҙҘ
  36              		.loc 1 15 1 is_stmt 0 view .LVU2
  37 0004 10B5     		push	{r4, lr}
  38              		.cfi_def_cfa_offset 8
  39              		.cfi_offset 4, -8
  40              		.cfi_offset 14, -4
ARM GAS  /tmp/cc2sSfnH.s 			page 2


  41 0006 0446     		mov	r4, r0
  18:Lib/compute/filter/avg_filter.cpp ****         return false;
  19:Lib/compute/filter/avg_filter.cpp **** 
  20:Lib/compute/filter/avg_filter.cpp ****     _sum = 0.f;          // жё…з©әзӘ—еҸЈеҶ…ж•°жҚ®жҖ»е’Ң
  42              		.loc 1 20 5 is_stmt 1 view .LVU3
  43              		.loc 1 20 10 is_stmt 0 view .LVU4
  44 0008 0023     		movs	r3, #0
  45 000a C360     		str	r3, [r0, #12]	@ float
  21:Lib/compute/filter/avg_filter.cpp ****     _size = win_size;    // и®°еҪ•зӘ—еҸЈеӨ§е°Ҹ
  46              		.loc 1 21 5 is_stmt 1 view .LVU5
  47              		.loc 1 21 11 is_stmt 0 view .LVU6
  48 000c 0170     		strb	r1, [r0]
  22:Lib/compute/filter/avg_filter.cpp ****     _index = 0;          // зҺҜеҪўзј“еҶІеҢәеҪ“еүҚеҶҷе…ҘдҪҚзҪ®зҙўеј•
  49              		.loc 1 22 5 is_stmt 1 view .LVU7
  50              		.loc 1 22 12 is_stmt 0 view .LVU8
  51 000e 0023     		movs	r3, #0
  52 0010 0372     		strb	r3, [r0, #8]
  23:Lib/compute/filter/avg_filter.cpp ****     _count = 0;          // еҪ“еүҚе·ІеӯҳеӮЁзҡ„ж•°жҚ®дёӘж•°пјҲжңӘж»Ўж—¶ < _sizeпјү
  53              		.loc 1 23 5 is_stmt 1 view .LVU9
  54              		.loc 1 23 12 is_stmt 0 view .LVU10
  55 0012 4372     		strb	r3, [r0, #9]
  24:Lib/compute/filter/avg_filter.cpp **** 
  25:Lib/compute/filter/avg_filter.cpp ****     // дҪҝз”Ё FreeRTOS зҡ„еҠЁжҖҒеҶ…еӯҳеҲҶй…ҚеҮҪж•°з”іиҜ· float зұ»еһӢзҡ„зҺҜеҪўзј“еҶІеҢә
  26:Lib/compute/filter/avg_filter.cpp ****     pData = (float *)pvPortMalloc(sizeof(float) * _size);
  56              		.loc 1 26 5 is_stmt 1 view .LVU11
  57              		.loc 1 26 34 is_stmt 0 view .LVU12
  58 0014 8800     		lsls	r0, r1, #2
  59              	.LVL1:
  60              		.loc 1 26 34 view .LVU13
  61 0016 FFF7FEFF 		bl	pvPortMalloc
  62              	.LVL2:
  63              		.loc 1 26 11 discriminator 1 view .LVU14
  64 001a 6060     		str	r0, [r4, #4]
  27:Lib/compute/filter/avg_filter.cpp ****     if (pData == NULL)   // еҶ…еӯҳеҲҶй…ҚеӨұиҙҘ
  65              		.loc 1 27 5 is_stmt 1 view .LVU15
  66 001c 18B1     		cbz	r0, .L4
  28:Lib/compute/filter/avg_filter.cpp ****         return false;
  29:Lib/compute/filter/avg_filter.cpp ****     // memset(pData, 0, sizeof(float) * _size);// жё…з©әзј“еҶІеҢәеҶ…е®№ йҳІжӯўйҡҸжңәеҖј
  30:Lib/compute/filter/avg_filter.cpp ****     return true;         // еҲқе§ӢеҢ–жҲҗеҠҹ
  67              		.loc 1 30 12 is_stmt 0 view .LVU16
  68 001e 0120     		movs	r0, #1
  69              	.L2:
  31:Lib/compute/filter/avg_filter.cpp **** }
  70              		.loc 1 31 1 view .LVU17
  71 0020 10BD     		pop	{r4, pc}
  72              	.LVL3:
  73              	.L3:
  74              		.cfi_def_cfa_offset 0
  75              		.cfi_restore 4
  76              		.cfi_restore 14
  18:Lib/compute/filter/avg_filter.cpp **** 
  77              		.loc 1 18 16 view .LVU18
  78 0022 0020     		movs	r0, #0
  79              	.LVL4:
  80              		.loc 1 31 1 view .LVU19
  81 0024 7047     		bx	lr
  82              	.LVL5:
ARM GAS  /tmp/cc2sSfnH.s 			page 3


  83              	.L4:
  84              		.cfi_def_cfa_offset 8
  85              		.cfi_offset 4, -8
  86              		.cfi_offset 14, -4
  28:Lib/compute/filter/avg_filter.cpp ****         return false;
  87              		.loc 1 28 16 view .LVU20
  88 0026 0020     		movs	r0, #0
  89 0028 FAE7     		b	.L2
  90              		.cfi_endproc
  91              	.LFE982:
  93              		.align	1
  94              		.global	_ZN9AvgFilter6filterEf
  95              		.syntax unified
  96              		.thumb
  97              		.thumb_func
  99              	_ZN9AvgFilter6filterEf:
 100              	.LVL6:
 101              	.LFB983:
  32:Lib/compute/filter/avg_filter.cpp **** 
  33:Lib/compute/filter/avg_filter.cpp **** // ж»Өжіўж ёеҝғеҮҪж•°пјҡеҗ‘ж»ӨжіўеҷЁиҫ“е…ҘдёҖдёӘж–°еҖјпјҢиҝ”еӣһж»ӨжіўеҗҺзҡ„з»“жһң
  34:Lib/compute/filter/avg_filter.cpp **** // еҸӮж•° value : ж–°йҮҮж ·зҡ„еҺҹе§Ӣж•°жҚ®
  35:Lib/compute/filter/avg_filter.cpp **** // иҝ”еӣһеҖј     : ж»ӨжіўеҗҺзҡ„е№іеқҮеҖј
  36:Lib/compute/filter/avg_filter.cpp **** float AvgFilter::filter(float value)
  37:Lib/compute/filter/avg_filter.cpp **** {
 102              		.loc 1 37 1 is_stmt 1 view -0
 103              		.cfi_startproc
 104              		@ args = 0, pretend = 0, frame = 0
 105              		@ frame_needed = 0, uses_anonymous_args = 0
 106              		@ link register save eliminated.
  38:Lib/compute/filter/avg_filter.cpp ****     // 1. жӣҙж–°ж•°жҚ®и®Ўж•°пјҲжңӘж»Ўж—¶еўһеҠ пјҢж»ЎдәҶеҗҺдҝқжҢҒдёә _sizeпјү
  39:Lib/compute/filter/avg_filter.cpp ****     _count = _count < _size ? _count + 1 : _size;
 107              		.loc 1 39 5 view .LVU22
 108              		.loc 1 39 14 is_stmt 0 view .LVU23
 109 002a 427A     		ldrb	r2, [r0, #9]	@ zero_extendqisi2
 110              		.loc 1 39 23 view .LVU24
 111 002c 0378     		ldrb	r3, [r0]	@ zero_extendqisi2
 112              		.loc 1 39 12 view .LVU25
 113 002e 9A42     		cmp	r2, r3
 114 0030 01D2     		bcs	.L10
 115              		.loc 1 39 12 discriminator 1 view .LVU26
 116 0032 0132     		adds	r2, r2, #1
 117 0034 D3B2     		uxtb	r3, r2
 118              	.L10:
 119              		.loc 1 39 12 discriminator 4 view .LVU27
 120 0036 4372     		strb	r3, [r0, #9]
  40:Lib/compute/filter/avg_filter.cpp **** 
  41:Lib/compute/filter/avg_filter.cpp ****     // 2. жӣҙж–°жҖ»е’ҢпјҡеҮҸеҺ»еҚіе°Ҷиў«иҰҶзӣ–зҡ„ж—§еҖјпјҢеҠ дёҠж–°еҖј
  42:Lib/compute/filter/avg_filter.cpp ****     _sum = _sum - pData[_index] + value; //е°Ҷиў«иҰҶзӣ–зҡ„жңҖиҖҒж•°жҚ®д»ҺжҖ»е’Ңдёӯеү”йҷӨгҖӮ
 121              		.loc 1 42 5 is_stmt 1 view .LVU28
 122              		.loc 1 42 12 is_stmt 0 view .LVU29
 123 0038 D0ED037A 		vldr.32	s15, [r0, #12]
 124              		.loc 1 42 19 view .LVU30
 125 003c 4368     		ldr	r3, [r0, #4]
 126              		.loc 1 42 25 view .LVU31
 127 003e 027A     		ldrb	r2, [r0, #8]	@ zero_extendqisi2
 128              		.loc 1 42 31 view .LVU32
 129 0040 03EB8203 		add	r3, r3, r2, lsl #2
ARM GAS  /tmp/cc2sSfnH.s 			page 4


 130 0044 93ED007A 		vldr.32	s14, [r3]
 131              		.loc 1 42 17 view .LVU33
 132 0048 77EEC77A 		vsub.f32	s15, s15, s14
 133              		.loc 1 42 33 view .LVU34
 134 004c 77EE807A 		vadd.f32	s15, s15, s0
 135              		.loc 1 42 10 view .LVU35
 136 0050 C0ED037A 		vstr.32	s15, [r0, #12]
  43:Lib/compute/filter/avg_filter.cpp **** 
  44:Lib/compute/filter/avg_filter.cpp ****     // 3. е°Ҷж–°еҖјеӯҳе…ҘеҪ“еүҚж§ҪдҪҚ
  45:Lib/compute/filter/avg_filter.cpp ****     pData[_index] = value; 
 137              		.loc 1 45 5 is_stmt 1 view .LVU36
 138              		.loc 1 45 19 is_stmt 0 view .LVU37
 139 0054 83ED000A 		vstr.32	s0, [r3]
  46:Lib/compute/filter/avg_filter.cpp **** 
  47:Lib/compute/filter/avg_filter.cpp ****     // 4. зҺҜеҪўзј“еҶІеҢәжҢҮй’Ҳеҗ‘еүҚз§»еҠЁпјҢе№¶еҸ–жЁЎе®һзҺ°еҫӘзҺҜ
  48:Lib/compute/filter/avg_filter.cpp ****     _index = (_index + 1) % _size;
 140              		.loc 1 48 5 is_stmt 1 view .LVU38
 141              		.loc 1 48 15 is_stmt 0 view .LVU39
 142 0058 037A     		ldrb	r3, [r0, #8]	@ zero_extendqisi2
 143              		.loc 1 48 22 view .LVU40
 144 005a 0133     		adds	r3, r3, #1
 145              		.loc 1 48 29 view .LVU41
 146 005c 0178     		ldrb	r1, [r0]	@ zero_extendqisi2
 147              		.loc 1 48 27 view .LVU42
 148 005e 93FBF1F2 		sdiv	r2, r3, r1
 149 0062 01FB1233 		mls	r3, r1, r2, r3
 150              		.loc 1 48 12 view .LVU43
 151 0066 0372     		strb	r3, [r0, #8]
  49:Lib/compute/filter/avg_filter.cpp **** 
  50:Lib/compute/filter/avg_filter.cpp ****     // 5. еҲқе§ӢеҢ–жһҒеҖјпјҲз”ЁдәҺеҗҺз»ӯжҹҘжүҫжңҖеӨ§жңҖе°ҸеҖјпјү
  51:Lib/compute/filter/avg_filter.cpp ****     _max = _min = value;
 152              		.loc 1 51 5 is_stmt 1 view .LVU44
 153              		.loc 1 51 17 is_stmt 0 view .LVU45
 154 0068 80ED060A 		vstr.32	s0, [r0, #24]
 155              		.loc 1 51 10 view .LVU46
 156 006c 80ED050A 		vstr.32	s0, [r0, #20]
  52:Lib/compute/filter/avg_filter.cpp **** 
  53:Lib/compute/filter/avg_filter.cpp ****     // 6. еҲӨж–ӯжҳҜеҗҰе·ІеЎ«ж»ЎзӘ—еҸЈ
  54:Lib/compute/filter/avg_filter.cpp ****     if (_count == _size)
 157              		.loc 1 54 5 is_stmt 1 view .LVU47
 158              	.LBB2:
 159              		.loc 1 54 9 is_stmt 0 view .LVU48
 160 0070 437A     		ldrb	r3, [r0, #9]	@ zero_extendqisi2
 161              		.loc 1 54 5 view .LVU49
 162 0072 9942     		cmp	r1, r3
 163 0074 29D0     		beq	.L23
  55:Lib/compute/filter/avg_filter.cpp ****     {
  56:Lib/compute/filter/avg_filter.cpp ****         // зӘ—еҸЈе·Іж»ЎпјҡйҒҚеҺҶжүҖжңүж•°жҚ®пјҢжүҫеҮәжңҖеӨ§еҖје’ҢжңҖе°ҸеҖј
  57:Lib/compute/filter/avg_filter.cpp ****         for (int i = 0; i < _size; i++)
  58:Lib/compute/filter/avg_filter.cpp ****         {
  59:Lib/compute/filter/avg_filter.cpp ****             if (pData[i] > _max)
  60:Lib/compute/filter/avg_filter.cpp ****                 _max = pData[i];
  61:Lib/compute/filter/avg_filter.cpp ****             if (pData[i] < _min)
  62:Lib/compute/filter/avg_filter.cpp ****                 _min = pData[i];
  63:Lib/compute/filter/avg_filter.cpp ****         }
  64:Lib/compute/filter/avg_filter.cpp ****         // и®Ўз®—еҺ»жһҒеҖје№іеқҮпјҡжҖ»е’ҢеҮҸеҺ»жңҖеӨ§жңҖе°ҸеҖјпјҢеҶҚйҷӨд»Ҙ (зӘ—еҸЈеӨ§е°Ҹ - 2)
  65:Lib/compute/filter/avg_filter.cpp ****         _avg = (_sum - _max - _min) / (_size - 2);
ARM GAS  /tmp/cc2sSfnH.s 			page 5


  66:Lib/compute/filter/avg_filter.cpp ****     }
  67:Lib/compute/filter/avg_filter.cpp ****     else
  68:Lib/compute/filter/avg_filter.cpp ****     {
  69:Lib/compute/filter/avg_filter.cpp ****         // зӘ—еҸЈжңӘж»ЎпјҡзӣҙжҺҘи®Ўз®—жҷ®йҖҡе№іеқҮеҖјпјҲжҖ»е’Ң / еҪ“еүҚж•°жҚ®дёӘж•°пјү
  70:Lib/compute/filter/avg_filter.cpp ****         _avg = _sum / _count;
 164              		.loc 1 70 9 is_stmt 1 view .LVU50
 165              		.loc 1 70 16 is_stmt 0 view .LVU51
 166 0076 D0ED036A 		vldr.32	s13, [r0, #12]
 167              		.loc 1 70 21 view .LVU52
 168 007a 07EE903A 		vmov	s15, r3	@ int
 169 007e F8EEE77A 		vcvt.f32.s32	s15, s15
 170 0082 86EEA77A 		vdiv.f32	s14, s13, s15
 171              		.loc 1 70 14 view .LVU53
 172 0086 80ED047A 		vstr.32	s14, [r0, #16]
 173              	.L18:
 174              		.loc 1 70 14 view .LVU54
 175              	.LBE2:
  71:Lib/compute/filter/avg_filter.cpp ****     }
  72:Lib/compute/filter/avg_filter.cpp **** 
  73:Lib/compute/filter/avg_filter.cpp ****     // иҝ”еӣһж»Өжіўз»“жһң
  74:Lib/compute/filter/avg_filter.cpp ****     return _avg;
 176              		.loc 1 74 5 is_stmt 1 view .LVU55
  75:Lib/compute/filter/avg_filter.cpp **** }
 177              		.loc 1 75 1 is_stmt 0 view .LVU56
 178 008a 90ED040A 		vldr.32	s0, [r0, #16]
 179              	.LVL7:
 180              		.loc 1 75 1 view .LVU57
 181 008e 7047     		bx	lr
 182              	.LVL8:
 183              	.L15:
 184              	.LBB5:
 185              	.LBB3:
 186              	.LBB4:
  57:Lib/compute/filter/avg_filter.cpp ****         {
 187              		.loc 1 57 9 is_stmt 1 discriminator 2 view .LVU58
 188 0090 0132     		adds	r2, r2, #1
 189              	.LVL9:
 190              	.L11:
  57:Lib/compute/filter/avg_filter.cpp ****         {
 191              		.loc 1 57 27 discriminator 1 view .LVU59
 192 0092 9142     		cmp	r1, r2
 193 0094 1BDD     		ble	.L24
  59:Lib/compute/filter/avg_filter.cpp ****                 _max = pData[i];
 194              		.loc 1 59 13 view .LVU60
  59:Lib/compute/filter/avg_filter.cpp ****                 _max = pData[i];
 195              		.loc 1 59 17 is_stmt 0 view .LVU61
 196 0096 4368     		ldr	r3, [r0, #4]
  59:Lib/compute/filter/avg_filter.cpp ****                 _max = pData[i];
 197              		.loc 1 59 24 view .LVU62
 198 0098 03EB8203 		add	r3, r3, r2, lsl #2
 199 009c D3ED007A 		vldr.32	s15, [r3]
  59:Lib/compute/filter/avg_filter.cpp ****                 _max = pData[i];
 200              		.loc 1 59 28 view .LVU63
 201 00a0 90ED057A 		vldr.32	s14, [r0, #20]
  59:Lib/compute/filter/avg_filter.cpp ****                 _max = pData[i];
 202              		.loc 1 59 13 view .LVU64
 203 00a4 F4EEC77A 		vcmpe.f32	s15, s14
ARM GAS  /tmp/cc2sSfnH.s 			page 6


 204 00a8 F1EE10FA 		vmrs	APSR_nzcv, FPSCR
 205 00ac 01DD     		ble	.L13
  60:Lib/compute/filter/avg_filter.cpp ****             if (pData[i] < _min)
 206              		.loc 1 60 17 is_stmt 1 view .LVU65
  60:Lib/compute/filter/avg_filter.cpp ****             if (pData[i] < _min)
 207              		.loc 1 60 22 is_stmt 0 view .LVU66
 208 00ae C0ED057A 		vstr.32	s15, [r0, #20]
 209              	.L13:
  61:Lib/compute/filter/avg_filter.cpp ****                 _min = pData[i];
 210              		.loc 1 61 13 is_stmt 1 view .LVU67
  61:Lib/compute/filter/avg_filter.cpp ****                 _min = pData[i];
 211              		.loc 1 61 24 is_stmt 0 view .LVU68
 212 00b2 D3ED007A 		vldr.32	s15, [r3]
  61:Lib/compute/filter/avg_filter.cpp ****                 _min = pData[i];
 213              		.loc 1 61 28 view .LVU69
 214 00b6 90ED067A 		vldr.32	s14, [r0, #24]
  61:Lib/compute/filter/avg_filter.cpp ****                 _min = pData[i];
 215              		.loc 1 61 13 view .LVU70
 216 00ba F4EEC77A 		vcmpe.f32	s15, s14
 217 00be F1EE10FA 		vmrs	APSR_nzcv, FPSCR
 218 00c2 E5D5     		bpl	.L15
  62:Lib/compute/filter/avg_filter.cpp ****         }
 219              		.loc 1 62 17 is_stmt 1 view .LVU71
  62:Lib/compute/filter/avg_filter.cpp ****         }
 220              		.loc 1 62 22 is_stmt 0 view .LVU72
 221 00c4 C0ED067A 		vstr.32	s15, [r0, #24]
 222 00c8 E2E7     		b	.L15
 223              	.LVL10:
 224              	.L23:
  57:Lib/compute/filter/avg_filter.cpp ****         {
 225              		.loc 1 57 18 view .LVU73
 226 00ca 0022     		movs	r2, #0
 227 00cc E1E7     		b	.L11
 228              	.LVL11:
 229              	.L24:
  57:Lib/compute/filter/avg_filter.cpp ****         {
 230              		.loc 1 57 18 view .LVU74
 231              	.LBE4:
  65:Lib/compute/filter/avg_filter.cpp ****     }
 232              		.loc 1 65 9 is_stmt 1 view .LVU75
  65:Lib/compute/filter/avg_filter.cpp ****     }
 233              		.loc 1 65 17 is_stmt 0 view .LVU76
 234 00ce 90ED037A 		vldr.32	s14, [r0, #12]
  65:Lib/compute/filter/avg_filter.cpp ****     }
 235              		.loc 1 65 24 view .LVU77
 236 00d2 D0ED057A 		vldr.32	s15, [r0, #20]
  65:Lib/compute/filter/avg_filter.cpp ****     }
 237              		.loc 1 65 22 view .LVU78
 238 00d6 37EE677A 		vsub.f32	s14, s14, s15
  65:Lib/compute/filter/avg_filter.cpp ****     }
 239              		.loc 1 65 31 view .LVU79
 240 00da D0ED067A 		vldr.32	s15, [r0, #24]
  65:Lib/compute/filter/avg_filter.cpp ****     }
 241              		.loc 1 65 29 view .LVU80
 242 00de 37EE677A 		vsub.f32	s14, s14, s15
  65:Lib/compute/filter/avg_filter.cpp ****     }
 243              		.loc 1 65 46 view .LVU81
ARM GAS  /tmp/cc2sSfnH.s 			page 7


 244 00e2 0239     		subs	r1, r1, #2
  65:Lib/compute/filter/avg_filter.cpp ****     }
 245              		.loc 1 65 37 view .LVU82
 246 00e4 07EE901A 		vmov	s15, r1	@ int
 247 00e8 F8EEE77A 		vcvt.f32.s32	s15, s15
 248 00ec C7EE276A 		vdiv.f32	s13, s14, s15
  65:Lib/compute/filter/avg_filter.cpp ****     }
 249              		.loc 1 65 14 view .LVU83
 250 00f0 C0ED046A 		vstr.32	s13, [r0, #16]
 251              	.LBE3:
 252 00f4 C9E7     		b	.L18
 253              	.LBE5:
 254              		.cfi_endproc
 255              	.LFE983:
 257              		.align	1
 258              		.global	_ZN9AvgFilter5clearEv
 259              		.syntax unified
 260              		.thumb
 261              		.thumb_func
 263              	_ZN9AvgFilter5clearEv:
 264              	.LVL12:
 265              	.LFB984:
  76:Lib/compute/filter/avg_filter.cpp **** 
  77:Lib/compute/filter/avg_filter.cpp **** // жё…з©әж»ӨжіўеҷЁзҠ¶жҖҒпјҢйҮҚзҪ®жүҖжңүеҶ…йғЁеҸҳйҮҸпјҢдҪҶдёҚйҮҠж”ҫеҶ…еӯҳпјҲдҝқз•ҷе·Із”іиҜ·зҡ„зј“еҶІ
  78:Lib/compute/filter/avg_filter.cpp **** void AvgFilter::clear(void)
  79:Lib/compute/filter/avg_filter.cpp **** {
 266              		.loc 1 79 1 is_stmt 1 view -0
 267              		.cfi_startproc
 268              		@ args = 0, pretend = 0, frame = 0
 269              		@ frame_needed = 0, uses_anonymous_args = 0
 270              		@ link register save eliminated.
  80:Lib/compute/filter/avg_filter.cpp ****     _index = 0;          // йҮҚзҪ®еҶҷе…ҘдҪҚзҪ®
 271              		.loc 1 80 5 view .LVU85
 272              		.loc 1 80 12 is_stmt 0 view .LVU86
 273 00f6 0023     		movs	r3, #0
 274 00f8 0372     		strb	r3, [r0, #8]
  81:Lib/compute/filter/avg_filter.cpp ****     _count = 0;          // йҮҚзҪ®ж•°жҚ®и®Ўж•°
 275              		.loc 1 81 5 is_stmt 1 view .LVU87
 276              		.loc 1 81 12 is_stmt 0 view .LVU88
 277 00fa 4372     		strb	r3, [r0, #9]
  82:Lib/compute/filter/avg_filter.cpp ****     _sum = 0.f;          // йҮҚзҪ®жҖ»е’Ң
 278              		.loc 1 82 5 is_stmt 1 view .LVU89
 279              		.loc 1 82 10 is_stmt 0 view .LVU90
 280 00fc 0023     		movs	r3, #0
 281 00fe C360     		str	r3, [r0, #12]	@ float
  83:Lib/compute/filter/avg_filter.cpp ****     _max = 0.f;          // йҮҚзҪ®жңҖеӨ§еҖјпјҲд»…з”ЁдәҺдёҙж—¶и®Ўз®—пјү
 282              		.loc 1 83 5 is_stmt 1 view .LVU91
 283              		.loc 1 83 10 is_stmt 0 view .LVU92
 284 0100 4361     		str	r3, [r0, #20]	@ float
  84:Lib/compute/filter/avg_filter.cpp ****     _min = 0.f;          // йҮҚзҪ®жңҖе°ҸеҖјпјҲд»…з”ЁдәҺдёҙж—¶и®Ўз®—пјү
 285              		.loc 1 84 5 is_stmt 1 view .LVU93
 286              		.loc 1 84 10 is_stmt 0 view .LVU94
 287 0102 8361     		str	r3, [r0, #24]	@ float
  85:Lib/compute/filter/avg_filter.cpp ****     // жіЁж„ҸпјҡдёҚжё…йҷӨ pData зј“еҶІеҢәзҡ„еҶ…е®№пјҢеӣ дёәеҗҺз»ӯдјҡиҰҶзӣ–
  86:Lib/compute/filter/avg_filter.cpp **** }...
 288              		.loc 1 86 1 view .LVU95
 289 0104 7047     		bx	lr
ARM GAS  /tmp/cc2sSfnH.s 			page 8


 290              		.cfi_endproc
 291              	.LFE984:
 293              	.Letext0:
 294              		.file 2 "/opt/arm-gnu-toolchain-14.2/arm-none-eabi/include/machine/_default_types.h"
 295              		.file 3 "/opt/arm-gnu-toolchain-14.2/arm-none-eabi/include/sys/_stdint.h"
 296              		.file 4 "/opt/arm-gnu-toolchain-14.2/arm-none-eabi/include/c++/14.2.1/cmath"
 297              		.file 5 "/opt/arm-gnu-toolchain-14.2/arm-none-eabi/include/c++/14.2.1/type_traits"
 298              		.file 6 "/opt/arm-gnu-toolchain-14.2/arm-none-eabi/include/c++/14.2.1/debug/debug.h"
 299              		.file 7 "/opt/arm-gnu-toolchain-14.2/arm-none-eabi/include/c++/14.2.1/bits/std_abs.h"
 300              		.file 8 "/opt/arm-gnu-toolchain-14.2/arm-none-eabi/include/c++/14.2.1/bits/predefined_ops.h"
 301              		.file 9 "/opt/arm-gnu-toolchain-14.2/lib/gcc/arm-none-eabi/14.2.1/include/stddef.h"
 302              		.file 10 "/opt/arm-gnu-toolchain-14.2/arm-none-eabi/include/math.h"
 303              		.file 11 "/opt/arm-gnu-toolchain-14.2/arm-none-eabi/include/c++/14.2.1/arm-none-eabi/thumb/v7e-m+f
 304              		.file 12 "/opt/arm-gnu-toolchain-14.2/arm-none-eabi/include/c++/14.2.1/math.h"
 305              		.file 13 "Lib/compute/ex_math.hpp"
 306              		.file 14 "Middlewares/Third_Party/FreeRTOS/Source/include/portable.h"
ARM GAS  /tmp/cc2sSfnH.s 			page 9


DEFINED SYMBOLS
                            *ABS*:00000000 avg_filter.cpp
     /tmp/cc2sSfnH.s:20     .text:00000000 $t
     /tmp/cc2sSfnH.s:26     .text:00000000 _ZN9AvgFilter4initEh
     /tmp/cc2sSfnH.s:99     .text:0000002a _ZN9AvgFilter6filterEf
     /tmp/cc2sSfnH.s:263    .text:000000f6 _ZN9AvgFilter5clearEv

UNDEFINED SYMBOLS
pvPortMalloc
