ARM GAS  /tmp/cclzCgZn.s 			page 1


   1              		.cpu cortex-m4
   2              		.arch armv7e-m
   3              		.fpu fpv4-sp-d16
   4              		.eabi_attribute 27, 1
   5              		.eabi_attribute 28, 1
   6              		.eabi_attribute 20, 1
   7              		.eabi_attribute 21, 1
   8              		.eabi_attribute 23, 3
   9              		.eabi_attribute 24, 1
  10              		.eabi_attribute 25, 1
  11              		.eabi_attribute 26, 1
  12              		.eabi_attribute 30, 1
  13              		.eabi_attribute 34, 1
  14              		.eabi_attribute 18, 4
  15              		.file	"cordic.c"
  16              		.text
  17              	.Ltext0:
  18              		.cfi_sections	.debug_frame
  19              		.file 1 "Core/Src/cordic.c"
  20              		.section	.text.MX_CORDIC_Init,"ax",%progbits
  21              		.align	1
  22              		.global	MX_CORDIC_Init
  23              		.syntax unified
  24              		.thumb
  25              		.thumb_func
  27              	MX_CORDIC_Init:
  28              	.LFB329:
   1:Core/Src/cordic.c **** /* USER CODE BEGIN Header */
   2:Core/Src/cordic.c **** /**
   3:Core/Src/cordic.c ****   ******************************************************************************
   4:Core/Src/cordic.c ****   * @file    cordic.c
   5:Core/Src/cordic.c ****   * @brief   This file provides code for the configuration
   6:Core/Src/cordic.c ****   *          of the CORDIC instances.
   7:Core/Src/cordic.c ****   ******************************************************************************
   8:Core/Src/cordic.c ****   * @attention
   9:Core/Src/cordic.c ****   *
  10:Core/Src/cordic.c ****   * Copyright (c) 2026 STMicroelectronics.
  11:Core/Src/cordic.c ****   * All rights reserved.
  12:Core/Src/cordic.c ****   *
  13:Core/Src/cordic.c ****   * This software is licensed under terms that can be found in the LICENSE file
  14:Core/Src/cordic.c ****   * in the root directory of this software component.
  15:Core/Src/cordic.c ****   * If no LICENSE file comes with this software, it is provided AS-IS.
  16:Core/Src/cordic.c ****   *
  17:Core/Src/cordic.c ****   ******************************************************************************
  18:Core/Src/cordic.c ****   */
  19:Core/Src/cordic.c **** /* USER CODE END Header */
  20:Core/Src/cordic.c **** /* Includes ------------------------------------------------------------------*/
  21:Core/Src/cordic.c **** #include "cordic.h"
  22:Core/Src/cordic.c **** 
  23:Core/Src/cordic.c **** /* USER CODE BEGIN 0 */
  24:Core/Src/cordic.c **** 
  25:Core/Src/cordic.c **** /* USER CODE END 0 */
  26:Core/Src/cordic.c **** 
  27:Core/Src/cordic.c **** CORDIC_HandleTypeDef hcordic;
  28:Core/Src/cordic.c **** 
  29:Core/Src/cordic.c **** /* CORDIC init function */
  30:Core/Src/cordic.c **** void MX_CORDIC_Init(void)
ARM GAS  /tmp/cclzCgZn.s 			page 2


  31:Core/Src/cordic.c **** {
  29              		.loc 1 31 1 view -0
  30              		.cfi_startproc
  31              		@ args = 0, pretend = 0, frame = 0
  32              		@ frame_needed = 0, uses_anonymous_args = 0
  33 0000 08B5     		push	{r3, lr}
  34              		.cfi_def_cfa_offset 8
  35              		.cfi_offset 3, -8
  36              		.cfi_offset 14, -4
  32:Core/Src/cordic.c **** 
  33:Core/Src/cordic.c ****   /* USER CODE BEGIN CORDIC_Init 0 */
  34:Core/Src/cordic.c **** 
  35:Core/Src/cordic.c ****   /* USER CODE END CORDIC_Init 0 */
  36:Core/Src/cordic.c **** 
  37:Core/Src/cordic.c ****   /* USER CODE BEGIN CORDIC_Init 1 */
  38:Core/Src/cordic.c **** 
  39:Core/Src/cordic.c ****   /* USER CODE END CORDIC_Init 1 */
  40:Core/Src/cordic.c ****   hcordic.Instance = CORDIC;
  37              		.loc 1 40 3 view .LVU1
  38              		.loc 1 40 20 is_stmt 0 view .LVU2
  39 0002 0548     		ldr	r0, .L5
  40 0004 054B     		ldr	r3, .L5+4
  41 0006 0360     		str	r3, [r0]
  41:Core/Src/cordic.c ****   if (HAL_CORDIC_Init(&hcordic) != HAL_OK)
  42              		.loc 1 41 3 is_stmt 1 view .LVU3
  43              		.loc 1 41 7 is_stmt 0 view .LVU4
  44 0008 FFF7FEFF 		bl	HAL_CORDIC_Init
  45              	.LVL0:
  46              		.loc 1 41 6 discriminator 1 view .LVU5
  47 000c 00B9     		cbnz	r0, .L4
  48              	.L1:
  42:Core/Src/cordic.c ****   {
  43:Core/Src/cordic.c ****     Error_Handler();
  44:Core/Src/cordic.c ****   }
  45:Core/Src/cordic.c ****   /* USER CODE BEGIN CORDIC_Init 2 */
  46:Core/Src/cordic.c **** 
  47:Core/Src/cordic.c ****   /* USER CODE END CORDIC_Init 2 */
  48:Core/Src/cordic.c **** 
  49:Core/Src/cordic.c **** }
  49              		.loc 1 49 1 view .LVU6
  50 000e 08BD     		pop	{r3, pc}
  51              	.L4:
  43:Core/Src/cordic.c ****   }
  52              		.loc 1 43 5 is_stmt 1 view .LVU7
  53 0010 FFF7FEFF 		bl	Error_Handler
  54              	.LVL1:
  55              		.loc 1 49 1 is_stmt 0 view .LVU8
  56 0014 FBE7     		b	.L1
  57              	.L6:
  58 0016 00BF     		.align	2
  59              	.L5:
  60 0018 00000000 		.word	hcordic
  61 001c 000C0240 		.word	1073875968
  62              		.cfi_endproc
  63              	.LFE329:
  65              		.section	.text.HAL_CORDIC_MspInit,"ax",%progbits
  66              		.align	1
ARM GAS  /tmp/cclzCgZn.s 			page 3


  67              		.global	HAL_CORDIC_MspInit
  68              		.syntax unified
  69              		.thumb
  70              		.thumb_func
  72              	HAL_CORDIC_MspInit:
  73              	.LVL2:
  74              	.LFB330:
  50:Core/Src/cordic.c **** 
  51:Core/Src/cordic.c **** void HAL_CORDIC_MspInit(CORDIC_HandleTypeDef* cordicHandle)
  52:Core/Src/cordic.c **** {
  75              		.loc 1 52 1 is_stmt 1 view -0
  76              		.cfi_startproc
  77              		@ args = 0, pretend = 0, frame = 8
  78              		@ frame_needed = 0, uses_anonymous_args = 0
  53:Core/Src/cordic.c **** 
  54:Core/Src/cordic.c ****   if(cordicHandle->Instance==CORDIC)
  79              		.loc 1 54 3 view .LVU10
  80              		.loc 1 54 18 is_stmt 0 view .LVU11
  81 0000 0268     		ldr	r2, [r0]
  82              		.loc 1 54 5 view .LVU12
  83 0002 0E4B     		ldr	r3, .L14
  84 0004 9A42     		cmp	r2, r3
  85 0006 00D0     		beq	.L13
  86 0008 7047     		bx	lr
  87              	.L13:
  52:Core/Src/cordic.c **** 
  88              		.loc 1 52 1 view .LVU13
  89 000a 00B5     		push	{lr}
  90              		.cfi_def_cfa_offset 4
  91              		.cfi_offset 14, -4
  92 000c 83B0     		sub	sp, sp, #12
  93              		.cfi_def_cfa_offset 16
  55:Core/Src/cordic.c ****   {
  56:Core/Src/cordic.c ****   /* USER CODE BEGIN CORDIC_MspInit 0 */
  57:Core/Src/cordic.c **** 
  58:Core/Src/cordic.c ****   /* USER CODE END CORDIC_MspInit 0 */
  59:Core/Src/cordic.c ****     /* CORDIC clock enable */
  60:Core/Src/cordic.c ****     __HAL_RCC_CORDIC_CLK_ENABLE();
  94              		.loc 1 60 5 is_stmt 1 view .LVU14
  95              	.LBB2:
  96              		.loc 1 60 5 view .LVU15
  97              		.loc 1 60 5 view .LVU16
  98 000e 03F58063 		add	r3, r3, #1024
  99 0012 9A6C     		ldr	r2, [r3, #72]
 100 0014 42F00802 		orr	r2, r2, #8
 101 0018 9A64     		str	r2, [r3, #72]
 102              		.loc 1 60 5 view .LVU17
 103 001a 9B6C     		ldr	r3, [r3, #72]
 104 001c 03F00803 		and	r3, r3, #8
 105 0020 0193     		str	r3, [sp, #4]
 106              		.loc 1 60 5 view .LVU18
 107 0022 019B     		ldr	r3, [sp, #4]
 108              	.LBE2:
 109              		.loc 1 60 5 view .LVU19
  61:Core/Src/cordic.c **** 
  62:Core/Src/cordic.c ****     /* CORDIC interrupt Init */
  63:Core/Src/cordic.c ****     HAL_NVIC_SetPriority(CORDIC_IRQn, 5, 0);
ARM GAS  /tmp/cclzCgZn.s 			page 4


 110              		.loc 1 63 5 view .LVU20
 111 0024 0022     		movs	r2, #0
 112 0026 0521     		movs	r1, #5
 113 0028 6420     		movs	r0, #100
 114              	.LVL3:
 115              		.loc 1 63 5 is_stmt 0 view .LVU21
 116 002a FFF7FEFF 		bl	HAL_NVIC_SetPriority
 117              	.LVL4:
  64:Core/Src/cordic.c ****     HAL_NVIC_EnableIRQ(CORDIC_IRQn);
 118              		.loc 1 64 5 is_stmt 1 view .LVU22
 119 002e 6420     		movs	r0, #100
 120 0030 FFF7FEFF 		bl	HAL_NVIC_EnableIRQ
 121              	.LVL5:
  65:Core/Src/cordic.c ****   /* USER CODE BEGIN CORDIC_MspInit 1 */
  66:Core/Src/cordic.c **** 
  67:Core/Src/cordic.c ****   /* USER CODE END CORDIC_MspInit 1 */
  68:Core/Src/cordic.c ****   }
  69:Core/Src/cordic.c **** }
 122              		.loc 1 69 1 is_stmt 0 view .LVU23
 123 0034 03B0     		add	sp, sp, #12
 124              		.cfi_def_cfa_offset 4
 125              		@ sp needed
 126 0036 5DF804FB 		ldr	pc, [sp], #4
 127              	.L15:
 128 003a 00BF     		.align	2
 129              	.L14:
 130 003c 000C0240 		.word	1073875968
 131              		.cfi_endproc
 132              	.LFE330:
 134              		.section	.text.HAL_CORDIC_MspDeInit,"ax",%progbits
 135              		.align	1
 136              		.global	HAL_CORDIC_MspDeInit
 137              		.syntax unified
 138              		.thumb
 139              		.thumb_func
 141              	HAL_CORDIC_MspDeInit:
 142              	.LVL6:
 143              	.LFB331:
  70:Core/Src/cordic.c **** 
  71:Core/Src/cordic.c **** void HAL_CORDIC_MspDeInit(CORDIC_HandleTypeDef* cordicHandle)
  72:Core/Src/cordic.c **** {
 144              		.loc 1 72 1 is_stmt 1 view -0
 145              		.cfi_startproc
 146              		@ args = 0, pretend = 0, frame = 0
 147              		@ frame_needed = 0, uses_anonymous_args = 0
 148              		.loc 1 72 1 is_stmt 0 view .LVU25
 149 0000 08B5     		push	{r3, lr}
 150              		.cfi_def_cfa_offset 8
 151              		.cfi_offset 3, -8
 152              		.cfi_offset 14, -4
  73:Core/Src/cordic.c **** 
  74:Core/Src/cordic.c ****   if(cordicHandle->Instance==CORDIC)
 153              		.loc 1 74 3 is_stmt 1 view .LVU26
 154              		.loc 1 74 18 is_stmt 0 view .LVU27
 155 0002 0268     		ldr	r2, [r0]
 156              		.loc 1 74 5 view .LVU28
 157 0004 064B     		ldr	r3, .L20
ARM GAS  /tmp/cclzCgZn.s 			page 5


 158 0006 9A42     		cmp	r2, r3
 159 0008 00D0     		beq	.L19
 160              	.LVL7:
 161              	.L16:
  75:Core/Src/cordic.c ****   {
  76:Core/Src/cordic.c ****   /* USER CODE BEGIN CORDIC_MspDeInit 0 */
  77:Core/Src/cordic.c **** 
  78:Core/Src/cordic.c ****   /* USER CODE END CORDIC_MspDeInit 0 */
  79:Core/Src/cordic.c ****     /* Peripheral clock disable */
  80:Core/Src/cordic.c ****     __HAL_RCC_CORDIC_CLK_DISABLE();
  81:Core/Src/cordic.c **** 
  82:Core/Src/cordic.c ****     /* CORDIC interrupt Deinit */
  83:Core/Src/cordic.c ****     HAL_NVIC_DisableIRQ(CORDIC_IRQn);
  84:Core/Src/cordic.c ****   /* USER CODE BEGIN CORDIC_MspDeInit 1 */
  85:Core/Src/cordic.c **** 
  86:Core/Src/cordic.c ****   /* USER CODE END CORDIC_MspDeInit 1 */
  87:Core/Src/cordic.c ****   }
  88:Core/Src/cordic.c **** }
 162              		.loc 1 88 1 view .LVU29
 163 000a 08BD     		pop	{r3, pc}
 164              	.LVL8:
 165              	.L19:
  80:Core/Src/cordic.c **** 
 166              		.loc 1 80 5 is_stmt 1 view .LVU30
 167 000c 054A     		ldr	r2, .L20+4
 168 000e 936C     		ldr	r3, [r2, #72]
 169 0010 23F00803 		bic	r3, r3, #8
 170 0014 9364     		str	r3, [r2, #72]
  83:Core/Src/cordic.c ****   /* USER CODE BEGIN CORDIC_MspDeInit 1 */
 171              		.loc 1 83 5 view .LVU31
 172 0016 6420     		movs	r0, #100
 173              	.LVL9:
  83:Core/Src/cordic.c ****   /* USER CODE BEGIN CORDIC_MspDeInit 1 */
 174              		.loc 1 83 5 is_stmt 0 view .LVU32
 175 0018 FFF7FEFF 		bl	HAL_NVIC_DisableIRQ
 176              	.LVL10:
 177              		.loc 1 88 1 view .LVU33
 178 001c F5E7     		b	.L16
 179              	.L21:
 180 001e 00BF     		.align	2
 181              	.L20:
 182 0020 000C0240 		.word	1073875968
 183 0024 00100240 		.word	1073876992
 184              		.cfi_endproc
 185              	.LFE331:
 187              		.global	hcordic
 188              		.section	.bss.hcordic,"aw",%nobits
 189              		.align	2
 192              	hcordic:
 193 0000 00000000 		.space	40
 193      00000000 
 193      00000000 
 193      00000000 
 193      00000000 
 194              		.text
 195              	.Letext0:
 196              		.file 2 "Drivers/CMSIS/Device/ST/STM32G4xx/Include/stm32g474xx.h"
ARM GAS  /tmp/cclzCgZn.s 			page 6


 197              		.file 3 "/opt/arm-gnu-toolchain-14.2/arm-none-eabi/include/machine/_default_types.h"
 198              		.file 4 "/opt/arm-gnu-toolchain-14.2/arm-none-eabi/include/sys/_stdint.h"
 199              		.file 5 "Drivers/STM32G4xx_HAL_Driver/Inc/stm32g4xx_hal_def.h"
 200              		.file 6 "Drivers/STM32G4xx_HAL_Driver/Inc/stm32g4xx_hal_dma.h"
 201              		.file 7 "Drivers/STM32G4xx_HAL_Driver/Inc/stm32g4xx_hal_cordic.h"
 202              		.file 8 "Drivers/STM32G4xx_HAL_Driver/Inc/stm32g4xx_hal_cortex.h"
 203              		.file 9 "Core/Inc/cordic.h"
 204              		.file 10 "Core/Inc/main.h"
ARM GAS  /tmp/cclzCgZn.s 			page 7


DEFINED SYMBOLS
                            *ABS*:00000000 cordic.c
     /tmp/cclzCgZn.s:21     .text.MX_CORDIC_Init:00000000 $t
     /tmp/cclzCgZn.s:27     .text.MX_CORDIC_Init:00000000 MX_CORDIC_Init
     /tmp/cclzCgZn.s:60     .text.MX_CORDIC_Init:00000018 $d
     /tmp/cclzCgZn.s:192    .bss.hcordic:00000000 hcordic
     /tmp/cclzCgZn.s:66     .text.HAL_CORDIC_MspInit:00000000 $t
     /tmp/cclzCgZn.s:72     .text.HAL_CORDIC_MspInit:00000000 HAL_CORDIC_MspInit
     /tmp/cclzCgZn.s:130    .text.HAL_CORDIC_MspInit:0000003c $d
     /tmp/cclzCgZn.s:135    .text.HAL_CORDIC_MspDeInit:00000000 $t
     /tmp/cclzCgZn.s:141    .text.HAL_CORDIC_MspDeInit:00000000 HAL_CORDIC_MspDeInit
     /tmp/cclzCgZn.s:182    .text.HAL_CORDIC_MspDeInit:00000020 $d
     /tmp/cclzCgZn.s:189    .bss.hcordic:00000000 $d

UNDEFINED SYMBOLS
HAL_CORDIC_Init
Error_Handler
HAL_NVIC_SetPriority
HAL_NVIC_EnableIRQ
HAL_NVIC_DisableIRQ
