ARM GAS  /tmp/ccbBM1Lf.s 			page 1


   1              		.cpu cortex-m4
   2              		.arch armv7e-m
   3              		.fpu fpv4-sp-d16
   4              		.eabi_attribute 27, 1
   5              		.eabi_attribute 28, 1
   6              		.eabi_attribute 20, 1
   7              		.eabi_attribute 21, 1
   8              		.eabi_attribute 23, 3
   9              		.eabi_attribute 24, 1
  10              		.eabi_attribute 25, 1
  11              		.eabi_attribute 26, 1
  12              		.eabi_attribute 30, 1
  13              		.eabi_attribute 34, 1
  14              		.eabi_attribute 18, 4
  15              		.file	"dynamic_pid.cpp"
  16              		.text
  17              	.Ltext0:
  18              		.cfi_sections	.debug_frame
  19              		.file 1 "Lib/compute/pid/dynamic_pid.cpp"
  20              		.align	1
  21              		.syntax unified
  22              		.thumb
  23              		.thumb_func
  25              	_ZL10polynomialfPft:
  26              	.LVL0:
  27              	.LFB977:
  28              		.file 2 "Lib/compute/ex_math.hpp"
   1:Lib/compute/ex_math.hpp **** #pragma once
   2:Lib/compute/ex_math.hpp **** 
   3:Lib/compute/ex_math.hpp **** #include <stdint.h>
   4:Lib/compute/ex_math.hpp **** 
   5:Lib/compute/ex_math.hpp **** #define M_SQRT3_2 0.86602540378443864676372317075294f   //ŌłÜ3/2
   6:Lib/compute/ex_math.hpp **** #define M_SQRT3_3 0.57735026918962576450914878050196f   //ŌłÜ3/3  
   7:Lib/compute/ex_math.hpp **** #define M_2SQRT3_3 1.1547005383792515290182975610039f   //2*ŌłÜ3/3 
   8:Lib/compute/ex_math.hpp **** #define M_2PI 6.283185307179586476925286766559f   //2*pi
   9:Lib/compute/ex_math.hpp **** 
  10:Lib/compute/ex_math.hpp **** #include <math.h>
  11:Lib/compute/ex_math.hpp **** 
  12:Lib/compute/ex_math.hpp **** #include "fast_sin.h"
  13:Lib/compute/ex_math.hpp **** 
  14:Lib/compute/ex_math.hpp **** #define constraint_value(x, min, max) ((x) < (min) ? (min) : ((x) > (max) ? (max) : (x)))
  15:Lib/compute/ex_math.hpp **** #define min_value(x, y) ((x) < (y) ? (x) : (y))
  16:Lib/compute/ex_math.hpp **** #define max_value(x, y) ((x) > (y) ? (x) : (y))
  17:Lib/compute/ex_math.hpp **** #define deg2rad(x) ((x) * (M_PI / 180.0f)) //0-360Ķ¦ÆÕ║”ĶĮ¼µŹóõĖ║Õ╝¦Õ║”
  18:Lib/compute/ex_math.hpp **** #define rad2deg(x) ((x) * (180.0f / M_PI)) //Õ╝¦Õ║”ĶĮ¼µŹóõĖ║0-360Ķ¦ÆÕ║”
  19:Lib/compute/ex_math.hpp **** #define rad2q31(x) (int32_t)((x) * (float)(2147483648.0f / M_PI))
  20:Lib/compute/ex_math.hpp **** #define q31_2rad(x) (float)((x) * (float)(M_PI / 2147483648.0f))
  21:Lib/compute/ex_math.hpp **** #define UTILS_NAN_ZERO(x)   if (isnan(x) || isinf(x)) { x = 0.0; } //Õ”éµ×£µś»ķØ×µĢ░ÕŁŚ(NaN)µł¢µŚĀń
  22:Lib/compute/ex_math.hpp **** 
  23:Lib/compute/ex_math.hpp **** // ĶĪ©ĶŠŠÕ╝ÅĶ»ŁÕÅźńÜäÕĆ╝ = µ£ĆÕÉÄõĖĆµØĪĶ»ŁÕÅźńÜäÕĆ╝
  24:Lib/compute/ex_math.hpp **** #define My_normalizeAngle(angle) ({ \
  25:Lib/compute/ex_math.hpp ****     float a__ = fmodf((angle), M_TWOPI); \
  26:Lib/compute/ex_math.hpp ****     a__ >= 0 ? a__ : (a__ + M_TWOPI); \
  27:Lib/compute/ex_math.hpp **** }) //Õ░åĶŠōÕģźńÜäĶ¦ÆÕ║”ķÖÉÕłČÕ£©0Õł░2ŽĆĶīāÕø┤Õåģ 
  28:Lib/compute/ex_math.hpp **** 
  29:Lib/compute/ex_math.hpp **** #define wrap_to_PI(a) ({ \
  30:Lib/compute/ex_math.hpp ****     float r__ = fmodf((a) + M_PI, M_2PI); \
ARM GAS  /tmp/ccbBM1Lf.s 			page 2


  31:Lib/compute/ex_math.hpp ****     if (r__ < 0) r__ += M_2PI; \
  32:Lib/compute/ex_math.hpp ****     r__ - M_PI; \
  33:Lib/compute/ex_math.hpp **** }) //Õ░åĶŠōÕģźńÜäĶ¦ÆÕ║”ķÖÉÕłČÕ£©-ŽĆÕł░ŽĆĶīāÕø┤Õåģ
  34:Lib/compute/ex_math.hpp **** 
  35:Lib/compute/ex_math.hpp **** 
  36:Lib/compute/ex_math.hpp **** 
  37:Lib/compute/ex_math.hpp **** 
  38:Lib/compute/ex_math.hpp **** enum class FilterType : uint8_t
  39:Lib/compute/ex_math.hpp **** {
  40:Lib/compute/ex_math.hpp ****     None,
  41:Lib/compute/ex_math.hpp ****     Window,
  42:Lib/compute/ex_math.hpp ****     Lowpass,
  43:Lib/compute/ex_math.hpp ****     Average
  44:Lib/compute/ex_math.hpp **** };
  45:Lib/compute/ex_math.hpp **** 
  46:Lib/compute/ex_math.hpp **** class WindowFilter
  47:Lib/compute/ex_math.hpp **** {
  48:Lib/compute/ex_math.hpp **** public:
  49:Lib/compute/ex_math.hpp ****     bool init(uint8_t win_size);
  50:Lib/compute/ex_math.hpp ****     float filter(float value);
  51:Lib/compute/ex_math.hpp ****     void clear(void);
  52:Lib/compute/ex_math.hpp **** 
  53:Lib/compute/ex_math.hpp ****     inline uint8_t get_count(void) { return count; }
  54:Lib/compute/ex_math.hpp ****     inline float get_sum(void) { return sum; }
  55:Lib/compute/ex_math.hpp ****     inline float get_avg(void) { return avg; }
  56:Lib/compute/ex_math.hpp **** 
  57:Lib/compute/ex_math.hpp **** private:
  58:Lib/compute/ex_math.hpp ****     uint8_t win_size;
  59:Lib/compute/ex_math.hpp ****     float *pData;
  60:Lib/compute/ex_math.hpp ****     uint8_t index;
  61:Lib/compute/ex_math.hpp ****     uint8_t count;
  62:Lib/compute/ex_math.hpp ****     float sum;
  63:Lib/compute/ex_math.hpp ****     float avg;
  64:Lib/compute/ex_math.hpp **** };
  65:Lib/compute/ex_math.hpp **** 
  66:Lib/compute/ex_math.hpp **** class LowpassFilter
  67:Lib/compute/ex_math.hpp **** {
  68:Lib/compute/ex_math.hpp **** public:
  69:Lib/compute/ex_math.hpp ****     void init(float alpha = 0.2f);
  70:Lib/compute/ex_math.hpp ****     float filter(float value);
  71:Lib/compute/ex_math.hpp ****     float filter_with_alpha(float value, float alpha);
  72:Lib/compute/ex_math.hpp ****     void clear(void);
  73:Lib/compute/ex_math.hpp ****     void set_alpha(float alpha) { _alpha = alpha; }
  74:Lib/compute/ex_math.hpp **** 
  75:Lib/compute/ex_math.hpp **** private:
  76:Lib/compute/ex_math.hpp ****     float _alpha;
  77:Lib/compute/ex_math.hpp ****     float _prev_value;
  78:Lib/compute/ex_math.hpp **** };
  79:Lib/compute/ex_math.hpp **** 
  80:Lib/compute/ex_math.hpp **** class AvgFilter
  81:Lib/compute/ex_math.hpp **** {
  82:Lib/compute/ex_math.hpp **** public:
  83:Lib/compute/ex_math.hpp ****     bool init(uint8_t win_size);
  84:Lib/compute/ex_math.hpp ****     float filter(float value);
  85:Lib/compute/ex_math.hpp ****     void clear(void);
  86:Lib/compute/ex_math.hpp **** 
  87:Lib/compute/ex_math.hpp ****     inline uint8_t get_count(void) { return _count; }
ARM GAS  /tmp/ccbBM1Lf.s 			page 3


  88:Lib/compute/ex_math.hpp ****     inline float get_sum(void) { return _sum; }
  89:Lib/compute/ex_math.hpp ****     inline float get_avg(void) { return _avg; }
  90:Lib/compute/ex_math.hpp **** 
  91:Lib/compute/ex_math.hpp **** private:
  92:Lib/compute/ex_math.hpp ****     uint8_t _size;
  93:Lib/compute/ex_math.hpp ****     float *pData;
  94:Lib/compute/ex_math.hpp ****     uint8_t _index;
  95:Lib/compute/ex_math.hpp ****     uint8_t _count;
  96:Lib/compute/ex_math.hpp ****     float _sum;
  97:Lib/compute/ex_math.hpp ****     float _avg;
  98:Lib/compute/ex_math.hpp ****     float _max;
  99:Lib/compute/ex_math.hpp ****     float _min;
 100:Lib/compute/ex_math.hpp **** };
 101:Lib/compute/ex_math.hpp **** 
 102:Lib/compute/ex_math.hpp **** static inline float polynomial(float x, float *coeff, uint16_t degree)
 103:Lib/compute/ex_math.hpp **** {
  29              		.loc 2 103 1 view -0
  30              		.cfi_startproc
  31              		@ args = 0, pretend = 0, frame = 0
  32              		@ frame_needed = 0, uses_anonymous_args = 0
  33              		@ link register save eliminated.
  34              		.loc 2 103 1 is_stmt 0 view .LVU1
  35 0000 B0EE407A 		vmov.f32	s14, s0
 104:Lib/compute/ex_math.hpp ****     if (coeff == NULL || degree == 0)
  36              		.loc 2 104 5 is_stmt 1 view .LVU2
  37 0004 0246     		mov	r2, r0
  38 0006 A8B1     		cbz	r0, .L5
  39              		.loc 2 104 23 is_stmt 0 discriminator 1 view .LVU3
  40 0008 B9B1     		cbz	r1, .L6
 105:Lib/compute/ex_math.hpp ****         return 0.f;
 106:Lib/compute/ex_math.hpp **** 
 107:Lib/compute/ex_math.hpp ****     // µīēńģ¦ķ£Źń║│µ│ĢÕłÖ’╝īõ╗Äµ£Ćķ½śµ¼ĪķĪ╣Õ╝ĆÕ¦ŗķĆÉµŁźĶ«Īń«Ś
 108:Lib/compute/ex_math.hpp ****     float result = coeff[degree - 1];
  41              		.loc 2 108 5 is_stmt 1 view .LVU4
  42              		.loc 2 108 36 is_stmt 0 view .LVU5
  43 000a 01F18043 		add	r3, r1, #1073741824
  44 000e 013B     		subs	r3, r3, #1
  45 0010 00EB8303 		add	r3, r0, r3, lsl #2
  46              		.loc 2 108 11 view .LVU6
  47 0014 93ED000A 		vldr.32	s0, [r3]
  48              	.LVL1:
 109:Lib/compute/ex_math.hpp ****     for (int i = degree - 2; i >= 0; i--)
  49              		.loc 2 109 5 is_stmt 1 view .LVU7
  50              	.LBB2:
  51              		.loc 2 109 14 is_stmt 0 view .LVU8
  52 0018 0239     		subs	r1, r1, #2
  53              	.LVL2:
  54              	.L3:
  55              		.loc 2 109 32 is_stmt 1 discriminator 1 view .LVU9
  56 001a 0029     		cmp	r1, #0
  57 001c 09DB     		blt	.L7
 110:Lib/compute/ex_math.hpp ****     {
 111:Lib/compute/ex_math.hpp ****         result = result * x + coeff[i];
  58              		.loc 2 111 9 view .LVU10
  59              		.loc 2 111 25 is_stmt 0 view .LVU11
  60 001e 20EE070A 		vmul.f32	s0, s0, s14
  61              	.LVL3:
ARM GAS  /tmp/ccbBM1Lf.s 			page 4


  62              		.loc 2 111 38 view .LVU12
  63 0022 02EB8103 		add	r3, r2, r1, lsl #2
  64 0026 D3ED007A 		vldr.32	s15, [r3]
  65              		.loc 2 111 16 view .LVU13
  66 002a 30EE270A 		vadd.f32	s0, s0, s15
  67              	.LVL4:
 109:Lib/compute/ex_math.hpp ****     for (int i = degree - 2; i >= 0; i--)
  68              		.loc 2 109 5 is_stmt 1 discriminator 3 view .LVU14
  69 002e 0139     		subs	r1, r1, #1
  70              	.LVL5:
 109:Lib/compute/ex_math.hpp ****     for (int i = degree - 2; i >= 0; i--)
  71              		.loc 2 109 5 is_stmt 0 discriminator 3 view .LVU15
  72 0030 F3E7     		b	.L3
  73              	.LVL6:
  74              	.L7:
 109:Lib/compute/ex_math.hpp ****     for (int i = degree - 2; i >= 0; i--)
  75              		.loc 2 109 5 discriminator 3 view .LVU16
  76 0032 7047     		bx	lr
  77              	.LVL7:
  78              	.L5:
 109:Lib/compute/ex_math.hpp ****     for (int i = degree - 2; i >= 0; i--)
  79              		.loc 2 109 5 discriminator 3 view .LVU17
  80              	.LBE2:
 105:Lib/compute/ex_math.hpp **** 
  81              		.loc 2 105 16 view .LVU18
  82 0034 9FED020A 		vldr.32	s0, .L8
  83              	.LVL8:
 105:Lib/compute/ex_math.hpp **** 
  84              		.loc 2 105 16 view .LVU19
  85 0038 7047     		bx	lr
  86              	.LVL9:
  87              	.L6:
 105:Lib/compute/ex_math.hpp **** 
  88              		.loc 2 105 16 view .LVU20
  89 003a 9FED010A 		vldr.32	s0, .L8
  90              	.LVL10:
 112:Lib/compute/ex_math.hpp ****     }
 113:Lib/compute/ex_math.hpp **** 
 114:Lib/compute/ex_math.hpp ****     return result;
 115:Lib/compute/ex_math.hpp **** }
  91              		.loc 2 115 1 view .LVU21
  92 003e 7047     		bx	lr
  93              	.L9:
  94              		.align	2
  95              	.L8:
  96 0040 00000000 		.word	0
  97              		.cfi_endproc
  98              	.LFE977:
 100              		.align	1
 101              		.global	_ZN10DynamicPID18config_common_funcEPK20dpid_common_config_t
 102              		.syntax unified
 103              		.thumb
 104              		.thumb_func
 106              	_ZN10DynamicPID18config_common_funcEPK20dpid_common_config_t:
 107              	.LVL11:
 108              	.LFB1003:
   1:Lib/compute/pid/dynamic_pid.cpp **** #include "dynamic_pid.hpp"
ARM GAS  /tmp/ccbBM1Lf.s 			page 5


   2:Lib/compute/pid/dynamic_pid.cpp **** 
   3:Lib/compute/pid/dynamic_pid.cpp **** #include <string.h>
   4:Lib/compute/pid/dynamic_pid.cpp **** 
   5:Lib/compute/pid/dynamic_pid.cpp **** void DynamicPID::init(DPID_FuncType type)
   6:Lib/compute/pid/dynamic_pid.cpp **** {
   7:Lib/compute/pid/dynamic_pid.cpp ****     _func_type = type;
   8:Lib/compute/pid/dynamic_pid.cpp **** 
   9:Lib/compute/pid/dynamic_pid.cpp ****     reset();
  10:Lib/compute/pid/dynamic_pid.cpp **** }
  11:Lib/compute/pid/dynamic_pid.cpp **** 
  12:Lib/compute/pid/dynamic_pid.cpp **** bool DynamicPID::config_common_func(const dpid_common_config_t *cfg)
  13:Lib/compute/pid/dynamic_pid.cpp **** {
 109              		.loc 1 13 1 is_stmt 1 view -0
 110              		.cfi_startproc
 111              		@ args = 0, pretend = 0, frame = 0
 112              		@ frame_needed = 0, uses_anonymous_args = 0
  14:Lib/compute/pid/dynamic_pid.cpp ****     if (cfg == NULL)
 113              		.loc 1 14 5 view .LVU23
 114 0044 71B1     		cbz	r1, .L12
  13:Lib/compute/pid/dynamic_pid.cpp ****     if (cfg == NULL)
 115              		.loc 1 13 1 is_stmt 0 view .LVU24
 116 0046 00B5     		push	{lr}
 117              		.cfi_def_cfa_offset 4
 118              		.cfi_offset 14, -4
 119 0048 8E46     		mov	lr, r1
  15:Lib/compute/pid/dynamic_pid.cpp ****         return false;
  16:Lib/compute/pid/dynamic_pid.cpp **** 
  17:Lib/compute/pid/dynamic_pid.cpp ****     _common_cfg = *cfg;
 120              		.loc 1 17 5 is_stmt 1 view .LVU25
 121              		.loc 1 17 17 is_stmt 0 view .LVU26
 122 004a 00F10C0C 		add	ip, r0, #12
 123 004e BEE80F00 		ldmia	lr!, {r0, r1, r2, r3}
 124              	.LVL12:
 125              		.loc 1 17 17 view .LVU27
 126 0052 ACE80F00 		stmia	ip!, {r0, r1, r2, r3}
 127              	.LVL13:
 128              		.loc 1 17 17 view .LVU28
 129 0056 9EE80700 		ldm	lr, {r0, r1, r2}
 130 005a 8CE80700 		stm	ip, {r0, r1, r2}
  18:Lib/compute/pid/dynamic_pid.cpp **** 
  19:Lib/compute/pid/dynamic_pid.cpp ****     return true;
 131              		.loc 1 19 5 is_stmt 1 view .LVU29
 132              		.loc 1 19 12 is_stmt 0 view .LVU30
 133 005e 0120     		movs	r0, #1
  20:Lib/compute/pid/dynamic_pid.cpp **** }
 134              		.loc 1 20 1 view .LVU31
 135 0060 5DF804FB 		ldr	pc, [sp], #4
 136              	.LVL14:
 137              	.L12:
 138              		.cfi_def_cfa_offset 0
 139              		.cfi_restore 14
  15:Lib/compute/pid/dynamic_pid.cpp ****         return false;
 140              		.loc 1 15 16 view .LVU32
 141 0064 0020     		movs	r0, #0
 142              	.LVL15:
 143              		.loc 1 20 1 view .LVU33
 144 0066 7047     		bx	lr
ARM GAS  /tmp/ccbBM1Lf.s 			page 6


 145              		.cfi_endproc
 146              	.LFE1003:
 148              		.align	1
 149              		.global	_ZN10DynamicPID16config_step_funcEPK18dpid_step_config_tPfb
 150              		.syntax unified
 151              		.thumb
 152              		.thumb_func
 154              	_ZN10DynamicPID16config_step_funcEPK18dpid_step_config_tPfb:
 155              	.LVL16:
 156              	.LFB1004:
  21:Lib/compute/pid/dynamic_pid.cpp **** 
  22:Lib/compute/pid/dynamic_pid.cpp **** bool DynamicPID::config_step_func(const dpid_step_config_t *cfg, float *determinant, bool absolute)
  23:Lib/compute/pid/dynamic_pid.cpp **** {
 157              		.loc 1 23 1 is_stmt 1 view -0
 158              		.cfi_startproc
 159              		@ args = 0, pretend = 0, frame = 0
 160              		@ frame_needed = 0, uses_anonymous_args = 0
  24:Lib/compute/pid/dynamic_pid.cpp ****     if (cfg == NULL)
 161              		.loc 1 24 5 view .LVU35
 162 0068 59B1     		cbz	r1, .L19
  23:Lib/compute/pid/dynamic_pid.cpp ****     if (cfg == NULL)
 163              		.loc 1 23 1 is_stmt 0 view .LVU36
 164 006a 70B5     		push	{r4, r5, r6, lr}
 165              		.cfi_def_cfa_offset 16
 166              		.cfi_offset 4, -16
 167              		.cfi_offset 5, -12
 168              		.cfi_offset 6, -8
 169              		.cfi_offset 14, -4
 170 006c 0446     		mov	r4, r0
 171 006e 1646     		mov	r6, r2
 172 0070 1D46     		mov	r5, r3
  25:Lib/compute/pid/dynamic_pid.cpp ****         return false;
  26:Lib/compute/pid/dynamic_pid.cpp **** 
  27:Lib/compute/pid/dynamic_pid.cpp ****     _step_cfg = *cfg;
 173              		.loc 1 27 5 is_stmt 1 view .LVU37
 174              		.loc 1 27 15 is_stmt 0 view .LVU38
 175 0072 8C22     		movs	r2, #140
 176              	.LVL17:
 177              		.loc 1 27 15 view .LVU39
 178 0074 2830     		adds	r0, r0, #40
 179              	.LVL18:
 180              		.loc 1 27 15 view .LVU40
 181 0076 FFF7FEFF 		bl	memcpy
 182              	.LVL19:
  28:Lib/compute/pid/dynamic_pid.cpp ****     _determinant = determinant;
 183              		.loc 1 28 5 is_stmt 1 view .LVU41
 184              		.loc 1 28 18 is_stmt 0 view .LVU42
 185 007a 6660     		str	r6, [r4, #4]
  29:Lib/compute/pid/dynamic_pid.cpp ****     _absolute = absolute;
 186              		.loc 1 29 5 is_stmt 1 view .LVU43
 187              		.loc 1 29 15 is_stmt 0 view .LVU44
 188 007c 2572     		strb	r5, [r4, #8]
  30:Lib/compute/pid/dynamic_pid.cpp **** 
  31:Lib/compute/pid/dynamic_pid.cpp ****     return true;
 189              		.loc 1 31 5 is_stmt 1 view .LVU45
 190              		.loc 1 31 12 is_stmt 0 view .LVU46
 191 007e 0120     		movs	r0, #1
ARM GAS  /tmp/ccbBM1Lf.s 			page 7


  32:Lib/compute/pid/dynamic_pid.cpp **** }
 192              		.loc 1 32 1 view .LVU47
 193 0080 70BD     		pop	{r4, r5, r6, pc}
 194              	.LVL20:
 195              	.L19:
 196              		.cfi_def_cfa_offset 0
 197              		.cfi_restore 4
 198              		.cfi_restore 5
 199              		.cfi_restore 6
 200              		.cfi_restore 14
  25:Lib/compute/pid/dynamic_pid.cpp **** 
 201              		.loc 1 25 16 view .LVU48
 202 0082 0020     		movs	r0, #0
 203              	.LVL21:
 204              		.loc 1 32 1 view .LVU49
 205 0084 7047     		bx	lr
 206              		.cfi_endproc
 207              	.LFE1004:
 209              		.align	1
 210              		.global	_ZN10DynamicPID17config_slope_funcEPK19dpid_slope_config_t
 211              		.syntax unified
 212              		.thumb
 213              		.thumb_func
 215              	_ZN10DynamicPID17config_slope_funcEPK19dpid_slope_config_t:
 216              	.LVL22:
 217              	.LFB1005:
  33:Lib/compute/pid/dynamic_pid.cpp **** 
  34:Lib/compute/pid/dynamic_pid.cpp **** bool DynamicPID::config_slope_func(const dpid_slope_config_t *cfg)
  35:Lib/compute/pid/dynamic_pid.cpp **** {
 218              		.loc 1 35 1 is_stmt 1 view -0
 219              		.cfi_startproc
 220              		@ args = 0, pretend = 0, frame = 0
 221              		@ frame_needed = 0, uses_anonymous_args = 0
 222              		@ link register save eliminated.
  36:Lib/compute/pid/dynamic_pid.cpp ****     if (cfg == NULL)
 223              		.loc 1 36 5 view .LVU51
 224 0086 09B1     		cbz	r1, .L26
  37:Lib/compute/pid/dynamic_pid.cpp ****         return false;
  38:Lib/compute/pid/dynamic_pid.cpp **** 
  39:Lib/compute/pid/dynamic_pid.cpp ****     _slope_cfg = *cfg;
  40:Lib/compute/pid/dynamic_pid.cpp **** 
  41:Lib/compute/pid/dynamic_pid.cpp ****     return true;
 225              		.loc 1 41 12 is_stmt 0 view .LVU52
 226 0088 0120     		movs	r0, #1
 227              	.LVL23:
 228              		.loc 1 41 12 view .LVU53
 229 008a 7047     		bx	lr
 230              	.LVL24:
 231              	.L26:
  37:Lib/compute/pid/dynamic_pid.cpp ****         return false;
 232              		.loc 1 37 16 view .LVU54
 233 008c 0020     		movs	r0, #0
 234              	.LVL25:
  42:Lib/compute/pid/dynamic_pid.cpp **** }
 235              		.loc 1 42 1 view .LVU55
 236 008e 7047     		bx	lr
 237              		.cfi_endproc
ARM GAS  /tmp/ccbBM1Lf.s 			page 8


 238              	.LFE1005:
 240              		.align	1
 241              		.global	_ZN10DynamicPID16config_poly_funcEPK18dpid_poly_config_t
 242              		.syntax unified
 243              		.thumb
 244              		.thumb_func
 246              	_ZN10DynamicPID16config_poly_funcEPK18dpid_poly_config_t:
 247              	.LVL26:
 248              	.LFB1006:
  43:Lib/compute/pid/dynamic_pid.cpp **** 
  44:Lib/compute/pid/dynamic_pid.cpp **** bool DynamicPID::config_poly_func(const dpid_poly_config_t *cfg)
  45:Lib/compute/pid/dynamic_pid.cpp **** {
 249              		.loc 1 45 1 is_stmt 1 view -0
 250              		.cfi_startproc
 251              		@ args = 0, pretend = 0, frame = 0
 252              		@ frame_needed = 0, uses_anonymous_args = 0
  46:Lib/compute/pid/dynamic_pid.cpp ****     if (cfg == NULL)
 253              		.loc 1 46 5 view .LVU57
 254 0090 31B1     		cbz	r1, .L29
  45:Lib/compute/pid/dynamic_pid.cpp ****     if (cfg == NULL)
 255              		.loc 1 45 1 is_stmt 0 view .LVU58
 256 0092 08B5     		push	{r3, lr}
 257              		.cfi_def_cfa_offset 8
 258              		.cfi_offset 3, -8
 259              		.cfi_offset 14, -4
  47:Lib/compute/pid/dynamic_pid.cpp ****         return false;
  48:Lib/compute/pid/dynamic_pid.cpp **** 
  49:Lib/compute/pid/dynamic_pid.cpp ****     _poly_cfg = *cfg;
 260              		.loc 1 49 5 is_stmt 1 view .LVU59
 261              		.loc 1 49 15 is_stmt 0 view .LVU60
 262 0094 5822     		movs	r2, #88
 263 0096 B830     		adds	r0, r0, #184
 264              	.LVL27:
 265              		.loc 1 49 15 view .LVU61
 266 0098 FFF7FEFF 		bl	memcpy
 267              	.LVL28:
  50:Lib/compute/pid/dynamic_pid.cpp **** 
  51:Lib/compute/pid/dynamic_pid.cpp ****     return true;
 268              		.loc 1 51 5 is_stmt 1 view .LVU62
 269              		.loc 1 51 12 is_stmt 0 view .LVU63
 270 009c 0120     		movs	r0, #1
  52:Lib/compute/pid/dynamic_pid.cpp **** }
 271              		.loc 1 52 1 view .LVU64
 272 009e 08BD     		pop	{r3, pc}
 273              	.LVL29:
 274              	.L29:
 275              		.cfi_def_cfa_offset 0
 276              		.cfi_restore 3
 277              		.cfi_restore 14
  47:Lib/compute/pid/dynamic_pid.cpp ****         return false;
 278              		.loc 1 47 16 view .LVU65
 279 00a0 0020     		movs	r0, #0
 280              	.LVL30:
 281              		.loc 1 52 1 view .LVU66
 282 00a2 7047     		bx	lr
 283              		.cfi_endproc
 284              	.LFE1006:
ARM GAS  /tmp/ccbBM1Lf.s 			page 9


 286              		.align	1
 287              		.global	_ZN10DynamicPID5resetEv
 288              		.syntax unified
 289              		.thumb
 290              		.thumb_func
 292              	_ZN10DynamicPID5resetEv:
 293              	.LVL31:
 294              	.LFB1009:
  53:Lib/compute/pid/dynamic_pid.cpp **** 
  54:Lib/compute/pid/dynamic_pid.cpp **** void DynamicPID::change_func_type(DPID_FuncType type)
  55:Lib/compute/pid/dynamic_pid.cpp **** {
  56:Lib/compute/pid/dynamic_pid.cpp ****     _func_type = type;
  57:Lib/compute/pid/dynamic_pid.cpp ****     reset();
  58:Lib/compute/pid/dynamic_pid.cpp **** }
  59:Lib/compute/pid/dynamic_pid.cpp **** 
  60:Lib/compute/pid/dynamic_pid.cpp **** float DynamicPID::update(float error, float nudge)
  61:Lib/compute/pid/dynamic_pid.cpp **** {
  62:Lib/compute/pid/dynamic_pid.cpp ****     _info.error = error;
  63:Lib/compute/pid/dynamic_pid.cpp ****     _info.nudge = nudge;
  64:Lib/compute/pid/dynamic_pid.cpp **** 
  65:Lib/compute/pid/dynamic_pid.cpp ****     _update_params();
  66:Lib/compute/pid/dynamic_pid.cpp **** 
  67:Lib/compute/pid/dynamic_pid.cpp ****     // Proportional term
  68:Lib/compute/pid/dynamic_pid.cpp ****     _info.P = _param.kp * error;
  69:Lib/compute/pid/dynamic_pid.cpp **** 
  70:Lib/compute/pid/dynamic_pid.cpp ****     // Integral term
  71:Lib/compute/pid/dynamic_pid.cpp ****     // _integral += error * _dt;
  72:Lib/compute/pid/dynamic_pid.cpp ****     _update_I();
  73:Lib/compute/pid/dynamic_pid.cpp **** 
  74:Lib/compute/pid/dynamic_pid.cpp ****     // Derivative term
  75:Lib/compute/pid/dynamic_pid.cpp ****     float derivative = (error - _info.prev_error) / _param.dt;
  76:Lib/compute/pid/dynamic_pid.cpp ****     _info.D = _param.kd * derivative;
  77:Lib/compute/pid/dynamic_pid.cpp **** 
  78:Lib/compute/pid/dynamic_pid.cpp ****     // Feedforward term
  79:Lib/compute/pid/dynamic_pid.cpp ****     _info.FF = _param.kff * (derivative + error);
  80:Lib/compute/pid/dynamic_pid.cpp **** 
  81:Lib/compute/pid/dynamic_pid.cpp ****     // Calculate output
  82:Lib/compute/pid/dynamic_pid.cpp ****     _info.output = _info.P + _info.I - _info.D + nudge;
  83:Lib/compute/pid/dynamic_pid.cpp **** 
  84:Lib/compute/pid/dynamic_pid.cpp ****     // Clamp output
  85:Lib/compute/pid/dynamic_pid.cpp ****     if (_info.output > _param.max)
  86:Lib/compute/pid/dynamic_pid.cpp ****         _info.output = _param.max;
  87:Lib/compute/pid/dynamic_pid.cpp ****     else if (_info.output < _param.min)
  88:Lib/compute/pid/dynamic_pid.cpp ****         _info.output = _param.min;
  89:Lib/compute/pid/dynamic_pid.cpp **** 
  90:Lib/compute/pid/dynamic_pid.cpp ****     // Save error to previous error
  91:Lib/compute/pid/dynamic_pid.cpp ****     _info.prev_error = error;
  92:Lib/compute/pid/dynamic_pid.cpp **** 
  93:Lib/compute/pid/dynamic_pid.cpp ****     return _info.output;
  94:Lib/compute/pid/dynamic_pid.cpp **** }
  95:Lib/compute/pid/dynamic_pid.cpp **** 
  96:Lib/compute/pid/dynamic_pid.cpp **** void DynamicPID::reset(void)
  97:Lib/compute/pid/dynamic_pid.cpp **** {
 295              		.loc 1 97 1 is_stmt 1 view -0
 296              		.cfi_startproc
 297              		@ args = 0, pretend = 0, frame = 0
 298              		@ frame_needed = 0, uses_anonymous_args = 0
ARM GAS  /tmp/ccbBM1Lf.s 			page 10


 299              		.loc 1 97 1 is_stmt 0 view .LVU68
 300 00a4 08B5     		push	{r3, lr}
 301              		.cfi_def_cfa_offset 8
 302              		.cfi_offset 3, -8
 303              		.cfi_offset 14, -4
  98:Lib/compute/pid/dynamic_pid.cpp ****     memset(&_info, 0, sizeof(_info));
 304              		.loc 1 98 5 is_stmt 1 view .LVU69
 305              		.loc 1 98 11 is_stmt 0 view .LVU70
 306 00a6 2022     		movs	r2, #32
 307 00a8 0021     		movs	r1, #0
 308 00aa 00F59870 		add	r0, r0, #304
 309              	.LVL32:
 310              		.loc 1 98 11 view .LVU71
 311 00ae FFF7FEFF 		bl	memset
 312              	.LVL33:
  99:Lib/compute/pid/dynamic_pid.cpp ****     // _reset_I();
 100:Lib/compute/pid/dynamic_pid.cpp ****     // _info.prev_error = 0;
 101:Lib/compute/pid/dynamic_pid.cpp ****     // _info.P = _info.I = _info.D = _info.error = _info.nudge = _info.output = 0.0f;
 102:Lib/compute/pid/dynamic_pid.cpp **** }
 313              		.loc 1 102 1 view .LVU72
 314 00b2 08BD     		pop	{r3, pc}
 315              		.cfi_endproc
 316              	.LFE1009:
 318              		.align	1
 319              		.global	_ZN10DynamicPID4initE13DPID_FuncType
 320              		.syntax unified
 321              		.thumb
 322              		.thumb_func
 324              	_ZN10DynamicPID4initE13DPID_FuncType:
 325              	.LVL34:
 326              	.LFB1002:
   6:Lib/compute/pid/dynamic_pid.cpp ****     _func_type = type;
 327              		.loc 1 6 1 is_stmt 1 view -0
 328              		.cfi_startproc
 329              		@ args = 0, pretend = 0, frame = 0
 330              		@ frame_needed = 0, uses_anonymous_args = 0
   6:Lib/compute/pid/dynamic_pid.cpp ****     _func_type = type;
 331              		.loc 1 6 1 is_stmt 0 view .LVU74
 332 00b4 08B5     		push	{r3, lr}
 333              		.cfi_def_cfa_offset 8
 334              		.cfi_offset 3, -8
 335              		.cfi_offset 14, -4
   7:Lib/compute/pid/dynamic_pid.cpp **** 
 336              		.loc 1 7 5 is_stmt 1 view .LVU75
   7:Lib/compute/pid/dynamic_pid.cpp **** 
 337              		.loc 1 7 16 is_stmt 0 view .LVU76
 338 00b6 0170     		strb	r1, [r0]
   9:Lib/compute/pid/dynamic_pid.cpp **** }
 339              		.loc 1 9 5 is_stmt 1 view .LVU77
   9:Lib/compute/pid/dynamic_pid.cpp **** }
 340              		.loc 1 9 10 is_stmt 0 view .LVU78
 341 00b8 FFF7FEFF 		bl	_ZN10DynamicPID5resetEv
 342              	.LVL35:
  10:Lib/compute/pid/dynamic_pid.cpp **** 
 343              		.loc 1 10 1 view .LVU79
 344 00bc 08BD     		pop	{r3, pc}
 345              		.cfi_endproc
ARM GAS  /tmp/ccbBM1Lf.s 			page 11


 346              	.LFE1002:
 348              		.align	1
 349              		.global	_ZN10DynamicPID16change_func_typeE13DPID_FuncType
 350              		.syntax unified
 351              		.thumb
 352              		.thumb_func
 354              	_ZN10DynamicPID16change_func_typeE13DPID_FuncType:
 355              	.LVL36:
 356              	.LFB1007:
  55:Lib/compute/pid/dynamic_pid.cpp ****     _func_type = type;
 357              		.loc 1 55 1 is_stmt 1 view -0
 358              		.cfi_startproc
 359              		@ args = 0, pretend = 0, frame = 0
 360              		@ frame_needed = 0, uses_anonymous_args = 0
  55:Lib/compute/pid/dynamic_pid.cpp ****     _func_type = type;
 361              		.loc 1 55 1 is_stmt 0 view .LVU81
 362 00be 08B5     		push	{r3, lr}
 363              		.cfi_def_cfa_offset 8
 364              		.cfi_offset 3, -8
 365              		.cfi_offset 14, -4
  56:Lib/compute/pid/dynamic_pid.cpp ****     reset();
 366              		.loc 1 56 5 is_stmt 1 view .LVU82
  56:Lib/compute/pid/dynamic_pid.cpp ****     reset();
 367              		.loc 1 56 16 is_stmt 0 view .LVU83
 368 00c0 0170     		strb	r1, [r0]
  57:Lib/compute/pid/dynamic_pid.cpp **** }
 369              		.loc 1 57 5 is_stmt 1 view .LVU84
  57:Lib/compute/pid/dynamic_pid.cpp **** }
 370              		.loc 1 57 10 is_stmt 0 view .LVU85
 371 00c2 FFF7FEFF 		bl	_ZN10DynamicPID5resetEv
 372              	.LVL37:
  58:Lib/compute/pid/dynamic_pid.cpp **** 
 373              		.loc 1 58 1 view .LVU86
 374 00c6 08BD     		pop	{r3, pc}
 375              		.cfi_endproc
 376              	.LFE1007:
 378              		.align	1
 379              		.global	_ZN10DynamicPID9_update_IEv
 380              		.syntax unified
 381              		.thumb
 382              		.thumb_func
 384              	_ZN10DynamicPID9_update_IEv:
 385              	.LVL38:
 386              	.LFB1010:
 103:Lib/compute/pid/dynamic_pid.cpp **** 
 104:Lib/compute/pid/dynamic_pid.cpp **** void DynamicPID::_update_I(void)
 105:Lib/compute/pid/dynamic_pid.cpp **** {
 387              		.loc 1 105 1 is_stmt 1 view -0
 388              		.cfi_startproc
 389              		@ args = 0, pretend = 0, frame = 0
 390              		@ frame_needed = 0, uses_anonymous_args = 0
 391              		@ link register save eliminated.
 106:Lib/compute/pid/dynamic_pid.cpp ****     if ((_info.I > 0.0f && _info.error < 0.0f) ||
 392              		.loc 1 106 5 view .LVU88
 393              		.loc 1 106 16 is_stmt 0 view .LVU89
 394 00c8 D0ED517A 		vldr.32	s15, [r0, #324]
 395              		.loc 1 106 5 view .LVU90
ARM GAS  /tmp/ccbBM1Lf.s 			page 12


 396 00cc F5EEC07A 		vcmpe.f32	s15, #0
 397 00d0 F1EE10FA 		vmrs	APSR_nzcv, FPSCR
 398 00d4 06DD     		ble	.L41
 399              		.loc 1 106 34 discriminator 1 view .LVU91
 400 00d6 90ED4D7A 		vldr.32	s14, [r0, #308]
 401              		.loc 1 106 25 discriminator 1 view .LVU92
 402 00da B5EEC07A 		vcmpe.f32	s14, #0
 403 00de F1EE10FA 		vmrs	APSR_nzcv, FPSCR
 404 00e2 2CD4     		bmi	.L43
 405              	.L41:
 107:Lib/compute/pid/dynamic_pid.cpp ****         (_info.error > 0.0f && _info.I < 0.0f))
 406              		.loc 1 107 16 view .LVU93
 407 00e4 90ED4D7A 		vldr.32	s14, [r0, #308]
 106:Lib/compute/pid/dynamic_pid.cpp ****     if ((_info.I > 0.0f && _info.error < 0.0f) ||
 408              		.loc 1 106 48 discriminator 3 view .LVU94
 409 00e8 B5EEC07A 		vcmpe.f32	s14, #0
 410 00ec F1EE10FA 		vmrs	APSR_nzcv, FPSCR
 411 00f0 04DD     		ble	.L44
 412              		.loc 1 107 29 view .LVU95
 413 00f2 F5EEC07A 		vcmpe.f32	s15, #0
 414 00f6 F1EE10FA 		vmrs	APSR_nzcv, FPSCR
 415 00fa 20D4     		bmi	.L43
 416              	.L44:
 108:Lib/compute/pid/dynamic_pid.cpp ****     {
 109:Lib/compute/pid/dynamic_pid.cpp ****         _info.I += _param.ki * _info.error * _param.dt * 1.4f;
 110:Lib/compute/pid/dynamic_pid.cpp ****     }
 111:Lib/compute/pid/dynamic_pid.cpp ****     else
 112:Lib/compute/pid/dynamic_pid.cpp ****     {
 113:Lib/compute/pid/dynamic_pid.cpp ****         _info.I += _param.ki * _info.error * _param.dt;
 417              		.loc 1 113 9 is_stmt 1 view .LVU96
 418              		.loc 1 113 27 is_stmt 0 view .LVU97
 419 00fc D0ED456A 		vldr.32	s13, [r0, #276]
 420              		.loc 1 113 30 view .LVU98
 421 0100 27EE267A 		vmul.f32	s14, s14, s13
 422              		.loc 1 113 53 view .LVU99
 423 0104 D0ED476A 		vldr.32	s13, [r0, #284]
 424              		.loc 1 113 44 view .LVU100
 425 0108 27EE267A 		vmul.f32	s14, s14, s13
 426              		.loc 1 113 17 view .LVU101
 427 010c 77EE877A 		vadd.f32	s15, s15, s14
 428 0110 C0ED517A 		vstr.32	s15, [r0, #324]
 429              	.L47:
 114:Lib/compute/pid/dynamic_pid.cpp ****     }
 115:Lib/compute/pid/dynamic_pid.cpp ****     _info.I = constraint_value(_info.I, -_param.i_max, _param.i_max);
 430              		.loc 1 115 5 is_stmt 1 view .LVU102
 431              		.loc 1 115 15 is_stmt 0 view .LVU103
 432 0114 90ED517A 		vldr.32	s14, [r0, #324]
 433 0118 D0ED4A6A 		vldr.32	s13, [r0, #296]
 434 011c F1EE667A 		vneg.f32	s15, s13
 435 0120 B4EEE77A 		vcmpe.f32	s14, s15
 436 0124 F1EE10FA 		vmrs	APSR_nzcv, FPSCR
 437 0128 06D4     		bmi	.L48
 438              		.loc 1 115 15 discriminator 2 view .LVU104
 439 012a B4EEE67A 		vcmpe.f32	s14, s13
 440 012e F1EE10FA 		vmrs	APSR_nzcv, FPSCR
 441 0132 17DD     		ble	.L54
 442              		.loc 1 115 15 discriminator 4 view .LVU105
ARM GAS  /tmp/ccbBM1Lf.s 			page 13


 443 0134 F0EE667A 		vmov.f32	s15, s13
 444              	.L48:
 445              		.loc 1 115 13 discriminator 8 view .LVU106
 446 0138 C0ED517A 		vstr.32	s15, [r0, #324]
 116:Lib/compute/pid/dynamic_pid.cpp **** }
 447              		.loc 1 116 1 view .LVU107
 448 013c 7047     		bx	lr
 449              	.L43:
 109:Lib/compute/pid/dynamic_pid.cpp ****     }
 450              		.loc 1 109 9 is_stmt 1 view .LVU108
 109:Lib/compute/pid/dynamic_pid.cpp ****     }
 451              		.loc 1 109 27 is_stmt 0 view .LVU109
 452 013e 90ED457A 		vldr.32	s14, [r0, #276]
 109:Lib/compute/pid/dynamic_pid.cpp ****     }
 453              		.loc 1 109 38 view .LVU110
 454 0142 D0ED4D6A 		vldr.32	s13, [r0, #308]
 109:Lib/compute/pid/dynamic_pid.cpp ****     }
 455              		.loc 1 109 30 view .LVU111
 456 0146 27EE267A 		vmul.f32	s14, s14, s13
 109:Lib/compute/pid/dynamic_pid.cpp ****     }
 457              		.loc 1 109 53 view .LVU112
 458 014a D0ED476A 		vldr.32	s13, [r0, #284]
 109:Lib/compute/pid/dynamic_pid.cpp ****     }
 459              		.loc 1 109 44 view .LVU113
 460 014e 27EE267A 		vmul.f32	s14, s14, s13
 109:Lib/compute/pid/dynamic_pid.cpp ****     }
 461              		.loc 1 109 56 view .LVU114
 462 0152 DFED066A 		vldr.32	s13, .L55
 463 0156 27EE267A 		vmul.f32	s14, s14, s13
 109:Lib/compute/pid/dynamic_pid.cpp ****     }
 464              		.loc 1 109 17 view .LVU115
 465 015a 77EE877A 		vadd.f32	s15, s15, s14
 466 015e C0ED517A 		vstr.32	s15, [r0, #324]
 467 0162 D7E7     		b	.L47
 468              	.L54:
 115:Lib/compute/pid/dynamic_pid.cpp **** }
 469              		.loc 1 115 15 discriminator 5 view .LVU116
 470 0164 F0EE477A 		vmov.f32	s15, s14
 471 0168 E6E7     		b	.L48
 472              	.L56:
 473 016a 00BF     		.align	2
 474              	.L55:
 475 016c 3333B33F 		.word	1068708659
 476              		.cfi_endproc
 477              	.LFE1010:
 479              		.align	1
 480              		.global	_ZN10DynamicPID8_reset_IEv
 481              		.syntax unified
 482              		.thumb
 483              		.thumb_func
 485              	_ZN10DynamicPID8_reset_IEv:
 486              	.LVL39:
 487              	.LFB1011:
 117:Lib/compute/pid/dynamic_pid.cpp **** 
 118:Lib/compute/pid/dynamic_pid.cpp **** void DynamicPID::_reset_I(void)
 119:Lib/compute/pid/dynamic_pid.cpp **** {
 488              		.loc 1 119 1 is_stmt 1 view -0
ARM GAS  /tmp/ccbBM1Lf.s 			page 14


 489              		.cfi_startproc
 490              		@ args = 0, pretend = 0, frame = 0
 491              		@ frame_needed = 0, uses_anonymous_args = 0
 492              		@ link register save eliminated.
 120:Lib/compute/pid/dynamic_pid.cpp ****     _info.I = 0.0f;
 493              		.loc 1 120 5 view .LVU118
 494              		.loc 1 120 13 is_stmt 0 view .LVU119
 495 0170 0023     		movs	r3, #0
 496 0172 C0F84431 		str	r3, [r0, #324]	@ float
 121:Lib/compute/pid/dynamic_pid.cpp **** }
 497              		.loc 1 121 1 view .LVU120
 498 0176 7047     		bx	lr
 499              		.cfi_endproc
 500              	.LFE1011:
 502              		.align	1
 503              		.global	_ZN10DynamicPID29_update_params_by_common_funcEv
 504              		.syntax unified
 505              		.thumb
 506              		.thumb_func
 508              	_ZN10DynamicPID29_update_params_by_common_funcEv:
 509              	.LVL40:
 510              	.LFB1013:
 122:Lib/compute/pid/dynamic_pid.cpp **** 
 123:Lib/compute/pid/dynamic_pid.cpp **** void DynamicPID::_update_params(void)
 124:Lib/compute/pid/dynamic_pid.cpp **** {
 125:Lib/compute/pid/dynamic_pid.cpp ****     switch (_func_type)
 126:Lib/compute/pid/dynamic_pid.cpp ****     {
 127:Lib/compute/pid/dynamic_pid.cpp ****     case DPID_FuncType::COMMON:
 128:Lib/compute/pid/dynamic_pid.cpp ****         _update_params_by_common_func();
 129:Lib/compute/pid/dynamic_pid.cpp ****         break;
 130:Lib/compute/pid/dynamic_pid.cpp ****     case DPID_FuncType::STEP:
 131:Lib/compute/pid/dynamic_pid.cpp ****         _update_params_by_step_func();
 132:Lib/compute/pid/dynamic_pid.cpp ****         break;
 133:Lib/compute/pid/dynamic_pid.cpp ****     case DPID_FuncType::SLOPE:
 134:Lib/compute/pid/dynamic_pid.cpp ****         _update_params_by_slope_func();
 135:Lib/compute/pid/dynamic_pid.cpp ****         break;
 136:Lib/compute/pid/dynamic_pid.cpp ****     case DPID_FuncType::POLY:
 137:Lib/compute/pid/dynamic_pid.cpp ****         _update_params_by_poly_func();
 138:Lib/compute/pid/dynamic_pid.cpp ****         break;
 139:Lib/compute/pid/dynamic_pid.cpp ****     default:
 140:Lib/compute/pid/dynamic_pid.cpp ****         break;
 141:Lib/compute/pid/dynamic_pid.cpp ****     }
 142:Lib/compute/pid/dynamic_pid.cpp **** }
 143:Lib/compute/pid/dynamic_pid.cpp **** 
 144:Lib/compute/pid/dynamic_pid.cpp **** void DynamicPID::_update_params_by_common_func(void)
 145:Lib/compute/pid/dynamic_pid.cpp **** {
 511              		.loc 1 145 1 is_stmt 1 view -0
 512              		.cfi_startproc
 513              		@ args = 0, pretend = 0, frame = 0
 514              		@ frame_needed = 0, uses_anonymous_args = 0
 515              		@ link register save eliminated.
 146:Lib/compute/pid/dynamic_pid.cpp ****     _param.kp = _common_cfg.param.kp;
 516              		.loc 1 146 5 view .LVU122
 517              		.loc 1 146 35 is_stmt 0 view .LVU123
 518 0178 C368     		ldr	r3, [r0, #12]	@ float
 519              		.loc 1 146 15 view .LVU124
 520 017a C0F81031 		str	r3, [r0, #272]	@ float
ARM GAS  /tmp/ccbBM1Lf.s 			page 15


 147:Lib/compute/pid/dynamic_pid.cpp ****     _param.ki = _common_cfg.param.ki;
 521              		.loc 1 147 5 is_stmt 1 view .LVU125
 522              		.loc 1 147 35 is_stmt 0 view .LVU126
 523 017e 0369     		ldr	r3, [r0, #16]	@ float
 524              		.loc 1 147 15 view .LVU127
 525 0180 C0F81431 		str	r3, [r0, #276]	@ float
 148:Lib/compute/pid/dynamic_pid.cpp ****     _param.kd = _common_cfg.param.kd;
 526              		.loc 1 148 5 is_stmt 1 view .LVU128
 527              		.loc 1 148 35 is_stmt 0 view .LVU129
 528 0184 4369     		ldr	r3, [r0, #20]	@ float
 529              		.loc 1 148 15 view .LVU130
 530 0186 C0F81831 		str	r3, [r0, #280]	@ float
 149:Lib/compute/pid/dynamic_pid.cpp **** }
 531              		.loc 1 149 1 view .LVU131
 532 018a 7047     		bx	lr
 533              		.cfi_endproc
 534              	.LFE1013:
 536              		.align	1
 537              		.global	_ZN10DynamicPID27_update_params_by_step_funcEv
 538              		.syntax unified
 539              		.thumb
 540              		.thumb_func
 542              	_ZN10DynamicPID27_update_params_by_step_funcEv:
 543              	.LVL41:
 544              	.LFB1014:
 150:Lib/compute/pid/dynamic_pid.cpp **** 
 151:Lib/compute/pid/dynamic_pid.cpp **** void DynamicPID::_update_params_by_step_func(void)
 152:Lib/compute/pid/dynamic_pid.cpp **** {
 545              		.loc 1 152 1 is_stmt 1 view -0
 546              		.cfi_startproc
 547              		@ args = 0, pretend = 0, frame = 0
 548              		@ frame_needed = 0, uses_anonymous_args = 0
 549              		@ link register save eliminated.
 153:Lib/compute/pid/dynamic_pid.cpp ****     float deter_val;
 550              		.loc 1 153 5 view .LVU133
 154:Lib/compute/pid/dynamic_pid.cpp **** 
 155:Lib/compute/pid/dynamic_pid.cpp ****     _param.dt = _step_cfg.dt;
 551              		.loc 1 155 5 view .LVU134
 552              		.loc 1 155 27 is_stmt 0 view .LVU135
 553 018c D0F8A430 		ldr	r3, [r0, #164]	@ float
 554              		.loc 1 155 15 view .LVU136
 555 0190 C0F81C31 		str	r3, [r0, #284]	@ float
 156:Lib/compute/pid/dynamic_pid.cpp ****     _param.max = _step_cfg.max;
 556              		.loc 1 156 5 is_stmt 1 view .LVU137
 557              		.loc 1 156 28 is_stmt 0 view .LVU138
 558 0194 D0F8AC30 		ldr	r3, [r0, #172]	@ float
 559              		.loc 1 156 16 view .LVU139
 560 0198 C0F82031 		str	r3, [r0, #288]	@ float
 157:Lib/compute/pid/dynamic_pid.cpp ****     _param.min = _step_cfg.min;
 561              		.loc 1 157 5 is_stmt 1 view .LVU140
 562              		.loc 1 157 28 is_stmt 0 view .LVU141
 563 019c D0F8A830 		ldr	r3, [r0, #168]	@ float
 564              		.loc 1 157 16 view .LVU142
 565 01a0 C0F82431 		str	r3, [r0, #292]	@ float
 158:Lib/compute/pid/dynamic_pid.cpp ****     _param.i_max = _step_cfg.i_max;
 566              		.loc 1 158 5 is_stmt 1 view .LVU143
 567              		.loc 1 158 30 is_stmt 0 view .LVU144
ARM GAS  /tmp/ccbBM1Lf.s 			page 16


 568 01a4 D0F8B030 		ldr	r3, [r0, #176]	@ float
 569              		.loc 1 158 18 view .LVU145
 570 01a8 C0F82831 		str	r3, [r0, #296]	@ float
 159:Lib/compute/pid/dynamic_pid.cpp **** 
 160:Lib/compute/pid/dynamic_pid.cpp ****     deter_val = (_determinant == NULL) ? (_info.error) : (*_determinant);
 571              		.loc 1 160 5 is_stmt 1 view .LVU146
 572              		.loc 1 160 18 is_stmt 0 view .LVU147
 573 01ac 4368     		ldr	r3, [r0, #4]
 574              		.loc 1 160 40 view .LVU148
 575 01ae 53B1     		cbz	r3, .L71
 576              		.loc 1 160 40 discriminator 2 view .LVU149
 577 01b0 93ED007A 		vldr.32	s14, [r3]
 578              	.L61:
 579              	.LVL42:
 161:Lib/compute/pid/dynamic_pid.cpp **** 
 162:Lib/compute/pid/dynamic_pid.cpp ****     if (_absolute)
 580              		.loc 1 162 5 is_stmt 1 view .LVU150
 581              		.loc 1 162 9 is_stmt 0 view .LVU151
 582 01b4 037A     		ldrb	r3, [r0, #8]	@ zero_extendqisi2
 583              		.loc 1 162 5 view .LVU152
 584 01b6 23B1     		cbz	r3, .L62
 163:Lib/compute/pid/dynamic_pid.cpp ****     {
 164:Lib/compute/pid/dynamic_pid.cpp ****         deter_val = (deter_val >= 0.0f) ? (deter_val) : (-deter_val);
 585              		.loc 1 164 9 is_stmt 1 view .LVU153
 586              		.loc 1 164 41 is_stmt 0 view .LVU154
 587 01b8 B5EEC07A 		vcmpe.f32	s14, #0
 588 01bc F1EE10FA 		vmrs	APSR_nzcv, FPSCR
 589 01c0 04DB     		blt	.L72
 590              	.LVL43:
 591              	.L62:
 165:Lib/compute/pid/dynamic_pid.cpp ****     }
 166:Lib/compute/pid/dynamic_pid.cpp **** 
 167:Lib/compute/pid/dynamic_pid.cpp ****     for (int i = 0; i < _step_cfg.param_num; i++)
 592              		.loc 1 167 5 is_stmt 1 view .LVU155
 593              	.LBB3:
 594              		.loc 1 167 14 is_stmt 0 view .LVU156
 595 01c2 0023     		movs	r3, #0
 596              		.loc 1 167 5 view .LVU157
 597 01c4 06E0     		b	.L63
 598              	.LVL44:
 599              	.L71:
 600              		.loc 1 167 5 view .LVU158
 601              	.LBE3:
 160:Lib/compute/pid/dynamic_pid.cpp **** 
 602              		.loc 1 160 40 discriminator 1 view .LVU159
 603 01c6 90ED4D7A 		vldr.32	s14, [r0, #308]
 604 01ca F3E7     		b	.L61
 605              	.LVL45:
 606              	.L72:
 164:Lib/compute/pid/dynamic_pid.cpp ****     }
 607              		.loc 1 164 41 discriminator 2 view .LVU160
 608 01cc B1EE477A 		vneg.f32	s14, s14
 609              	.LVL46:
 164:Lib/compute/pid/dynamic_pid.cpp ****     }
 610              		.loc 1 164 41 discriminator 2 view .LVU161
 611 01d0 F7E7     		b	.L62
 612              	.LVL47:
ARM GAS  /tmp/ccbBM1Lf.s 			page 17


 613              	.L64:
 614              	.LBB4:
 615              		.loc 1 167 5 is_stmt 1 discriminator 2 view .LVU162
 616 01d2 0133     		adds	r3, r3, #1
 617              	.LVL48:
 618              	.L63:
 619              		.loc 1 167 23 discriminator 1 view .LVU163
 620              		.loc 1 167 35 is_stmt 0 discriminator 1 view .LVU164
 621 01d4 D0F8A020 		ldr	r2, [r0, #160]
 622              		.loc 1 167 23 discriminator 1 view .LVU165
 623 01d8 9A42     		cmp	r2, r3
 624 01da 27DD     		ble	.L73
 168:Lib/compute/pid/dynamic_pid.cpp ****     {
 169:Lib/compute/pid/dynamic_pid.cpp ****         if ((deter_val >= _step_cfg.param[i].min_error) &&
 625              		.loc 1 169 9 is_stmt 1 view .LVU166
 626              		.loc 1 169 46 is_stmt 0 view .LVU167
 627 01dc 03EB8302 		add	r2, r3, r3, lsl #2
 628 01e0 00EB8202 		add	r2, r0, r2, lsl #2
 629 01e4 D2ED0F7A 		vldr.32	s15, [r2, #60]
 630              		.loc 1 169 9 view .LVU168
 631 01e8 F4EEC77A 		vcmpe.f32	s15, s14
 632 01ec F1EE10FA 		vmrs	APSR_nzcv, FPSCR
 633 01f0 EFD8     		bhi	.L64
 170:Lib/compute/pid/dynamic_pid.cpp ****             (deter_val < _step_cfg.param[i].max_error))
 634              		.loc 1 170 45 view .LVU169
 635 01f2 03EB8302 		add	r2, r3, r3, lsl #2
 636 01f6 00EB8202 		add	r2, r0, r2, lsl #2
 637 01fa D2ED107A 		vldr.32	s15, [r2, #64]
 169:Lib/compute/pid/dynamic_pid.cpp ****             (deter_val < _step_cfg.param[i].max_error))
 638              		.loc 1 169 57 discriminator 1 view .LVU170
 639 01fe F4EEC77A 		vcmpe.f32	s15, s14
 640 0202 F1EE10FA 		vmrs	APSR_nzcv, FPSCR
 641 0206 E4DD     		ble	.L64
 171:Lib/compute/pid/dynamic_pid.cpp ****         {
 172:Lib/compute/pid/dynamic_pid.cpp ****             _param.kp = _step_cfg.param[i].kp;
 642              		.loc 1 172 13 is_stmt 1 view .LVU171
 643              		.loc 1 172 44 is_stmt 0 view .LVU172
 644 0208 03EB8302 		add	r2, r3, r3, lsl #2
 645 020c 00EB8202 		add	r2, r0, r2, lsl #2
 646 0210 516C     		ldr	r1, [r2, #68]	@ float
 647              		.loc 1 172 23 view .LVU173
 648 0212 C0F81011 		str	r1, [r0, #272]	@ float
 173:Lib/compute/pid/dynamic_pid.cpp ****             _param.ki = _step_cfg.param[i].ki;
 649              		.loc 1 173 13 is_stmt 1 view .LVU174
 650              		.loc 1 173 44 is_stmt 0 view .LVU175
 651 0216 926C     		ldr	r2, [r2, #72]	@ float
 652              		.loc 1 173 23 view .LVU176
 653 0218 C0F81421 		str	r2, [r0, #276]	@ float
 174:Lib/compute/pid/dynamic_pid.cpp ****             _param.kd = _step_cfg.param[i].kd;
 654              		.loc 1 174 13 is_stmt 1 view .LVU177
 655              		.loc 1 174 44 is_stmt 0 view .LVU178
 656 021c 03EB8303 		add	r3, r3, r3, lsl #2
 657              	.LVL49:
 658              		.loc 1 174 44 view .LVU179
 659 0220 00EB8303 		add	r3, r0, r3, lsl #2
 660 0224 DB6C     		ldr	r3, [r3, #76]	@ float
 661              		.loc 1 174 23 view .LVU180
ARM GAS  /tmp/ccbBM1Lf.s 			page 18


 662 0226 C0F81831 		str	r3, [r0, #280]	@ float
 175:Lib/compute/pid/dynamic_pid.cpp ****             return;
 663              		.loc 1 175 13 is_stmt 1 view .LVU181
 664 022a 7047     		bx	lr
 665              	.LVL50:
 666              	.L73:
 667              		.loc 1 175 13 is_stmt 0 view .LVU182
 668              	.LBE4:
 176:Lib/compute/pid/dynamic_pid.cpp ****         }
 177:Lib/compute/pid/dynamic_pid.cpp ****     }
 178:Lib/compute/pid/dynamic_pid.cpp **** 
 179:Lib/compute/pid/dynamic_pid.cpp ****     _param.kp = _step_cfg.default_param.kp;
 669              		.loc 1 179 5 is_stmt 1 view .LVU183
 670              		.loc 1 179 41 is_stmt 0 view .LVU184
 671 022c 036B     		ldr	r3, [r0, #48]	@ float
 672              	.LVL51:
 673              		.loc 1 179 15 view .LVU185
 674 022e C0F81031 		str	r3, [r0, #272]	@ float
 180:Lib/compute/pid/dynamic_pid.cpp ****     _param.ki = _step_cfg.default_param.ki;
 675              		.loc 1 180 5 is_stmt 1 view .LVU186
 676              		.loc 1 180 41 is_stmt 0 view .LVU187
 677 0232 436B     		ldr	r3, [r0, #52]	@ float
 678              		.loc 1 180 15 view .LVU188
 679 0234 C0F81431 		str	r3, [r0, #276]	@ float
 181:Lib/compute/pid/dynamic_pid.cpp ****     _param.kd = _step_cfg.default_param.kd;
 680              		.loc 1 181 5 is_stmt 1 view .LVU189
 681              		.loc 1 181 41 is_stmt 0 view .LVU190
 682 0238 836B     		ldr	r3, [r0, #56]	@ float
 683              		.loc 1 181 15 view .LVU191
 684 023a C0F81831 		str	r3, [r0, #280]	@ float
 182:Lib/compute/pid/dynamic_pid.cpp **** }
 685              		.loc 1 182 1 view .LVU192
 686 023e 7047     		bx	lr
 687              		.cfi_endproc
 688              	.LFE1014:
 690              		.align	1
 691              		.global	_ZN10DynamicPID28_update_params_by_slope_funcEv
 692              		.syntax unified
 693              		.thumb
 694              		.thumb_func
 696              	_ZN10DynamicPID28_update_params_by_slope_funcEv:
 697              	.LVL52:
 698              	.LFB1015:
 183:Lib/compute/pid/dynamic_pid.cpp **** 
 184:Lib/compute/pid/dynamic_pid.cpp **** void DynamicPID::_update_params_by_slope_func(void)
 185:Lib/compute/pid/dynamic_pid.cpp **** {
 699              		.loc 1 185 1 is_stmt 1 view -0
 700              		.cfi_startproc
 701              		@ args = 0, pretend = 0, frame = 0
 702              		@ frame_needed = 0, uses_anonymous_args = 0
 703              		@ link register save eliminated.
 186:Lib/compute/pid/dynamic_pid.cpp **** }
 704              		.loc 1 186 1 is_stmt 0 view .LVU194
 705 0240 7047     		bx	lr
 706              		.cfi_endproc
 707              	.LFE1015:
 709              		.align	1
ARM GAS  /tmp/ccbBM1Lf.s 			page 19


 710              		.global	_ZN10DynamicPID27_update_params_by_poly_funcEv
 711              		.syntax unified
 712              		.thumb
 713              		.thumb_func
 715              	_ZN10DynamicPID27_update_params_by_poly_funcEv:
 716              	.LVL53:
 717              	.LFB1016:
 187:Lib/compute/pid/dynamic_pid.cpp **** 
 188:Lib/compute/pid/dynamic_pid.cpp **** void DynamicPID::_update_params_by_poly_func(void)
 189:Lib/compute/pid/dynamic_pid.cpp **** {
 718              		.loc 1 189 1 is_stmt 1 view -0
 719              		.cfi_startproc
 720              		@ args = 0, pretend = 0, frame = 0
 721              		@ frame_needed = 0, uses_anonymous_args = 0
 722              		.loc 1 189 1 is_stmt 0 view .LVU196
 723 0242 10B5     		push	{r4, lr}
 724              		.cfi_def_cfa_offset 8
 725              		.cfi_offset 4, -8
 726              		.cfi_offset 14, -4
 727 0244 2DED028B 		vpush.64	{d8}
 728              		.cfi_def_cfa_offset 16
 729              		.cfi_offset 80, -16
 730              		.cfi_offset 81, -12
 731 0248 0446     		mov	r4, r0
 190:Lib/compute/pid/dynamic_pid.cpp ****     // _param.kp = polynomial(_info.error, _poly_coef[0], _poly_n[0]);
 191:Lib/compute/pid/dynamic_pid.cpp ****     // _param.ki = polynomial(_info.error, _poly_coef[1], _poly_n[1]);
 192:Lib/compute/pid/dynamic_pid.cpp ****     // _param.kd = polynomial(_info.error, _poly_coef[2], _poly_n[2]);
 193:Lib/compute/pid/dynamic_pid.cpp ****     _param.kp = polynomial(_info.error, _poly_cfg.coef_kp.coef, _poly_cfg.coef_kp.num);
 732              		.loc 1 193 5 is_stmt 1 view .LVU197
 733              		.loc 1 193 27 is_stmt 0 view .LVU198
 734 024a 90ED4D8A 		vldr.32	s16, [r0, #308]
 735 024e 90F8CC10 		ldrb	r1, [r0, #204]	@ zero_extendqisi2
 736 0252 B830     		adds	r0, r0, #184
 737              	.LVL54:
 738              		.loc 1 193 27 view .LVU199
 739 0254 B0EE480A 		vmov.f32	s0, s16
 740 0258 FFF7D2FE 		bl	_ZL10polynomialfPft
 741              	.LVL55:
 742              		.loc 1 193 15 discriminator 1 view .LVU200
 743 025c 84ED440A 		vstr.32	s0, [r4, #272]
 194:Lib/compute/pid/dynamic_pid.cpp ****     _param.ki = polynomial(_info.error, _poly_cfg.coef_ki.coef, _poly_cfg.coef_ki.num);
 744              		.loc 1 194 5 is_stmt 1 view .LVU201
 745              		.loc 1 194 27 is_stmt 0 view .LVU202
 746 0260 94F8E410 		ldrb	r1, [r4, #228]	@ zero_extendqisi2
 747 0264 04F1D000 		add	r0, r4, #208
 748 0268 B0EE480A 		vmov.f32	s0, s16
 749 026c FFF7C8FE 		bl	_ZL10polynomialfPft
 750              	.LVL56:
 751              		.loc 1 194 15 discriminator 1 view .LVU203
 752 0270 84ED450A 		vstr.32	s0, [r4, #276]
 195:Lib/compute/pid/dynamic_pid.cpp ****     _param.kd = polynomial(_info.error, _poly_cfg.coef_kd.coef, _poly_cfg.coef_kd.num);
 753              		.loc 1 195 5 is_stmt 1 view .LVU204
 754              		.loc 1 195 27 is_stmt 0 view .LVU205
 755 0274 94F8FC10 		ldrb	r1, [r4, #252]	@ zero_extendqisi2
 756 0278 04F1E800 		add	r0, r4, #232
 757 027c B0EE480A 		vmov.f32	s0, s16
 758 0280 FFF7BEFE 		bl	_ZL10polynomialfPft
ARM GAS  /tmp/ccbBM1Lf.s 			page 20


 759              	.LVL57:
 760              		.loc 1 195 15 discriminator 1 view .LVU206
 761 0284 84ED460A 		vstr.32	s0, [r4, #280]
 196:Lib/compute/pid/dynamic_pid.cpp **** }
 762              		.loc 1 196 1 view .LVU207
 763 0288 BDEC028B 		vldm	sp!, {d8}
 764              		.cfi_restore 80
 765              		.cfi_restore 81
 766              		.cfi_def_cfa_offset 8
 767 028c 10BD     		pop	{r4, pc}
 768              		.loc 1 196 1 view .LVU208
 769              		.cfi_endproc
 770              	.LFE1016:
 772              		.align	1
 773              		.global	_ZN10DynamicPID14_update_paramsEv
 774              		.syntax unified
 775              		.thumb
 776              		.thumb_func
 778              	_ZN10DynamicPID14_update_paramsEv:
 779              	.LVL58:
 780              	.LFB1012:
 124:Lib/compute/pid/dynamic_pid.cpp ****     switch (_func_type)
 781              		.loc 1 124 1 is_stmt 1 view -0
 782              		.cfi_startproc
 783              		@ args = 0, pretend = 0, frame = 0
 784              		@ frame_needed = 0, uses_anonymous_args = 0
 124:Lib/compute/pid/dynamic_pid.cpp ****     switch (_func_type)
 785              		.loc 1 124 1 is_stmt 0 view .LVU210
 786 028e 08B5     		push	{r3, lr}
 787              		.cfi_def_cfa_offset 8
 788              		.cfi_offset 3, -8
 789              		.cfi_offset 14, -4
 125:Lib/compute/pid/dynamic_pid.cpp ****     {
 790              		.loc 1 125 5 is_stmt 1 view .LVU211
 125:Lib/compute/pid/dynamic_pid.cpp ****     {
 791              		.loc 1 125 13 is_stmt 0 view .LVU212
 792 0290 0378     		ldrb	r3, [r0]	@ zero_extendqisi2
 125:Lib/compute/pid/dynamic_pid.cpp ****     {
 793              		.loc 1 125 5 view .LVU213
 794 0292 012B     		cmp	r3, #1
 795 0294 08D0     		beq	.L78
 796 0296 022B     		cmp	r3, #2
 797 0298 03D0     		beq	.L79
 798 029a 0BB9     		cbnz	r3, .L77
 127:Lib/compute/pid/dynamic_pid.cpp ****         _update_params_by_common_func();
 799              		.loc 1 127 5 is_stmt 1 view .LVU214
 128:Lib/compute/pid/dynamic_pid.cpp ****         break;
 800              		.loc 1 128 9 view .LVU215
 128:Lib/compute/pid/dynamic_pid.cpp ****         break;
 801              		.loc 1 128 38 is_stmt 0 view .LVU216
 802 029c FFF7FEFF 		bl	_ZN10DynamicPID29_update_params_by_common_funcEv
 803              	.LVL59:
 129:Lib/compute/pid/dynamic_pid.cpp ****     case DPID_FuncType::STEP:
 804              		.loc 1 129 9 is_stmt 1 view .LVU217
 805              	.L77:
 142:Lib/compute/pid/dynamic_pid.cpp **** 
 806              		.loc 1 142 1 is_stmt 0 view .LVU218
ARM GAS  /tmp/ccbBM1Lf.s 			page 21


 807 02a0 08BD     		pop	{r3, pc}
 808              	.LVL60:
 809              	.L79:
 130:Lib/compute/pid/dynamic_pid.cpp ****         _update_params_by_step_func();
 810              		.loc 1 130 5 is_stmt 1 view .LVU219
 131:Lib/compute/pid/dynamic_pid.cpp ****         break;
 811              		.loc 1 131 9 view .LVU220
 131:Lib/compute/pid/dynamic_pid.cpp ****         break;
 812              		.loc 1 131 36 is_stmt 0 view .LVU221
 813 02a2 FFF7FEFF 		bl	_ZN10DynamicPID27_update_params_by_step_funcEv
 814              	.LVL61:
 132:Lib/compute/pid/dynamic_pid.cpp ****     case DPID_FuncType::SLOPE:
 815              		.loc 1 132 9 is_stmt 1 view .LVU222
 816 02a6 FBE7     		b	.L77
 817              	.LVL62:
 818              	.L78:
 136:Lib/compute/pid/dynamic_pid.cpp ****         _update_params_by_poly_func();
 819              		.loc 1 136 5 view .LVU223
 137:Lib/compute/pid/dynamic_pid.cpp ****         break;
 820              		.loc 1 137 9 view .LVU224
 137:Lib/compute/pid/dynamic_pid.cpp ****         break;
 821              		.loc 1 137 36 is_stmt 0 view .LVU225
 822 02a8 FFF7FEFF 		bl	_ZN10DynamicPID27_update_params_by_poly_funcEv
 823              	.LVL63:
 138:Lib/compute/pid/dynamic_pid.cpp ****     default:
 824              		.loc 1 138 9 is_stmt 1 view .LVU226
 142:Lib/compute/pid/dynamic_pid.cpp **** 
 825              		.loc 1 142 1 is_stmt 0 view .LVU227
 826 02ac F8E7     		b	.L77
 827              		.cfi_endproc
 828              	.LFE1012:
 830              		.align	1
 831              		.global	_ZN10DynamicPID6updateEff
 832              		.syntax unified
 833              		.thumb
 834              		.thumb_func
 836              	_ZN10DynamicPID6updateEff:
 837              	.LVL64:
 838              	.LFB1008:
  61:Lib/compute/pid/dynamic_pid.cpp ****     _info.error = error;
 839              		.loc 1 61 1 is_stmt 1 view -0
 840              		.cfi_startproc
 841              		@ args = 0, pretend = 0, frame = 0
 842              		@ frame_needed = 0, uses_anonymous_args = 0
  61:Lib/compute/pid/dynamic_pid.cpp ****     _info.error = error;
 843              		.loc 1 61 1 is_stmt 0 view .LVU229
 844 02ae 10B5     		push	{r4, lr}
 845              		.cfi_def_cfa_offset 8
 846              		.cfi_offset 4, -8
 847              		.cfi_offset 14, -4
 848 02b0 2DED028B 		vpush.64	{d8}
 849              		.cfi_def_cfa_offset 16
 850              		.cfi_offset 80, -16
 851              		.cfi_offset 81, -12
 852 02b4 0446     		mov	r4, r0
 853 02b6 B0EE408A 		vmov.f32	s16, s0
 854 02ba F0EE608A 		vmov.f32	s17, s1
ARM GAS  /tmp/ccbBM1Lf.s 			page 22


  62:Lib/compute/pid/dynamic_pid.cpp ****     _info.nudge = nudge;
 855              		.loc 1 62 5 is_stmt 1 view .LVU230
  62:Lib/compute/pid/dynamic_pid.cpp ****     _info.nudge = nudge;
 856              		.loc 1 62 17 is_stmt 0 view .LVU231
 857 02be 80ED4D0A 		vstr.32	s0, [r0, #308]
  63:Lib/compute/pid/dynamic_pid.cpp **** 
 858              		.loc 1 63 5 is_stmt 1 view .LVU232
  63:Lib/compute/pid/dynamic_pid.cpp **** 
 859              		.loc 1 63 17 is_stmt 0 view .LVU233
 860 02c2 C0ED4E0A 		vstr.32	s1, [r0, #312]
  65:Lib/compute/pid/dynamic_pid.cpp **** 
 861              		.loc 1 65 5 is_stmt 1 view .LVU234
  65:Lib/compute/pid/dynamic_pid.cpp **** 
 862              		.loc 1 65 19 is_stmt 0 view .LVU235
 863 02c6 FFF7FEFF 		bl	_ZN10DynamicPID14_update_paramsEv
 864              	.LVL65:
  68:Lib/compute/pid/dynamic_pid.cpp **** 
 865              		.loc 1 68 5 is_stmt 1 view .LVU236
  68:Lib/compute/pid/dynamic_pid.cpp **** 
 866              		.loc 1 68 22 is_stmt 0 view .LVU237
 867 02ca D4ED447A 		vldr.32	s15, [r4, #272]
  68:Lib/compute/pid/dynamic_pid.cpp **** 
 868              		.loc 1 68 25 view .LVU238
 869 02ce 67EE887A 		vmul.f32	s15, s15, s16
  68:Lib/compute/pid/dynamic_pid.cpp **** 
 870              		.loc 1 68 13 view .LVU239
 871 02d2 C4ED507A 		vstr.32	s15, [r4, #320]
  72:Lib/compute/pid/dynamic_pid.cpp **** 
 872              		.loc 1 72 5 is_stmt 1 view .LVU240
  72:Lib/compute/pid/dynamic_pid.cpp **** 
 873              		.loc 1 72 14 is_stmt 0 view .LVU241
 874 02d6 2046     		mov	r0, r4
 875 02d8 FFF7FEFF 		bl	_ZN10DynamicPID9_update_IEv
 876              	.LVL66:
  75:Lib/compute/pid/dynamic_pid.cpp ****     _info.D = _param.kd * derivative;
 877              		.loc 1 75 5 is_stmt 1 view .LVU242
  75:Lib/compute/pid/dynamic_pid.cpp ****     _info.D = _param.kd * derivative;
 878              		.loc 1 75 39 is_stmt 0 view .LVU243
 879 02dc 94ED4C7A 		vldr.32	s14, [r4, #304]
  75:Lib/compute/pid/dynamic_pid.cpp ****     _info.D = _param.kd * derivative;
 880              		.loc 1 75 31 view .LVU244
 881 02e0 38EE477A 		vsub.f32	s14, s16, s14
  75:Lib/compute/pid/dynamic_pid.cpp ****     _info.D = _param.kd * derivative;
 882              		.loc 1 75 60 view .LVU245
 883 02e4 D4ED476A 		vldr.32	s13, [r4, #284]
  75:Lib/compute/pid/dynamic_pid.cpp ****     _info.D = _param.kd * derivative;
 884              		.loc 1 75 11 view .LVU246
 885 02e8 C7EE267A 		vdiv.f32	s15, s14, s13
 886              	.LVL67:
  76:Lib/compute/pid/dynamic_pid.cpp **** 
 887              		.loc 1 76 5 is_stmt 1 view .LVU247
  76:Lib/compute/pid/dynamic_pid.cpp **** 
 888              		.loc 1 76 22 is_stmt 0 view .LVU248
 889 02ec 94ED467A 		vldr.32	s14, [r4, #280]
  76:Lib/compute/pid/dynamic_pid.cpp **** 
 890              		.loc 1 76 25 view .LVU249
 891 02f0 27EE277A 		vmul.f32	s14, s14, s15
ARM GAS  /tmp/ccbBM1Lf.s 			page 23


  76:Lib/compute/pid/dynamic_pid.cpp **** 
 892              		.loc 1 76 13 view .LVU250
 893 02f4 84ED527A 		vstr.32	s14, [r4, #328]
  79:Lib/compute/pid/dynamic_pid.cpp **** 
 894              		.loc 1 79 5 is_stmt 1 view .LVU251
  79:Lib/compute/pid/dynamic_pid.cpp **** 
 895              		.loc 1 79 23 is_stmt 0 view .LVU252
 896 02f8 D4ED4B6A 		vldr.32	s13, [r4, #300]
  79:Lib/compute/pid/dynamic_pid.cpp **** 
 897              		.loc 1 79 41 view .LVU253
 898 02fc 78EE277A 		vadd.f32	s15, s16, s15
 899              	.LVL68:
  79:Lib/compute/pid/dynamic_pid.cpp **** 
 900              		.loc 1 79 27 view .LVU254
 901 0300 66EEA77A 		vmul.f32	s15, s13, s15
  79:Lib/compute/pid/dynamic_pid.cpp **** 
 902              		.loc 1 79 14 view .LVU255
 903 0304 C4ED537A 		vstr.32	s15, [r4, #332]
  82:Lib/compute/pid/dynamic_pid.cpp **** 
 904              		.loc 1 82 5 is_stmt 1 view .LVU256
  82:Lib/compute/pid/dynamic_pid.cpp **** 
 905              		.loc 1 82 26 is_stmt 0 view .LVU257
 906 0308 D4ED507A 		vldr.32	s15, [r4, #320]
  82:Lib/compute/pid/dynamic_pid.cpp **** 
 907              		.loc 1 82 36 view .LVU258
 908 030c D4ED516A 		vldr.32	s13, [r4, #324]
  82:Lib/compute/pid/dynamic_pid.cpp **** 
 909              		.loc 1 82 28 view .LVU259
 910 0310 77EEA67A 		vadd.f32	s15, s15, s13
  82:Lib/compute/pid/dynamic_pid.cpp **** 
 911              		.loc 1 82 38 view .LVU260
 912 0314 77EEC77A 		vsub.f32	s15, s15, s14
  82:Lib/compute/pid/dynamic_pid.cpp **** 
 913              		.loc 1 82 48 view .LVU261
 914 0318 77EEA80A 		vadd.f32	s1, s15, s17
  82:Lib/compute/pid/dynamic_pid.cpp **** 
 915              		.loc 1 82 18 view .LVU262
 916 031c C4ED4F0A 		vstr.32	s1, [r4, #316]
  85:Lib/compute/pid/dynamic_pid.cpp ****         _info.output = _param.max;
 917              		.loc 1 85 5 is_stmt 1 view .LVU263
  85:Lib/compute/pid/dynamic_pid.cpp ****         _info.output = _param.max;
 918              		.loc 1 85 31 is_stmt 0 view .LVU264
 919 0320 D4ED487A 		vldr.32	s15, [r4, #288]
  85:Lib/compute/pid/dynamic_pid.cpp ****         _info.output = _param.max;
 920              		.loc 1 85 5 view .LVU265
 921 0324 F4EEE70A 		vcmpe.f32	s1, s15
 922 0328 F1EE10FA 		vmrs	APSR_nzcv, FPSCR
 923 032c 08DD     		ble	.L89
  86:Lib/compute/pid/dynamic_pid.cpp ****     else if (_info.output < _param.min)
 924              		.loc 1 86 9 is_stmt 1 view .LVU266
  86:Lib/compute/pid/dynamic_pid.cpp ****     else if (_info.output < _param.min)
 925              		.loc 1 86 22 is_stmt 0 view .LVU267
 926 032e C4ED4F7A 		vstr.32	s15, [r4, #316]
 927              	.L85:
  91:Lib/compute/pid/dynamic_pid.cpp **** 
 928              		.loc 1 91 5 is_stmt 1 view .LVU268
  91:Lib/compute/pid/dynamic_pid.cpp **** 
ARM GAS  /tmp/ccbBM1Lf.s 			page 24


 929              		.loc 1 91 22 is_stmt 0 view .LVU269
 930 0332 84ED4C8A 		vstr.32	s16, [r4, #304]
 931              	.LVL69:
  93:Lib/compute/pid/dynamic_pid.cpp **** }
 932              		.loc 1 93 5 is_stmt 1 view .LVU270
  94:Lib/compute/pid/dynamic_pid.cpp **** 
 933              		.loc 1 94 1 is_stmt 0 view .LVU271
 934 0336 94ED4F0A 		vldr.32	s0, [r4, #316]
 935 033a BDEC028B 		vldm	sp!, {d8}
 936              		.cfi_remember_state
 937              		.cfi_restore 80
 938              		.cfi_restore 81
 939              		.cfi_def_cfa_offset 8
 940              	.LVL70:
  94:Lib/compute/pid/dynamic_pid.cpp **** 
 941              		.loc 1 94 1 view .LVU272
 942 033e 10BD     		pop	{r4, pc}
 943              	.LVL71:
 944              	.L89:
 945              		.cfi_restore_state
  87:Lib/compute/pid/dynamic_pid.cpp ****         _info.output = _param.min;
 946              		.loc 1 87 10 is_stmt 1 view .LVU273
  87:Lib/compute/pid/dynamic_pid.cpp ****         _info.output = _param.min;
 947              		.loc 1 87 36 is_stmt 0 view .LVU274
 948 0340 D4ED497A 		vldr.32	s15, [r4, #292]
  87:Lib/compute/pid/dynamic_pid.cpp ****         _info.output = _param.min;
 949              		.loc 1 87 10 view .LVU275
 950 0344 F4EEE70A 		vcmpe.f32	s1, s15
 951 0348 F1EE10FA 		vmrs	APSR_nzcv, FPSCR
 952 034c F1D5     		bpl	.L85
  88:Lib/compute/pid/dynamic_pid.cpp **** 
 953              		.loc 1 88 9 is_stmt 1 view .LVU276
  88:Lib/compute/pid/dynamic_pid.cpp **** 
 954              		.loc 1 88 22 is_stmt 0 view .LVU277
 955 034e C4ED4F7A 		vstr.32	s15, [r4, #316]
 956 0352 EEE7     		b	.L85
 957              		.cfi_endproc
 958              	.LFE1008:
 960              	.Letext0:
 961              		.file 3 "/opt/arm-gnu-toolchain-14.2/arm-none-eabi/include/machine/_default_types.h"
 962              		.file 4 "/opt/arm-gnu-toolchain-14.2/arm-none-eabi/include/sys/_stdint.h"
 963              		.file 5 "/opt/arm-gnu-toolchain-14.2/arm-none-eabi/include/c++/14.2.1/cmath"
 964              		.file 6 "/opt/arm-gnu-toolchain-14.2/arm-none-eabi/include/c++/14.2.1/type_traits"
 965              		.file 7 "/opt/arm-gnu-toolchain-14.2/arm-none-eabi/include/c++/14.2.1/debug/debug.h"
 966              		.file 8 "/opt/arm-gnu-toolchain-14.2/arm-none-eabi/include/c++/14.2.1/bits/std_abs.h"
 967              		.file 9 "/opt/arm-gnu-toolchain-14.2/arm-none-eabi/include/c++/14.2.1/bits/predefined_ops.h"
 968              		.file 10 "/opt/arm-gnu-toolchain-14.2/lib/gcc/arm-none-eabi/14.2.1/include/stddef.h"
 969              		.file 11 "/opt/arm-gnu-toolchain-14.2/arm-none-eabi/include/math.h"
 970              		.file 12 "/opt/arm-gnu-toolchain-14.2/arm-none-eabi/include/c++/14.2.1/arm-none-eabi/thumb/v7e-m+f
 971              		.file 13 "/opt/arm-gnu-toolchain-14.2/arm-none-eabi/include/c++/14.2.1/math.h"
 972              		.file 14 "Lib/compute/pid/dynamic_pid.hpp"
 973              		.file 15 "/opt/arm-gnu-toolchain-14.2/arm-none-eabi/include/string.h"
ARM GAS  /tmp/ccbBM1Lf.s 			page 25


DEFINED SYMBOLS
                            *ABS*:00000000 dynamic_pid.cpp
     /tmp/ccbBM1Lf.s:20     .text:00000000 $t
     /tmp/ccbBM1Lf.s:25     .text:00000000 _ZL10polynomialfPft
     /tmp/ccbBM1Lf.s:96     .text:00000040 $d
     /tmp/ccbBM1Lf.s:100    .text:00000044 $t
     /tmp/ccbBM1Lf.s:106    .text:00000044 _ZN10DynamicPID18config_common_funcEPK20dpid_common_config_t
     /tmp/ccbBM1Lf.s:154    .text:00000068 _ZN10DynamicPID16config_step_funcEPK18dpid_step_config_tPfb
     /tmp/ccbBM1Lf.s:215    .text:00000086 _ZN10DynamicPID17config_slope_funcEPK19dpid_slope_config_t
     /tmp/ccbBM1Lf.s:246    .text:00000090 _ZN10DynamicPID16config_poly_funcEPK18dpid_poly_config_t
     /tmp/ccbBM1Lf.s:292    .text:000000a4 _ZN10DynamicPID5resetEv
     /tmp/ccbBM1Lf.s:324    .text:000000b4 _ZN10DynamicPID4initE13DPID_FuncType
     /tmp/ccbBM1Lf.s:354    .text:000000be _ZN10DynamicPID16change_func_typeE13DPID_FuncType
     /tmp/ccbBM1Lf.s:384    .text:000000c8 _ZN10DynamicPID9_update_IEv
     /tmp/ccbBM1Lf.s:475    .text:0000016c $d
     /tmp/ccbBM1Lf.s:479    .text:00000170 $t
     /tmp/ccbBM1Lf.s:485    .text:00000170 _ZN10DynamicPID8_reset_IEv
     /tmp/ccbBM1Lf.s:508    .text:00000178 _ZN10DynamicPID29_update_params_by_common_funcEv
     /tmp/ccbBM1Lf.s:542    .text:0000018c _ZN10DynamicPID27_update_params_by_step_funcEv
     /tmp/ccbBM1Lf.s:696    .text:00000240 _ZN10DynamicPID28_update_params_by_slope_funcEv
     /tmp/ccbBM1Lf.s:715    .text:00000242 _ZN10DynamicPID27_update_params_by_poly_funcEv
     /tmp/ccbBM1Lf.s:778    .text:0000028e _ZN10DynamicPID14_update_paramsEv
     /tmp/ccbBM1Lf.s:836    .text:000002ae _ZN10DynamicPID6updateEff

UNDEFINED SYMBOLS
memcpy
memset
