ARM GAS  /tmp/cc0IlKDT.s 			page 1


   1              		.cpu cortex-m4
   2              		.arch armv7e-m
   3              		.fpu fpv4-sp-d16
   4              		.eabi_attribute 27, 1
   5              		.eabi_attribute 28, 1
   6              		.eabi_attribute 20, 1
   7              		.eabi_attribute 21, 1
   8              		.eabi_attribute 23, 3
   9              		.eabi_attribute 24, 1
  10              		.eabi_attribute 25, 1
  11              		.eabi_attribute 26, 1
  12              		.eabi_attribute 30, 1
  13              		.eabi_attribute 34, 1
  14              		.eabi_attribute 18, 4
  15              		.file	"gpio.c"
  16              		.text
  17              	.Ltext0:
  18              		.cfi_sections	.debug_frame
  19              		.file 1 "Core/Src/gpio.c"
  20              		.section	.text.MX_GPIO_Init,"ax",%progbits
  21              		.align	1
  22              		.global	MX_GPIO_Init
  23              		.syntax unified
  24              		.thumb
  25              		.thumb_func
  27              	MX_GPIO_Init:
  28              	.LFB329:
   1:Core/Src/gpio.c **** /* USER CODE BEGIN Header */
   2:Core/Src/gpio.c **** /**
   3:Core/Src/gpio.c ****   ******************************************************************************
   4:Core/Src/gpio.c ****   * @file    gpio.c
   5:Core/Src/gpio.c ****   * @brief   This file provides code for the configuration
   6:Core/Src/gpio.c ****   *          of all used GPIO pins.
   7:Core/Src/gpio.c ****   ******************************************************************************
   8:Core/Src/gpio.c ****   * @attention
   9:Core/Src/gpio.c ****   *
  10:Core/Src/gpio.c ****   * Copyright (c) 2026 STMicroelectronics.
  11:Core/Src/gpio.c ****   * All rights reserved.
  12:Core/Src/gpio.c ****   *
  13:Core/Src/gpio.c ****   * This software is licensed under terms that can be found in the LICENSE file
  14:Core/Src/gpio.c ****   * in the root directory of this software component.
  15:Core/Src/gpio.c ****   * If no LICENSE file comes with this software, it is provided AS-IS.
  16:Core/Src/gpio.c ****   *
  17:Core/Src/gpio.c ****   ******************************************************************************
  18:Core/Src/gpio.c ****   */
  19:Core/Src/gpio.c **** /* USER CODE END Header */
  20:Core/Src/gpio.c **** 
  21:Core/Src/gpio.c **** /* Includes ------------------------------------------------------------------*/
  22:Core/Src/gpio.c **** #include "gpio.h"
  23:Core/Src/gpio.c **** 
  24:Core/Src/gpio.c **** /* USER CODE BEGIN 0 */
  25:Core/Src/gpio.c **** 
  26:Core/Src/gpio.c **** /* USER CODE END 0 */
  27:Core/Src/gpio.c **** 
  28:Core/Src/gpio.c **** /*----------------------------------------------------------------------------*/
  29:Core/Src/gpio.c **** /* Configure GPIO                                                             */
  30:Core/Src/gpio.c **** /*----------------------------------------------------------------------------*/
ARM GAS  /tmp/cc0IlKDT.s 			page 2


  31:Core/Src/gpio.c **** /* USER CODE BEGIN 1 */
  32:Core/Src/gpio.c **** 
  33:Core/Src/gpio.c **** /* USER CODE END 1 */
  34:Core/Src/gpio.c **** 
  35:Core/Src/gpio.c **** /** Configure pins as
  36:Core/Src/gpio.c ****         * Analog
  37:Core/Src/gpio.c ****         * Input
  38:Core/Src/gpio.c ****         * Output
  39:Core/Src/gpio.c ****         * EVENT_OUT
  40:Core/Src/gpio.c ****         * EXTI
  41:Core/Src/gpio.c **** */
  42:Core/Src/gpio.c **** void MX_GPIO_Init(void)
  43:Core/Src/gpio.c **** {
  29              		.loc 1 43 1 view -0
  30              		.cfi_startproc
  31              		@ args = 0, pretend = 0, frame = 40
  32              		@ frame_needed = 0, uses_anonymous_args = 0
  33 0000 2DE9F047 		push	{r4, r5, r6, r7, r8, r9, r10, lr}
  34              		.cfi_def_cfa_offset 32
  35              		.cfi_offset 4, -32
  36              		.cfi_offset 5, -28
  37              		.cfi_offset 6, -24
  38              		.cfi_offset 7, -20
  39              		.cfi_offset 8, -16
  40              		.cfi_offset 9, -12
  41              		.cfi_offset 10, -8
  42              		.cfi_offset 14, -4
  43 0004 8AB0     		sub	sp, sp, #40
  44              		.cfi_def_cfa_offset 72
  44:Core/Src/gpio.c **** 
  45:Core/Src/gpio.c ****   GPIO_InitTypeDef GPIO_InitStruct = {0};
  45              		.loc 1 45 3 view .LVU1
  46              		.loc 1 45 20 is_stmt 0 view .LVU2
  47 0006 05AD     		add	r5, sp, #20
  48 0008 0024     		movs	r4, #0
  49 000a 0594     		str	r4, [sp, #20]
  50 000c 0694     		str	r4, [sp, #24]
  51 000e 0794     		str	r4, [sp, #28]
  52 0010 0894     		str	r4, [sp, #32]
  53 0012 0994     		str	r4, [sp, #36]
  46:Core/Src/gpio.c **** 
  47:Core/Src/gpio.c ****   /* GPIO Ports Clock Enable */
  48:Core/Src/gpio.c ****   __HAL_RCC_GPIOC_CLK_ENABLE();
  54              		.loc 1 48 3 is_stmt 1 view .LVU3
  55              	.LBB2:
  56              		.loc 1 48 3 view .LVU4
  57              		.loc 1 48 3 view .LVU5
  58 0014 454B     		ldr	r3, .L3
  59 0016 DA6C     		ldr	r2, [r3, #76]
  60 0018 42F00402 		orr	r2, r2, #4
  61 001c DA64     		str	r2, [r3, #76]
  62              		.loc 1 48 3 view .LVU6
  63 001e DA6C     		ldr	r2, [r3, #76]
  64 0020 02F00402 		and	r2, r2, #4
  65 0024 0092     		str	r2, [sp]
  66              		.loc 1 48 3 view .LVU7
  67 0026 009A     		ldr	r2, [sp]
ARM GAS  /tmp/cc0IlKDT.s 			page 3


  68              	.LBE2:
  69              		.loc 1 48 3 view .LVU8
  49:Core/Src/gpio.c ****   __HAL_RCC_GPIOF_CLK_ENABLE();
  70              		.loc 1 49 3 view .LVU9
  71              	.LBB3:
  72              		.loc 1 49 3 view .LVU10
  73              		.loc 1 49 3 view .LVU11
  74 0028 DA6C     		ldr	r2, [r3, #76]
  75 002a 42F02002 		orr	r2, r2, #32
  76 002e DA64     		str	r2, [r3, #76]
  77              		.loc 1 49 3 view .LVU12
  78 0030 DA6C     		ldr	r2, [r3, #76]
  79 0032 02F02002 		and	r2, r2, #32
  80 0036 0192     		str	r2, [sp, #4]
  81              		.loc 1 49 3 view .LVU13
  82 0038 019A     		ldr	r2, [sp, #4]
  83              	.LBE3:
  84              		.loc 1 49 3 view .LVU14
  50:Core/Src/gpio.c ****   __HAL_RCC_GPIOA_CLK_ENABLE();
  85              		.loc 1 50 3 view .LVU15
  86              	.LBB4:
  87              		.loc 1 50 3 view .LVU16
  88              		.loc 1 50 3 view .LVU17
  89 003a DA6C     		ldr	r2, [r3, #76]
  90 003c 42F00102 		orr	r2, r2, #1
  91 0040 DA64     		str	r2, [r3, #76]
  92              		.loc 1 50 3 view .LVU18
  93 0042 DA6C     		ldr	r2, [r3, #76]
  94 0044 02F00102 		and	r2, r2, #1
  95 0048 0292     		str	r2, [sp, #8]
  96              		.loc 1 50 3 view .LVU19
  97 004a 029A     		ldr	r2, [sp, #8]
  98              	.LBE4:
  99              		.loc 1 50 3 view .LVU20
  51:Core/Src/gpio.c ****   __HAL_RCC_GPIOB_CLK_ENABLE();
 100              		.loc 1 51 3 view .LVU21
 101              	.LBB5:
 102              		.loc 1 51 3 view .LVU22
 103              		.loc 1 51 3 view .LVU23
 104 004c DA6C     		ldr	r2, [r3, #76]
 105 004e 42F00202 		orr	r2, r2, #2
 106 0052 DA64     		str	r2, [r3, #76]
 107              		.loc 1 51 3 view .LVU24
 108 0054 DA6C     		ldr	r2, [r3, #76]
 109 0056 02F00202 		and	r2, r2, #2
 110 005a 0392     		str	r2, [sp, #12]
 111              		.loc 1 51 3 view .LVU25
 112 005c 039A     		ldr	r2, [sp, #12]
 113              	.LBE5:
 114              		.loc 1 51 3 view .LVU26
  52:Core/Src/gpio.c ****   __HAL_RCC_GPIOD_CLK_ENABLE();
 115              		.loc 1 52 3 view .LVU27
 116              	.LBB6:
 117              		.loc 1 52 3 view .LVU28
 118              		.loc 1 52 3 view .LVU29
 119 005e DA6C     		ldr	r2, [r3, #76]
 120 0060 42F00802 		orr	r2, r2, #8
ARM GAS  /tmp/cc0IlKDT.s 			page 4


 121 0064 DA64     		str	r2, [r3, #76]
 122              		.loc 1 52 3 view .LVU30
 123 0066 DB6C     		ldr	r3, [r3, #76]
 124 0068 03F00803 		and	r3, r3, #8
 125 006c 0493     		str	r3, [sp, #16]
 126              		.loc 1 52 3 view .LVU31
 127 006e 049B     		ldr	r3, [sp, #16]
 128              	.LBE6:
 129              		.loc 1 52 3 view .LVU32
  53:Core/Src/gpio.c **** 
  54:Core/Src/gpio.c ****   /*Configure GPIO pin Output Level */
  55:Core/Src/gpio.c ****   HAL_GPIO_WritePin(GPIOC, ENC4_CAL_Pin|ENC3_CAL_Pin, GPIO_PIN_RESET);
 130              		.loc 1 55 3 view .LVU33
 131 0070 DFF8C0A0 		ldr	r10, .L3+8
 132 0074 2246     		mov	r2, r4
 133 0076 4FF44041 		mov	r1, #49152
 134 007a 5046     		mov	r0, r10
 135 007c FFF7FEFF 		bl	HAL_GPIO_WritePin
 136              	.LVL0:
  56:Core/Src/gpio.c **** 
  57:Core/Src/gpio.c ****   /*Configure GPIO pin Output Level */
  58:Core/Src/gpio.c ****   HAL_GPIO_WritePin(ENC1_CAL_GPIO_Port, ENC1_CAL_Pin, GPIO_PIN_RESET);
 137              		.loc 1 58 3 view .LVU34
 138 0080 2B4F     		ldr	r7, .L3+4
 139 0082 2246     		mov	r2, r4
 140 0084 4FF40041 		mov	r1, #32768
 141 0088 3846     		mov	r0, r7
 142 008a FFF7FEFF 		bl	HAL_GPIO_WritePin
 143              	.LVL1:
  59:Core/Src/gpio.c **** 
  60:Core/Src/gpio.c ****   /*Configure GPIO pin Output Level */
  61:Core/Src/gpio.c ****   HAL_GPIO_WritePin(ENC2_CAL_GPIO_Port, ENC2_CAL_Pin, GPIO_PIN_RESET);
 144              		.loc 1 61 3 view .LVU35
 145 008e 2246     		mov	r2, r4
 146 0090 4FF48071 		mov	r1, #256
 147 0094 4FF09040 		mov	r0, #1207959552
 148 0098 FFF7FEFF 		bl	HAL_GPIO_WritePin
 149              	.LVL2:
  62:Core/Src/gpio.c **** 
  63:Core/Src/gpio.c ****   /*Configure GPIO pin Output Level */
  64:Core/Src/gpio.c ****   HAL_GPIO_WritePin(ENC1_CS_GPIO_Port, ENC1_CS_Pin, GPIO_PIN_SET);
 150              		.loc 1 64 3 view .LVU36
 151 009c DFF89890 		ldr	r9, .L3+12
 152 00a0 0122     		movs	r2, #1
 153 00a2 0421     		movs	r1, #4
 154 00a4 4846     		mov	r0, r9
 155 00a6 FFF7FEFF 		bl	HAL_GPIO_WritePin
 156              	.LVL3:
  65:Core/Src/gpio.c **** 
  66:Core/Src/gpio.c ****   /*Configure GPIO pin Output Level */
  67:Core/Src/gpio.c ****   HAL_GPIO_WritePin(GPIOB, ENC2_CS_Pin|ENC3_CS_Pin|ENC4_CS_Pin, GPIO_PIN_SET);
 157              		.loc 1 67 3 view .LVU37
 158 00aa 0122     		movs	r2, #1
 159 00ac 4FF41471 		mov	r1, #592
 160 00b0 3846     		mov	r0, r7
 161 00b2 FFF7FEFF 		bl	HAL_GPIO_WritePin
 162              	.LVL4:
ARM GAS  /tmp/cc0IlKDT.s 			page 5


  68:Core/Src/gpio.c **** 
  69:Core/Src/gpio.c ****   /*Configure GPIO pins : ENC4_CAL_Pin ENC3_CAL_Pin */
  70:Core/Src/gpio.c ****   GPIO_InitStruct.Pin = ENC4_CAL_Pin|ENC3_CAL_Pin;
 163              		.loc 1 70 3 view .LVU38
 164              		.loc 1 70 23 is_stmt 0 view .LVU39
 165 00b6 4FF44043 		mov	r3, #49152
 166 00ba 0593     		str	r3, [sp, #20]
  71:Core/Src/gpio.c ****   GPIO_InitStruct.Mode = GPIO_MODE_OUTPUT_PP;
 167              		.loc 1 71 3 is_stmt 1 view .LVU40
 168              		.loc 1 71 24 is_stmt 0 view .LVU41
 169 00bc 0126     		movs	r6, #1
 170 00be 0696     		str	r6, [sp, #24]
  72:Core/Src/gpio.c ****   GPIO_InitStruct.Pull = GPIO_PULLDOWN;
 171              		.loc 1 72 3 is_stmt 1 view .LVU42
 172              		.loc 1 72 24 is_stmt 0 view .LVU43
 173 00c0 4FF00208 		mov	r8, #2
 174 00c4 CDF81C80 		str	r8, [sp, #28]
  73:Core/Src/gpio.c ****   GPIO_InitStruct.Speed = GPIO_SPEED_FREQ_LOW;
 175              		.loc 1 73 3 is_stmt 1 view .LVU44
 176              		.loc 1 73 25 is_stmt 0 view .LVU45
 177 00c8 0894     		str	r4, [sp, #32]
  74:Core/Src/gpio.c ****   HAL_GPIO_Init(GPIOC, &GPIO_InitStruct);
 178              		.loc 1 74 3 is_stmt 1 view .LVU46
 179 00ca 2946     		mov	r1, r5
 180 00cc 5046     		mov	r0, r10
 181 00ce FFF7FEFF 		bl	HAL_GPIO_Init
 182              	.LVL5:
  75:Core/Src/gpio.c **** 
  76:Core/Src/gpio.c ****   /*Configure GPIO pin : ENC1_CAL_Pin */
  77:Core/Src/gpio.c ****   GPIO_InitStruct.Pin = ENC1_CAL_Pin;
 183              		.loc 1 77 3 view .LVU47
 184              		.loc 1 77 23 is_stmt 0 view .LVU48
 185 00d2 4FF40043 		mov	r3, #32768
 186 00d6 0593     		str	r3, [sp, #20]
  78:Core/Src/gpio.c ****   GPIO_InitStruct.Mode = GPIO_MODE_OUTPUT_PP;
 187              		.loc 1 78 3 is_stmt 1 view .LVU49
 188              		.loc 1 78 24 is_stmt 0 view .LVU50
 189 00d8 0696     		str	r6, [sp, #24]
  79:Core/Src/gpio.c ****   GPIO_InitStruct.Pull = GPIO_PULLDOWN;
 190              		.loc 1 79 3 is_stmt 1 view .LVU51
 191              		.loc 1 79 24 is_stmt 0 view .LVU52
 192 00da CDF81C80 		str	r8, [sp, #28]
  80:Core/Src/gpio.c ****   GPIO_InitStruct.Speed = GPIO_SPEED_FREQ_LOW;
 193              		.loc 1 80 3 is_stmt 1 view .LVU53
 194              		.loc 1 80 25 is_stmt 0 view .LVU54
 195 00de 0894     		str	r4, [sp, #32]
  81:Core/Src/gpio.c ****   HAL_GPIO_Init(ENC1_CAL_GPIO_Port, &GPIO_InitStruct);
 196              		.loc 1 81 3 is_stmt 1 view .LVU55
 197 00e0 2946     		mov	r1, r5
 198 00e2 3846     		mov	r0, r7
 199 00e4 FFF7FEFF 		bl	HAL_GPIO_Init
 200              	.LVL6:
  82:Core/Src/gpio.c **** 
  83:Core/Src/gpio.c ****   /*Configure GPIO pin : ENC2_CAL_Pin */
  84:Core/Src/gpio.c ****   GPIO_InitStruct.Pin = ENC2_CAL_Pin;
 201              		.loc 1 84 3 view .LVU56
 202              		.loc 1 84 23 is_stmt 0 view .LVU57
ARM GAS  /tmp/cc0IlKDT.s 			page 6


 203 00e8 4FF48073 		mov	r3, #256
 204 00ec 0593     		str	r3, [sp, #20]
  85:Core/Src/gpio.c ****   GPIO_InitStruct.Mode = GPIO_MODE_OUTPUT_PP;
 205              		.loc 1 85 3 is_stmt 1 view .LVU58
 206              		.loc 1 85 24 is_stmt 0 view .LVU59
 207 00ee 0696     		str	r6, [sp, #24]
  86:Core/Src/gpio.c ****   GPIO_InitStruct.Pull = GPIO_PULLDOWN;
 208              		.loc 1 86 3 is_stmt 1 view .LVU60
 209              		.loc 1 86 24 is_stmt 0 view .LVU61
 210 00f0 CDF81C80 		str	r8, [sp, #28]
  87:Core/Src/gpio.c ****   GPIO_InitStruct.Speed = GPIO_SPEED_FREQ_LOW;
 211              		.loc 1 87 3 is_stmt 1 view .LVU62
 212              		.loc 1 87 25 is_stmt 0 view .LVU63
 213 00f4 0894     		str	r4, [sp, #32]
  88:Core/Src/gpio.c ****   HAL_GPIO_Init(ENC2_CAL_GPIO_Port, &GPIO_InitStruct);
 214              		.loc 1 88 3 is_stmt 1 view .LVU64
 215 00f6 2946     		mov	r1, r5
 216 00f8 4FF09040 		mov	r0, #1207959552
 217 00fc FFF7FEFF 		bl	HAL_GPIO_Init
 218              	.LVL7:
  89:Core/Src/gpio.c **** 
  90:Core/Src/gpio.c ****   /*Configure GPIO pin : ENC1_CS_Pin */
  91:Core/Src/gpio.c ****   GPIO_InitStruct.Pin = ENC1_CS_Pin;
 219              		.loc 1 91 3 view .LVU65
 220              		.loc 1 91 23 is_stmt 0 view .LVU66
 221 0100 0423     		movs	r3, #4
 222 0102 0593     		str	r3, [sp, #20]
  92:Core/Src/gpio.c ****   GPIO_InitStruct.Mode = GPIO_MODE_OUTPUT_PP;
 223              		.loc 1 92 3 is_stmt 1 view .LVU67
 224              		.loc 1 92 24 is_stmt 0 view .LVU68
 225 0104 0696     		str	r6, [sp, #24]
  93:Core/Src/gpio.c ****   GPIO_InitStruct.Pull = GPIO_PULLUP;
 226              		.loc 1 93 3 is_stmt 1 view .LVU69
 227              		.loc 1 93 24 is_stmt 0 view .LVU70
 228 0106 0796     		str	r6, [sp, #28]
  94:Core/Src/gpio.c ****   GPIO_InitStruct.Speed = GPIO_SPEED_FREQ_LOW;
 229              		.loc 1 94 3 is_stmt 1 view .LVU71
 230              		.loc 1 94 25 is_stmt 0 view .LVU72
 231 0108 0894     		str	r4, [sp, #32]
  95:Core/Src/gpio.c ****   HAL_GPIO_Init(ENC1_CS_GPIO_Port, &GPIO_InitStruct);
 232              		.loc 1 95 3 is_stmt 1 view .LVU73
 233 010a 2946     		mov	r1, r5
 234 010c 4846     		mov	r0, r9
 235 010e FFF7FEFF 		bl	HAL_GPIO_Init
 236              	.LVL8:
  96:Core/Src/gpio.c **** 
  97:Core/Src/gpio.c ****   /*Configure GPIO pins : ENC2_CS_Pin ENC3_CS_Pin ENC4_CS_Pin */
  98:Core/Src/gpio.c ****   GPIO_InitStruct.Pin = ENC2_CS_Pin|ENC3_CS_Pin|ENC4_CS_Pin;
 237              		.loc 1 98 3 view .LVU74
 238              		.loc 1 98 23 is_stmt 0 view .LVU75
 239 0112 4FF41473 		mov	r3, #592
 240 0116 0593     		str	r3, [sp, #20]
  99:Core/Src/gpio.c ****   GPIO_InitStruct.Mode = GPIO_MODE_OUTPUT_PP;
 241              		.loc 1 99 3 is_stmt 1 view .LVU76
 242              		.loc 1 99 24 is_stmt 0 view .LVU77
 243 0118 0696     		str	r6, [sp, #24]
 100:Core/Src/gpio.c ****   GPIO_InitStruct.Pull = GPIO_PULLUP;
ARM GAS  /tmp/cc0IlKDT.s 			page 7


 244              		.loc 1 100 3 is_stmt 1 view .LVU78
 245              		.loc 1 100 24 is_stmt 0 view .LVU79
 246 011a 0796     		str	r6, [sp, #28]
 101:Core/Src/gpio.c ****   GPIO_InitStruct.Speed = GPIO_SPEED_FREQ_LOW;
 247              		.loc 1 101 3 is_stmt 1 view .LVU80
 248              		.loc 1 101 25 is_stmt 0 view .LVU81
 249 011c 0894     		str	r4, [sp, #32]
 102:Core/Src/gpio.c ****   HAL_GPIO_Init(GPIOB, &GPIO_InitStruct);
 250              		.loc 1 102 3 is_stmt 1 view .LVU82
 251 011e 2946     		mov	r1, r5
 252 0120 3846     		mov	r0, r7
 253 0122 FFF7FEFF 		bl	HAL_GPIO_Init
 254              	.LVL9:
 103:Core/Src/gpio.c **** 
 104:Core/Src/gpio.c **** }
 255              		.loc 1 104 1 is_stmt 0 view .LVU83
 256 0126 0AB0     		add	sp, sp, #40
 257              		.cfi_def_cfa_offset 32
 258              		@ sp needed
 259 0128 BDE8F087 		pop	{r4, r5, r6, r7, r8, r9, r10, pc}
 260              	.L4:
 261              		.align	2
 262              	.L3:
 263 012c 00100240 		.word	1073876992
 264 0130 00040048 		.word	1207960576
 265 0134 00080048 		.word	1207961600
 266 0138 000C0048 		.word	1207962624
 267              		.cfi_endproc
 268              	.LFE329:
 270              		.text
 271              	.Letext0:
 272              		.file 2 "/opt/arm-gnu-toolchain-14.2/arm-none-eabi/include/machine/_default_types.h"
 273              		.file 3 "/opt/arm-gnu-toolchain-14.2/arm-none-eabi/include/sys/_stdint.h"
 274              		.file 4 "Drivers/CMSIS/Device/ST/STM32G4xx/Include/stm32g474xx.h"
 275              		.file 5 "Drivers/STM32G4xx_HAL_Driver/Inc/stm32g4xx_hal_gpio.h"
ARM GAS  /tmp/cc0IlKDT.s 			page 8


DEFINED SYMBOLS
                            *ABS*:00000000 gpio.c
     /tmp/cc0IlKDT.s:21     .text.MX_GPIO_Init:00000000 $t
     /tmp/cc0IlKDT.s:27     .text.MX_GPIO_Init:00000000 MX_GPIO_Init
     /tmp/cc0IlKDT.s:263    .text.MX_GPIO_Init:0000012c $d

UNDEFINED SYMBOLS
HAL_GPIO_WritePin
HAL_GPIO_Init
