ARM GAS  /tmp/ccxsDh52.s 			page 1


   1              		.cpu cortex-m4
   2              		.arch armv7e-m
   3              		.fpu fpv4-sp-d16
   4              		.eabi_attribute 27, 1
   5              		.eabi_attribute 28, 1
   6              		.eabi_attribute 20, 1
   7              		.eabi_attribute 21, 1
   8              		.eabi_attribute 23, 3
   9              		.eabi_attribute 24, 1
  10              		.eabi_attribute 25, 1
  11              		.eabi_attribute 26, 1
  12              		.eabi_attribute 30, 1
  13              		.eabi_attribute 34, 1
  14              		.eabi_attribute 18, 4
  15              		.file	"LQR.cpp"
  16              		.text
  17              	.Ltext0:
  18              		.cfi_sections	.debug_frame
  19              		.file 1 "Lib/compute/pid/LQR.cpp"
  20              	.Letext0:
  21              		.file 2 "/opt/arm-gnu-toolchain-14.2/arm-none-eabi/include/c++/14.2.1/cmath"
  22              		.file 3 "/opt/arm-gnu-toolchain-14.2/arm-none-eabi/include/c++/14.2.1/type_traits"
  23              		.file 4 "/opt/arm-gnu-toolchain-14.2/arm-none-eabi/include/c++/14.2.1/debug/debug.h"
  24              		.file 5 "/opt/arm-gnu-toolchain-14.2/arm-none-eabi/include/c++/14.2.1/bits/std_abs.h"
  25              		.file 6 "/opt/arm-gnu-toolchain-14.2/arm-none-eabi/include/c++/14.2.1/bits/predefined_ops.h"
  26              		.file 7 "/opt/arm-gnu-toolchain-14.2/arm-none-eabi/include/math.h"
  27              		.file 8 "/opt/arm-gnu-toolchain-14.2/arm-none-eabi/include/c++/14.2.1/arm-none-eabi/thumb/v7e-m+fp
  28              		.file 9 "/opt/arm-gnu-toolchain-14.2/arm-none-eabi/include/c++/14.2.1/math.h"
ARM GAS  /tmp/ccxsDh52.s 			page 2


DEFINED SYMBOLS
                            *ABS*:00000000 LQR.cpp

NO UNDEFINED SYMBOLS
