ARM GAS  /tmp/ccR8yt72.s 			page 1


   1              		.cpu cortex-m4
   2              		.arch armv7e-m
   3              		.fpu fpv4-sp-d16
   4              		.eabi_attribute 27, 1
   5              		.eabi_attribute 28, 1
   6              		.eabi_attribute 20, 1
   7              		.eabi_attribute 21, 1
   8              		.eabi_attribute 23, 3
   9              		.eabi_attribute 24, 1
  10              		.eabi_attribute 25, 1
  11              		.eabi_attribute 26, 1
  12              		.eabi_attribute 30, 1
  13              		.eabi_attribute 34, 1
  14              		.eabi_attribute 18, 4
  15              		.file	"my_uav_can.cpp"
  16              		.text
  17              	.Ltext0:
  18              		.cfi_sections	.debug_frame
  19              		.file 1 "My_Top/Drone_CAN/my_uav_can.cpp"
  20              		.align	1
  21              		.syntax unified
  22              		.thumb
  23              		.thumb_func
  25              	_ZL13should_acceptPK14CanardInstancePyt18CanardTransferTypeh:
  26              	.LVL0:
  27              	.LFB359:
   1:My_Top/Drone_CAN/my_uav_can.cpp **** #include "my_uav_can.hpp"
   2:My_Top/Drone_CAN/my_uav_can.cpp **** 
   3:My_Top/Drone_CAN/my_uav_can.cpp **** 
   4:My_Top/Drone_CAN/my_uav_can.cpp **** 
   5:My_Top/Drone_CAN/my_uav_can.cpp **** // ===== Canard еҚҸи®®ж Ҳе®һдҫӢ =====
   6:My_Top/Drone_CAN/my_uav_can.cpp **** #define CANARD_MEM_POOL_SIZE 4096                                 // еҶ…еӯҳжұ еӨ§е°Ҹ
   7:My_Top/Drone_CAN/my_uav_can.cpp **** static uint8_t     canard_mem_pool[CANARD_MEM_POOL_SIZE];         // еҶ…еӯҳжұ 
   8:My_Top/Drone_CAN/my_uav_can.cpp **** CanardInstance canard;                                           // еҚҸи®®ж Ҳе®һдҫӢ
   9:My_Top/Drone_CAN/my_uav_can.cpp **** 
  10:My_Top/Drone_CAN/my_uav_can.cpp **** //  дёҖ. UAVCAN еҚҸи®®иЈёеё§еҸ‘йҖҒдёҺжҺҘж”¶зҡ„зЎ¬д»¶йҖӮй…ҚеұӮпјҲдҫӣ Canard еҚҸи®®ж Ҳи°ғз”Ёпјү
  11:My_Top/Drone_CAN/my_uav_can.cpp **** // ============================================================
  12:My_Top/Drone_CAN/my_uav_can.cpp **** // DroneCAN зЎ¬д»¶йҖӮй…ҚеұӮпјҡеҸ‘йҖҒпјҲCanard еҚҸи®®ж ҲйҖҡиҝҮ Process_Tx й—ҙ
  13:My_Top/Drone_CAN/my_uav_can.cpp **** // жҺҘи°ғз”ЁпјҢд№ҹдјҡиў« Process_Tx и°ғз”Ёпјү
  14:My_Top/Drone_CAN/my_uav_can.cpp **** // иҝ”еӣһ: 1=жҲҗеҠҹ, 0=еӨұиҙҘ
  15:My_Top/Drone_CAN/my_uav_can.cpp **** // ============================================================
  16:My_Top/Drone_CAN/my_uav_can.cpp **** int16_t dronecan_if_transmit(const CanardCANFrame* frame)
  17:My_Top/Drone_CAN/my_uav_can.cpp **** {
  18:My_Top/Drone_CAN/my_uav_can.cpp ****     // Classic CAN жңҖеӨҡ 8 еӯ—иҠӮ
  19:My_Top/Drone_CAN/my_uav_can.cpp ****     if (frame->data_len > 8) return 0;
  20:My_Top/Drone_CAN/my_uav_can.cpp **** 
  21:My_Top/Drone_CAN/my_uav_can.cpp ****     // === жһ„е»ә FDCAN еҸ‘йҖҒеӨҙ ===
  22:My_Top/Drone_CAN/my_uav_can.cpp ****     FDCAN_TxHeaderTypeDef tx = {0};
  23:My_Top/Drone_CAN/my_uav_can.cpp **** 
  24:My_Top/Drone_CAN/my_uav_can.cpp ****     // еҲӨж–ӯ жңҖй«ҳдҪҚ bit31жҳҜеҗҰдёә1 иЎЁзӨәжү©еұ•её§
  25:My_Top/Drone_CAN/my_uav_can.cpp ****     if (frame->id & CANARD_CAN_FRAME_EFF) 
  26:My_Top/Drone_CAN/my_uav_can.cpp ****     {
  27:My_Top/Drone_CAN/my_uav_can.cpp ****         // Identifier жҳҜжҢҮе®ҡиҰҒеҸ‘йҖҒзҡ„ж¶ҲжҒҜ ID
  28:My_Top/Drone_CAN/my_uav_can.cpp ****         tx.Identifier = frame->id & CANARD_CAN_EXT_ID_MASK;  // еҸӘдҝқз•ҷдҪҺ29дҪҚе…¶дҪҷзҪ®0
  29:My_Top/Drone_CAN/my_uav_can.cpp ****         tx.IdType     = FDCAN_EXTENDED_ID; // йҖҡиҝҮжү©еұ•её§еҺ»еҸ‘
  30:My_Top/Drone_CAN/my_uav_can.cpp ****     }
  31:My_Top/Drone_CAN/my_uav_can.cpp ****     else
ARM GAS  /tmp/ccR8yt72.s 			page 2


  32:My_Top/Drone_CAN/my_uav_can.cpp ****     {
  33:My_Top/Drone_CAN/my_uav_can.cpp ****         tx.Identifier = frame->id & CANARD_CAN_STD_ID_MASK;  // еҸӘдҝқз•ҷдҪҺ11дҪҚе…¶дҪҷзҪ®0
  34:My_Top/Drone_CAN/my_uav_can.cpp ****         tx.IdType     = FDCAN_STANDARD_ID; // йҖҡиҝҮж ҮеҮҶеё§еҺ»еҸ‘
  35:My_Top/Drone_CAN/my_uav_can.cpp ****     }
  36:My_Top/Drone_CAN/my_uav_can.cpp **** 
  37:My_Top/Drone_CAN/my_uav_can.cpp ****     tx.TxFrameType          = FDCAN_DATA_FRAME; // ж•°жҚ®её§/иҝңзЁӢеё§
  38:My_Top/Drone_CAN/my_uav_can.cpp ****     tx.DataLength           = frame->data_len;       // Classic: 0~8 еӯ—иҠӮ
  39:My_Top/Drone_CAN/my_uav_can.cpp ****     tx.ErrorStateIndicator  = FDCAN_ESI_ACTIVE; // й”ҷиҜҜзҠ¶жҖҒжҢҮзӨә
  40:My_Top/Drone_CAN/my_uav_can.cpp ****     tx.BitRateSwitch        = FDCAN_BRS_OFF; // е…ій—ӯдҪҚйҖҹзҺҮеҲҮжҚўпјҲClassic CANпјү
  41:My_Top/Drone_CAN/my_uav_can.cpp ****     tx.FDFormat             = FDCAN_CLASSIC_CAN; // йҖҡиҝҮ Classic CAN еҸ‘йҖҒ
  42:My_Top/Drone_CAN/my_uav_can.cpp ****     tx.TxEventFifoControl   = FDCAN_NO_TX_EVENTS; // // еҸ‘е®ҢиҰҒдёҚиҰҒи®°еҪ•
  43:My_Top/Drone_CAN/my_uav_can.cpp ****     tx.MessageMarker        = 0; // ж¶ҲжҒҜж Үи®°
  44:My_Top/Drone_CAN/my_uav_can.cpp **** 
  45:My_Top/Drone_CAN/my_uav_can.cpp ****     // TX FIFO ж»Ўж—¶йҮҚиҜ•пјҲжңҖеӨҡ 10 ж¬Ўпјү
  46:My_Top/Drone_CAN/my_uav_can.cpp ****     for (int i = 0; i < 10; i++)
  47:My_Top/Drone_CAN/my_uav_can.cpp ****     {
  48:My_Top/Drone_CAN/my_uav_can.cpp ****         if (HAL_FDCAN_AddMessageToTxFifoQ(&hfdcan2, &tx, frame->data) == HAL_OK)
  49:My_Top/Drone_CAN/my_uav_can.cpp ****             return 1;
  50:My_Top/Drone_CAN/my_uav_can.cpp ****         vTaskDelay(pdMS_TO_TICKS(1));
  51:My_Top/Drone_CAN/my_uav_can.cpp ****     }
  52:My_Top/Drone_CAN/my_uav_can.cpp ****     return 0;
  53:My_Top/Drone_CAN/my_uav_can.cpp **** }
  54:My_Top/Drone_CAN/my_uav_can.cpp **** 
  55:My_Top/Drone_CAN/my_uav_can.cpp **** 
  56:My_Top/Drone_CAN/my_uav_can.cpp **** // ============================================================
  57:My_Top/Drone_CAN/my_uav_can.cpp **** // DroneCAN зЎ¬д»¶йҖӮй…ҚеұӮпјҡжҺҘж”¶пјҲд»Һ FDCAN зЎ¬д»¶ж”¶дёҖеё§пјү
  58:My_Top/Drone_CAN/my_uav_can.cpp **** // иҝ”еӣһ: 1=ж”¶еҲ°ж–°её§, 0=жІЎж•°жҚ®
  59:My_Top/Drone_CAN/my_uav_can.cpp **** // ============================================================
  60:My_Top/Drone_CAN/my_uav_can.cpp **** int16_t dronecan_if_receive(CanardCANFrame* out_frame)
  61:My_Top/Drone_CAN/my_uav_can.cpp **** {
  62:My_Top/Drone_CAN/my_uav_can.cpp ****     uint32_t fifo;
  63:My_Top/Drone_CAN/my_uav_can.cpp **** 
  64:My_Top/Drone_CAN/my_uav_can.cpp ****     // DroneCAN жүҖжңүеё§йғҪжҳҜжү©еұ•её§ вҶ’ дјҳе…ҲжҹҘ FIFO1пјҲиҝҮж»ӨеҷЁй…ҚзҪ®пјҡжү©еұ•её§вҶ’FIFO1п
  65:My_Top/Drone_CAN/my_uav_can.cpp ****     if (HAL_FDCAN_GetRxFifoFillLevel(&hfdcan2, FDCAN_RX_FIFO1) > 0) //еҰӮжһң FIFO1 жңүж•°жҚ®д№ҹе°ұж
  66:My_Top/Drone_CAN/my_uav_can.cpp ****     {
  67:My_Top/Drone_CAN/my_uav_can.cpp ****         fifo = FDCAN_RX_FIFO1; //ж Үи®°жҢҮе®ҡFIFO1йҮҢйқўеҺ»еҸ–ж•°жҚ®
  68:My_Top/Drone_CAN/my_uav_can.cpp ****     }else if (HAL_FDCAN_GetRxFifoFillLevel(&hfdcan2, FDCAN_RX_FIFO0) > 0)
  69:My_Top/Drone_CAN/my_uav_can.cpp ****     {
  70:My_Top/Drone_CAN/my_uav_can.cpp ****         fifo = FDCAN_RX_FIFO0; //ж Үи®°жҢҮе®ҡFIFO0йҮҢйқўеҺ»еҸ–ж•°жҚ®
  71:My_Top/Drone_CAN/my_uav_can.cpp ****     }
  72:My_Top/Drone_CAN/my_uav_can.cpp ****     else
  73:My_Top/Drone_CAN/my_uav_can.cpp ****     {
  74:My_Top/Drone_CAN/my_uav_can.cpp ****         return 0;  // дёӨдёӘ FIFO йғҪжІЎжңүж•°жҚ® ејәеҲ¶йҖҖеҮә
  75:My_Top/Drone_CAN/my_uav_can.cpp ****     }
  76:My_Top/Drone_CAN/my_uav_can.cpp **** 
  77:My_Top/Drone_CAN/my_uav_can.cpp ****     FDCAN_RxHeaderTypeDef rx;
  78:My_Top/Drone_CAN/my_uav_can.cpp ****     uint8_t data[8];
  79:My_Top/Drone_CAN/my_uav_can.cpp **** 
  80:My_Top/Drone_CAN/my_uav_can.cpp ****     // д»ҺеҜ№еә” FIFO еҸ–еҮәж¶ҲжҒҜ
  81:My_Top/Drone_CAN/my_uav_can.cpp ****     if (HAL_FDCAN_GetRxMessage(&hfdcan2, fifo, &rx, data) != HAL_OK)
  82:My_Top/Drone_CAN/my_uav_can.cpp ****         return 0;
  83:My_Top/Drone_CAN/my_uav_can.cpp **** 
  84:My_Top/Drone_CAN/my_uav_can.cpp ****     // === иҪ¬жҚўдёә Canard её§ж јејҸ ===
  85:My_Top/Drone_CAN/my_uav_can.cpp ****     if (rx.IdType == FDCAN_EXTENDED_ID) //иҜ»ж•°жҚ®зұ»еһӢжҳҜжү©еұ•её§иҝҳжҳҜж ҮеҮҶеё§
  86:My_Top/Drone_CAN/my_uav_can.cpp ****     {
  87:My_Top/Drone_CAN/my_uav_can.cpp ****         // жү©еұ•её§: еҸ–еҮәжқҘзҡ„IDдҝқз•ҷдҪҺ29дҪҚеҗҺжүӢеҠЁе°Ҷbit31зҪ®1
  88:My_Top/Drone_CAN/my_uav_can.cpp ****         out_frame->id = (rx.Identifier & CANARD_CAN_EXT_ID_MASK) | CANARD_CAN_FRAME_EFF;
ARM GAS  /tmp/ccR8yt72.s 			page 3


  89:My_Top/Drone_CAN/my_uav_can.cpp ****     }else
  90:My_Top/Drone_CAN/my_uav_can.cpp ****     {
  91:My_Top/Drone_CAN/my_uav_can.cpp ****         // ж ҮеҮҶеё§: еҸ–еҮәжқҘзҡ„IDдҝқз•ҷдҪҺ11дҪҚ
  92:My_Top/Drone_CAN/my_uav_can.cpp ****         out_frame->id = rx.Identifier & CANARD_CAN_STD_ID_MASK;
  93:My_Top/Drone_CAN/my_uav_can.cpp ****     }
  94:My_Top/Drone_CAN/my_uav_can.cpp **** 
  95:My_Top/Drone_CAN/my_uav_can.cpp ****     out_frame->data_len = rx.DataLength;   // Classic CAN: DLC(0~8) зӣҙжҺҘзӯүдәҺеӯ—иҠӮж•°
  96:My_Top/Drone_CAN/my_uav_can.cpp ****     memcpy(out_frame->data, data, out_frame->data_len);//data дёҚеңЁFDCAN_RxHeaderTypeDefйҮҢйқў йңҖ
  97:My_Top/Drone_CAN/my_uav_can.cpp ****     return 1;   // жҲҗеҠҹж”¶еҲ°дёҖеё§
  98:My_Top/Drone_CAN/my_uav_can.cpp **** }
  99:My_Top/Drone_CAN/my_uav_can.cpp **** 
 100:My_Top/Drone_CAN/my_uav_can.cpp **** void test_uavcan() //жөӢиҜ•uavcanзҡ„еҸ‘йҖҒе’ҢжҺҘж”¶ иЈёеё§жөӢиҜ•
 101:My_Top/Drone_CAN/my_uav_can.cpp **** {
 102:My_Top/Drone_CAN/my_uav_can.cpp ****     // ===== в‘  жһ„йҖ е№¶еҸ‘йҖҒжөӢиҜ•её§ =====
 103:My_Top/Drone_CAN/my_uav_can.cpp ****     CanardCANFrame tx = {0};
 104:My_Top/Drone_CAN/my_uav_can.cpp ****     tx.id       = 0x321 | CANARD_CAN_FRAME_EFF;  // жү©еұ•её§пјҢID=0x321
 105:My_Top/Drone_CAN/my_uav_can.cpp ****     tx.data_len = 6;
 106:My_Top/Drone_CAN/my_uav_can.cpp ****     tx.data[0]  = 0x11;
 107:My_Top/Drone_CAN/my_uav_can.cpp ****     tx.data[1]  = 0x22;
 108:My_Top/Drone_CAN/my_uav_can.cpp ****     tx.data[2]  = 0x33;
 109:My_Top/Drone_CAN/my_uav_can.cpp ****     tx.data[3]  = 0x44;
 110:My_Top/Drone_CAN/my_uav_can.cpp ****     tx.data[4]  = 0x55;
 111:My_Top/Drone_CAN/my_uav_can.cpp ****     tx.data[5]  = 0x66;
 112:My_Top/Drone_CAN/my_uav_can.cpp ****     dronecan_if_transmit(&tx);// еҸ‘йҖҒжөӢиҜ•её§
 113:My_Top/Drone_CAN/my_uav_can.cpp ****     vTaskDelay(pdMS_TO_TICKS(5));
 114:My_Top/Drone_CAN/my_uav_can.cpp **** 
 115:My_Top/Drone_CAN/my_uav_can.cpp ****     // ===== в‘Ў жҺҘж”¶ =====
 116:My_Top/Drone_CAN/my_uav_can.cpp ****     CanardCANFrame rx = {0};
 117:My_Top/Drone_CAN/my_uav_can.cpp ****     if (dronecan_if_receive(&rx) == 0)
 118:My_Top/Drone_CAN/my_uav_can.cpp ****     {
 119:My_Top/Drone_CAN/my_uav_can.cpp ****         // жІЎжңүж”¶еҲ°ж•°жҚ®
 120:My_Top/Drone_CAN/my_uav_can.cpp ****         return;
 121:My_Top/Drone_CAN/my_uav_can.cpp ****     }
 122:My_Top/Drone_CAN/my_uav_can.cpp **** }
 123:My_Top/Drone_CAN/my_uav_can.cpp **** 
 124:My_Top/Drone_CAN/my_uav_can.cpp **** //  дёҖ. UAVCAN еҚҸи®®иЈёеё§еҸ‘йҖҒдёҺжҺҘж”¶зҡ„зЎ¬д»¶йҖӮй…ҚеұӮпјҲдҫӣ Canard еҚҸи®®ж Ҳи°ғз”Ёпјү
 125:My_Top/Drone_CAN/my_uav_can.cpp **** 
 126:My_Top/Drone_CAN/my_uav_can.cpp **** 
 127:My_Top/Drone_CAN/my_uav_can.cpp **** 
 128:My_Top/Drone_CAN/my_uav_can.cpp **** 
 129:My_Top/Drone_CAN/my_uav_can.cpp **** 
 130:My_Top/Drone_CAN/my_uav_can.cpp **** 
 131:My_Top/Drone_CAN/my_uav_can.cpp **** 
 132:My_Top/Drone_CAN/my_uav_can.cpp **** 
 133:My_Top/Drone_CAN/my_uav_can.cpp **** 
 134:My_Top/Drone_CAN/my_uav_can.cpp **** 
 135:My_Top/Drone_CAN/my_uav_can.cpp **** 
 136:My_Top/Drone_CAN/my_uav_can.cpp **** 
 137:My_Top/Drone_CAN/my_uav_can.cpp **** //  дәҢ. Canard еҚҸи®®ж Ҳзҡ„еҲқе§ӢеҢ–дёҺеӨ„зҗҶ
 138:My_Top/Drone_CAN/my_uav_can.cpp **** static void on_transfer_received(CanardInstance* ins, CanardRxTransfer* transfer);
 139:My_Top/Drone_CAN/my_uav_can.cpp **** static bool should_accept(const CanardInstance* ins,
 140:My_Top/Drone_CAN/my_uav_can.cpp ****                           uint64_t* out_data_type_signature,
 141:My_Top/Drone_CAN/my_uav_can.cpp ****                           uint16_t data_type_id,
 142:My_Top/Drone_CAN/my_uav_can.cpp ****                           CanardTransferType transfer_type,
 143:My_Top/Drone_CAN/my_uav_can.cpp ****                           uint8_t source_node_id);
 144:My_Top/Drone_CAN/my_uav_can.cpp **** 
 145:My_Top/Drone_CAN/my_uav_can.cpp **** 
ARM GAS  /tmp/ccR8yt72.s 			page 4


 146:My_Top/Drone_CAN/my_uav_can.cpp **** void My_Canard_Init(void) //еҲқе§ӢеҢ–CanardеҚҸи®®ж Ҳ
 147:My_Top/Drone_CAN/my_uav_can.cpp **** {
 148:My_Top/Drone_CAN/my_uav_can.cpp ****     My_Can_Init();   // еҲқе§ӢеҢ– FDCAN зЎ¬д»¶пјҲиҝҮж»ӨеҷЁ+еҗҜеҠЁпјү
 149:My_Top/Drone_CAN/my_uav_can.cpp **** 
 150:My_Top/Drone_CAN/my_uav_can.cpp ****     // еҲқе§ӢеҢ– Canard еҚҸи®®ж Ҳ
 151:My_Top/Drone_CAN/my_uav_can.cpp ****     canardInit(&canard,
 152:My_Top/Drone_CAN/my_uav_can.cpp ****                canard_mem_pool,           // еҶ…еӯҳжұ 
 153:My_Top/Drone_CAN/my_uav_can.cpp ****                CANARD_MEM_POOL_SIZE,      // еҶ…еӯҳжұ еӨ§е°Ҹ
 154:My_Top/Drone_CAN/my_uav_can.cpp ****                on_transfer_received,      // жҺҘж”¶е®ҢжҲҗеӣһи°ғ
 155:My_Top/Drone_CAN/my_uav_can.cpp ****                should_accept,             // ж¶ҲжҒҜиҝҮж»ӨеҷЁ
 156:My_Top/Drone_CAN/my_uav_can.cpp ****                NULL);                     // з”ЁжҲ·еј•з”ЁпјҢдёҚйңҖиҰҒ
 157:My_Top/Drone_CAN/my_uav_can.cpp **** 
 158:My_Top/Drone_CAN/my_uav_can.cpp ****     // и®ҫзҪ®жң¬иҠӮзӮ№ IDпјҲжҜҸдёӘ DroneCAN иҠӮзӮ№е”ҜдёҖпјҢиҢғеӣҙ 1~127пјү
 159:My_Top/Drone_CAN/my_uav_can.cpp ****     canardSetLocalNodeID(&canard, This_node_id);
 160:My_Top/Drone_CAN/my_uav_can.cpp **** }
 161:My_Top/Drone_CAN/my_uav_can.cpp **** 
 162:My_Top/Drone_CAN/my_uav_can.cpp **** 
 163:My_Top/Drone_CAN/my_uav_can.cpp **** // йҒҚеҺҶеҚҸи®®ж Ҳ TX йҳҹеҲ—пјҢйҖҗеё§йҖҡиҝҮ dronecan_if_transmit еҸ‘еҮәеҺ»
 164:My_Top/Drone_CAN/my_uav_can.cpp **** // ============================================================
 165:My_Top/Drone_CAN/my_uav_can.cpp **** void My_Canard_Process_Tx(void)
 166:My_Top/Drone_CAN/my_uav_can.cpp **** {
 167:My_Top/Drone_CAN/my_uav_can.cpp ****     const CanardCANFrame* tx_frame;
 168:My_Top/Drone_CAN/my_uav_can.cpp **** 
 169:My_Top/Drone_CAN/my_uav_can.cpp ****     // д»ҺйҳҹеҲ—дёӯеҸ–еҮәдёҖеё§пјҢеҸ‘еҮәеҺ»пјҢжҲҗеҠҹе°ұз§»еҮәйҳҹеҲ—пјҢеӨұиҙҘе°ұйҖҖеҮәзӯүеҫ…дёӢж¬ЎеҶ
 170:My_Top/Drone_CAN/my_uav_can.cpp ****     while ((tx_frame = canardPeekTxQueue(&canard)) != NULL)
 171:My_Top/Drone_CAN/my_uav_can.cpp ****     {
 172:My_Top/Drone_CAN/my_uav_can.cpp ****         if (dronecan_if_transmit(tx_frame) == 1)
 173:My_Top/Drone_CAN/my_uav_can.cpp ****             canardPopTxQueue(&canard);   // еҸ‘йҖҒжҲҗеҠҹпјҢз§»еҮәйҳҹеҲ—
 174:My_Top/Drone_CAN/my_uav_can.cpp ****         else
 175:My_Top/Drone_CAN/my_uav_can.cpp ****             break;                       // TX FIFO ж»ЎпјҢзӯүдёӢж¬ЎеҶҚеҸ‘
 176:My_Top/Drone_CAN/my_uav_can.cpp ****     }
 177:My_Top/Drone_CAN/my_uav_can.cpp **** }
 178:My_Top/Drone_CAN/my_uav_can.cpp **** 
 179:My_Top/Drone_CAN/my_uav_can.cpp **** 
 180:My_Top/Drone_CAN/my_uav_can.cpp **** // ============================================================
 181:My_Top/Drone_CAN/my_uav_can.cpp **** // еӨ„зҗҶжҺҘж”¶пјҲд»ҺзЎ¬д»¶ж”¶её§ вҶ’ е–Ӯз»ҷеҚҸи®®ж Ҳпјү
 182:My_Top/Drone_CAN/my_uav_can.cpp **** // ============================================================
 183:My_Top/Drone_CAN/my_uav_can.cpp **** void My_Canard_Process_Rx(void)
 184:My_Top/Drone_CAN/my_uav_can.cpp **** {
 185:My_Top/Drone_CAN/my_uav_can.cpp ****     CanardCANFrame rx_frame;
 186:My_Top/Drone_CAN/my_uav_can.cpp **** 
 187:My_Top/Drone_CAN/my_uav_can.cpp ****     // жңүж•°жҚ®е°ұж”¶пјҢзӣҙеҲ° FIFO з©ә
 188:My_Top/Drone_CAN/my_uav_can.cpp ****     while (dronecan_if_receive(&rx_frame) == 1)
 189:My_Top/Drone_CAN/my_uav_can.cpp ****     {
 190:My_Top/Drone_CAN/my_uav_can.cpp ****         // е–Ӯз»ҷеҚҸи®®ж ҲпјҢж”¶еҲ°е®Ңж•ҙдј иҫ“ж—¶иҮӘеҠЁи°ғ on_transfer_received
 191:My_Top/Drone_CAN/my_uav_can.cpp ****         canardHandleRxFrame(&canard, &rx_frame, HAL_System::get_tick_us());
 192:My_Top/Drone_CAN/my_uav_can.cpp ****     }
 193:My_Top/Drone_CAN/my_uav_can.cpp **** }
 194:My_Top/Drone_CAN/my_uav_can.cpp **** 
 195:My_Top/Drone_CAN/my_uav_can.cpp **** 
 196:My_Top/Drone_CAN/my_uav_can.cpp **** // ============================================================
 197:My_Top/Drone_CAN/my_uav_can.cpp **** // дё»еӨ„зҗҶеҮҪж•°пјҲFreeRTOS д»»еҠЎдёӯе®ҡжңҹи°ғз”Ёпјү
 198:My_Top/Drone_CAN/my_uav_can.cpp **** // ============================================================
 199:My_Top/Drone_CAN/my_uav_can.cpp **** 
 200:My_Top/Drone_CAN/my_uav_can.cpp **** 
 201:My_Top/Drone_CAN/my_uav_can.cpp **** void My_DroneCanard_Process(void) //еҶ…йғЁзҺҜеӣһжЁЎејҸеҸӘиғҪз”ЁиҝҷдёӘ
 202:My_Top/Drone_CAN/my_uav_can.cpp **** {
ARM GAS  /tmp/ccR8yt72.s 			page 5


 203:My_Top/Drone_CAN/my_uav_can.cpp ****     // еҸ‘дёҖеё§ вҶ’ з«ӢеҲ»ж”¶дёҖеё§пјҢйҳІжӯўеӨҡеё§дј иҫ“ж—¶ RX FIFOпјҲд»…3ж§ҪпјүжәўеҮәдёўеё§
 204:My_Top/Drone_CAN/my_uav_can.cpp ****     const CanardCANFrame* tx_frame;
 205:My_Top/Drone_CAN/my_uav_can.cpp ****     while ((tx_frame = canardPeekTxQueue(&canard)) != NULL)
 206:My_Top/Drone_CAN/my_uav_can.cpp ****     {
 207:My_Top/Drone_CAN/my_uav_can.cpp ****         if (dronecan_if_transmit(tx_frame) == 1)
 208:My_Top/Drone_CAN/my_uav_can.cpp ****         {
 209:My_Top/Drone_CAN/my_uav_can.cpp ****             canardPopTxQueue(&canard);          // еҸ‘йҖҒжҲҗеҠҹпјҢеҮәйҳҹ
 210:My_Top/Drone_CAN/my_uav_can.cpp ****             My_Canard_Process_Rx();             // з«ӢеҲ»ж”¶еӣһжқҘ
 211:My_Top/Drone_CAN/my_uav_can.cpp ****         }
 212:My_Top/Drone_CAN/my_uav_can.cpp ****         else
 213:My_Top/Drone_CAN/my_uav_can.cpp ****             break;                              // TX FIFO ж»ЎпјҢзӯүдёӢж¬Ў
 214:My_Top/Drone_CAN/my_uav_can.cpp ****     }
 215:My_Top/Drone_CAN/my_uav_can.cpp **** 
 216:My_Top/Drone_CAN/my_uav_can.cpp ****     My_Canard_Process_Rx();  // ж”¶еү©дҪҷеё§пјҲеҸҜиғҪжқҘиҮӘеӨ–йғЁиҠӮзӮ№пјү
 217:My_Top/Drone_CAN/my_uav_can.cpp **** 
 218:My_Top/Drone_CAN/my_uav_can.cpp ****     // жё…зҗҶи¶…ж—¶зҡ„дј иҫ“пјҲеҚҸи®®ж ҲиҰҒжұӮе®ҡжңҹи°ғз”ЁпјҢзәҰжҜҸз§’дёҖж¬Ўпјү
 219:My_Top/Drone_CAN/my_uav_can.cpp ****     static uint32_t last_cleanup = 0;
 220:My_Top/Drone_CAN/my_uav_can.cpp ****     uint32_t now = HAL_System::get_tick_ms();
 221:My_Top/Drone_CAN/my_uav_can.cpp ****     if (now - last_cleanup > 1000)
 222:My_Top/Drone_CAN/my_uav_can.cpp ****     {
 223:My_Top/Drone_CAN/my_uav_can.cpp ****         canardCleanupStaleTransfers(&canard, now * 1000); // жё…зҗҶи¶…ж—¶дј иҫ“
 224:My_Top/Drone_CAN/my_uav_can.cpp ****         last_cleanup = now;
 225:My_Top/Drone_CAN/my_uav_can.cpp ****     }
 226:My_Top/Drone_CAN/my_uav_can.cpp **** }
 227:My_Top/Drone_CAN/my_uav_can.cpp **** 
 228:My_Top/Drone_CAN/my_uav_can.cpp **** 
 229:My_Top/Drone_CAN/my_uav_can.cpp **** void My_Canard_Process(void) //е®һйҷ…з”ЁиҝҷдёӘ еҶ…йғЁзҺҜеӣһи°ғз”ЁиҝҷдёӘеӨҡеё§дјҡдёўеҢ…
 230:My_Top/Drone_CAN/my_uav_can.cpp **** {
 231:My_Top/Drone_CAN/my_uav_can.cpp ****     My_Canard_Process_Tx();  // д»ҺйҳҹеҲ—еҸ–её§ вҶ’ и°ғзЎ¬д»¶еҸ‘еҮәеҺ»
 232:My_Top/Drone_CAN/my_uav_can.cpp ****     My_Canard_Process_Rx();  // д»ҺзЎ¬д»¶ж”¶её§ вҶ’ е–ӮеҚҸи®®ж Ҳи§Јжһҗ вҶ’ еӣһи°ғ
 233:My_Top/Drone_CAN/my_uav_can.cpp **** 
 234:My_Top/Drone_CAN/my_uav_can.cpp ****     // жё…зҗҶи¶…ж—¶зҡ„дј иҫ“пјҲеҚҸи®®ж ҲиҰҒжұӮе®ҡжңҹи°ғз”ЁпјҢзәҰжҜҸз§’дёҖж¬Ўпјү
 235:My_Top/Drone_CAN/my_uav_can.cpp ****     static uint32_t last_cleanup = 0;
 236:My_Top/Drone_CAN/my_uav_can.cpp ****     uint32_t now = HAL_System::get_tick_ms();
 237:My_Top/Drone_CAN/my_uav_can.cpp ****     if (now - last_cleanup > 1000)
 238:My_Top/Drone_CAN/my_uav_can.cpp ****     {
 239:My_Top/Drone_CAN/my_uav_can.cpp ****         canardCleanupStaleTransfers(&canard, now * 1000); // жё…зҗҶи¶…ж—¶дј иҫ“
 240:My_Top/Drone_CAN/my_uav_can.cpp ****         last_cleanup = now;
 241:My_Top/Drone_CAN/my_uav_can.cpp ****     }
 242:My_Top/Drone_CAN/my_uav_can.cpp **** }
 243:My_Top/Drone_CAN/my_uav_can.cpp **** 
 244:My_Top/Drone_CAN/my_uav_can.cpp **** 
 245:My_Top/Drone_CAN/my_uav_can.cpp **** 
 246:My_Top/Drone_CAN/my_uav_can.cpp **** 
 247:My_Top/Drone_CAN/my_uav_can.cpp **** // ============================================================
 248:My_Top/Drone_CAN/my_uav_can.cpp **** // жҺҘж”¶е®ҢжҲҗеӣһи°ғпјҲCanard ж”¶еҲ°дёҖжқЎе®Ңж•ҙдј иҫ“ж—¶иҮӘеҠЁи°ғз”Ёпјү
 249:My_Top/Drone_CAN/my_uav_can.cpp **** // еңЁиҝҷйҮҢеӨ„зҗҶдёҡеҠЎйҖ»иҫ‘
 250:My_Top/Drone_CAN/my_uav_can.cpp **** // ============================================================
 251:My_Top/Drone_CAN/my_uav_can.cpp **** #include "MC_Serial.hpp"
 252:My_Top/Drone_CAN/my_uav_can.cpp **** static void on_transfer_received(CanardInstance* ins, CanardRxTransfer* transfer)
 253:My_Top/Drone_CAN/my_uav_can.cpp **** {
 254:My_Top/Drone_CAN/my_uav_can.cpp **** 
 255:My_Top/Drone_CAN/my_uav_can.cpp ****     float debug_buf[64] = {0};
 256:My_Top/Drone_CAN/my_uav_can.cpp ****     transfer->data_type_id;//ж¶ҲжҒҜID
 257:My_Top/Drone_CAN/my_uav_can.cpp ****     transfer->source_node_id;//иҠӮзӮ№ID и®ҫеӨҮзҡ„ID
 258:My_Top/Drone_CAN/my_uav_can.cpp ****     transfer->payload_len;//ж•°жҚ®й•ҝеәҰ
 259:My_Top/Drone_CAN/my_uav_can.cpp ****     transfer->payload_head;//ж•°жҚ®жҢҮй’Ҳ(void*зұ»еһӢ дёҚиғҪзӣҙжҺҘз”ЁйңҖиҰҒиҪ¬жҚўзұ»еһӢ)
ARM GAS  /tmp/ccR8yt72.s 			page 6


 260:My_Top/Drone_CAN/my_uav_can.cpp ****     memcpy(debug_buf, transfer->payload_head, transfer->payload_len);
 261:My_Top/Drone_CAN/my_uav_can.cpp ****     transfer->transfer_id;//дј иҫ“ID еҚҸи®®ж ҲиҮӘеҠЁйҖ’еўһ
 262:My_Top/Drone_CAN/my_uav_can.cpp ****     transfer->transfer_type;//2 е№ҝж’ӯж¶ҲжҒҜзұ»еһӢиҝҳжҳҜе…¶д»– 
 263:My_Top/Drone_CAN/my_uav_can.cpp ****     transfer->priority;//дј иҫ“дјҳе…Ҳзә§
 264:My_Top/Drone_CAN/my_uav_can.cpp **** 
 265:My_Top/Drone_CAN/my_uav_can.cpp ****     transfer->timestamp_usec;// ж”¶еҲ°иҝҷжқЎж¶ҲжҒҜзҡ„ж—¶й—ҙжҲіпјҲеҫ®з§’пјү
 266:My_Top/Drone_CAN/my_uav_can.cpp ****     transfer->payload_middle;//еӨҡеё§ж¶ҲжҒҜдёӯй—ҙеё§ и¶…иҝҮ8еӯ—иҠӮзҡ„ж•°жҚ®
 267:My_Top/Drone_CAN/my_uav_can.cpp ****     transfer->payload_tail;//еӨҡеё§ж¶ҲжҒҜжңҖеҗҺдёҖеё§ и¶…иҝҮ8еӯ—иҠӮзҡ„ж•°жҚ®
 268:My_Top/Drone_CAN/my_uav_can.cpp **** 
 269:My_Top/Drone_CAN/my_uav_can.cpp ****     DroneCan_Parse(transfer);//и§ЈжһҗDroneCANж¶ҲжҒҜ
 270:My_Top/Drone_CAN/my_uav_can.cpp **** 
 271:My_Top/Drone_CAN/my_uav_can.cpp ****     canardReleaseRxTransferPayload(ins, transfer); // йҮҠж”ҫеҚҸи®®ж ҲеҶ…еӯҳ йҳІжӯўеҶ…еӯҳжі„жјҸ
 272:My_Top/Drone_CAN/my_uav_can.cpp **** }
 273:My_Top/Drone_CAN/my_uav_can.cpp **** 
 274:My_Top/Drone_CAN/my_uav_can.cpp **** 
 275:My_Top/Drone_CAN/my_uav_can.cpp **** // ============================================================
 276:My_Top/Drone_CAN/my_uav_can.cpp **** // ж¶ҲжҒҜиҝҮж»Өеӣһи°ғпјҲеҶіе®ҡжҺҘж”¶е“Әдәӣж¶ҲжҒҜзұ»еһӢпјү
 277:My_Top/Drone_CAN/my_uav_can.cpp **** // иҝ”еӣһ true=жҺҘж”¶, false=дёўејғ
 278:My_Top/Drone_CAN/my_uav_can.cpp **** // ============================================================
 279:My_Top/Drone_CAN/my_uav_can.cpp **** static bool should_accept(const CanardInstance* ins,
 280:My_Top/Drone_CAN/my_uav_can.cpp ****                           uint64_t* out_data_type_signature,
 281:My_Top/Drone_CAN/my_uav_can.cpp ****                           uint16_t data_type_id,
 282:My_Top/Drone_CAN/my_uav_can.cpp ****                           CanardTransferType transfer_type,
 283:My_Top/Drone_CAN/my_uav_can.cpp ****                           uint8_t source_node_id)
 284:My_Top/Drone_CAN/my_uav_can.cpp **** {
  28              		.loc 1 284 1 view -0
  29              		.cfi_startproc
  30              		@ args = 4, pretend = 0, frame = 0
  31              		@ frame_needed = 0, uses_anonymous_args = 0
  32              		@ link register save eliminated.
 285:My_Top/Drone_CAN/my_uav_can.cpp ****     //еҸӘж”¶е№ҝж’ӯж¶ҲжҒҜ
 286:My_Top/Drone_CAN/my_uav_can.cpp ****     if (transfer_type != CanardTransferTypeBroadcast)
  33              		.loc 1 286 5 view .LVU1
  34 0000 022B     		cmp	r3, #2
  35 0002 26D1     		bne	.L6
 287:My_Top/Drone_CAN/my_uav_can.cpp ****         return false;
 288:My_Top/Drone_CAN/my_uav_can.cpp **** 
 289:My_Top/Drone_CAN/my_uav_can.cpp ****     // *out_data_type_signature = 0; //дёҚйӘҢиҜҒж јејҸпјҢе•ҘйғҪж”¶
 290:My_Top/Drone_CAN/my_uav_can.cpp ****     // return true;  // жҡӮж—¶е…ЁйғЁжҺҘж”¶
 291:My_Top/Drone_CAN/my_uav_can.cpp **** 
 292:My_Top/Drone_CAN/my_uav_can.cpp ****     if (source_node_id == This_node_id) // дёҚж”¶жң¬иҠӮзӮ№еҸ‘жқҘзҡ„ж¶ҲжҒҜ
  36              		.loc 1 292 5 view .LVU2
  37 0004 9DF80030 		ldrb	r3, [sp]	@ zero_extendqisi2
  38              	.LVL1:
  39              		.loc 1 292 5 is_stmt 0 view .LVU3
  40 0008 5B2B     		cmp	r3, #91
  41 000a 24D0     		beq	.L7
 293:My_Top/Drone_CAN/my_uav_can.cpp ****         return false; // дёҚж”¶жң¬иҠӮзӮ№еҸ‘жқҘзҡ„ж¶ҲжҒҜ
 294:My_Top/Drone_CAN/my_uav_can.cpp **** 
 295:My_Top/Drone_CAN/my_uav_can.cpp ****     switch (data_type_id)
  42              		.loc 1 295 5 is_stmt 1 view .LVU4
  43 000c 40F2F233 		movw	r3, #1010
  44 0010 9A42     		cmp	r2, r3
  45 0012 09D0     		beq	.L3
  46 0014 41F26F43 		movw	r3, #5231
  47 0018 9A42     		cmp	r2, r3
  48 001a 0CD0     		beq	.L4
ARM GAS  /tmp/ccR8yt72.s 			page 7


  49 001c 40F25513 		movw	r3, #341
  50 0020 9A42     		cmp	r2, r3
  51 0022 0FD0     		beq	.L5
  52 0024 0020     		movs	r0, #0
  53              	.LVL2:
  54              		.loc 1 295 5 is_stmt 0 view .LVU5
  55 0026 7047     		bx	lr
  56              	.LVL3:
  57              	.L3:
 296:My_Top/Drone_CAN/my_uav_can.cpp ****     {
 297:My_Top/Drone_CAN/my_uav_can.cpp ****     // иҲөжңәзӣ®ж ҮдҪҚзҪ® (1010)
 298:My_Top/Drone_CAN/my_uav_can.cpp ****     case UAVCAN_EQUIPMENT_ACTUATOR_ARRAYCOMMAND_ID:
  58              		.loc 1 298 5 is_stmt 1 view .LVU6
 299:My_Top/Drone_CAN/my_uav_can.cpp ****         *out_data_type_signature = UAVCAN_EQUIPMENT_ACTUATOR_ARRAYCOMMAND_SIGNATURE;
  59              		.loc 1 299 9 view .LVU7
  60              		.loc 1 299 34 is_stmt 0 view .LVU8
  61 0028 0DA3     		adr	r3, .L8
  62 002a D3E90023 		ldrd	r2, [r3]
  63              	.LVL4:
  64              		.loc 1 299 34 view .LVU9
  65 002e C1E90023 		strd	r2, [r1]
 300:My_Top/Drone_CAN/my_uav_can.cpp ****         return true;//trueиЎЁзӨәжҺҘж”¶иҝҷжқЎж¶ҲжҒҜ flaseиЎЁзӨәдёўејғиҝҷжқЎж¶ҲжҒҜ
  66              		.loc 1 300 9 is_stmt 1 view .LVU10
  67              		.loc 1 300 16 is_stmt 0 view .LVU11
  68 0032 0120     		movs	r0, #1
  69              	.LVL5:
  70              		.loc 1 300 16 view .LVU12
  71 0034 7047     		bx	lr
  72              	.LVL6:
  73              	.L4:
 301:My_Top/Drone_CAN/my_uav_can.cpp **** 
 302:My_Top/Drone_CAN/my_uav_can.cpp ****     // з”өи°ғзҠ¶жҖҒ (1034)
 303:My_Top/Drone_CAN/my_uav_can.cpp ****     case 5231:
  74              		.loc 1 303 5 is_stmt 1 view .LVU13
 304:My_Top/Drone_CAN/my_uav_can.cpp ****         *out_data_type_signature = 0x12358925; //жЁЎжӢҹзҡ„еҒҮзӯҫеҗҚ
  75              		.loc 1 304 9 view .LVU14
  76              		.loc 1 304 34 is_stmt 0 view .LVU15
  77 0036 0CA3     		adr	r3, .L8+8
  78 0038 D3E90023 		ldrd	r2, [r3]
  79              	.LVL7:
  80              		.loc 1 304 34 view .LVU16
  81 003c C1E90023 		strd	r2, [r1]
 305:My_Top/Drone_CAN/my_uav_can.cpp ****         return true;
  82              		.loc 1 305 9 is_stmt 1 view .LVU17
  83              		.loc 1 305 16 is_stmt 0 view .LVU18
  84 0040 0120     		movs	r0, #1
  85              	.LVL8:
  86              		.loc 1 305 16 view .LVU19
  87 0042 7047     		bx	lr
  88              	.LVL9:
  89              	.L5:
 306:My_Top/Drone_CAN/my_uav_can.cpp **** 
 307:My_Top/Drone_CAN/my_uav_can.cpp ****     // иҠӮзӮ№зҠ¶жҖҒ/еҝғи·і (341)
 308:My_Top/Drone_CAN/my_uav_can.cpp ****     case UAVCAN_PROTOCOL_NODESTATUS_ID:
  90              		.loc 1 308 5 is_stmt 1 view .LVU20
 309:My_Top/Drone_CAN/my_uav_can.cpp ****         *out_data_type_signature = UAVCAN_PROTOCOL_NODESTATUS_SIGNATURE;
  91              		.loc 1 309 9 view .LVU21
ARM GAS  /tmp/ccR8yt72.s 			page 8


  92              		.loc 1 309 34 is_stmt 0 view .LVU22
  93 0044 0AA3     		adr	r3, .L8+16
  94 0046 D3E90023 		ldrd	r2, [r3]
  95              	.LVL10:
  96              		.loc 1 309 34 view .LVU23
  97 004a C1E90023 		strd	r2, [r1]
 310:My_Top/Drone_CAN/my_uav_can.cpp ****         return true;
  98              		.loc 1 310 9 is_stmt 1 view .LVU24
  99              		.loc 1 310 16 is_stmt 0 view .LVU25
 100 004e 0120     		movs	r0, #1
 101              	.LVL11:
 102              		.loc 1 310 16 view .LVU26
 103 0050 7047     		bx	lr
 104              	.LVL12:
 105              	.L6:
 287:My_Top/Drone_CAN/my_uav_can.cpp **** 
 106              		.loc 1 287 16 view .LVU27
 107 0052 0020     		movs	r0, #0
 108              	.LVL13:
 287:My_Top/Drone_CAN/my_uav_can.cpp **** 
 109              		.loc 1 287 16 view .LVU28
 110 0054 7047     		bx	lr
 111              	.LVL14:
 112              	.L7:
 293:My_Top/Drone_CAN/my_uav_can.cpp **** 
 113              		.loc 1 293 16 view .LVU29
 114 0056 0020     		movs	r0, #0
 115              	.LVL15:
 311:My_Top/Drone_CAN/my_uav_can.cpp **** 
 312:My_Top/Drone_CAN/my_uav_can.cpp ****     default:
 313:My_Top/Drone_CAN/my_uav_can.cpp ****         return false;  // trueиЎЁзӨәжҺҘж”¶иҝҷжқЎж¶ҲжҒҜ flaseиЎЁзӨәдёўејғиҝҷжқЎж¶ҲжҒҜ
 314:My_Top/Drone_CAN/my_uav_can.cpp ****     }
 315:My_Top/Drone_CAN/my_uav_can.cpp **** 
 316:My_Top/Drone_CAN/my_uav_can.cpp **** }
 116              		.loc 1 316 1 view .LVU30
 117 0058 7047     		bx	lr
 118              	.L9:
 119 005a 00BFAFF3 		.align	3
 119      0080
 120              	.L8:
 121 0060 F33AEC38 		.word	955005683
 122 0064 6248A7D8 		.word	-660125598
 123 0068 25893512 		.word	305498405
 124 006c 00000000 		.word	0
 125 0070 F1C6A7C1 		.word	-1045969167
 126 0074 D068080F 		.word	252209360
 127              		.cfi_endproc
 128              	.LFE359:
 130              		.align	1
 131              		.syntax unified
 132              		.thumb
 133              		.thumb_func
 135              	_ZL20on_transfer_receivedP14CanardInstanceP16CanardRxTransfer:
 136              	.LVL16:
 137              	.LFB358:
 253:My_Top/Drone_CAN/my_uav_can.cpp **** 
 138              		.loc 1 253 1 is_stmt 1 view -0
ARM GAS  /tmp/ccR8yt72.s 			page 9


 139              		.cfi_startproc
 140              		@ args = 0, pretend = 0, frame = 256
 141              		@ frame_needed = 0, uses_anonymous_args = 0
 253:My_Top/Drone_CAN/my_uav_can.cpp **** 
 142              		.loc 1 253 1 is_stmt 0 view .LVU32
 143 0078 70B5     		push	{r4, r5, r6, lr}
 144              		.cfi_def_cfa_offset 16
 145              		.cfi_offset 4, -16
 146              		.cfi_offset 5, -12
 147              		.cfi_offset 6, -8
 148              		.cfi_offset 14, -4
 149 007a C0B0     		sub	sp, sp, #256
 150              		.cfi_def_cfa_offset 272
 151 007c 0546     		mov	r5, r0
 152 007e 0C46     		mov	r4, r1
 255:My_Top/Drone_CAN/my_uav_can.cpp ****     transfer->data_type_id;//ж¶ҲжҒҜID
 153              		.loc 1 255 5 is_stmt 1 view .LVU33
 255:My_Top/Drone_CAN/my_uav_can.cpp ****     transfer->data_type_id;//ж¶ҲжҒҜID
 154              		.loc 1 255 11 is_stmt 0 view .LVU34
 155 0080 4FF48072 		mov	r2, #256
 156 0084 0021     		movs	r1, #0
 157              	.LVL17:
 255:My_Top/Drone_CAN/my_uav_can.cpp ****     transfer->data_type_id;//ж¶ҲжҒҜID
 158              		.loc 1 255 11 view .LVU35
 159 0086 6846     		mov	r0, sp
 160              	.LVL18:
 255:My_Top/Drone_CAN/my_uav_can.cpp ****     transfer->data_type_id;//ж¶ҲжҒҜID
 161              		.loc 1 255 11 view .LVU36
 162 0088 FFF7FEFF 		bl	memset
 163              	.LVL19:
 256:My_Top/Drone_CAN/my_uav_can.cpp ****     transfer->source_node_id;//иҠӮзӮ№ID и®ҫеӨҮзҡ„ID
 164              		.loc 1 256 5 is_stmt 1 view .LVU37
 257:My_Top/Drone_CAN/my_uav_can.cpp ****     transfer->payload_len;//ж•°жҚ®й•ҝеәҰ
 165              		.loc 1 257 5 view .LVU38
 258:My_Top/Drone_CAN/my_uav_can.cpp ****     transfer->payload_head;//ж•°жҚ®жҢҮй’Ҳ(void*зұ»еһӢ дёҚиғҪзӣҙжҺҘз”ЁйңҖиҰҒиҪ¬жҚўзұ»еһӢ)
 166              		.loc 1 258 5 view .LVU39
 259:My_Top/Drone_CAN/my_uav_can.cpp ****     memcpy(debug_buf, transfer->payload_head, transfer->payload_len);
 167              		.loc 1 259 5 view .LVU40
 260:My_Top/Drone_CAN/my_uav_can.cpp ****     transfer->transfer_id;//дј иҫ“ID еҚҸи®®ж ҲиҮӘеҠЁйҖ’еўһ
 168              		.loc 1 260 5 view .LVU41
 260:My_Top/Drone_CAN/my_uav_can.cpp ****     transfer->transfer_id;//дј иҫ“ID еҚҸи®®ж ҲиҮӘеҠЁйҖ’еўһ
 169              		.loc 1 260 11 is_stmt 0 view .LVU42
 170 008c A28A     		ldrh	r2, [r4, #20]
 171 008e A168     		ldr	r1, [r4, #8]
 172 0090 6846     		mov	r0, sp
 173 0092 FFF7FEFF 		bl	memcpy
 174              	.LVL20:
 261:My_Top/Drone_CAN/my_uav_can.cpp ****     transfer->transfer_type;//2 е№ҝж’ӯж¶ҲжҒҜзұ»еһӢиҝҳжҳҜе…¶д»– 
 175              		.loc 1 261 5 is_stmt 1 view .LVU43
 262:My_Top/Drone_CAN/my_uav_can.cpp ****     transfer->priority;//дј иҫ“дјҳе…Ҳзә§
 176              		.loc 1 262 5 view .LVU44
 263:My_Top/Drone_CAN/my_uav_can.cpp **** 
 177              		.loc 1 263 5 view .LVU45
 265:My_Top/Drone_CAN/my_uav_can.cpp ****     transfer->payload_middle;//еӨҡеё§ж¶ҲжҒҜдёӯй—ҙеё§ и¶…иҝҮ8еӯ—иҠӮзҡ„ж•°жҚ®
 178              		.loc 1 265 5 view .LVU46
 266:My_Top/Drone_CAN/my_uav_can.cpp ****     transfer->payload_tail;//еӨҡеё§ж¶ҲжҒҜжңҖеҗҺдёҖеё§ и¶…иҝҮ8еӯ—иҠӮзҡ„ж•°жҚ®
 179              		.loc 1 266 5 view .LVU47
ARM GAS  /tmp/ccR8yt72.s 			page 10


 267:My_Top/Drone_CAN/my_uav_can.cpp **** 
 180              		.loc 1 267 5 view .LVU48
 269:My_Top/Drone_CAN/my_uav_can.cpp **** 
 181              		.loc 1 269 5 view .LVU49
 269:My_Top/Drone_CAN/my_uav_can.cpp **** 
 182              		.loc 1 269 19 is_stmt 0 view .LVU50
 183 0096 2046     		mov	r0, r4
 184 0098 FFF7FEFF 		bl	_Z14DroneCan_ParseP16CanardRxTransfer
 185              	.LVL21:
 271:My_Top/Drone_CAN/my_uav_can.cpp **** }
 186              		.loc 1 271 5 is_stmt 1 view .LVU51
 271:My_Top/Drone_CAN/my_uav_can.cpp **** }
 187              		.loc 1 271 35 is_stmt 0 view .LVU52
 188 009c 2146     		mov	r1, r4
 189 009e 2846     		mov	r0, r5
 190 00a0 FFF7FEFF 		bl	canardReleaseRxTransferPayload
 191              	.LVL22:
 272:My_Top/Drone_CAN/my_uav_can.cpp **** 
 192              		.loc 1 272 1 view .LVU53
 193 00a4 40B0     		add	sp, sp, #256
 194              		.cfi_def_cfa_offset 16
 195              		@ sp needed
 196 00a6 70BD     		pop	{r4, r5, r6, pc}
 272:My_Top/Drone_CAN/my_uav_can.cpp **** 
 197              		.loc 1 272 1 view .LVU54
 198              		.cfi_endproc
 199              	.LFE358:
 201              		.align	1
 202              		.global	_Z20dronecan_if_transmitPK14CanardCANFrame
 203              		.syntax unified
 204              		.thumb
 205              		.thumb_func
 207              	_Z20dronecan_if_transmitPK14CanardCANFrame:
 208              	.LVL23:
 209              	.LFB344:
  17:My_Top/Drone_CAN/my_uav_can.cpp ****     // Classic CAN жңҖеӨҡ 8 еӯ—иҠӮ
 210              		.loc 1 17 1 is_stmt 1 view -0
 211              		.cfi_startproc
 212              		@ args = 0, pretend = 0, frame = 40
 213              		@ frame_needed = 0, uses_anonymous_args = 0
  19:My_Top/Drone_CAN/my_uav_can.cpp **** 
 214              		.loc 1 19 5 view .LVU56
  19:My_Top/Drone_CAN/my_uav_can.cpp **** 
 215              		.loc 1 19 16 is_stmt 0 view .LVU57
 216 00a8 037B     		ldrb	r3, [r0, #12]	@ zero_extendqisi2
  19:My_Top/Drone_CAN/my_uav_can.cpp **** 
 217              		.loc 1 19 5 view .LVU58
 218 00aa 082B     		cmp	r3, #8
 219 00ac 2AD8     		bhi	.L18
  17:My_Top/Drone_CAN/my_uav_can.cpp ****     // Classic CAN жңҖеӨҡ 8 еӯ—иҠӮ
 220              		.loc 1 17 1 view .LVU59
 221 00ae 30B5     		push	{r4, r5, lr}
 222              		.cfi_def_cfa_offset 12
 223              		.cfi_offset 4, -12
 224              		.cfi_offset 5, -8
 225              		.cfi_offset 14, -4
 226 00b0 8BB0     		sub	sp, sp, #44
ARM GAS  /tmp/ccR8yt72.s 			page 11


 227              		.cfi_def_cfa_offset 56
 228 00b2 0546     		mov	r5, r0
  22:My_Top/Drone_CAN/my_uav_can.cpp **** 
 229              		.loc 1 22 5 is_stmt 1 view .LVU60
  22:My_Top/Drone_CAN/my_uav_can.cpp **** 
 230              		.loc 1 22 27 is_stmt 0 view .LVU61
 231 00b4 2422     		movs	r2, #36
 232 00b6 0021     		movs	r1, #0
 233 00b8 01A8     		add	r0, sp, #4
 234              	.LVL24:
  22:My_Top/Drone_CAN/my_uav_can.cpp **** 
 235              		.loc 1 22 27 view .LVU62
 236 00ba FFF7FEFF 		bl	memset
 237              	.LVL25:
  25:My_Top/Drone_CAN/my_uav_can.cpp ****     {
 238              		.loc 1 25 5 is_stmt 1 view .LVU63
  25:My_Top/Drone_CAN/my_uav_can.cpp ****     {
 239              		.loc 1 25 16 is_stmt 0 view .LVU64
 240 00be 2B68     		ldr	r3, [r5]
  25:My_Top/Drone_CAN/my_uav_can.cpp ****     {
 241              		.loc 1 25 5 view .LVU65
 242 00c0 002B     		cmp	r3, #0
 243 00c2 06DB     		blt	.L24
  33:My_Top/Drone_CAN/my_uav_can.cpp ****         tx.IdType     = FDCAN_STANDARD_ID; // йҖҡиҝҮж ҮеҮҶеё§еҺ»еҸ‘
 244              		.loc 1 33 9 is_stmt 1 view .LVU66
  33:My_Top/Drone_CAN/my_uav_can.cpp ****         tx.IdType     = FDCAN_STANDARD_ID; // йҖҡиҝҮж ҮеҮҶеё§еҺ»еҸ‘
 245              		.loc 1 33 35 is_stmt 0 view .LVU67
 246 00c4 C3F30A03 		ubfx	r3, r3, #0, #11
  33:My_Top/Drone_CAN/my_uav_can.cpp ****         tx.IdType     = FDCAN_STANDARD_ID; // йҖҡиҝҮж ҮеҮҶеё§еҺ»еҸ‘
 247              		.loc 1 33 23 view .LVU68
 248 00c8 0193     		str	r3, [sp, #4]
  34:My_Top/Drone_CAN/my_uav_can.cpp ****     }
 249              		.loc 1 34 9 is_stmt 1 view .LVU69
 250              	.L15:
  37:My_Top/Drone_CAN/my_uav_can.cpp ****     tx.DataLength           = frame->data_len;       // Classic: 0~8 еӯ—иҠӮ
 251              		.loc 1 37 5 view .LVU70
  38:My_Top/Drone_CAN/my_uav_can.cpp ****     tx.ErrorStateIndicator  = FDCAN_ESI_ACTIVE; // й”ҷиҜҜзҠ¶жҖҒжҢҮзӨә
 252              		.loc 1 38 5 view .LVU71
  38:My_Top/Drone_CAN/my_uav_can.cpp ****     tx.ErrorStateIndicator  = FDCAN_ESI_ACTIVE; // й”ҷиҜҜзҠ¶жҖҒжҢҮзӨә
 253              		.loc 1 38 38 is_stmt 0 view .LVU72
 254 00ca 2B7B     		ldrb	r3, [r5, #12]	@ zero_extendqisi2
  38:My_Top/Drone_CAN/my_uav_can.cpp ****     tx.ErrorStateIndicator  = FDCAN_ESI_ACTIVE; // й”ҷиҜҜзҠ¶жҖҒжҢҮзӨә
 255              		.loc 1 38 29 view .LVU73
 256 00cc 0493     		str	r3, [sp, #16]
  39:My_Top/Drone_CAN/my_uav_can.cpp ****     tx.BitRateSwitch        = FDCAN_BRS_OFF; // е…ій—ӯдҪҚйҖҹзҺҮеҲҮжҚўпјҲClassic CANпјү
 257              		.loc 1 39 5 is_stmt 1 view .LVU74
  40:My_Top/Drone_CAN/my_uav_can.cpp ****     tx.FDFormat             = FDCAN_CLASSIC_CAN; // йҖҡиҝҮ Classic CAN еҸ‘йҖҒ
 258              		.loc 1 40 5 view .LVU75
  41:My_Top/Drone_CAN/my_uav_can.cpp ****     tx.TxEventFifoControl   = FDCAN_NO_TX_EVENTS; // // еҸ‘е®ҢиҰҒдёҚиҰҒи®°еҪ•
 259              		.loc 1 41 5 view .LVU76
  42:My_Top/Drone_CAN/my_uav_can.cpp ****     tx.MessageMarker        = 0; // ж¶ҲжҒҜж Үи®°
 260              		.loc 1 42 5 view .LVU77
  43:My_Top/Drone_CAN/my_uav_can.cpp **** 
 261              		.loc 1 43 5 view .LVU78
  46:My_Top/Drone_CAN/my_uav_can.cpp ****     {
 262              		.loc 1 46 5 view .LVU79
 263              	.LVL26:
ARM GAS  /tmp/ccR8yt72.s 			page 12


 264              	.LBB2:
  46:My_Top/Drone_CAN/my_uav_can.cpp ****     {
 265              		.loc 1 46 14 is_stmt 0 view .LVU80
 266 00ce 0024     		movs	r4, #0
  46:My_Top/Drone_CAN/my_uav_can.cpp ****     {
 267              		.loc 1 46 5 view .LVU81
 268 00d0 0AE0     		b	.L16
 269              	.LVL27:
 270              	.L24:
  46:My_Top/Drone_CAN/my_uav_can.cpp ****     {
 271              		.loc 1 46 5 view .LVU82
 272              	.LBE2:
  28:My_Top/Drone_CAN/my_uav_can.cpp ****         tx.IdType     = FDCAN_EXTENDED_ID; // йҖҡиҝҮжү©еұ•её§еҺ»еҸ‘
 273              		.loc 1 28 9 is_stmt 1 view .LVU83
  28:My_Top/Drone_CAN/my_uav_can.cpp ****         tx.IdType     = FDCAN_EXTENDED_ID; // йҖҡиҝҮжү©еұ•её§еҺ»еҸ‘
 274              		.loc 1 28 35 is_stmt 0 view .LVU84
 275 00d2 23F06043 		bic	r3, r3, #-536870912
  28:My_Top/Drone_CAN/my_uav_can.cpp ****         tx.IdType     = FDCAN_EXTENDED_ID; // йҖҡиҝҮжү©еұ•её§еҺ»еҸ‘
 276              		.loc 1 28 23 view .LVU85
 277 00d6 0193     		str	r3, [sp, #4]
  29:My_Top/Drone_CAN/my_uav_can.cpp ****     }
 278              		.loc 1 29 9 is_stmt 1 view .LVU86
  29:My_Top/Drone_CAN/my_uav_can.cpp ****     }
 279              		.loc 1 29 23 is_stmt 0 view .LVU87
 280 00d8 4FF08043 		mov	r3, #1073741824
 281 00dc 0293     		str	r3, [sp, #8]
 282 00de F4E7     		b	.L15
 283              	.LVL28:
 284              	.L26:
 285              	.LBB3:
  50:My_Top/Drone_CAN/my_uav_can.cpp ****     }
 286              		.loc 1 50 9 is_stmt 1 view .LVU88
  50:My_Top/Drone_CAN/my_uav_can.cpp ****     }
 287              		.loc 1 50 19 is_stmt 0 view .LVU89
 288 00e0 0120     		movs	r0, #1
 289 00e2 FFF7FEFF 		bl	vTaskDelay
 290              	.LVL29:
  46:My_Top/Drone_CAN/my_uav_can.cpp ****     {
 291              		.loc 1 46 5 is_stmt 1 discriminator 2 view .LVU90
 292 00e6 0134     		adds	r4, r4, #1
 293              	.LVL30:
 294              	.L16:
  46:My_Top/Drone_CAN/my_uav_can.cpp ****     {
 295              		.loc 1 46 23 discriminator 1 view .LVU91
 296 00e8 092C     		cmp	r4, #9
 297 00ea 08DC     		bgt	.L25
  48:My_Top/Drone_CAN/my_uav_can.cpp ****             return 1;
 298              		.loc 1 48 9 view .LVU92
  48:My_Top/Drone_CAN/my_uav_can.cpp ****             return 1;
 299              		.loc 1 48 42 is_stmt 0 view .LVU93
 300 00ec 2A1D     		adds	r2, r5, #4
 301 00ee 01A9     		add	r1, sp, #4
 302 00f0 0548     		ldr	r0, .L27
 303 00f2 FFF7FEFF 		bl	HAL_FDCAN_AddMessageToTxFifoQ
 304              	.LVL31:
  48:My_Top/Drone_CAN/my_uav_can.cpp ****             return 1;
 305              		.loc 1 48 9 discriminator 1 view .LVU94
ARM GAS  /tmp/ccR8yt72.s 			page 13


 306 00f6 0028     		cmp	r0, #0
 307 00f8 F2D1     		bne	.L26
  49:My_Top/Drone_CAN/my_uav_can.cpp ****         vTaskDelay(pdMS_TO_TICKS(1));
 308              		.loc 1 49 20 view .LVU95
 309 00fa 0120     		movs	r0, #1
 310 00fc 00E0     		b	.L13
 311              	.L25:
  49:My_Top/Drone_CAN/my_uav_can.cpp ****         vTaskDelay(pdMS_TO_TICKS(1));
 312              		.loc 1 49 20 view .LVU96
 313              	.LBE3:
  52:My_Top/Drone_CAN/my_uav_can.cpp **** }
 314              		.loc 1 52 12 view .LVU97
 315 00fe 0020     		movs	r0, #0
 316              	.L13:
  53:My_Top/Drone_CAN/my_uav_can.cpp **** 
 317              		.loc 1 53 1 view .LVU98
 318 0100 0BB0     		add	sp, sp, #44
 319              		.cfi_def_cfa_offset 12
 320              		@ sp needed
 321 0102 30BD     		pop	{r4, r5, pc}
 322              	.LVL32:
 323              	.L18:
 324              		.cfi_def_cfa_offset 0
 325              		.cfi_restore 4
 326              		.cfi_restore 5
 327              		.cfi_restore 14
  19:My_Top/Drone_CAN/my_uav_can.cpp **** 
 328              		.loc 1 19 37 discriminator 1 view .LVU99
 329 0104 0020     		movs	r0, #0
 330              	.LVL33:
  53:My_Top/Drone_CAN/my_uav_can.cpp **** 
 331              		.loc 1 53 1 view .LVU100
 332 0106 7047     		bx	lr
 333              	.L28:
 334              		.align	2
 335              	.L27:
 336 0108 00000000 		.word	hfdcan2
 337              		.cfi_endproc
 338              	.LFE344:
 340              		.align	1
 341              		.global	_Z19dronecan_if_receiveP14CanardCANFrame
 342              		.syntax unified
 343              		.thumb
 344              		.thumb_func
 346              	_Z19dronecan_if_receiveP14CanardCANFrame:
 347              	.LVL34:
 348              	.LFB345:
  61:My_Top/Drone_CAN/my_uav_can.cpp ****     uint32_t fifo;
 349              		.loc 1 61 1 is_stmt 1 view -0
 350              		.cfi_startproc
 351              		@ args = 0, pretend = 0, frame = 48
 352              		@ frame_needed = 0, uses_anonymous_args = 0
  61:My_Top/Drone_CAN/my_uav_can.cpp ****     uint32_t fifo;
 353              		.loc 1 61 1 is_stmt 0 view .LVU102
 354 010c 10B5     		push	{r4, lr}
 355              		.cfi_def_cfa_offset 8
 356              		.cfi_offset 4, -8
ARM GAS  /tmp/ccR8yt72.s 			page 14


 357              		.cfi_offset 14, -4
 358 010e 8CB0     		sub	sp, sp, #48
 359              		.cfi_def_cfa_offset 56
 360 0110 0446     		mov	r4, r0
  62:My_Top/Drone_CAN/my_uav_can.cpp **** 
 361              		.loc 1 62 5 is_stmt 1 view .LVU103
  65:My_Top/Drone_CAN/my_uav_can.cpp ****     {
 362              		.loc 1 65 5 view .LVU104
  65:My_Top/Drone_CAN/my_uav_can.cpp ****     {
 363              		.loc 1 65 37 is_stmt 0 view .LVU105
 364 0112 4121     		movs	r1, #65
 365 0114 1748     		ldr	r0, .L39
 366              	.LVL35:
  65:My_Top/Drone_CAN/my_uav_can.cpp ****     {
 367              		.loc 1 65 37 view .LVU106
 368 0116 FFF7FEFF 		bl	HAL_FDCAN_GetRxFifoFillLevel
 369              	.LVL36:
  65:My_Top/Drone_CAN/my_uav_can.cpp ****     {
 370              		.loc 1 65 5 discriminator 1 view .LVU107
 371 011a 30B9     		cbnz	r0, .L34
  68:My_Top/Drone_CAN/my_uav_can.cpp ****     {
 372              		.loc 1 68 11 is_stmt 1 view .LVU108
  68:My_Top/Drone_CAN/my_uav_can.cpp ****     {
 373              		.loc 1 68 43 is_stmt 0 view .LVU109
 374 011c 4021     		movs	r1, #64
 375 011e 1548     		ldr	r0, .L39
 376 0120 FFF7FEFF 		bl	HAL_FDCAN_GetRxFifoFillLevel
 377              	.LVL37:
  68:My_Top/Drone_CAN/my_uav_can.cpp ****     {
 378              		.loc 1 68 11 discriminator 1 view .LVU110
 379 0124 08B3     		cbz	r0, .L35
  70:My_Top/Drone_CAN/my_uav_can.cpp ****     }
 380              		.loc 1 70 14 view .LVU111
 381 0126 4021     		movs	r1, #64
 382 0128 00E0     		b	.L30
 383              	.L34:
  67:My_Top/Drone_CAN/my_uav_can.cpp ****     }else if (HAL_FDCAN_GetRxFifoFillLevel(&hfdcan2, FDCAN_RX_FIFO0) > 0)
 384              		.loc 1 67 14 view .LVU112
 385 012a 4121     		movs	r1, #65
 386              	.L30:
 387              	.LVL38:
  77:My_Top/Drone_CAN/my_uav_can.cpp ****     uint8_t data[8];
 388              		.loc 1 77 5 is_stmt 1 view .LVU113
  78:My_Top/Drone_CAN/my_uav_can.cpp **** 
 389              		.loc 1 78 5 view .LVU114
  81:My_Top/Drone_CAN/my_uav_can.cpp ****         return 0;
 390              		.loc 1 81 5 view .LVU115
  81:My_Top/Drone_CAN/my_uav_can.cpp ****         return 0;
 391              		.loc 1 81 31 is_stmt 0 view .LVU116
 392 012c 6B46     		mov	r3, sp
 393 012e 02AA     		add	r2, sp, #8
 394 0130 1048     		ldr	r0, .L39
 395 0132 FFF7FEFF 		bl	HAL_FDCAN_GetRxMessage
 396              	.LVL39:
  81:My_Top/Drone_CAN/my_uav_can.cpp ****         return 0;
 397              		.loc 1 81 5 discriminator 1 view .LVU117
 398 0136 D0B9     		cbnz	r0, .L36
ARM GAS  /tmp/ccR8yt72.s 			page 15


  85:My_Top/Drone_CAN/my_uav_can.cpp ****     {
 399              		.loc 1 85 5 is_stmt 1 view .LVU118
  85:My_Top/Drone_CAN/my_uav_can.cpp ****     {
 400              		.loc 1 85 12 is_stmt 0 view .LVU119
 401 0138 039B     		ldr	r3, [sp, #12]
  85:My_Top/Drone_CAN/my_uav_can.cpp ****     {
 402              		.loc 1 85 5 view .LVU120
 403 013a B3F1804F 		cmp	r3, #1073741824
 404 013e 0DD0     		beq	.L38
  92:My_Top/Drone_CAN/my_uav_can.cpp ****     }
 405              		.loc 1 92 9 is_stmt 1 view .LVU121
  92:My_Top/Drone_CAN/my_uav_can.cpp ****     }
 406              		.loc 1 92 28 is_stmt 0 view .LVU122
 407 0140 029B     		ldr	r3, [sp, #8]
  92:My_Top/Drone_CAN/my_uav_can.cpp ****     }
 408              		.loc 1 92 39 view .LVU123
 409 0142 C3F30A03 		ubfx	r3, r3, #0, #11
  92:My_Top/Drone_CAN/my_uav_can.cpp ****     }
 410              		.loc 1 92 23 view .LVU124
 411 0146 2360     		str	r3, [r4]
 412              	.L33:
  95:My_Top/Drone_CAN/my_uav_can.cpp ****     memcpy(out_frame->data, data, out_frame->data_len);//data дёҚеңЁFDCAN_RxHeaderTypeDefйҮҢйқў йңҖ
 413              		.loc 1 95 5 is_stmt 1 view .LVU125
  95:My_Top/Drone_CAN/my_uav_can.cpp ****     memcpy(out_frame->data, data, out_frame->data_len);//data дёҚеңЁFDCAN_RxHeaderTypeDefйҮҢйқў йңҖ
 414              		.loc 1 95 30 is_stmt 0 view .LVU126
 415 0148 059A     		ldr	r2, [sp, #20]
  95:My_Top/Drone_CAN/my_uav_can.cpp ****     memcpy(out_frame->data, data, out_frame->data_len);//data дёҚеңЁFDCAN_RxHeaderTypeDefйҮҢйқў йңҖ
 416              		.loc 1 95 25 view .LVU127
 417 014a 2273     		strb	r2, [r4, #12]
  96:My_Top/Drone_CAN/my_uav_can.cpp ****     return 1;   // жҲҗеҠҹж”¶еҲ°дёҖеё§
 418              		.loc 1 96 5 is_stmt 1 view .LVU128
  96:My_Top/Drone_CAN/my_uav_can.cpp ****     return 1;   // жҲҗеҠҹж”¶еҲ°дёҖеё§
 419              		.loc 1 96 11 is_stmt 0 view .LVU129
 420 014c D2B2     		uxtb	r2, r2
 421 014e 6946     		mov	r1, sp
 422 0150 201D     		adds	r0, r4, #4
 423 0152 FFF7FEFF 		bl	memcpy
 424              	.LVL40:
  97:My_Top/Drone_CAN/my_uav_can.cpp **** }
 425              		.loc 1 97 5 is_stmt 1 view .LVU130
  97:My_Top/Drone_CAN/my_uav_can.cpp **** }
 426              		.loc 1 97 12 is_stmt 0 view .LVU131
 427 0156 0120     		movs	r0, #1
 428              	.LVL41:
 429              	.L31:
  98:My_Top/Drone_CAN/my_uav_can.cpp **** 
 430              		.loc 1 98 1 view .LVU132
 431 0158 0CB0     		add	sp, sp, #48
 432              		.cfi_remember_state
 433              		.cfi_def_cfa_offset 8
 434              		@ sp needed
 435 015a 10BD     		pop	{r4, pc}
 436              	.LVL42:
 437              	.L38:
 438              		.cfi_restore_state
  88:My_Top/Drone_CAN/my_uav_can.cpp ****     }else
 439              		.loc 1 88 9 is_stmt 1 view .LVU133
ARM GAS  /tmp/ccR8yt72.s 			page 16


  88:My_Top/Drone_CAN/my_uav_can.cpp ****     }else
 440              		.loc 1 88 29 is_stmt 0 view .LVU134
 441 015c 029B     		ldr	r3, [sp, #8]
  88:My_Top/Drone_CAN/my_uav_can.cpp ****     }else
 442              		.loc 1 88 40 view .LVU135
 443 015e 23F06043 		bic	r3, r3, #-536870912
  88:My_Top/Drone_CAN/my_uav_can.cpp ****     }else
 444              		.loc 1 88 66 view .LVU136
 445 0162 43F00043 		orr	r3, r3, #-2147483648
  88:My_Top/Drone_CAN/my_uav_can.cpp ****     }else
 446              		.loc 1 88 23 view .LVU137
 447 0166 2360     		str	r3, [r4]
 448 0168 EEE7     		b	.L33
 449              	.LVL43:
 450              	.L35:
  74:My_Top/Drone_CAN/my_uav_can.cpp ****     }
 451              		.loc 1 74 16 view .LVU138
 452 016a 0020     		movs	r0, #0
 453 016c F4E7     		b	.L31
 454              	.LVL44:
 455              	.L36:
  82:My_Top/Drone_CAN/my_uav_can.cpp **** 
 456              		.loc 1 82 16 view .LVU139
 457 016e 0020     		movs	r0, #0
 458 0170 F2E7     		b	.L31
 459              	.L40:
 460 0172 00BF     		.align	2
 461              	.L39:
 462 0174 00000000 		.word	hfdcan2
 463              		.cfi_endproc
 464              	.LFE345:
 466              		.align	1
 467              		.global	_Z11test_uavcanv
 468              		.syntax unified
 469              		.thumb
 470              		.thumb_func
 472              	_Z11test_uavcanv:
 473              	.LFB346:
 101:My_Top/Drone_CAN/my_uav_can.cpp ****     // ===== в‘  жһ„йҖ е№¶еҸ‘йҖҒжөӢиҜ•её§ =====
 474              		.loc 1 101 1 is_stmt 1 view -0
 475              		.cfi_startproc
 476              		@ args = 0, pretend = 0, frame = 32
 477              		@ frame_needed = 0, uses_anonymous_args = 0
 478 0178 10B5     		push	{r4, lr}
 479              		.cfi_def_cfa_offset 8
 480              		.cfi_offset 4, -8
 481              		.cfi_offset 14, -4
 482 017a 88B0     		sub	sp, sp, #32
 483              		.cfi_def_cfa_offset 40
 103:My_Top/Drone_CAN/my_uav_can.cpp ****     tx.id       = 0x321 | CANARD_CAN_FRAME_EFF;  // жү©еұ•её§пјҢID=0x321
 484              		.loc 1 103 5 view .LVU141
 103:My_Top/Drone_CAN/my_uav_can.cpp ****     tx.id       = 0x321 | CANARD_CAN_FRAME_EFF;  // жү©еұ•её§пјҢID=0x321
 485              		.loc 1 103 20 is_stmt 0 view .LVU142
 486 017c 04A8     		add	r0, sp, #16
 487 017e 0024     		movs	r4, #0
 488 0180 0494     		str	r4, [sp, #16]
 489 0182 4460     		str	r4, [r0, #4]
ARM GAS  /tmp/ccR8yt72.s 			page 17


 490 0184 8460     		str	r4, [r0, #8]
 491 0186 C460     		str	r4, [r0, #12]
 104:My_Top/Drone_CAN/my_uav_can.cpp ****     tx.data_len = 6;
 492              		.loc 1 104 5 is_stmt 1 view .LVU143
 104:My_Top/Drone_CAN/my_uav_can.cpp ****     tx.data_len = 6;
 493              		.loc 1 104 17 is_stmt 0 view .LVU144
 494 0188 124B     		ldr	r3, .L45
 495 018a 0493     		str	r3, [sp, #16]
 105:My_Top/Drone_CAN/my_uav_can.cpp ****     tx.data[0]  = 0x11;
 496              		.loc 1 105 5 is_stmt 1 view .LVU145
 105:My_Top/Drone_CAN/my_uav_can.cpp ****     tx.data[0]  = 0x11;
 497              		.loc 1 105 17 is_stmt 0 view .LVU146
 498 018c 0623     		movs	r3, #6
 499 018e 8DF81C30 		strb	r3, [sp, #28]
 106:My_Top/Drone_CAN/my_uav_can.cpp ****     tx.data[1]  = 0x22;
 500              		.loc 1 106 5 is_stmt 1 view .LVU147
 106:My_Top/Drone_CAN/my_uav_can.cpp ****     tx.data[1]  = 0x22;
 501              		.loc 1 106 17 is_stmt 0 view .LVU148
 502 0192 1123     		movs	r3, #17
 503 0194 8DF81430 		strb	r3, [sp, #20]
 107:My_Top/Drone_CAN/my_uav_can.cpp ****     tx.data[2]  = 0x33;
 504              		.loc 1 107 5 is_stmt 1 view .LVU149
 107:My_Top/Drone_CAN/my_uav_can.cpp ****     tx.data[2]  = 0x33;
 505              		.loc 1 107 17 is_stmt 0 view .LVU150
 506 0198 2223     		movs	r3, #34
 507 019a 8DF81530 		strb	r3, [sp, #21]
 108:My_Top/Drone_CAN/my_uav_can.cpp ****     tx.data[3]  = 0x44;
 508              		.loc 1 108 5 is_stmt 1 view .LVU151
 108:My_Top/Drone_CAN/my_uav_can.cpp ****     tx.data[3]  = 0x44;
 509              		.loc 1 108 17 is_stmt 0 view .LVU152
 510 019e 3323     		movs	r3, #51
 511 01a0 8DF81630 		strb	r3, [sp, #22]
 109:My_Top/Drone_CAN/my_uav_can.cpp ****     tx.data[4]  = 0x55;
 512              		.loc 1 109 5 is_stmt 1 view .LVU153
 109:My_Top/Drone_CAN/my_uav_can.cpp ****     tx.data[4]  = 0x55;
 513              		.loc 1 109 17 is_stmt 0 view .LVU154
 514 01a4 4423     		movs	r3, #68
 515 01a6 8DF81730 		strb	r3, [sp, #23]
 110:My_Top/Drone_CAN/my_uav_can.cpp ****     tx.data[5]  = 0x66;
 516              		.loc 1 110 5 is_stmt 1 view .LVU155
 110:My_Top/Drone_CAN/my_uav_can.cpp ****     tx.data[5]  = 0x66;
 517              		.loc 1 110 17 is_stmt 0 view .LVU156
 518 01aa 5523     		movs	r3, #85
 519 01ac 8DF81830 		strb	r3, [sp, #24]
 111:My_Top/Drone_CAN/my_uav_can.cpp ****     dronecan_if_transmit(&tx);// еҸ‘йҖҒжөӢиҜ•её§
 520              		.loc 1 111 5 is_stmt 1 view .LVU157
 111:My_Top/Drone_CAN/my_uav_can.cpp ****     dronecan_if_transmit(&tx);// еҸ‘йҖҒжөӢиҜ•её§
 521              		.loc 1 111 17 is_stmt 0 view .LVU158
 522 01b0 6623     		movs	r3, #102
 523 01b2 8DF81930 		strb	r3, [sp, #25]
 112:My_Top/Drone_CAN/my_uav_can.cpp ****     vTaskDelay(pdMS_TO_TICKS(5));
 524              		.loc 1 112 5 is_stmt 1 view .LVU159
 112:My_Top/Drone_CAN/my_uav_can.cpp ****     vTaskDelay(pdMS_TO_TICKS(5));
 525              		.loc 1 112 25 is_stmt 0 view .LVU160
 526 01b6 FFF7FEFF 		bl	_Z20dronecan_if_transmitPK14CanardCANFrame
 527              	.LVL45:
 113:My_Top/Drone_CAN/my_uav_can.cpp **** 
ARM GAS  /tmp/ccR8yt72.s 			page 18


 528              		.loc 1 113 5 is_stmt 1 view .LVU161
 113:My_Top/Drone_CAN/my_uav_can.cpp **** 
 529              		.loc 1 113 15 is_stmt 0 view .LVU162
 530 01ba 0520     		movs	r0, #5
 531 01bc FFF7FEFF 		bl	vTaskDelay
 532              	.LVL46:
 116:My_Top/Drone_CAN/my_uav_can.cpp ****     if (dronecan_if_receive(&rx) == 0)
 533              		.loc 1 116 5 is_stmt 1 view .LVU163
 116:My_Top/Drone_CAN/my_uav_can.cpp ****     if (dronecan_if_receive(&rx) == 0)
 534              		.loc 1 116 20 is_stmt 0 view .LVU164
 535 01c0 6846     		mov	r0, sp
 536 01c2 0094     		str	r4, [sp]
 537 01c4 0194     		str	r4, [sp, #4]
 538 01c6 0294     		str	r4, [sp, #8]
 539 01c8 0394     		str	r4, [sp, #12]
 117:My_Top/Drone_CAN/my_uav_can.cpp ****     {
 540              		.loc 1 117 5 is_stmt 1 view .LVU165
 117:My_Top/Drone_CAN/my_uav_can.cpp ****     {
 541              		.loc 1 117 28 is_stmt 0 view .LVU166
 542 01ca FFF7FEFF 		bl	_Z19dronecan_if_receiveP14CanardCANFrame
 543              	.LVL47:
 122:My_Top/Drone_CAN/my_uav_can.cpp **** 
 544              		.loc 1 122 1 view .LVU167
 545 01ce 08B0     		add	sp, sp, #32
 546              		.cfi_def_cfa_offset 8
 547              		@ sp needed
 548 01d0 10BD     		pop	{r4, pc}
 549              	.L46:
 550 01d2 00BF     		.align	2
 551              	.L45:
 552 01d4 21030080 		.word	-2147482847
 553              		.cfi_endproc
 554              	.LFE346:
 556              		.align	1
 557              		.global	_Z14My_Canard_Initv
 558              		.syntax unified
 559              		.thumb
 560              		.thumb_func
 562              	_Z14My_Canard_Initv:
 563              	.LFB347:
 147:My_Top/Drone_CAN/my_uav_can.cpp ****     My_Can_Init();   // еҲқе§ӢеҢ– FDCAN зЎ¬д»¶пјҲиҝҮж»ӨеҷЁ+еҗҜеҠЁпјү
 564              		.loc 1 147 1 is_stmt 1 view -0
 565              		.cfi_startproc
 566              		@ args = 0, pretend = 0, frame = 0
 567              		@ frame_needed = 0, uses_anonymous_args = 0
 568 01d8 10B5     		push	{r4, lr}
 569              		.cfi_def_cfa_offset 8
 570              		.cfi_offset 4, -8
 571              		.cfi_offset 14, -4
 572 01da 82B0     		sub	sp, sp, #8
 573              		.cfi_def_cfa_offset 16
 148:My_Top/Drone_CAN/my_uav_can.cpp **** 
 574              		.loc 1 148 5 view .LVU169
 148:My_Top/Drone_CAN/my_uav_can.cpp **** 
 575              		.loc 1 148 16 is_stmt 0 view .LVU170
 576 01dc FFF7FEFF 		bl	_Z11My_Can_Initv
 577              	.LVL48:
ARM GAS  /tmp/ccR8yt72.s 			page 19


 151:My_Top/Drone_CAN/my_uav_can.cpp ****                canard_mem_pool,           // еҶ…еӯҳжұ 
 578              		.loc 1 151 5 is_stmt 1 view .LVU171
 151:My_Top/Drone_CAN/my_uav_can.cpp ****                canard_mem_pool,           // еҶ…еӯҳжұ 
 579              		.loc 1 151 15 is_stmt 0 view .LVU172
 580 01e0 084C     		ldr	r4, .L49
 581 01e2 0023     		movs	r3, #0
 582 01e4 0193     		str	r3, [sp, #4]
 583 01e6 084B     		ldr	r3, .L49+4
 584 01e8 0093     		str	r3, [sp]
 585 01ea 084B     		ldr	r3, .L49+8
 586 01ec 4FF48052 		mov	r2, #4096
 587 01f0 0749     		ldr	r1, .L49+12
 588 01f2 2046     		mov	r0, r4
 589 01f4 FFF7FEFF 		bl	canardInit
 590              	.LVL49:
 159:My_Top/Drone_CAN/my_uav_can.cpp **** }
 591              		.loc 1 159 5 is_stmt 1 view .LVU173
 159:My_Top/Drone_CAN/my_uav_can.cpp **** }
 592              		.loc 1 159 25 is_stmt 0 view .LVU174
 593 01f8 5B21     		movs	r1, #91
 594 01fa 2046     		mov	r0, r4
 595 01fc FFF7FEFF 		bl	canardSetLocalNodeID
 596              	.LVL50:
 160:My_Top/Drone_CAN/my_uav_can.cpp **** 
 597              		.loc 1 160 1 view .LVU175
 598 0200 02B0     		add	sp, sp, #8
 599              		.cfi_def_cfa_offset 8
 600              		@ sp needed
 601 0202 10BD     		pop	{r4, pc}
 602              	.L50:
 603              		.align	2
 604              	.L49:
 605 0204 00000000 		.word	.LANCHOR0
 606 0208 00000000 		.word	_ZL13should_acceptPK14CanardInstancePyt18CanardTransferTypeh
 607 020c 00000000 		.word	_ZL20on_transfer_receivedP14CanardInstanceP16CanardRxTransfer
 608 0210 38000000 		.word	_ZL15canard_mem_pool
 609              		.cfi_endproc
 610              	.LFE347:
 612              		.align	1
 613              		.global	_Z20My_Canard_Process_Txv
 614              		.syntax unified
 615              		.thumb
 616              		.thumb_func
 618              	_Z20My_Canard_Process_Txv:
 619              	.LFB348:
 166:My_Top/Drone_CAN/my_uav_can.cpp ****     const CanardCANFrame* tx_frame;
 620              		.loc 1 166 1 is_stmt 1 view -0
 621              		.cfi_startproc
 622              		@ args = 0, pretend = 0, frame = 0
 623              		@ frame_needed = 0, uses_anonymous_args = 0
 624 0214 08B5     		push	{r3, lr}
 625              		.cfi_def_cfa_offset 8
 626              		.cfi_offset 3, -8
 627              		.cfi_offset 14, -4
 167:My_Top/Drone_CAN/my_uav_can.cpp **** 
 628              		.loc 1 167 5 view .LVU177
 170:My_Top/Drone_CAN/my_uav_can.cpp ****     {
ARM GAS  /tmp/ccR8yt72.s 			page 20


 629              		.loc 1 170 5 view .LVU178
 630 0216 02E0     		b	.L52
 631              	.LVL51:
 632              	.L56:
 173:My_Top/Drone_CAN/my_uav_can.cpp ****         else
 633              		.loc 1 173 13 view .LVU179
 173:My_Top/Drone_CAN/my_uav_can.cpp ****         else
 634              		.loc 1 173 29 is_stmt 0 view .LVU180
 635 0218 0648     		ldr	r0, .L57
 636 021a FFF7FEFF 		bl	canardPopTxQueue
 637              	.LVL52:
 638              	.L52:
 170:My_Top/Drone_CAN/my_uav_can.cpp ****     {
 639              		.loc 1 170 52 is_stmt 1 view .LVU181
 170:My_Top/Drone_CAN/my_uav_can.cpp ****     {
 640              		.loc 1 170 41 is_stmt 0 view .LVU182
 641 021e 0548     		ldr	r0, .L57
 642 0220 FFF7FEFF 		bl	canardPeekTxQueue
 643              	.LVL53:
 170:My_Top/Drone_CAN/my_uav_can.cpp ****     {
 644              		.loc 1 170 52 discriminator 1 view .LVU183
 645 0224 0346     		mov	r3, r0
 646 0226 20B1     		cbz	r0, .L51
 172:My_Top/Drone_CAN/my_uav_can.cpp ****             canardPopTxQueue(&canard);   // еҸ‘йҖҒжҲҗеҠҹпјҢз§»еҮәйҳҹеҲ—
 647              		.loc 1 172 9 is_stmt 1 view .LVU184
 172:My_Top/Drone_CAN/my_uav_can.cpp ****             canardPopTxQueue(&canard);   // еҸ‘йҖҒжҲҗеҠҹпјҢз§»еҮәйҳҹеҲ—
 648              		.loc 1 172 33 is_stmt 0 view .LVU185
 649 0228 1846     		mov	r0, r3
 172:My_Top/Drone_CAN/my_uav_can.cpp ****             canardPopTxQueue(&canard);   // еҸ‘йҖҒжҲҗеҠҹпјҢз§»еҮәйҳҹеҲ—
 650              		.loc 1 172 33 view .LVU186
 651 022a FFF7FEFF 		bl	_Z20dronecan_if_transmitPK14CanardCANFrame
 652              	.LVL54:
 172:My_Top/Drone_CAN/my_uav_can.cpp ****             canardPopTxQueue(&canard);   // еҸ‘йҖҒжҲҗеҠҹпјҢз§»еҮәйҳҹеҲ—
 653              		.loc 1 172 9 discriminator 1 view .LVU187
 654 022e 0128     		cmp	r0, #1
 655 0230 F2D0     		beq	.L56
 656              	.L51:
 177:My_Top/Drone_CAN/my_uav_can.cpp **** 
 657              		.loc 1 177 1 view .LVU188
 658 0232 08BD     		pop	{r3, pc}
 659              	.L58:
 660              		.align	2
 661              	.L57:
 662 0234 00000000 		.word	.LANCHOR0
 663              		.cfi_endproc
 664              	.LFE348:
 666              		.align	1
 667              		.global	_Z20My_Canard_Process_Rxv
 668              		.syntax unified
 669              		.thumb
 670              		.thumb_func
 672              	_Z20My_Canard_Process_Rxv:
 673              	.LFB349:
 184:My_Top/Drone_CAN/my_uav_can.cpp ****     CanardCANFrame rx_frame;
 674              		.loc 1 184 1 is_stmt 1 view -0
 675              		.cfi_startproc
 676              		@ args = 0, pretend = 0, frame = 16
ARM GAS  /tmp/ccR8yt72.s 			page 21


 677              		@ frame_needed = 0, uses_anonymous_args = 0
 678 0238 00B5     		push	{lr}
 679              		.cfi_def_cfa_offset 4
 680              		.cfi_offset 14, -4
 681 023a 85B0     		sub	sp, sp, #20
 682              		.cfi_def_cfa_offset 24
 185:My_Top/Drone_CAN/my_uav_can.cpp **** 
 683              		.loc 1 185 5 view .LVU190
 188:My_Top/Drone_CAN/my_uav_can.cpp ****     {
 684              		.loc 1 188 5 view .LVU191
 685 023c 07E0     		b	.L60
 686              	.L61:
 191:My_Top/Drone_CAN/my_uav_can.cpp ****     }
 687              		.loc 1 191 9 view .LVU192
 191:My_Top/Drone_CAN/my_uav_can.cpp ****     }
 688              		.loc 1 191 28 is_stmt 0 view .LVU193
 689 023e FFF7FEFF 		bl	_ZN10HAL_System11get_tick_usEv
 690              	.LVL55:
 691 0242 0246     		mov	r2, r0
 692 0244 0B46     		mov	r3, r1
 191:My_Top/Drone_CAN/my_uav_can.cpp ****     }
 693              		.loc 1 191 28 discriminator 1 view .LVU194
 694 0246 6946     		mov	r1, sp
 695 0248 0548     		ldr	r0, .L63
 696 024a FFF7FEFF 		bl	canardHandleRxFrame
 697              	.LVL56:
 698              	.L60:
 188:My_Top/Drone_CAN/my_uav_can.cpp ****     {
 699              		.loc 1 188 43 is_stmt 1 view .LVU195
 188:My_Top/Drone_CAN/my_uav_can.cpp ****     {
 700              		.loc 1 188 31 is_stmt 0 view .LVU196
 701 024e 6846     		mov	r0, sp
 702 0250 FFF7FEFF 		bl	_Z19dronecan_if_receiveP14CanardCANFrame
 703              	.LVL57:
 188:My_Top/Drone_CAN/my_uav_can.cpp ****     {
 704              		.loc 1 188 43 discriminator 1 view .LVU197
 705 0254 0128     		cmp	r0, #1
 706 0256 F2D0     		beq	.L61
 193:My_Top/Drone_CAN/my_uav_can.cpp **** 
 707              		.loc 1 193 1 view .LVU198
 708 0258 05B0     		add	sp, sp, #20
 709              		.cfi_def_cfa_offset 4
 710              		@ sp needed
 711 025a 5DF804FB 		ldr	pc, [sp], #4
 712              	.L64:
 713 025e 00BF     		.align	2
 714              	.L63:
 715 0260 00000000 		.word	.LANCHOR0
 716              		.cfi_endproc
 717              	.LFE349:
 719              		.align	1
 720              		.global	_Z22My_DroneCanard_Processv
 721              		.syntax unified
 722              		.thumb
 723              		.thumb_func
 725              	_Z22My_DroneCanard_Processv:
 726              	.LFB350:
ARM GAS  /tmp/ccR8yt72.s 			page 22


 202:My_Top/Drone_CAN/my_uav_can.cpp ****     // еҸ‘дёҖеё§ вҶ’ з«ӢеҲ»ж”¶дёҖеё§пјҢйҳІжӯўеӨҡеё§дј иҫ“ж—¶ RX FIFOпјҲд»…3ж§ҪпјүжәўеҮәдёўеё§
 727              		.loc 1 202 1 is_stmt 1 view -0
 728              		.cfi_startproc
 729              		@ args = 0, pretend = 0, frame = 0
 730              		@ frame_needed = 0, uses_anonymous_args = 0
 731 0264 38B5     		push	{r3, r4, r5, lr}
 732              		.cfi_def_cfa_offset 16
 733              		.cfi_offset 3, -16
 734              		.cfi_offset 4, -12
 735              		.cfi_offset 5, -8
 736              		.cfi_offset 14, -4
 204:My_Top/Drone_CAN/my_uav_can.cpp ****     while ((tx_frame = canardPeekTxQueue(&canard)) != NULL)
 737              		.loc 1 204 5 view .LVU200
 205:My_Top/Drone_CAN/my_uav_can.cpp ****     {
 738              		.loc 1 205 5 view .LVU201
 739 0266 04E0     		b	.L66
 740              	.LVL58:
 741              	.L71:
 209:My_Top/Drone_CAN/my_uav_can.cpp ****             My_Canard_Process_Rx();             // з«ӢеҲ»ж”¶еӣһжқҘ
 742              		.loc 1 209 13 view .LVU202
 209:My_Top/Drone_CAN/my_uav_can.cpp ****             My_Canard_Process_Rx();             // з«ӢеҲ»ж”¶еӣһжқҘ
 743              		.loc 1 209 29 is_stmt 0 view .LVU203
 744 0268 1248     		ldr	r0, .L73
 745 026a FFF7FEFF 		bl	canardPopTxQueue
 746              	.LVL59:
 210:My_Top/Drone_CAN/my_uav_can.cpp ****         }
 747              		.loc 1 210 13 is_stmt 1 view .LVU204
 210:My_Top/Drone_CAN/my_uav_can.cpp ****         }
 748              		.loc 1 210 33 is_stmt 0 view .LVU205
 749 026e FFF7FEFF 		bl	_Z20My_Canard_Process_Rxv
 750              	.LVL60:
 751              	.L66:
 205:My_Top/Drone_CAN/my_uav_can.cpp ****     {
 752              		.loc 1 205 52 is_stmt 1 view .LVU206
 205:My_Top/Drone_CAN/my_uav_can.cpp ****     {
 753              		.loc 1 205 41 is_stmt 0 view .LVU207
 754 0272 1048     		ldr	r0, .L73
 755 0274 FFF7FEFF 		bl	canardPeekTxQueue
 756              	.LVL61:
 205:My_Top/Drone_CAN/my_uav_can.cpp ****     {
 757              		.loc 1 205 52 discriminator 1 view .LVU208
 758 0278 0346     		mov	r3, r0
 759 027a 20B1     		cbz	r0, .L67
 207:My_Top/Drone_CAN/my_uav_can.cpp ****         {
 760              		.loc 1 207 9 is_stmt 1 view .LVU209
 207:My_Top/Drone_CAN/my_uav_can.cpp ****         {
 761              		.loc 1 207 33 is_stmt 0 view .LVU210
 762 027c 1846     		mov	r0, r3
 207:My_Top/Drone_CAN/my_uav_can.cpp ****         {
 763              		.loc 1 207 33 view .LVU211
 764 027e FFF7FEFF 		bl	_Z20dronecan_if_transmitPK14CanardCANFrame
 765              	.LVL62:
 207:My_Top/Drone_CAN/my_uav_can.cpp ****         {
 766              		.loc 1 207 9 discriminator 1 view .LVU212
 767 0282 0128     		cmp	r0, #1
 768 0284 F0D0     		beq	.L71
 769              	.L67:
ARM GAS  /tmp/ccR8yt72.s 			page 23


 216:My_Top/Drone_CAN/my_uav_can.cpp **** 
 770              		.loc 1 216 5 is_stmt 1 view .LVU213
 216:My_Top/Drone_CAN/my_uav_can.cpp **** 
 771              		.loc 1 216 25 is_stmt 0 view .LVU214
 772 0286 FFF7FEFF 		bl	_Z20My_Canard_Process_Rxv
 773              	.LVL63:
 219:My_Top/Drone_CAN/my_uav_can.cpp ****     uint32_t now = HAL_System::get_tick_ms();
 774              		.loc 1 219 5 is_stmt 1 view .LVU215
 220:My_Top/Drone_CAN/my_uav_can.cpp ****     if (now - last_cleanup > 1000)
 775              		.loc 1 220 5 view .LVU216
 220:My_Top/Drone_CAN/my_uav_can.cpp ****     if (now - last_cleanup > 1000)
 776              		.loc 1 220 43 is_stmt 0 view .LVU217
 777 028a FFF7FEFF 		bl	_ZN10HAL_System11get_tick_msEv
 778              	.LVL64:
 779 028e 0446     		mov	r4, r0
 780              	.LVL65:
 221:My_Top/Drone_CAN/my_uav_can.cpp ****     {
 781              		.loc 1 221 5 is_stmt 1 view .LVU218
 221:My_Top/Drone_CAN/my_uav_can.cpp ****     {
 782              		.loc 1 221 13 is_stmt 0 view .LVU219
 783 0290 084B     		ldr	r3, .L73
 784 0292 DB6A     		ldr	r3, [r3, #44]
 785 0294 C31A     		subs	r3, r0, r3
 221:My_Top/Drone_CAN/my_uav_can.cpp ****     {
 786              		.loc 1 221 5 view .LVU220
 787 0296 B3F57A7F 		cmp	r3, #1000
 788 029a 00D8     		bhi	.L72
 789              	.LVL66:
 790              	.L65:
 226:My_Top/Drone_CAN/my_uav_can.cpp **** 
 791              		.loc 1 226 1 view .LVU221
 792 029c 38BD     		pop	{r3, r4, r5, pc}
 793              	.LVL67:
 794              	.L72:
 223:My_Top/Drone_CAN/my_uav_can.cpp ****         last_cleanup = now;
 795              		.loc 1 223 9 is_stmt 1 view .LVU222
 223:My_Top/Drone_CAN/my_uav_can.cpp ****         last_cleanup = now;
 796              		.loc 1 223 36 is_stmt 0 view .LVU223
 797 029e 054D     		ldr	r5, .L73
 798 02a0 4FF47A72 		mov	r2, #1000
 799 02a4 00FB02F2 		mul	r2, r0, r2
 800 02a8 0023     		movs	r3, #0
 801 02aa 2846     		mov	r0, r5
 802              	.LVL68:
 223:My_Top/Drone_CAN/my_uav_can.cpp ****         last_cleanup = now;
 803              		.loc 1 223 36 view .LVU224
 804 02ac FFF7FEFF 		bl	canardCleanupStaleTransfers
 805              	.LVL69:
 224:My_Top/Drone_CAN/my_uav_can.cpp ****     }
 806              		.loc 1 224 9 is_stmt 1 view .LVU225
 224:My_Top/Drone_CAN/my_uav_can.cpp ****     }
 807              		.loc 1 224 22 is_stmt 0 view .LVU226
 808 02b0 EC62     		str	r4, [r5, #44]
 226:My_Top/Drone_CAN/my_uav_can.cpp **** 
 809              		.loc 1 226 1 view .LVU227
 810 02b2 F3E7     		b	.L65
 811              	.L74:
ARM GAS  /tmp/ccR8yt72.s 			page 24


 812              		.align	2
 813              	.L73:
 814 02b4 00000000 		.word	.LANCHOR0
 815              		.cfi_endproc
 816              	.LFE350:
 818              		.align	1
 819              		.global	_Z17My_Canard_Processv
 820              		.syntax unified
 821              		.thumb
 822              		.thumb_func
 824              	_Z17My_Canard_Processv:
 825              	.LFB351:
 230:My_Top/Drone_CAN/my_uav_can.cpp ****     My_Canard_Process_Tx();  // д»ҺйҳҹеҲ—еҸ–её§ вҶ’ и°ғзЎ¬д»¶еҸ‘еҮәеҺ»
 826              		.loc 1 230 1 is_stmt 1 view -0
 827              		.cfi_startproc
 828              		@ args = 0, pretend = 0, frame = 0
 829              		@ frame_needed = 0, uses_anonymous_args = 0
 830 02b8 38B5     		push	{r3, r4, r5, lr}
 831              		.cfi_def_cfa_offset 16
 832              		.cfi_offset 3, -16
 833              		.cfi_offset 4, -12
 834              		.cfi_offset 5, -8
 835              		.cfi_offset 14, -4
 231:My_Top/Drone_CAN/my_uav_can.cpp ****     My_Canard_Process_Rx();  // д»ҺзЎ¬д»¶ж”¶её§ вҶ’ е–ӮеҚҸи®®ж Ҳи§Јжһҗ вҶ’ еӣһи°ғ
 836              		.loc 1 231 5 view .LVU229
 231:My_Top/Drone_CAN/my_uav_can.cpp ****     My_Canard_Process_Rx();  // д»ҺзЎ¬д»¶ж”¶её§ вҶ’ е–ӮеҚҸи®®ж Ҳи§Јжһҗ вҶ’ еӣһи°ғ
 837              		.loc 1 231 25 is_stmt 0 view .LVU230
 838 02ba FFF7FEFF 		bl	_Z20My_Canard_Process_Txv
 839              	.LVL70:
 232:My_Top/Drone_CAN/my_uav_can.cpp **** 
 840              		.loc 1 232 5 is_stmt 1 view .LVU231
 232:My_Top/Drone_CAN/my_uav_can.cpp **** 
 841              		.loc 1 232 25 is_stmt 0 view .LVU232
 842 02be FFF7FEFF 		bl	_Z20My_Canard_Process_Rxv
 843              	.LVL71:
 235:My_Top/Drone_CAN/my_uav_can.cpp ****     uint32_t now = HAL_System::get_tick_ms();
 844              		.loc 1 235 5 is_stmt 1 view .LVU233
 236:My_Top/Drone_CAN/my_uav_can.cpp ****     if (now - last_cleanup > 1000)
 845              		.loc 1 236 5 view .LVU234
 236:My_Top/Drone_CAN/my_uav_can.cpp ****     if (now - last_cleanup > 1000)
 846              		.loc 1 236 43 is_stmt 0 view .LVU235
 847 02c2 FFF7FEFF 		bl	_ZN10HAL_System11get_tick_msEv
 848              	.LVL72:
 237:My_Top/Drone_CAN/my_uav_can.cpp ****     {
 849              		.loc 1 237 5 is_stmt 1 view .LVU236
 237:My_Top/Drone_CAN/my_uav_can.cpp ****     {
 850              		.loc 1 237 13 is_stmt 0 view .LVU237
 851 02c6 094B     		ldr	r3, .L79
 852 02c8 1B6B     		ldr	r3, [r3, #48]
 853 02ca C31A     		subs	r3, r0, r3
 237:My_Top/Drone_CAN/my_uav_can.cpp ****     {
 854              		.loc 1 237 5 view .LVU238
 855 02cc B3F57A7F 		cmp	r3, #1000
 856 02d0 00D8     		bhi	.L78
 857              	.LVL73:
 858              	.L75:
 242:My_Top/Drone_CAN/my_uav_can.cpp **** 
ARM GAS  /tmp/ccR8yt72.s 			page 25


 859              		.loc 1 242 1 view .LVU239
 860 02d2 38BD     		pop	{r3, r4, r5, pc}
 861              	.LVL74:
 862              	.L78:
 242:My_Top/Drone_CAN/my_uav_can.cpp **** 
 863              		.loc 1 242 1 view .LVU240
 864 02d4 0446     		mov	r4, r0
 239:My_Top/Drone_CAN/my_uav_can.cpp ****         last_cleanup = now;
 865              		.loc 1 239 9 is_stmt 1 view .LVU241
 239:My_Top/Drone_CAN/my_uav_can.cpp ****         last_cleanup = now;
 866              		.loc 1 239 36 is_stmt 0 view .LVU242
 867 02d6 054D     		ldr	r5, .L79
 868 02d8 4FF47A72 		mov	r2, #1000
 869 02dc 00FB02F2 		mul	r2, r0, r2
 870 02e0 0023     		movs	r3, #0
 871 02e2 2846     		mov	r0, r5
 872              	.LVL75:
 239:My_Top/Drone_CAN/my_uav_can.cpp ****         last_cleanup = now;
 873              		.loc 1 239 36 view .LVU243
 874 02e4 FFF7FEFF 		bl	canardCleanupStaleTransfers
 875              	.LVL76:
 240:My_Top/Drone_CAN/my_uav_can.cpp ****     }
 876              		.loc 1 240 9 is_stmt 1 view .LVU244
 240:My_Top/Drone_CAN/my_uav_can.cpp ****     }
 877              		.loc 1 240 22 is_stmt 0 view .LVU245
 878 02e8 2C63     		str	r4, [r5, #48]
 242:My_Top/Drone_CAN/my_uav_can.cpp **** 
 879              		.loc 1 242 1 view .LVU246
 880 02ea F2E7     		b	.L75
 881              	.L80:
 882              		.align	2
 883              	.L79:
 884 02ec 00000000 		.word	.LANCHOR0
 885              		.cfi_endproc
 886              	.LFE351:
 888              		.section	.rodata.str1.4,"aMS",%progbits,1
 889              		.align	2
 890              	.LC0:
 891 0000 11223344 		.ascii	"\021\"3DUfw\210\000"
 891      55667788 
 891      00
 892              		.text
 893              		.align	1
 894              		.global	_Z16Canard_Test_TxRxv
 895              		.syntax unified
 896              		.thumb
 897              		.thumb_func
 899              	_Z16Canard_Test_TxRxv:
 900              	.LFB360:
 317:My_Top/Drone_CAN/my_uav_can.cpp **** 
 318:My_Top/Drone_CAN/my_uav_can.cpp **** 
 319:My_Top/Drone_CAN/my_uav_can.cpp **** void Canard_Test_TxRx() //жөӢиҜ• Canard ж”¶еҸ‘
 320:My_Top/Drone_CAN/my_uav_can.cpp **** {
 901              		.loc 1 320 1 is_stmt 1 view -0
 902              		.cfi_startproc
 903              		@ args = 0, pretend = 0, frame = 48
 904              		@ frame_needed = 0, uses_anonymous_args = 0
ARM GAS  /tmp/ccR8yt72.s 			page 26


 905 02f0 30B5     		push	{r4, r5, lr}
 906              		.cfi_def_cfa_offset 12
 907              		.cfi_offset 4, -12
 908              		.cfi_offset 5, -8
 909              		.cfi_offset 14, -4
 910 02f2 8DB0     		sub	sp, sp, #52
 911              		.cfi_def_cfa_offset 64
 321:My_Top/Drone_CAN/my_uav_can.cpp ****     uint8_t data[8] = {0x11, 0x22, 0x33, 0x44, 0x55, 0x66, 0x77, 0x88}; //дҪҺдәҺ8еӯ—иҠӮзҡ„ж•°жҚ®дёҚ
 912              		.loc 1 321 5 view .LVU248
 913              		.loc 1 321 13 is_stmt 0 view .LVU249
 914 02f4 164B     		ldr	r3, .L86+8
 915 02f6 0AAC     		add	r4, sp, #40
 916 02f8 93E80300 		ldm	r3, {r0, r1}
 917 02fc 84E80300 		stm	r4, {r0, r1}
 322:My_Top/Drone_CAN/my_uav_can.cpp ****     uint16_t len = sizeof(data)/sizeof(data[0]);
 918              		.loc 1 322 5 is_stmt 1 view .LVU250
 919              	.LVL77:
 323:My_Top/Drone_CAN/my_uav_can.cpp ****     static uint8_t transfer_id = 0;  // вҶҗ дј иҫ“IDпјҢеҚҸи®®ж ҲиҮӘеҠЁйҖ’еўһ
 920              		.loc 1 323 5 view .LVU251
 324:My_Top/Drone_CAN/my_uav_can.cpp **** 
 325:My_Top/Drone_CAN/my_uav_can.cpp ****     CanardTxTransfer t = {};
 921              		.loc 1 325 5 view .LVU252
 922              		.loc 1 325 22 is_stmt 0 view .LVU253
 923 0300 2822     		movs	r2, #40
 924 0302 0021     		movs	r1, #0
 925 0304 6846     		mov	r0, sp
 926 0306 FFF7FEFF 		bl	memset
 927              	.LVL78:
 326:My_Top/Drone_CAN/my_uav_can.cpp ****     t.transfer_type       = CanardTransferTypeBroadcast; // иЎЁзӨәиҝҷжқЎж¶ҲжҒҜжҳҜе№ҝж’ӯж¶ҲжҒҜ еҸ‘з»
 928              		.loc 1 326 5 is_stmt 1 view .LVU254
 929              		.loc 1 326 27 is_stmt 0 view .LVU255
 930 030a 0223     		movs	r3, #2
 931 030c 8DF80030 		strb	r3, [sp]
 327:My_Top/Drone_CAN/my_uav_can.cpp ****     t.data_type_signature = 0x12358925;  //жЁЎжӢҹеҒҮзӯҫеҗҚ
 932              		.loc 1 327 5 is_stmt 1 view .LVU256
 933              		.loc 1 327 27 is_stmt 0 view .LVU257
 934 0310 0DA3     		adr	r3, .L86
 935 0312 D3E90023 		ldrd	r2, [r3]
 936 0316 CDE90223 		strd	r2, [sp, #8]
 328:My_Top/Drone_CAN/my_uav_can.cpp ****     t.data_type_id        = 5231; // ж¶ҲжҒҜзұ»еһӢID
 937              		.loc 1 328 5 is_stmt 1 view .LVU258
 938              		.loc 1 328 27 is_stmt 0 view .LVU259
 939 031a 41F26F43 		movw	r3, #5231
 940 031e ADF81030 		strh	r3, [sp, #16]	@ movhi
 329:My_Top/Drone_CAN/my_uav_can.cpp ****     t.inout_transfer_id   = &transfer_id;  // еҝ…йЎ»и®ҫдј иҫ“ID еҚҸи®®ж ҲиҮӘеҠЁйҖ’еўһ
 941              		.loc 1 329 5 is_stmt 1 view .LVU260
 942              		.loc 1 329 27 is_stmt 0 view .LVU261
 943 0322 0C48     		ldr	r0, .L86+12
 944 0324 00F13403 		add	r3, r0, #52
 945 0328 0593     		str	r3, [sp, #20]
 330:My_Top/Drone_CAN/my_uav_can.cpp ****     t.payload             = data;
 946              		.loc 1 330 5 is_stmt 1 view .LVU262
 947              		.loc 1 330 27 is_stmt 0 view .LVU263
 948 032a 0794     		str	r4, [sp, #28]
 331:My_Top/Drone_CAN/my_uav_can.cpp ****     t.payload_len         = len;
 949              		.loc 1 331 5 is_stmt 1 view .LVU264
 950              		.loc 1 331 27 is_stmt 0 view .LVU265
ARM GAS  /tmp/ccR8yt72.s 			page 27


 951 032c 0823     		movs	r3, #8
 952 032e ADF82030 		strh	r3, [sp, #32]	@ movhi
 332:My_Top/Drone_CAN/my_uav_can.cpp ****     
 333:My_Top/Drone_CAN/my_uav_can.cpp **** 
 334:My_Top/Drone_CAN/my_uav_can.cpp ****     int16_t ret = canardBroadcastObj(&canard, &t); //жҠҠж•°жҚ®жү“еҢ…жҲҗ Canard еҚҸи®®ж јејҸ вҶ’ иҝӣ
 953              		.loc 1 334 5 is_stmt 1 view .LVU266
 954              		.loc 1 334 37 is_stmt 0 view .LVU267
 955 0332 6946     		mov	r1, sp
 956 0334 FFF7FEFF 		bl	canardBroadcastObj
 957              	.LVL79:
 335:My_Top/Drone_CAN/my_uav_can.cpp ****     if (ret == 0) return; //  еӨұиҙҘпјҢжІЎиҝӣйҳҹеҲ—
 958              		.loc 1 335 5 is_stmt 1 view .LVU268
 959 0338 08B9     		cbnz	r0, .L85
 960              	.LVL80:
 961              	.L81:
 336:My_Top/Drone_CAN/my_uav_can.cpp ****     My_Canard_Process(); // еӨ„зҗҶе®һйҷ…зҡ„ж”¶еҸ‘
 337:My_Top/Drone_CAN/my_uav_can.cpp **** }
 962              		.loc 1 337 1 is_stmt 0 view .LVU269
 963 033a 0DB0     		add	sp, sp, #52
 964              		.cfi_remember_state
 965              		.cfi_def_cfa_offset 12
 966              		@ sp needed
 967 033c 30BD     		pop	{r4, r5, pc}
 968              	.LVL81:
 969              	.L85:
 970              		.cfi_restore_state
 336:My_Top/Drone_CAN/my_uav_can.cpp ****     My_Canard_Process(); // еӨ„зҗҶе®һйҷ…зҡ„ж”¶еҸ‘
 971              		.loc 1 336 5 is_stmt 1 view .LVU270
 336:My_Top/Drone_CAN/my_uav_can.cpp ****     My_Canard_Process(); // еӨ„зҗҶе®һйҷ…зҡ„ж”¶еҸ‘
 972              		.loc 1 336 22 is_stmt 0 view .LVU271
 973 033e FFF7FEFF 		bl	_Z17My_Canard_Processv
 974              	.LVL82:
 336:My_Top/Drone_CAN/my_uav_can.cpp ****     My_Canard_Process(); // еӨ„зҗҶе®һйҷ…зҡ„ж”¶еҸ‘
 975              		.loc 1 336 22 view .LVU272
 976 0342 FAE7     		b	.L81
 977              	.L87:
 978 0344 AFF30080 		.align	3
 979              	.L86:
 980 0348 25893512 		.word	305498405
 981 034c 00000000 		.word	0
 982 0350 00000000 		.word	.LC0
 983 0354 00000000 		.word	.LANCHOR0
 984              		.cfi_endproc
 985              	.LFE360:
 987              		.global	canard
 988              		.bss
 989              		.align	2
 990              		.set	.LANCHOR0,. + 0
 993              	canard:
 994 0000 00000000 		.space	44
 994      00000000 
 994      00000000 
 994      00000000 
 994      00000000 
 997              	_ZZ22My_DroneCanard_ProcessvE12last_cleanup:
 998 002c 00000000 		.space	4
 1001              	_ZZ17My_Canard_ProcessvE12last_cleanup:
ARM GAS  /tmp/ccR8yt72.s 			page 28


 1002 0030 00000000 		.space	4
 1005              	_ZZ16Canard_Test_TxRxvE11transfer_id:
 1006 0034 00       		.space	1
 1007 0035 000000   		.space	3
 1010              	_ZL15canard_mem_pool:
 1011 0038 00000000 		.space	4096
 1011      00000000 
 1011      00000000 
 1011      00000000 
 1011      00000000 
 1012              		.text
 1013              	.Letext0:
 1014              		.file 2 "/opt/arm-gnu-toolchain-14.2/arm-none-eabi/include/machine/_default_types.h"
 1015              		.file 3 "/opt/arm-gnu-toolchain-14.2/arm-none-eabi/include/sys/_stdint.h"
 1016              		.file 4 "Drivers/CMSIS/Device/ST/STM32G4xx/Include/stm32g474xx.h"
 1017              		.file 5 "Drivers/CMSIS/Device/ST/STM32G4xx/Include/stm32g4xx.h"
 1018              		.file 6 "/opt/arm-gnu-toolchain-14.2/lib/gcc/arm-none-eabi/14.2.1/include/stddef.h"
 1019              		.file 7 "Drivers/STM32G4xx_HAL_Driver/Inc/stm32g4xx_hal_def.h"
 1020              		.file 8 "Drivers/STM32G4xx_HAL_Driver/Inc/stm32g4xx_hal_dma.h"
 1021              		.file 9 "Drivers/STM32G4xx_HAL_Driver/Inc/stm32g4xx_hal_fdcan.h"
 1022              		.file 10 "Drivers/STM32G4xx_HAL_Driver/Inc/stm32g4xx_hal_tim.h"
 1023              		.file 11 "My_Top/Drone_CAN/canard.h"
 1024              		.file 12 "My_Top/System/HAL_System.hpp"
 1025              		.file 13 "Middlewares/Third_Party/FreeRTOS/Source/portable/GCC/ARM_CM4F/portmacro.h"
 1026              		.file 14 "Core/Inc/fdcan.h"
 1027              		.file 15 "My_Top/Drone_CAN/my_uav_can.hpp"
 1028              		.file 16 "My_Top/Drone_CAN/dronecan_jiexi.hpp"
 1029              		.file 17 "/opt/arm-gnu-toolchain-14.2/arm-none-eabi/include/string.h"
 1030              		.file 18 "Middlewares/Third_Party/FreeRTOS/Source/include/task.h"
 1031              		.file 19 "My_Top/Drone_CAN/my_fdcan.hpp"
ARM GAS  /tmp/ccR8yt72.s 			page 29


DEFINED SYMBOLS
                            *ABS*:00000000 my_uav_can.cpp
     /tmp/ccR8yt72.s:20     .text:00000000 $t
     /tmp/ccR8yt72.s:25     .text:00000000 _ZL13should_acceptPK14CanardInstancePyt18CanardTransferTypeh
     /tmp/ccR8yt72.s:121    .text:00000060 $d
     /tmp/ccR8yt72.s:130    .text:00000078 $t
     /tmp/ccR8yt72.s:135    .text:00000078 _ZL20on_transfer_receivedP14CanardInstanceP16CanardRxTransfer
     /tmp/ccR8yt72.s:207    .text:000000a8 _Z20dronecan_if_transmitPK14CanardCANFrame
     /tmp/ccR8yt72.s:336    .text:00000108 $d
     /tmp/ccR8yt72.s:340    .text:0000010c $t
     /tmp/ccR8yt72.s:346    .text:0000010c _Z19dronecan_if_receiveP14CanardCANFrame
     /tmp/ccR8yt72.s:462    .text:00000174 $d
     /tmp/ccR8yt72.s:466    .text:00000178 $t
     /tmp/ccR8yt72.s:472    .text:00000178 _Z11test_uavcanv
     /tmp/ccR8yt72.s:552    .text:000001d4 $d
     /tmp/ccR8yt72.s:556    .text:000001d8 $t
     /tmp/ccR8yt72.s:562    .text:000001d8 _Z14My_Canard_Initv
     /tmp/ccR8yt72.s:605    .text:00000204 $d
     /tmp/ccR8yt72.s:1010   .bss:00000038 _ZL15canard_mem_pool
     /tmp/ccR8yt72.s:612    .text:00000214 $t
     /tmp/ccR8yt72.s:618    .text:00000214 _Z20My_Canard_Process_Txv
     /tmp/ccR8yt72.s:662    .text:00000234 $d
     /tmp/ccR8yt72.s:666    .text:00000238 $t
     /tmp/ccR8yt72.s:672    .text:00000238 _Z20My_Canard_Process_Rxv
     /tmp/ccR8yt72.s:715    .text:00000260 $d
     /tmp/ccR8yt72.s:719    .text:00000264 $t
     /tmp/ccR8yt72.s:725    .text:00000264 _Z22My_DroneCanard_Processv
     /tmp/ccR8yt72.s:814    .text:000002b4 $d
     /tmp/ccR8yt72.s:818    .text:000002b8 $t
     /tmp/ccR8yt72.s:824    .text:000002b8 _Z17My_Canard_Processv
     /tmp/ccR8yt72.s:884    .text:000002ec $d
     /tmp/ccR8yt72.s:889    .rodata.str1.4:00000000 $d
     /tmp/ccR8yt72.s:893    .text:000002f0 $t
     /tmp/ccR8yt72.s:899    .text:000002f0 _Z16Canard_Test_TxRxv
     /tmp/ccR8yt72.s:980    .text:00000348 $d
     /tmp/ccR8yt72.s:993    .bss:00000000 canard
     /tmp/ccR8yt72.s:989    .bss:00000000 $d
     /tmp/ccR8yt72.s:997    .bss:0000002c _ZZ22My_DroneCanard_ProcessvE12last_cleanup
     /tmp/ccR8yt72.s:1001   .bss:00000030 _ZZ17My_Canard_ProcessvE12last_cleanup
     /tmp/ccR8yt72.s:1005   .bss:00000034 _ZZ16Canard_Test_TxRxvE11transfer_id

UNDEFINED SYMBOLS
memset
memcpy
_Z14DroneCan_ParseP16CanardRxTransfer
canardReleaseRxTransferPayload
vTaskDelay
HAL_FDCAN_AddMessageToTxFifoQ
hfdcan2
HAL_FDCAN_GetRxFifoFillLevel
HAL_FDCAN_GetRxMessage
_Z11My_Can_Initv
canardInit
canardSetLocalNodeID
canardPopTxQueue
canardPeekTxQueue
_ZN10HAL_System11get_tick_usEv
ARM GAS  /tmp/ccR8yt72.s 			page 30


canardHandleRxFrame
_ZN10HAL_System11get_tick_msEv
canardCleanupStaleTransfers
canardBroadcastObj
