ARM GAS  /tmp/ccXFbce6.s 			page 1


   1              		.cpu cortex-m4
   2              		.arch armv7e-m
   3              		.fpu fpv4-sp-d16
   4              		.eabi_attribute 27, 1
   5              		.eabi_attribute 28, 1
   6              		.eabi_attribute 20, 1
   7              		.eabi_attribute 21, 1
   8              		.eabi_attribute 23, 3
   9              		.eabi_attribute 24, 1
  10              		.eabi_attribute 25, 1
  11              		.eabi_attribute 26, 1
  12              		.eabi_attribute 30, 1
  13              		.eabi_attribute 34, 1
  14              		.eabi_attribute 18, 4
  15              		.file	"My_USB_CDC.cpp"
  16              		.text
  17              	.Ltext0:
  18              		.cfi_sections	.debug_frame
  19              		.file 1 "My_Top/USB_Composite/My_USB_CDC.cpp"
  20              		.align	1
  21              		.global	USB_Register_RxCallback
  22              		.syntax unified
  23              		.thumb
  24              		.thumb_func
  26              	USB_Register_RxCallback:
  27              	.LVL0:
  28              	.LFB341:
   1:My_Top/USB_Composite/My_USB_CDC.cpp **** #include "My_USB_CDC.hpp"
   2:My_Top/USB_Composite/My_USB_CDC.cpp **** 
   3:My_Top/USB_Composite/My_USB_CDC.cpp **** static USB_RxCallback _usb_rx_cb = NULL;
   4:My_Top/USB_Composite/My_USB_CDC.cpp **** 
   5:My_Top/USB_Composite/My_USB_CDC.cpp **** void USB_Register_RxCallback(USB_RxCallback cb)
   6:My_Top/USB_Composite/My_USB_CDC.cpp **** {
  29              		.loc 1 6 1 view -0
  30              		.cfi_startproc
  31              		@ args = 0, pretend = 0, frame = 0
  32              		@ frame_needed = 0, uses_anonymous_args = 0
  33              		@ link register save eliminated.
   7:My_Top/USB_Composite/My_USB_CDC.cpp ****     _usb_rx_cb = cb;
  34              		.loc 1 7 5 view .LVU1
  35              		.loc 1 7 16 is_stmt 0 view .LVU2
  36 0000 014B     		ldr	r3, .L2
  37 0002 1860     		str	r0, [r3]
   8:My_Top/USB_Composite/My_USB_CDC.cpp **** }
  38              		.loc 1 8 1 view .LVU3
  39 0004 7047     		bx	lr
  40              	.L3:
  41 0006 00BF     		.align	2
  42              	.L2:
  43 0008 00000000 		.word	.LANCHOR0
  44              		.cfi_endproc
  45              	.LFE341:
  47              		.align	1
  48              		.global	My_USB_CDC_ProcessRx
  49              		.syntax unified
  50              		.thumb
  51              		.thumb_func
ARM GAS  /tmp/ccXFbce6.s 			page 2


  53              	My_USB_CDC_ProcessRx:
  54              	.LVL1:
  55              	.LFB342:
   9:My_Top/USB_Composite/My_USB_CDC.cpp **** 
  10:My_Top/USB_Composite/My_USB_CDC.cpp **** void My_USB_CDC_ProcessRx(uint8_t* data, uint32_t len)
  11:My_Top/USB_Composite/My_USB_CDC.cpp **** {
  56              		.loc 1 11 1 is_stmt 1 view -0
  57              		.cfi_startproc
  58              		@ args = 0, pretend = 0, frame = 0
  59              		@ frame_needed = 0, uses_anonymous_args = 0
  60              		.loc 1 11 1 is_stmt 0 view .LVU5
  61 000c 08B5     		push	{r3, lr}
  62              		.cfi_def_cfa_offset 8
  63              		.cfi_offset 3, -8
  64              		.cfi_offset 14, -4
  12:My_Top/USB_Composite/My_USB_CDC.cpp ****     if (_usb_rx_cb != NULL) {
  65              		.loc 1 12 5 is_stmt 1 view .LVU6
  66              		.loc 1 12 20 is_stmt 0 view .LVU7
  67 000e 024B     		ldr	r3, .L7
  68 0010 1B68     		ldr	r3, [r3]
  69              		.loc 1 12 5 view .LVU8
  70 0012 03B1     		cbz	r3, .L4
  13:My_Top/USB_Composite/My_USB_CDC.cpp ****         _usb_rx_cb(data, len);
  71              		.loc 1 13 9 is_stmt 1 view .LVU9
  72              		.loc 1 13 19 is_stmt 0 view .LVU10
  73 0014 9847     		blx	r3
  74              	.LVL2:
  75              	.L4:
  14:My_Top/USB_Composite/My_USB_CDC.cpp ****     }
  15:My_Top/USB_Composite/My_USB_CDC.cpp **** }
  76              		.loc 1 15 1 view .LVU11
  77 0016 08BD     		pop	{r3, pc}
  78              	.L8:
  79              		.align	2
  80              	.L7:
  81 0018 00000000 		.word	.LANCHOR0
  82              		.cfi_endproc
  83              	.LFE342:
  85              		.bss
  86              		.align	2
  87              		.set	.LANCHOR0,. + 0
  90              	_ZL10_usb_rx_cb:
  91 0000 00000000 		.space	4
  92              		.text
  93              	.Letext0:
  94              		.file 2 "/opt/arm-gnu-toolchain-14.2/lib/gcc/arm-none-eabi/14.2.1/include/stddef.h"
  95              		.file 3 "/opt/arm-gnu-toolchain-14.2/arm-none-eabi/include/machine/_default_types.h"
  96              		.file 4 "/opt/arm-gnu-toolchain-14.2/arm-none-eabi/include/sys/_stdint.h"
  97              		.file 5 "/opt/arm-gnu-toolchain-14.2/arm-none-eabi/include/stdlib.h"
  98              		.file 6 "/opt/arm-gnu-toolchain-14.2/arm-none-eabi/include/c++/14.2.1/cstdlib"
  99              		.file 7 "/opt/arm-gnu-toolchain-14.2/arm-none-eabi/include/c++/14.2.1/bits/std_abs.h"
 100              		.file 8 "/opt/arm-gnu-toolchain-14.2/arm-none-eabi/include/c++/14.2.1/stdlib.h"
 101              		.file 9 "Drivers/CMSIS/Device/ST/STM32G4xx/Include/stm32g4xx.h"
 102              		.file 10 "My_Top/USB_Composite/My_USB_CDC.hpp"
 103              		.file 11 "/opt/arm-gnu-toolchain-14.2/arm-none-eabi/include/c++/14.2.1/arm-none-eabi/thumb/v7e-m+f
ARM GAS  /tmp/ccXFbce6.s 			page 3


DEFINED SYMBOLS
                            *ABS*:00000000 My_USB_CDC.cpp
     /tmp/ccXFbce6.s:20     .text:00000000 $t
     /tmp/ccXFbce6.s:26     .text:00000000 USB_Register_RxCallback
     /tmp/ccXFbce6.s:43     .text:00000008 $d
     /tmp/ccXFbce6.s:47     .text:0000000c $t
     /tmp/ccXFbce6.s:53     .text:0000000c My_USB_CDC_ProcessRx
     /tmp/ccXFbce6.s:81     .text:00000018 $d
     /tmp/ccXFbce6.s:86     .bss:00000000 $d
     /tmp/ccXFbce6.s:90     .bss:00000000 _ZL10_usb_rx_cb

NO UNDEFINED SYMBOLS
