ARM GAS  /tmp/ccjsQwVC.s 			page 1


   1              		.cpu cortex-m4
   2              		.arch armv7e-m
   3              		.fpu fpv4-sp-d16
   4              		.eabi_attribute 27, 1
   5              		.eabi_attribute 28, 1
   6              		.eabi_attribute 20, 1
   7              		.eabi_attribute 21, 1
   8              		.eabi_attribute 23, 3
   9              		.eabi_attribute 24, 1
  10              		.eabi_attribute 25, 1
  11              		.eabi_attribute 26, 1
  12              		.eabi_attribute 30, 1
  13              		.eabi_attribute 34, 1
  14              		.eabi_attribute 18, 4
  15              		.file	"spi.c"
  16              		.text
  17              	.Ltext0:
  18              		.cfi_sections	.debug_frame
  19              		.file 1 "Core/Src/spi.c"
  20              		.section	.text.MX_SPI3_Init,"ax",%progbits
  21              		.align	1
  22              		.global	MX_SPI3_Init
  23              		.syntax unified
  24              		.thumb
  25              		.thumb_func
  27              	MX_SPI3_Init:
  28              	.LFB329:
   1:Core/Src/spi.c **** /* USER CODE BEGIN Header */
   2:Core/Src/spi.c **** /**
   3:Core/Src/spi.c ****   ******************************************************************************
   4:Core/Src/spi.c ****   * @file    spi.c
   5:Core/Src/spi.c ****   * @brief   This file provides code for the configuration
   6:Core/Src/spi.c ****   *          of the SPI instances.
   7:Core/Src/spi.c ****   ******************************************************************************
   8:Core/Src/spi.c ****   * @attention
   9:Core/Src/spi.c ****   *
  10:Core/Src/spi.c ****   * Copyright (c) 2026 STMicroelectronics.
  11:Core/Src/spi.c ****   * All rights reserved.
  12:Core/Src/spi.c ****   *
  13:Core/Src/spi.c ****   * This software is licensed under terms that can be found in the LICENSE file
  14:Core/Src/spi.c ****   * in the root directory of this software component.
  15:Core/Src/spi.c ****   * If no LICENSE file comes with this software, it is provided AS-IS.
  16:Core/Src/spi.c ****   *
  17:Core/Src/spi.c ****   ******************************************************************************
  18:Core/Src/spi.c ****   */
  19:Core/Src/spi.c **** /* USER CODE END Header */
  20:Core/Src/spi.c **** /* Includes ------------------------------------------------------------------*/
  21:Core/Src/spi.c **** #include "spi.h"
  22:Core/Src/spi.c **** 
  23:Core/Src/spi.c **** /* USER CODE BEGIN 0 */
  24:Core/Src/spi.c **** 
  25:Core/Src/spi.c **** /* USER CODE END 0 */
  26:Core/Src/spi.c **** 
  27:Core/Src/spi.c **** SPI_HandleTypeDef hspi3;
  28:Core/Src/spi.c **** 
  29:Core/Src/spi.c **** /* SPI3 init function */
  30:Core/Src/spi.c **** void MX_SPI3_Init(void)
ARM GAS  /tmp/ccjsQwVC.s 			page 2


  31:Core/Src/spi.c **** {
  29              		.loc 1 31 1 view -0
  30              		.cfi_startproc
  31              		@ args = 0, pretend = 0, frame = 0
  32              		@ frame_needed = 0, uses_anonymous_args = 0
  33 0000 08B5     		push	{r3, lr}
  34              		.cfi_def_cfa_offset 8
  35              		.cfi_offset 3, -8
  36              		.cfi_offset 14, -4
  32:Core/Src/spi.c **** 
  33:Core/Src/spi.c ****   /* USER CODE BEGIN SPI3_Init 0 */
  34:Core/Src/spi.c **** 
  35:Core/Src/spi.c ****   /* USER CODE END SPI3_Init 0 */
  36:Core/Src/spi.c **** 
  37:Core/Src/spi.c ****   /* USER CODE BEGIN SPI3_Init 1 */
  38:Core/Src/spi.c **** 
  39:Core/Src/spi.c ****   /* USER CODE END SPI3_Init 1 */
  40:Core/Src/spi.c ****   hspi3.Instance = SPI3;
  37              		.loc 1 40 3 view .LVU1
  38              		.loc 1 40 18 is_stmt 0 view .LVU2
  39 0002 1148     		ldr	r0, .L5
  40 0004 114B     		ldr	r3, .L5+4
  41 0006 0360     		str	r3, [r0]
  41:Core/Src/spi.c ****   hspi3.Init.Mode = SPI_MODE_MASTER;
  42              		.loc 1 41 3 is_stmt 1 view .LVU3
  43              		.loc 1 41 19 is_stmt 0 view .LVU4
  44 0008 4FF48273 		mov	r3, #260
  45 000c 4360     		str	r3, [r0, #4]
  42:Core/Src/spi.c ****   hspi3.Init.Direction = SPI_DIRECTION_1LINE;
  46              		.loc 1 42 3 is_stmt 1 view .LVU5
  47              		.loc 1 42 24 is_stmt 0 view .LVU6
  48 000e 4FF40043 		mov	r3, #32768
  49 0012 8360     		str	r3, [r0, #8]
  43:Core/Src/spi.c ****   hspi3.Init.DataSize = SPI_DATASIZE_4BIT;
  50              		.loc 1 43 3 is_stmt 1 view .LVU7
  51              		.loc 1 43 23 is_stmt 0 view .LVU8
  52 0014 4FF44073 		mov	r3, #768
  53 0018 C360     		str	r3, [r0, #12]
  44:Core/Src/spi.c ****   hspi3.Init.CLKPolarity = SPI_POLARITY_LOW;
  54              		.loc 1 44 3 is_stmt 1 view .LVU9
  55              		.loc 1 44 26 is_stmt 0 view .LVU10
  56 001a 0023     		movs	r3, #0
  57 001c 0361     		str	r3, [r0, #16]
  45:Core/Src/spi.c ****   hspi3.Init.CLKPhase = SPI_PHASE_1EDGE;
  58              		.loc 1 45 3 is_stmt 1 view .LVU11
  59              		.loc 1 45 23 is_stmt 0 view .LVU12
  60 001e 4361     		str	r3, [r0, #20]
  46:Core/Src/spi.c ****   hspi3.Init.NSS = SPI_NSS_SOFT;
  61              		.loc 1 46 3 is_stmt 1 view .LVU13
  62              		.loc 1 46 18 is_stmt 0 view .LVU14
  63 0020 4FF40072 		mov	r2, #512
  64 0024 8261     		str	r2, [r0, #24]
  47:Core/Src/spi.c ****   hspi3.Init.BaudRatePrescaler = SPI_BAUDRATEPRESCALER_16;
  65              		.loc 1 47 3 is_stmt 1 view .LVU15
  66              		.loc 1 47 32 is_stmt 0 view .LVU16
  67 0026 1822     		movs	r2, #24
  68 0028 C261     		str	r2, [r0, #28]
ARM GAS  /tmp/ccjsQwVC.s 			page 3


  48:Core/Src/spi.c ****   hspi3.Init.FirstBit = SPI_FIRSTBIT_MSB;
  69              		.loc 1 48 3 is_stmt 1 view .LVU17
  70              		.loc 1 48 23 is_stmt 0 view .LVU18
  71 002a 0362     		str	r3, [r0, #32]
  49:Core/Src/spi.c ****   hspi3.Init.TIMode = SPI_TIMODE_DISABLE;
  72              		.loc 1 49 3 is_stmt 1 view .LVU19
  73              		.loc 1 49 21 is_stmt 0 view .LVU20
  74 002c 4362     		str	r3, [r0, #36]
  50:Core/Src/spi.c ****   hspi3.Init.CRCCalculation = SPI_CRCCALCULATION_DISABLE;
  75              		.loc 1 50 3 is_stmt 1 view .LVU21
  76              		.loc 1 50 29 is_stmt 0 view .LVU22
  77 002e 8362     		str	r3, [r0, #40]
  51:Core/Src/spi.c ****   hspi3.Init.CRCPolynomial = 7;
  78              		.loc 1 51 3 is_stmt 1 view .LVU23
  79              		.loc 1 51 28 is_stmt 0 view .LVU24
  80 0030 0722     		movs	r2, #7
  81 0032 C262     		str	r2, [r0, #44]
  52:Core/Src/spi.c ****   hspi3.Init.CRCLength = SPI_CRC_LENGTH_DATASIZE;
  82              		.loc 1 52 3 is_stmt 1 view .LVU25
  83              		.loc 1 52 24 is_stmt 0 view .LVU26
  84 0034 0363     		str	r3, [r0, #48]
  53:Core/Src/spi.c ****   hspi3.Init.NSSPMode = SPI_NSS_PULSE_ENABLE;
  85              		.loc 1 53 3 is_stmt 1 view .LVU27
  86              		.loc 1 53 23 is_stmt 0 view .LVU28
  87 0036 0823     		movs	r3, #8
  88 0038 4363     		str	r3, [r0, #52]
  54:Core/Src/spi.c ****   if (HAL_SPI_Init(&hspi3) != HAL_OK)
  89              		.loc 1 54 3 is_stmt 1 view .LVU29
  90              		.loc 1 54 7 is_stmt 0 view .LVU30
  91 003a FFF7FEFF 		bl	HAL_SPI_Init
  92              	.LVL0:
  93              		.loc 1 54 6 discriminator 1 view .LVU31
  94 003e 00B9     		cbnz	r0, .L4
  95              	.L1:
  55:Core/Src/spi.c ****   {
  56:Core/Src/spi.c ****     Error_Handler();
  57:Core/Src/spi.c ****   }
  58:Core/Src/spi.c ****   /* USER CODE BEGIN SPI3_Init 2 */
  59:Core/Src/spi.c **** 
  60:Core/Src/spi.c ****   /* USER CODE END SPI3_Init 2 */
  61:Core/Src/spi.c **** 
  62:Core/Src/spi.c **** }
  96              		.loc 1 62 1 view .LVU32
  97 0040 08BD     		pop	{r3, pc}
  98              	.L4:
  56:Core/Src/spi.c ****   }
  99              		.loc 1 56 5 is_stmt 1 view .LVU33
 100 0042 FFF7FEFF 		bl	Error_Handler
 101              	.LVL1:
 102              		.loc 1 62 1 is_stmt 0 view .LVU34
 103 0046 FBE7     		b	.L1
 104              	.L6:
 105              		.align	2
 106              	.L5:
 107 0048 00000000 		.word	hspi3
 108 004c 003C0040 		.word	1073757184
 109              		.cfi_endproc
ARM GAS  /tmp/ccjsQwVC.s 			page 4


 110              	.LFE329:
 112              		.section	.text.HAL_SPI_MspInit,"ax",%progbits
 113              		.align	1
 114              		.global	HAL_SPI_MspInit
 115              		.syntax unified
 116              		.thumb
 117              		.thumb_func
 119              	HAL_SPI_MspInit:
 120              	.LVL2:
 121              	.LFB330:
  63:Core/Src/spi.c **** 
  64:Core/Src/spi.c **** void HAL_SPI_MspInit(SPI_HandleTypeDef* spiHandle)
  65:Core/Src/spi.c **** {
 122              		.loc 1 65 1 is_stmt 1 view -0
 123              		.cfi_startproc
 124              		@ args = 0, pretend = 0, frame = 32
 125              		@ frame_needed = 0, uses_anonymous_args = 0
 126              		.loc 1 65 1 is_stmt 0 view .LVU36
 127 0000 00B5     		push	{lr}
 128              		.cfi_def_cfa_offset 4
 129              		.cfi_offset 14, -4
 130 0002 89B0     		sub	sp, sp, #36
 131              		.cfi_def_cfa_offset 40
  66:Core/Src/spi.c **** 
  67:Core/Src/spi.c ****   GPIO_InitTypeDef GPIO_InitStruct = {0};
 132              		.loc 1 67 3 is_stmt 1 view .LVU37
 133              		.loc 1 67 20 is_stmt 0 view .LVU38
 134 0004 0023     		movs	r3, #0
 135 0006 0393     		str	r3, [sp, #12]
 136 0008 0493     		str	r3, [sp, #16]
 137 000a 0593     		str	r3, [sp, #20]
 138 000c 0693     		str	r3, [sp, #24]
 139 000e 0793     		str	r3, [sp, #28]
  68:Core/Src/spi.c ****   if(spiHandle->Instance==SPI3)
 140              		.loc 1 68 3 is_stmt 1 view .LVU39
 141              		.loc 1 68 15 is_stmt 0 view .LVU40
 142 0010 0268     		ldr	r2, [r0]
 143              		.loc 1 68 5 view .LVU41
 144 0012 124B     		ldr	r3, .L11
 145 0014 9A42     		cmp	r2, r3
 146 0016 02D0     		beq	.L10
 147              	.LVL3:
 148              	.L7:
  69:Core/Src/spi.c ****   {
  70:Core/Src/spi.c ****   /* USER CODE BEGIN SPI3_MspInit 0 */
  71:Core/Src/spi.c **** 
  72:Core/Src/spi.c ****   /* USER CODE END SPI3_MspInit 0 */
  73:Core/Src/spi.c ****     /* SPI3 clock enable */
  74:Core/Src/spi.c ****     __HAL_RCC_SPI3_CLK_ENABLE();
  75:Core/Src/spi.c **** 
  76:Core/Src/spi.c ****     __HAL_RCC_GPIOB_CLK_ENABLE();
  77:Core/Src/spi.c ****     /**SPI3 GPIO Configuration
  78:Core/Src/spi.c ****     PB3     ------> SPI3_SCK
  79:Core/Src/spi.c ****     PB5     ------> SPI3_MOSI
  80:Core/Src/spi.c ****     */
  81:Core/Src/spi.c ****     GPIO_InitStruct.Pin = GPIO_PIN_3|GPIO_PIN_5;
  82:Core/Src/spi.c ****     GPIO_InitStruct.Mode = GPIO_MODE_AF_PP;
ARM GAS  /tmp/ccjsQwVC.s 			page 5


  83:Core/Src/spi.c ****     GPIO_InitStruct.Pull = GPIO_NOPULL;
  84:Core/Src/spi.c ****     GPIO_InitStruct.Speed = GPIO_SPEED_FREQ_LOW;
  85:Core/Src/spi.c ****     GPIO_InitStruct.Alternate = GPIO_AF6_SPI3;
  86:Core/Src/spi.c ****     HAL_GPIO_Init(GPIOB, &GPIO_InitStruct);
  87:Core/Src/spi.c **** 
  88:Core/Src/spi.c ****   /* USER CODE BEGIN SPI3_MspInit 1 */
  89:Core/Src/spi.c **** 
  90:Core/Src/spi.c ****   /* USER CODE END SPI3_MspInit 1 */
  91:Core/Src/spi.c ****   }
  92:Core/Src/spi.c **** }
 149              		.loc 1 92 1 view .LVU42
 150 0018 09B0     		add	sp, sp, #36
 151              		.cfi_remember_state
 152              		.cfi_def_cfa_offset 4
 153              		@ sp needed
 154 001a 5DF804FB 		ldr	pc, [sp], #4
 155              	.LVL4:
 156              	.L10:
 157              		.cfi_restore_state
  74:Core/Src/spi.c **** 
 158              		.loc 1 74 5 is_stmt 1 view .LVU43
 159              	.LBB2:
  74:Core/Src/spi.c **** 
 160              		.loc 1 74 5 view .LVU44
  74:Core/Src/spi.c **** 
 161              		.loc 1 74 5 view .LVU45
 162 001e 03F5EA33 		add	r3, r3, #119808
 163 0022 9A6D     		ldr	r2, [r3, #88]
 164 0024 42F40042 		orr	r2, r2, #32768
 165 0028 9A65     		str	r2, [r3, #88]
  74:Core/Src/spi.c **** 
 166              		.loc 1 74 5 view .LVU46
 167 002a 9A6D     		ldr	r2, [r3, #88]
 168 002c 02F40042 		and	r2, r2, #32768
 169 0030 0192     		str	r2, [sp, #4]
  74:Core/Src/spi.c **** 
 170              		.loc 1 74 5 view .LVU47
 171 0032 019A     		ldr	r2, [sp, #4]
 172              	.LBE2:
  74:Core/Src/spi.c **** 
 173              		.loc 1 74 5 view .LVU48
  76:Core/Src/spi.c ****     /**SPI3 GPIO Configuration
 174              		.loc 1 76 5 view .LVU49
 175              	.LBB3:
  76:Core/Src/spi.c ****     /**SPI3 GPIO Configuration
 176              		.loc 1 76 5 view .LVU50
  76:Core/Src/spi.c ****     /**SPI3 GPIO Configuration
 177              		.loc 1 76 5 view .LVU51
 178 0034 DA6C     		ldr	r2, [r3, #76]
 179 0036 42F00202 		orr	r2, r2, #2
 180 003a DA64     		str	r2, [r3, #76]
  76:Core/Src/spi.c ****     /**SPI3 GPIO Configuration
 181              		.loc 1 76 5 view .LVU52
 182 003c DB6C     		ldr	r3, [r3, #76]
 183 003e 03F00203 		and	r3, r3, #2
 184 0042 0293     		str	r3, [sp, #8]
  76:Core/Src/spi.c ****     /**SPI3 GPIO Configuration
ARM GAS  /tmp/ccjsQwVC.s 			page 6


 185              		.loc 1 76 5 view .LVU53
 186 0044 029B     		ldr	r3, [sp, #8]
 187              	.LBE3:
  76:Core/Src/spi.c ****     /**SPI3 GPIO Configuration
 188              		.loc 1 76 5 view .LVU54
  81:Core/Src/spi.c ****     GPIO_InitStruct.Mode = GPIO_MODE_AF_PP;
 189              		.loc 1 81 5 view .LVU55
  81:Core/Src/spi.c ****     GPIO_InitStruct.Mode = GPIO_MODE_AF_PP;
 190              		.loc 1 81 25 is_stmt 0 view .LVU56
 191 0046 2823     		movs	r3, #40
 192 0048 0393     		str	r3, [sp, #12]
  82:Core/Src/spi.c ****     GPIO_InitStruct.Pull = GPIO_NOPULL;
 193              		.loc 1 82 5 is_stmt 1 view .LVU57
  82:Core/Src/spi.c ****     GPIO_InitStruct.Pull = GPIO_NOPULL;
 194              		.loc 1 82 26 is_stmt 0 view .LVU58
 195 004a 0223     		movs	r3, #2
 196 004c 0493     		str	r3, [sp, #16]
  83:Core/Src/spi.c ****     GPIO_InitStruct.Speed = GPIO_SPEED_FREQ_LOW;
 197              		.loc 1 83 5 is_stmt 1 view .LVU59
  84:Core/Src/spi.c ****     GPIO_InitStruct.Alternate = GPIO_AF6_SPI3;
 198              		.loc 1 84 5 view .LVU60
  85:Core/Src/spi.c ****     HAL_GPIO_Init(GPIOB, &GPIO_InitStruct);
 199              		.loc 1 85 5 view .LVU61
  85:Core/Src/spi.c ****     HAL_GPIO_Init(GPIOB, &GPIO_InitStruct);
 200              		.loc 1 85 31 is_stmt 0 view .LVU62
 201 004e 0623     		movs	r3, #6
 202 0050 0793     		str	r3, [sp, #28]
  86:Core/Src/spi.c **** 
 203              		.loc 1 86 5 is_stmt 1 view .LVU63
 204 0052 03A9     		add	r1, sp, #12
 205 0054 0248     		ldr	r0, .L11+4
 206              	.LVL5:
  86:Core/Src/spi.c **** 
 207              		.loc 1 86 5 is_stmt 0 view .LVU64
 208 0056 FFF7FEFF 		bl	HAL_GPIO_Init
 209              	.LVL6:
 210              		.loc 1 92 1 view .LVU65
 211 005a DDE7     		b	.L7
 212              	.L12:
 213              		.align	2
 214              	.L11:
 215 005c 003C0040 		.word	1073757184
 216 0060 00040048 		.word	1207960576
 217              		.cfi_endproc
 218              	.LFE330:
 220              		.section	.text.HAL_SPI_MspDeInit,"ax",%progbits
 221              		.align	1
 222              		.global	HAL_SPI_MspDeInit
 223              		.syntax unified
 224              		.thumb
 225              		.thumb_func
 227              	HAL_SPI_MspDeInit:
 228              	.LVL7:
 229              	.LFB331:
  93:Core/Src/spi.c **** 
  94:Core/Src/spi.c **** void HAL_SPI_MspDeInit(SPI_HandleTypeDef* spiHandle)
  95:Core/Src/spi.c **** {
ARM GAS  /tmp/ccjsQwVC.s 			page 7


 230              		.loc 1 95 1 is_stmt 1 view -0
 231              		.cfi_startproc
 232              		@ args = 0, pretend = 0, frame = 0
 233              		@ frame_needed = 0, uses_anonymous_args = 0
 234              		.loc 1 95 1 is_stmt 0 view .LVU67
 235 0000 08B5     		push	{r3, lr}
 236              		.cfi_def_cfa_offset 8
 237              		.cfi_offset 3, -8
 238              		.cfi_offset 14, -4
  96:Core/Src/spi.c **** 
  97:Core/Src/spi.c ****   if(spiHandle->Instance==SPI3)
 239              		.loc 1 97 3 is_stmt 1 view .LVU68
 240              		.loc 1 97 15 is_stmt 0 view .LVU69
 241 0002 0268     		ldr	r2, [r0]
 242              		.loc 1 97 5 view .LVU70
 243 0004 064B     		ldr	r3, .L17
 244 0006 9A42     		cmp	r2, r3
 245 0008 00D0     		beq	.L16
 246              	.LVL8:
 247              	.L13:
  98:Core/Src/spi.c ****   {
  99:Core/Src/spi.c ****   /* USER CODE BEGIN SPI3_MspDeInit 0 */
 100:Core/Src/spi.c **** 
 101:Core/Src/spi.c ****   /* USER CODE END SPI3_MspDeInit 0 */
 102:Core/Src/spi.c ****     /* Peripheral clock disable */
 103:Core/Src/spi.c ****     __HAL_RCC_SPI3_CLK_DISABLE();
 104:Core/Src/spi.c **** 
 105:Core/Src/spi.c ****     /**SPI3 GPIO Configuration
 106:Core/Src/spi.c ****     PB3     ------> SPI3_SCK
 107:Core/Src/spi.c ****     PB5     ------> SPI3_MOSI
 108:Core/Src/spi.c ****     */
 109:Core/Src/spi.c ****     HAL_GPIO_DeInit(GPIOB, GPIO_PIN_3|GPIO_PIN_5);
 110:Core/Src/spi.c **** 
 111:Core/Src/spi.c ****   /* USER CODE BEGIN SPI3_MspDeInit 1 */
 112:Core/Src/spi.c **** 
 113:Core/Src/spi.c ****   /* USER CODE END SPI3_MspDeInit 1 */
 114:Core/Src/spi.c ****   }
 115:Core/Src/spi.c **** }
 248              		.loc 1 115 1 view .LVU71
 249 000a 08BD     		pop	{r3, pc}
 250              	.LVL9:
 251              	.L16:
 103:Core/Src/spi.c **** 
 252              		.loc 1 103 5 is_stmt 1 view .LVU72
 253 000c 054A     		ldr	r2, .L17+4
 254 000e 936D     		ldr	r3, [r2, #88]
 255 0010 23F40043 		bic	r3, r3, #32768
 256 0014 9365     		str	r3, [r2, #88]
 109:Core/Src/spi.c **** 
 257              		.loc 1 109 5 view .LVU73
 258 0016 2821     		movs	r1, #40
 259 0018 0348     		ldr	r0, .L17+8
 260              	.LVL10:
 109:Core/Src/spi.c **** 
 261              		.loc 1 109 5 is_stmt 0 view .LVU74
 262 001a FFF7FEFF 		bl	HAL_GPIO_DeInit
 263              	.LVL11:
ARM GAS  /tmp/ccjsQwVC.s 			page 8


 264              		.loc 1 115 1 view .LVU75
 265 001e F4E7     		b	.L13
 266              	.L18:
 267              		.align	2
 268              	.L17:
 269 0020 003C0040 		.word	1073757184
 270 0024 00100240 		.word	1073876992
 271 0028 00040048 		.word	1207960576
 272              		.cfi_endproc
 273              	.LFE331:
 275              		.global	hspi3
 276              		.section	.bss.hspi3,"aw",%nobits
 277              		.align	2
 280              	hspi3:
 281 0000 00000000 		.space	100
 281      00000000 
 281      00000000 
 281      00000000 
 281      00000000 
 282              		.text
 283              	.Letext0:
 284              		.file 2 "/opt/arm-gnu-toolchain-14.2/arm-none-eabi/include/machine/_default_types.h"
 285              		.file 3 "/opt/arm-gnu-toolchain-14.2/arm-none-eabi/include/sys/_stdint.h"
 286              		.file 4 "Drivers/CMSIS/Device/ST/STM32G4xx/Include/stm32g474xx.h"
 287              		.file 5 "Drivers/STM32G4xx_HAL_Driver/Inc/stm32g4xx_hal_def.h"
 288              		.file 6 "Drivers/STM32G4xx_HAL_Driver/Inc/stm32g4xx_hal_gpio.h"
 289              		.file 7 "Drivers/STM32G4xx_HAL_Driver/Inc/stm32g4xx_hal_dma.h"
 290              		.file 8 "Drivers/STM32G4xx_HAL_Driver/Inc/stm32g4xx_hal_spi.h"
 291              		.file 9 "Core/Inc/spi.h"
 292              		.file 10 "Core/Inc/main.h"
ARM GAS  /tmp/ccjsQwVC.s 			page 9


DEFINED SYMBOLS
                            *ABS*:00000000 spi.c
     /tmp/ccjsQwVC.s:21     .text.MX_SPI3_Init:00000000 $t
     /tmp/ccjsQwVC.s:27     .text.MX_SPI3_Init:00000000 MX_SPI3_Init
     /tmp/ccjsQwVC.s:107    .text.MX_SPI3_Init:00000048 $d
     /tmp/ccjsQwVC.s:280    .bss.hspi3:00000000 hspi3
     /tmp/ccjsQwVC.s:113    .text.HAL_SPI_MspInit:00000000 $t
     /tmp/ccjsQwVC.s:119    .text.HAL_SPI_MspInit:00000000 HAL_SPI_MspInit
     /tmp/ccjsQwVC.s:215    .text.HAL_SPI_MspInit:0000005c $d
     /tmp/ccjsQwVC.s:221    .text.HAL_SPI_MspDeInit:00000000 $t
     /tmp/ccjsQwVC.s:227    .text.HAL_SPI_MspDeInit:00000000 HAL_SPI_MspDeInit
     /tmp/ccjsQwVC.s:269    .text.HAL_SPI_MspDeInit:00000020 $d
     /tmp/ccjsQwVC.s:277    .bss.hspi3:00000000 $d

UNDEFINED SYMBOLS
HAL_SPI_Init
Error_Handler
HAL_GPIO_Init
HAL_GPIO_DeInit
