ARM GAS  /tmp/ccbJRtBh.s 			page 1


   1              		.cpu cortex-m4
   2              		.arch armv7e-m
   3              		.fpu fpv4-sp-d16
   4              		.eabi_attribute 27, 1
   5              		.eabi_attribute 28, 1
   6              		.eabi_attribute 20, 1
   7              		.eabi_attribute 21, 1
   8              		.eabi_attribute 23, 3
   9              		.eabi_attribute 24, 1
  10              		.eabi_attribute 25, 1
  11              		.eabi_attribute 26, 1
  12              		.eabi_attribute 30, 1
  13              		.eabi_attribute 34, 1
  14              		.eabi_attribute 18, 4
  15              		.file	"stm32g4xx_it.c"
  16              		.text
  17              	.Ltext0:
  18              		.cfi_sections	.debug_frame
  19              		.file 1 "Core/Src/stm32g4xx_it.c"
  20              		.section	.text.NMI_Handler,"ax",%progbits
  21              		.align	1
  22              		.global	NMI_Handler
  23              		.syntax unified
  24              		.thumb
  25              		.thumb_func
  27              	NMI_Handler:
  28              	.LFB329:
   1:Core/Src/stm32g4xx_it.c **** /* USER CODE BEGIN Header */
   2:Core/Src/stm32g4xx_it.c **** /**
   3:Core/Src/stm32g4xx_it.c ****   ******************************************************************************
   4:Core/Src/stm32g4xx_it.c ****   * @file    stm32g4xx_it.c
   5:Core/Src/stm32g4xx_it.c ****   * @brief   Interrupt Service Routines.
   6:Core/Src/stm32g4xx_it.c ****   ******************************************************************************
   7:Core/Src/stm32g4xx_it.c ****   * @attention
   8:Core/Src/stm32g4xx_it.c ****   *
   9:Core/Src/stm32g4xx_it.c ****   * Copyright (c) 2026 STMicroelectronics.
  10:Core/Src/stm32g4xx_it.c ****   * All rights reserved.
  11:Core/Src/stm32g4xx_it.c ****   *
  12:Core/Src/stm32g4xx_it.c ****   * This software is licensed under terms that can be found in the LICENSE file
  13:Core/Src/stm32g4xx_it.c ****   * in the root directory of this software component.
  14:Core/Src/stm32g4xx_it.c ****   * If no LICENSE file comes with this software, it is provided AS-IS.
  15:Core/Src/stm32g4xx_it.c ****   *
  16:Core/Src/stm32g4xx_it.c ****   ******************************************************************************
  17:Core/Src/stm32g4xx_it.c ****   */
  18:Core/Src/stm32g4xx_it.c **** /* USER CODE END Header */
  19:Core/Src/stm32g4xx_it.c **** 
  20:Core/Src/stm32g4xx_it.c **** /* Includes ------------------------------------------------------------------*/
  21:Core/Src/stm32g4xx_it.c **** #include "main.h"
  22:Core/Src/stm32g4xx_it.c **** #include "stm32g4xx_it.h"
  23:Core/Src/stm32g4xx_it.c **** /* Private includes ----------------------------------------------------------*/
  24:Core/Src/stm32g4xx_it.c **** /* USER CODE BEGIN Includes */
  25:Core/Src/stm32g4xx_it.c **** /* USER CODE END Includes */
  26:Core/Src/stm32g4xx_it.c **** 
  27:Core/Src/stm32g4xx_it.c **** /* Private typedef -----------------------------------------------------------*/
  28:Core/Src/stm32g4xx_it.c **** /* USER CODE BEGIN TD */
  29:Core/Src/stm32g4xx_it.c **** 
  30:Core/Src/stm32g4xx_it.c **** /* USER CODE END TD */
ARM GAS  /tmp/ccbJRtBh.s 			page 2


  31:Core/Src/stm32g4xx_it.c **** 
  32:Core/Src/stm32g4xx_it.c **** /* Private define ------------------------------------------------------------*/
  33:Core/Src/stm32g4xx_it.c **** /* USER CODE BEGIN PD */
  34:Core/Src/stm32g4xx_it.c **** 
  35:Core/Src/stm32g4xx_it.c **** /* USER CODE END PD */
  36:Core/Src/stm32g4xx_it.c **** 
  37:Core/Src/stm32g4xx_it.c **** /* Private macro -------------------------------------------------------------*/
  38:Core/Src/stm32g4xx_it.c **** /* USER CODE BEGIN PM */
  39:Core/Src/stm32g4xx_it.c **** 
  40:Core/Src/stm32g4xx_it.c **** /* USER CODE END PM */
  41:Core/Src/stm32g4xx_it.c **** 
  42:Core/Src/stm32g4xx_it.c **** /* Private variables ---------------------------------------------------------*/
  43:Core/Src/stm32g4xx_it.c **** /* USER CODE BEGIN PV */
  44:Core/Src/stm32g4xx_it.c **** 
  45:Core/Src/stm32g4xx_it.c **** /* USER CODE END PV */
  46:Core/Src/stm32g4xx_it.c **** 
  47:Core/Src/stm32g4xx_it.c **** /* Private function prototypes -----------------------------------------------*/
  48:Core/Src/stm32g4xx_it.c **** /* USER CODE BEGIN PFP */
  49:Core/Src/stm32g4xx_it.c **** 
  50:Core/Src/stm32g4xx_it.c **** /* USER CODE END PFP */
  51:Core/Src/stm32g4xx_it.c **** 
  52:Core/Src/stm32g4xx_it.c **** /* Private user code ---------------------------------------------------------*/
  53:Core/Src/stm32g4xx_it.c **** /* USER CODE BEGIN 0 */
  54:Core/Src/stm32g4xx_it.c **** 
  55:Core/Src/stm32g4xx_it.c **** /* USER CODE END 0 */
  56:Core/Src/stm32g4xx_it.c **** 
  57:Core/Src/stm32g4xx_it.c **** /* External variables --------------------------------------------------------*/
  58:Core/Src/stm32g4xx_it.c **** extern PCD_HandleTypeDef hpcd_USB_FS;
  59:Core/Src/stm32g4xx_it.c **** extern DMA_HandleTypeDef hdma_adc2;
  60:Core/Src/stm32g4xx_it.c **** extern CORDIC_HandleTypeDef hcordic;
  61:Core/Src/stm32g4xx_it.c **** extern FDCAN_HandleTypeDef hfdcan2;
  62:Core/Src/stm32g4xx_it.c **** extern I2C_HandleTypeDef hi2c1;
  63:Core/Src/stm32g4xx_it.c **** extern TIM_HandleTypeDef htim1;
  64:Core/Src/stm32g4xx_it.c **** extern TIM_HandleTypeDef htim3;
  65:Core/Src/stm32g4xx_it.c **** extern TIM_HandleTypeDef htim5;
  66:Core/Src/stm32g4xx_it.c **** extern DMA_HandleTypeDef hdma_usart1_rx;
  67:Core/Src/stm32g4xx_it.c **** extern DMA_HandleTypeDef hdma_usart1_tx;
  68:Core/Src/stm32g4xx_it.c **** extern DMA_HandleTypeDef hdma_usart2_rx;
  69:Core/Src/stm32g4xx_it.c **** extern DMA_HandleTypeDef hdma_usart2_tx;
  70:Core/Src/stm32g4xx_it.c **** extern DMA_HandleTypeDef hdma_usart3_rx;
  71:Core/Src/stm32g4xx_it.c **** extern DMA_HandleTypeDef hdma_usart3_tx;
  72:Core/Src/stm32g4xx_it.c **** extern UART_HandleTypeDef huart1;
  73:Core/Src/stm32g4xx_it.c **** extern UART_HandleTypeDef huart2;
  74:Core/Src/stm32g4xx_it.c **** extern UART_HandleTypeDef huart3;
  75:Core/Src/stm32g4xx_it.c **** extern TIM_HandleTypeDef htim20;
  76:Core/Src/stm32g4xx_it.c **** 
  77:Core/Src/stm32g4xx_it.c **** /* USER CODE BEGIN EV */
  78:Core/Src/stm32g4xx_it.c **** 
  79:Core/Src/stm32g4xx_it.c **** /* USER CODE END EV */
  80:Core/Src/stm32g4xx_it.c **** 
  81:Core/Src/stm32g4xx_it.c **** /******************************************************************************/
  82:Core/Src/stm32g4xx_it.c **** /*           Cortex-M4 Processor Interruption and Exception Handlers          */
  83:Core/Src/stm32g4xx_it.c **** /******************************************************************************/
  84:Core/Src/stm32g4xx_it.c **** /**
  85:Core/Src/stm32g4xx_it.c ****   * @brief This function handles Non maskable interrupt.
  86:Core/Src/stm32g4xx_it.c ****   */
  87:Core/Src/stm32g4xx_it.c **** void NMI_Handler(void)
ARM GAS  /tmp/ccbJRtBh.s 			page 3


  88:Core/Src/stm32g4xx_it.c **** {
  29              		.loc 1 88 1 view -0
  30              		.cfi_startproc
  31              		@ Volatile: function does not return.
  32              		@ args = 0, pretend = 0, frame = 0
  33              		@ frame_needed = 0, uses_anonymous_args = 0
  34              		@ link register save eliminated.
  35              	.L2:
  89:Core/Src/stm32g4xx_it.c ****   /* USER CODE BEGIN NonMaskableInt_IRQn 0 */
  90:Core/Src/stm32g4xx_it.c **** 
  91:Core/Src/stm32g4xx_it.c ****   /* USER CODE END NonMaskableInt_IRQn 0 */
  92:Core/Src/stm32g4xx_it.c ****   /* USER CODE BEGIN NonMaskableInt_IRQn 1 */
  93:Core/Src/stm32g4xx_it.c ****    while (1)
  36              		.loc 1 93 4 view .LVU1
  94:Core/Src/stm32g4xx_it.c ****   {
  95:Core/Src/stm32g4xx_it.c ****   }
  37              		.loc 1 95 3 view .LVU2
  93:Core/Src/stm32g4xx_it.c ****   {
  38              		.loc 1 93 10 view .LVU3
  39 0000 FEE7     		b	.L2
  40              		.cfi_endproc
  41              	.LFE329:
  43              		.section	.text.HardFault_Handler,"ax",%progbits
  44              		.align	1
  45              		.global	HardFault_Handler
  46              		.syntax unified
  47              		.thumb
  48              		.thumb_func
  50              	HardFault_Handler:
  51              	.LFB330:
  96:Core/Src/stm32g4xx_it.c ****   /* USER CODE END NonMaskableInt_IRQn 1 */
  97:Core/Src/stm32g4xx_it.c **** }
  98:Core/Src/stm32g4xx_it.c **** 
  99:Core/Src/stm32g4xx_it.c **** /**
 100:Core/Src/stm32g4xx_it.c ****   * @brief This function handles Hard fault interrupt.
 101:Core/Src/stm32g4xx_it.c ****   */
 102:Core/Src/stm32g4xx_it.c **** void HardFault_Handler(void)
 103:Core/Src/stm32g4xx_it.c **** {
  52              		.loc 1 103 1 view -0
  53              		.cfi_startproc
  54              		@ Volatile: function does not return.
  55              		@ args = 0, pretend = 0, frame = 0
  56              		@ frame_needed = 0, uses_anonymous_args = 0
  57              		@ link register save eliminated.
  58              	.L4:
 104:Core/Src/stm32g4xx_it.c ****   /* USER CODE BEGIN HardFault_IRQn 0 */
 105:Core/Src/stm32g4xx_it.c **** 
 106:Core/Src/stm32g4xx_it.c ****   /* USER CODE END HardFault_IRQn 0 */
 107:Core/Src/stm32g4xx_it.c ****   while (1)
  59              		.loc 1 107 3 view .LVU5
 108:Core/Src/stm32g4xx_it.c ****   {
 109:Core/Src/stm32g4xx_it.c ****     /* USER CODE BEGIN W1_HardFault_IRQn 0 */
 110:Core/Src/stm32g4xx_it.c ****     /* USER CODE END W1_HardFault_IRQn 0 */
 111:Core/Src/stm32g4xx_it.c ****   }
  60              		.loc 1 111 3 view .LVU6
 107:Core/Src/stm32g4xx_it.c ****   {
  61              		.loc 1 107 9 view .LVU7
ARM GAS  /tmp/ccbJRtBh.s 			page 4


  62 0000 FEE7     		b	.L4
  63              		.cfi_endproc
  64              	.LFE330:
  66              		.section	.text.MemManage_Handler,"ax",%progbits
  67              		.align	1
  68              		.global	MemManage_Handler
  69              		.syntax unified
  70              		.thumb
  71              		.thumb_func
  73              	MemManage_Handler:
  74              	.LFB331:
 112:Core/Src/stm32g4xx_it.c **** }
 113:Core/Src/stm32g4xx_it.c **** 
 114:Core/Src/stm32g4xx_it.c **** /**
 115:Core/Src/stm32g4xx_it.c ****   * @brief This function handles Memory management fault.
 116:Core/Src/stm32g4xx_it.c ****   */
 117:Core/Src/stm32g4xx_it.c **** void MemManage_Handler(void)
 118:Core/Src/stm32g4xx_it.c **** {
  75              		.loc 1 118 1 view -0
  76              		.cfi_startproc
  77              		@ Volatile: function does not return.
  78              		@ args = 0, pretend = 0, frame = 0
  79              		@ frame_needed = 0, uses_anonymous_args = 0
  80              		@ link register save eliminated.
  81              	.L6:
 119:Core/Src/stm32g4xx_it.c ****   /* USER CODE BEGIN MemoryManagement_IRQn 0 */
 120:Core/Src/stm32g4xx_it.c **** 
 121:Core/Src/stm32g4xx_it.c ****   /* USER CODE END MemoryManagement_IRQn 0 */
 122:Core/Src/stm32g4xx_it.c ****   while (1)
  82              		.loc 1 122 3 view .LVU9
 123:Core/Src/stm32g4xx_it.c ****   {
 124:Core/Src/stm32g4xx_it.c ****     /* USER CODE BEGIN W1_MemoryManagement_IRQn 0 */
 125:Core/Src/stm32g4xx_it.c ****     /* USER CODE END W1_MemoryManagement_IRQn 0 */
 126:Core/Src/stm32g4xx_it.c ****   }
  83              		.loc 1 126 3 view .LVU10
 122:Core/Src/stm32g4xx_it.c ****   {
  84              		.loc 1 122 9 view .LVU11
  85 0000 FEE7     		b	.L6
  86              		.cfi_endproc
  87              	.LFE331:
  89              		.section	.text.BusFault_Handler,"ax",%progbits
  90              		.align	1
  91              		.global	BusFault_Handler
  92              		.syntax unified
  93              		.thumb
  94              		.thumb_func
  96              	BusFault_Handler:
  97              	.LFB332:
 127:Core/Src/stm32g4xx_it.c **** }
 128:Core/Src/stm32g4xx_it.c **** 
 129:Core/Src/stm32g4xx_it.c **** /**
 130:Core/Src/stm32g4xx_it.c ****   * @brief This function handles Prefetch fault, memory access fault.
 131:Core/Src/stm32g4xx_it.c ****   */
 132:Core/Src/stm32g4xx_it.c **** void BusFault_Handler(void)
 133:Core/Src/stm32g4xx_it.c **** {
  98              		.loc 1 133 1 view -0
  99              		.cfi_startproc
ARM GAS  /tmp/ccbJRtBh.s 			page 5


 100              		@ Volatile: function does not return.
 101              		@ args = 0, pretend = 0, frame = 0
 102              		@ frame_needed = 0, uses_anonymous_args = 0
 103              		@ link register save eliminated.
 104              	.L8:
 134:Core/Src/stm32g4xx_it.c ****   /* USER CODE BEGIN BusFault_IRQn 0 */
 135:Core/Src/stm32g4xx_it.c **** 
 136:Core/Src/stm32g4xx_it.c ****   /* USER CODE END BusFault_IRQn 0 */
 137:Core/Src/stm32g4xx_it.c ****   while (1)
 105              		.loc 1 137 3 view .LVU13
 138:Core/Src/stm32g4xx_it.c ****   {
 139:Core/Src/stm32g4xx_it.c ****     /* USER CODE BEGIN W1_BusFault_IRQn 0 */
 140:Core/Src/stm32g4xx_it.c ****     /* USER CODE END W1_BusFault_IRQn 0 */
 141:Core/Src/stm32g4xx_it.c ****   }
 106              		.loc 1 141 3 view .LVU14
 137:Core/Src/stm32g4xx_it.c ****   {
 107              		.loc 1 137 9 view .LVU15
 108 0000 FEE7     		b	.L8
 109              		.cfi_endproc
 110              	.LFE332:
 112              		.section	.text.UsageFault_Handler,"ax",%progbits
 113              		.align	1
 114              		.global	UsageFault_Handler
 115              		.syntax unified
 116              		.thumb
 117              		.thumb_func
 119              	UsageFault_Handler:
 120              	.LFB333:
 142:Core/Src/stm32g4xx_it.c **** }
 143:Core/Src/stm32g4xx_it.c **** 
 144:Core/Src/stm32g4xx_it.c **** /**
 145:Core/Src/stm32g4xx_it.c ****   * @brief This function handles Undefined instruction or illegal state.
 146:Core/Src/stm32g4xx_it.c ****   */
 147:Core/Src/stm32g4xx_it.c **** void UsageFault_Handler(void)
 148:Core/Src/stm32g4xx_it.c **** {
 121              		.loc 1 148 1 view -0
 122              		.cfi_startproc
 123              		@ Volatile: function does not return.
 124              		@ args = 0, pretend = 0, frame = 0
 125              		@ frame_needed = 0, uses_anonymous_args = 0
 126              		@ link register save eliminated.
 127              	.L10:
 149:Core/Src/stm32g4xx_it.c ****   /* USER CODE BEGIN UsageFault_IRQn 0 */
 150:Core/Src/stm32g4xx_it.c **** 
 151:Core/Src/stm32g4xx_it.c ****   /* USER CODE END UsageFault_IRQn 0 */
 152:Core/Src/stm32g4xx_it.c ****   while (1)
 128              		.loc 1 152 3 view .LVU17
 153:Core/Src/stm32g4xx_it.c ****   {
 154:Core/Src/stm32g4xx_it.c ****     /* USER CODE BEGIN W1_UsageFault_IRQn 0 */
 155:Core/Src/stm32g4xx_it.c ****     /* USER CODE END W1_UsageFault_IRQn 0 */
 156:Core/Src/stm32g4xx_it.c ****   }
 129              		.loc 1 156 3 view .LVU18
 152:Core/Src/stm32g4xx_it.c ****   {
 130              		.loc 1 152 9 view .LVU19
 131 0000 FEE7     		b	.L10
 132              		.cfi_endproc
 133              	.LFE333:
ARM GAS  /tmp/ccbJRtBh.s 			page 6


 135              		.section	.text.DebugMon_Handler,"ax",%progbits
 136              		.align	1
 137              		.global	DebugMon_Handler
 138              		.syntax unified
 139              		.thumb
 140              		.thumb_func
 142              	DebugMon_Handler:
 143              	.LFB334:
 157:Core/Src/stm32g4xx_it.c **** }
 158:Core/Src/stm32g4xx_it.c **** 
 159:Core/Src/stm32g4xx_it.c **** /**
 160:Core/Src/stm32g4xx_it.c ****   * @brief This function handles Debug monitor.
 161:Core/Src/stm32g4xx_it.c ****   */
 162:Core/Src/stm32g4xx_it.c **** void DebugMon_Handler(void)
 163:Core/Src/stm32g4xx_it.c **** {
 144              		.loc 1 163 1 view -0
 145              		.cfi_startproc
 146              		@ args = 0, pretend = 0, frame = 0
 147              		@ frame_needed = 0, uses_anonymous_args = 0
 148              		@ link register save eliminated.
 164:Core/Src/stm32g4xx_it.c ****   /* USER CODE BEGIN DebugMonitor_IRQn 0 */
 165:Core/Src/stm32g4xx_it.c **** 
 166:Core/Src/stm32g4xx_it.c ****   /* USER CODE END DebugMonitor_IRQn 0 */
 167:Core/Src/stm32g4xx_it.c ****   /* USER CODE BEGIN DebugMonitor_IRQn 1 */
 168:Core/Src/stm32g4xx_it.c **** 
 169:Core/Src/stm32g4xx_it.c ****   /* USER CODE END DebugMonitor_IRQn 1 */
 170:Core/Src/stm32g4xx_it.c **** }
 149              		.loc 1 170 1 view .LVU21
 150 0000 7047     		bx	lr
 151              		.cfi_endproc
 152              	.LFE334:
 154              		.section	.text.DMA1_Channel1_IRQHandler,"ax",%progbits
 155              		.align	1
 156              		.global	DMA1_Channel1_IRQHandler
 157              		.syntax unified
 158              		.thumb
 159              		.thumb_func
 161              	DMA1_Channel1_IRQHandler:
 162              	.LFB335:
 171:Core/Src/stm32g4xx_it.c **** 
 172:Core/Src/stm32g4xx_it.c **** /******************************************************************************/
 173:Core/Src/stm32g4xx_it.c **** /* STM32G4xx Peripheral Interrupt Handlers                                    */
 174:Core/Src/stm32g4xx_it.c **** /* Add here the Interrupt Handlers for the used peripherals.                  */
 175:Core/Src/stm32g4xx_it.c **** /* For the available peripheral interrupt handler names,                      */
 176:Core/Src/stm32g4xx_it.c **** /* please refer to the startup file (startup_stm32g4xx.s).                    */
 177:Core/Src/stm32g4xx_it.c **** /******************************************************************************/
 178:Core/Src/stm32g4xx_it.c **** 
 179:Core/Src/stm32g4xx_it.c **** /**
 180:Core/Src/stm32g4xx_it.c ****   * @brief This function handles DMA1 channel1 global interrupt.
 181:Core/Src/stm32g4xx_it.c ****   */
 182:Core/Src/stm32g4xx_it.c **** void DMA1_Channel1_IRQHandler(void)
 183:Core/Src/stm32g4xx_it.c **** {
 163              		.loc 1 183 1 view -0
 164              		.cfi_startproc
 165              		@ args = 0, pretend = 0, frame = 0
 166              		@ frame_needed = 0, uses_anonymous_args = 0
 167 0000 08B5     		push	{r3, lr}
ARM GAS  /tmp/ccbJRtBh.s 			page 7


 168              		.cfi_def_cfa_offset 8
 169              		.cfi_offset 3, -8
 170              		.cfi_offset 14, -4
 184:Core/Src/stm32g4xx_it.c ****   /* USER CODE BEGIN DMA1_Channel1_IRQn 0 */
 185:Core/Src/stm32g4xx_it.c **** 
 186:Core/Src/stm32g4xx_it.c ****   /* USER CODE END DMA1_Channel1_IRQn 0 */
 187:Core/Src/stm32g4xx_it.c ****   HAL_DMA_IRQHandler(&hdma_usart1_rx);
 171              		.loc 1 187 3 view .LVU23
 172 0002 0248     		ldr	r0, .L14
 173 0004 FFF7FEFF 		bl	HAL_DMA_IRQHandler
 174              	.LVL0:
 188:Core/Src/stm32g4xx_it.c ****   /* USER CODE BEGIN DMA1_Channel1_IRQn 1 */
 189:Core/Src/stm32g4xx_it.c **** 
 190:Core/Src/stm32g4xx_it.c ****   /* USER CODE END DMA1_Channel1_IRQn 1 */
 191:Core/Src/stm32g4xx_it.c **** }
 175              		.loc 1 191 1 is_stmt 0 view .LVU24
 176 0008 08BD     		pop	{r3, pc}
 177              	.L15:
 178 000a 00BF     		.align	2
 179              	.L14:
 180 000c 00000000 		.word	hdma_usart1_rx
 181              		.cfi_endproc
 182              	.LFE335:
 184              		.section	.text.DMA1_Channel2_IRQHandler,"ax",%progbits
 185              		.align	1
 186              		.global	DMA1_Channel2_IRQHandler
 187              		.syntax unified
 188              		.thumb
 189              		.thumb_func
 191              	DMA1_Channel2_IRQHandler:
 192              	.LFB336:
 192:Core/Src/stm32g4xx_it.c **** 
 193:Core/Src/stm32g4xx_it.c **** /**
 194:Core/Src/stm32g4xx_it.c ****   * @brief This function handles DMA1 channel2 global interrupt.
 195:Core/Src/stm32g4xx_it.c ****   */
 196:Core/Src/stm32g4xx_it.c **** void DMA1_Channel2_IRQHandler(void)
 197:Core/Src/stm32g4xx_it.c **** {
 193              		.loc 1 197 1 is_stmt 1 view -0
 194              		.cfi_startproc
 195              		@ args = 0, pretend = 0, frame = 0
 196              		@ frame_needed = 0, uses_anonymous_args = 0
 197 0000 08B5     		push	{r3, lr}
 198              		.cfi_def_cfa_offset 8
 199              		.cfi_offset 3, -8
 200              		.cfi_offset 14, -4
 198:Core/Src/stm32g4xx_it.c ****   /* USER CODE BEGIN DMA1_Channel2_IRQn 0 */
 199:Core/Src/stm32g4xx_it.c **** 
 200:Core/Src/stm32g4xx_it.c ****   /* USER CODE END DMA1_Channel2_IRQn 0 */
 201:Core/Src/stm32g4xx_it.c ****   HAL_DMA_IRQHandler(&hdma_usart1_tx);
 201              		.loc 1 201 3 view .LVU26
 202 0002 0248     		ldr	r0, .L18
 203 0004 FFF7FEFF 		bl	HAL_DMA_IRQHandler
 204              	.LVL1:
 202:Core/Src/stm32g4xx_it.c ****   /* USER CODE BEGIN DMA1_Channel2_IRQn 1 */
 203:Core/Src/stm32g4xx_it.c **** 
 204:Core/Src/stm32g4xx_it.c ****   /* USER CODE END DMA1_Channel2_IRQn 1 */
 205:Core/Src/stm32g4xx_it.c **** }
ARM GAS  /tmp/ccbJRtBh.s 			page 8


 205              		.loc 1 205 1 is_stmt 0 view .LVU27
 206 0008 08BD     		pop	{r3, pc}
 207              	.L19:
 208 000a 00BF     		.align	2
 209              	.L18:
 210 000c 00000000 		.word	hdma_usart1_tx
 211              		.cfi_endproc
 212              	.LFE336:
 214              		.section	.text.DMA1_Channel3_IRQHandler,"ax",%progbits
 215              		.align	1
 216              		.global	DMA1_Channel3_IRQHandler
 217              		.syntax unified
 218              		.thumb
 219              		.thumb_func
 221              	DMA1_Channel3_IRQHandler:
 222              	.LFB337:
 206:Core/Src/stm32g4xx_it.c **** 
 207:Core/Src/stm32g4xx_it.c **** /**
 208:Core/Src/stm32g4xx_it.c ****   * @brief This function handles DMA1 channel3 global interrupt.
 209:Core/Src/stm32g4xx_it.c ****   */
 210:Core/Src/stm32g4xx_it.c **** void DMA1_Channel3_IRQHandler(void)
 211:Core/Src/stm32g4xx_it.c **** {
 223              		.loc 1 211 1 is_stmt 1 view -0
 224              		.cfi_startproc
 225              		@ args = 0, pretend = 0, frame = 0
 226              		@ frame_needed = 0, uses_anonymous_args = 0
 227 0000 08B5     		push	{r3, lr}
 228              		.cfi_def_cfa_offset 8
 229              		.cfi_offset 3, -8
 230              		.cfi_offset 14, -4
 212:Core/Src/stm32g4xx_it.c ****   /* USER CODE BEGIN DMA1_Channel3_IRQn 0 */
 213:Core/Src/stm32g4xx_it.c **** 
 214:Core/Src/stm32g4xx_it.c ****   /* USER CODE END DMA1_Channel3_IRQn 0 */
 215:Core/Src/stm32g4xx_it.c ****   HAL_DMA_IRQHandler(&hdma_usart2_rx);
 231              		.loc 1 215 3 view .LVU29
 232 0002 0248     		ldr	r0, .L22
 233 0004 FFF7FEFF 		bl	HAL_DMA_IRQHandler
 234              	.LVL2:
 216:Core/Src/stm32g4xx_it.c ****   /* USER CODE BEGIN DMA1_Channel3_IRQn 1 */
 217:Core/Src/stm32g4xx_it.c **** 
 218:Core/Src/stm32g4xx_it.c ****   /* USER CODE END DMA1_Channel3_IRQn 1 */
 219:Core/Src/stm32g4xx_it.c **** }
 235              		.loc 1 219 1 is_stmt 0 view .LVU30
 236 0008 08BD     		pop	{r3, pc}
 237              	.L23:
 238 000a 00BF     		.align	2
 239              	.L22:
 240 000c 00000000 		.word	hdma_usart2_rx
 241              		.cfi_endproc
 242              	.LFE337:
 244              		.section	.text.DMA1_Channel4_IRQHandler,"ax",%progbits
 245              		.align	1
 246              		.global	DMA1_Channel4_IRQHandler
 247              		.syntax unified
 248              		.thumb
 249              		.thumb_func
 251              	DMA1_Channel4_IRQHandler:
ARM GAS  /tmp/ccbJRtBh.s 			page 9


 252              	.LFB338:
 220:Core/Src/stm32g4xx_it.c **** 
 221:Core/Src/stm32g4xx_it.c **** /**
 222:Core/Src/stm32g4xx_it.c ****   * @brief This function handles DMA1 channel4 global interrupt.
 223:Core/Src/stm32g4xx_it.c ****   */
 224:Core/Src/stm32g4xx_it.c **** void DMA1_Channel4_IRQHandler(void)
 225:Core/Src/stm32g4xx_it.c **** {
 253              		.loc 1 225 1 is_stmt 1 view -0
 254              		.cfi_startproc
 255              		@ args = 0, pretend = 0, frame = 0
 256              		@ frame_needed = 0, uses_anonymous_args = 0
 257 0000 08B5     		push	{r3, lr}
 258              		.cfi_def_cfa_offset 8
 259              		.cfi_offset 3, -8
 260              		.cfi_offset 14, -4
 226:Core/Src/stm32g4xx_it.c ****   /* USER CODE BEGIN DMA1_Channel4_IRQn 0 */
 227:Core/Src/stm32g4xx_it.c **** 
 228:Core/Src/stm32g4xx_it.c ****   /* USER CODE END DMA1_Channel4_IRQn 0 */
 229:Core/Src/stm32g4xx_it.c ****   HAL_DMA_IRQHandler(&hdma_usart2_tx);
 261              		.loc 1 229 3 view .LVU32
 262 0002 0248     		ldr	r0, .L26
 263 0004 FFF7FEFF 		bl	HAL_DMA_IRQHandler
 264              	.LVL3:
 230:Core/Src/stm32g4xx_it.c ****   /* USER CODE BEGIN DMA1_Channel4_IRQn 1 */
 231:Core/Src/stm32g4xx_it.c **** 
 232:Core/Src/stm32g4xx_it.c ****   /* USER CODE END DMA1_Channel4_IRQn 1 */
 233:Core/Src/stm32g4xx_it.c **** }
 265              		.loc 1 233 1 is_stmt 0 view .LVU33
 266 0008 08BD     		pop	{r3, pc}
 267              	.L27:
 268 000a 00BF     		.align	2
 269              	.L26:
 270 000c 00000000 		.word	hdma_usart2_tx
 271              		.cfi_endproc
 272              	.LFE338:
 274              		.section	.text.DMA1_Channel5_IRQHandler,"ax",%progbits
 275              		.align	1
 276              		.global	DMA1_Channel5_IRQHandler
 277              		.syntax unified
 278              		.thumb
 279              		.thumb_func
 281              	DMA1_Channel5_IRQHandler:
 282              	.LFB339:
 234:Core/Src/stm32g4xx_it.c **** 
 235:Core/Src/stm32g4xx_it.c **** /**
 236:Core/Src/stm32g4xx_it.c ****   * @brief This function handles DMA1 channel5 global interrupt.
 237:Core/Src/stm32g4xx_it.c ****   */
 238:Core/Src/stm32g4xx_it.c **** void DMA1_Channel5_IRQHandler(void)
 239:Core/Src/stm32g4xx_it.c **** {
 283              		.loc 1 239 1 is_stmt 1 view -0
 284              		.cfi_startproc
 285              		@ args = 0, pretend = 0, frame = 0
 286              		@ frame_needed = 0, uses_anonymous_args = 0
 287 0000 08B5     		push	{r3, lr}
 288              		.cfi_def_cfa_offset 8
 289              		.cfi_offset 3, -8
 290              		.cfi_offset 14, -4
ARM GAS  /tmp/ccbJRtBh.s 			page 10


 240:Core/Src/stm32g4xx_it.c ****   /* USER CODE BEGIN DMA1_Channel5_IRQn 0 */
 241:Core/Src/stm32g4xx_it.c **** 
 242:Core/Src/stm32g4xx_it.c ****   /* USER CODE END DMA1_Channel5_IRQn 0 */
 243:Core/Src/stm32g4xx_it.c ****   HAL_DMA_IRQHandler(&hdma_usart3_rx);
 291              		.loc 1 243 3 view .LVU35
 292 0002 0248     		ldr	r0, .L30
 293 0004 FFF7FEFF 		bl	HAL_DMA_IRQHandler
 294              	.LVL4:
 244:Core/Src/stm32g4xx_it.c ****   /* USER CODE BEGIN DMA1_Channel5_IRQn 1 */
 245:Core/Src/stm32g4xx_it.c **** 
 246:Core/Src/stm32g4xx_it.c ****   /* USER CODE END DMA1_Channel5_IRQn 1 */
 247:Core/Src/stm32g4xx_it.c **** }
 295              		.loc 1 247 1 is_stmt 0 view .LVU36
 296 0008 08BD     		pop	{r3, pc}
 297              	.L31:
 298 000a 00BF     		.align	2
 299              	.L30:
 300 000c 00000000 		.word	hdma_usart3_rx
 301              		.cfi_endproc
 302              	.LFE339:
 304              		.section	.text.DMA1_Channel6_IRQHandler,"ax",%progbits
 305              		.align	1
 306              		.global	DMA1_Channel6_IRQHandler
 307              		.syntax unified
 308              		.thumb
 309              		.thumb_func
 311              	DMA1_Channel6_IRQHandler:
 312              	.LFB340:
 248:Core/Src/stm32g4xx_it.c **** 
 249:Core/Src/stm32g4xx_it.c **** /**
 250:Core/Src/stm32g4xx_it.c ****   * @brief This function handles DMA1 channel6 global interrupt.
 251:Core/Src/stm32g4xx_it.c ****   */
 252:Core/Src/stm32g4xx_it.c **** void DMA1_Channel6_IRQHandler(void)
 253:Core/Src/stm32g4xx_it.c **** {
 313              		.loc 1 253 1 is_stmt 1 view -0
 314              		.cfi_startproc
 315              		@ args = 0, pretend = 0, frame = 0
 316              		@ frame_needed = 0, uses_anonymous_args = 0
 317 0000 08B5     		push	{r3, lr}
 318              		.cfi_def_cfa_offset 8
 319              		.cfi_offset 3, -8
 320              		.cfi_offset 14, -4
 254:Core/Src/stm32g4xx_it.c ****   /* USER CODE BEGIN DMA1_Channel6_IRQn 0 */
 255:Core/Src/stm32g4xx_it.c **** 
 256:Core/Src/stm32g4xx_it.c ****   /* USER CODE END DMA1_Channel6_IRQn 0 */
 257:Core/Src/stm32g4xx_it.c ****   HAL_DMA_IRQHandler(&hdma_usart3_tx);
 321              		.loc 1 257 3 view .LVU38
 322 0002 0248     		ldr	r0, .L34
 323 0004 FFF7FEFF 		bl	HAL_DMA_IRQHandler
 324              	.LVL5:
 258:Core/Src/stm32g4xx_it.c ****   /* USER CODE BEGIN DMA1_Channel6_IRQn 1 */
 259:Core/Src/stm32g4xx_it.c **** 
 260:Core/Src/stm32g4xx_it.c ****   /* USER CODE END DMA1_Channel6_IRQn 1 */
 261:Core/Src/stm32g4xx_it.c **** }
 325              		.loc 1 261 1 is_stmt 0 view .LVU39
 326 0008 08BD     		pop	{r3, pc}
 327              	.L35:
ARM GAS  /tmp/ccbJRtBh.s 			page 11


 328 000a 00BF     		.align	2
 329              	.L34:
 330 000c 00000000 		.word	hdma_usart3_tx
 331              		.cfi_endproc
 332              	.LFE340:
 334              		.section	.text.DMA1_Channel7_IRQHandler,"ax",%progbits
 335              		.align	1
 336              		.global	DMA1_Channel7_IRQHandler
 337              		.syntax unified
 338              		.thumb
 339              		.thumb_func
 341              	DMA1_Channel7_IRQHandler:
 342              	.LFB341:
 262:Core/Src/stm32g4xx_it.c **** 
 263:Core/Src/stm32g4xx_it.c **** /**
 264:Core/Src/stm32g4xx_it.c ****   * @brief This function handles DMA1 channel7 global interrupt.
 265:Core/Src/stm32g4xx_it.c ****   */
 266:Core/Src/stm32g4xx_it.c **** void DMA1_Channel7_IRQHandler(void)
 267:Core/Src/stm32g4xx_it.c **** {
 343              		.loc 1 267 1 is_stmt 1 view -0
 344              		.cfi_startproc
 345              		@ args = 0, pretend = 0, frame = 0
 346              		@ frame_needed = 0, uses_anonymous_args = 0
 347 0000 08B5     		push	{r3, lr}
 348              		.cfi_def_cfa_offset 8
 349              		.cfi_offset 3, -8
 350              		.cfi_offset 14, -4
 268:Core/Src/stm32g4xx_it.c ****   /* USER CODE BEGIN DMA1_Channel7_IRQn 0 */
 269:Core/Src/stm32g4xx_it.c **** 
 270:Core/Src/stm32g4xx_it.c ****   /* USER CODE END DMA1_Channel7_IRQn 0 */
 271:Core/Src/stm32g4xx_it.c ****   HAL_DMA_IRQHandler(&hdma_adc2);
 351              		.loc 1 271 3 view .LVU41
 352 0002 0248     		ldr	r0, .L38
 353 0004 FFF7FEFF 		bl	HAL_DMA_IRQHandler
 354              	.LVL6:
 272:Core/Src/stm32g4xx_it.c ****   /* USER CODE BEGIN DMA1_Channel7_IRQn 1 */
 273:Core/Src/stm32g4xx_it.c **** 
 274:Core/Src/stm32g4xx_it.c ****   /* USER CODE END DMA1_Channel7_IRQn 1 */
 275:Core/Src/stm32g4xx_it.c **** }
 355              		.loc 1 275 1 is_stmt 0 view .LVU42
 356 0008 08BD     		pop	{r3, pc}
 357              	.L39:
 358 000a 00BF     		.align	2
 359              	.L38:
 360 000c 00000000 		.word	hdma_adc2
 361              		.cfi_endproc
 362              	.LFE341:
 364              		.section	.text.USB_LP_IRQHandler,"ax",%progbits
 365              		.align	1
 366              		.global	USB_LP_IRQHandler
 367              		.syntax unified
 368              		.thumb
 369              		.thumb_func
 371              	USB_LP_IRQHandler:
 372              	.LFB342:
 276:Core/Src/stm32g4xx_it.c **** 
 277:Core/Src/stm32g4xx_it.c **** /**
ARM GAS  /tmp/ccbJRtBh.s 			page 12


 278:Core/Src/stm32g4xx_it.c ****   * @brief This function handles USB low priority interrupt remap.
 279:Core/Src/stm32g4xx_it.c ****   */
 280:Core/Src/stm32g4xx_it.c **** void USB_LP_IRQHandler(void)
 281:Core/Src/stm32g4xx_it.c **** {
 373              		.loc 1 281 1 is_stmt 1 view -0
 374              		.cfi_startproc
 375              		@ args = 0, pretend = 0, frame = 0
 376              		@ frame_needed = 0, uses_anonymous_args = 0
 377 0000 08B5     		push	{r3, lr}
 378              		.cfi_def_cfa_offset 8
 379              		.cfi_offset 3, -8
 380              		.cfi_offset 14, -4
 282:Core/Src/stm32g4xx_it.c ****   /* USER CODE BEGIN USB_LP_IRQn 0 */
 283:Core/Src/stm32g4xx_it.c **** 
 284:Core/Src/stm32g4xx_it.c ****   /* USER CODE END USB_LP_IRQn 0 */
 285:Core/Src/stm32g4xx_it.c ****   HAL_PCD_IRQHandler(&hpcd_USB_FS);
 381              		.loc 1 285 3 view .LVU44
 382 0002 0248     		ldr	r0, .L42
 383 0004 FFF7FEFF 		bl	HAL_PCD_IRQHandler
 384              	.LVL7:
 286:Core/Src/stm32g4xx_it.c ****   /* USER CODE BEGIN USB_LP_IRQn 1 */
 287:Core/Src/stm32g4xx_it.c **** 
 288:Core/Src/stm32g4xx_it.c ****   /* USER CODE END USB_LP_IRQn 1 */
 289:Core/Src/stm32g4xx_it.c **** }
 385              		.loc 1 289 1 is_stmt 0 view .LVU45
 386 0008 08BD     		pop	{r3, pc}
 387              	.L43:
 388 000a 00BF     		.align	2
 389              	.L42:
 390 000c 00000000 		.word	hpcd_USB_FS
 391              		.cfi_endproc
 392              	.LFE342:
 394              		.section	.text.TIM1_BRK_TIM15_IRQHandler,"ax",%progbits
 395              		.align	1
 396              		.global	TIM1_BRK_TIM15_IRQHandler
 397              		.syntax unified
 398              		.thumb
 399              		.thumb_func
 401              	TIM1_BRK_TIM15_IRQHandler:
 402              	.LFB343:
 290:Core/Src/stm32g4xx_it.c **** 
 291:Core/Src/stm32g4xx_it.c **** /**
 292:Core/Src/stm32g4xx_it.c ****   * @brief This function handles TIM1 break interrupt and TIM15 global interrupt.
 293:Core/Src/stm32g4xx_it.c ****   */
 294:Core/Src/stm32g4xx_it.c **** void TIM1_BRK_TIM15_IRQHandler(void)
 295:Core/Src/stm32g4xx_it.c **** {
 403              		.loc 1 295 1 is_stmt 1 view -0
 404              		.cfi_startproc
 405              		@ args = 0, pretend = 0, frame = 0
 406              		@ frame_needed = 0, uses_anonymous_args = 0
 407 0000 08B5     		push	{r3, lr}
 408              		.cfi_def_cfa_offset 8
 409              		.cfi_offset 3, -8
 410              		.cfi_offset 14, -4
 296:Core/Src/stm32g4xx_it.c ****   /* USER CODE BEGIN TIM1_BRK_TIM15_IRQn 0 */
 297:Core/Src/stm32g4xx_it.c **** 
 298:Core/Src/stm32g4xx_it.c ****   /* USER CODE END TIM1_BRK_TIM15_IRQn 0 */
ARM GAS  /tmp/ccbJRtBh.s 			page 13


 299:Core/Src/stm32g4xx_it.c ****   HAL_TIM_IRQHandler(&htim1);
 411              		.loc 1 299 3 view .LVU47
 412 0002 0248     		ldr	r0, .L46
 413 0004 FFF7FEFF 		bl	HAL_TIM_IRQHandler
 414              	.LVL8:
 300:Core/Src/stm32g4xx_it.c ****   /* USER CODE BEGIN TIM1_BRK_TIM15_IRQn 1 */
 301:Core/Src/stm32g4xx_it.c **** 
 302:Core/Src/stm32g4xx_it.c ****   /* USER CODE END TIM1_BRK_TIM15_IRQn 1 */
 303:Core/Src/stm32g4xx_it.c **** }
 415              		.loc 1 303 1 is_stmt 0 view .LVU48
 416 0008 08BD     		pop	{r3, pc}
 417              	.L47:
 418 000a 00BF     		.align	2
 419              	.L46:
 420 000c 00000000 		.word	htim1
 421              		.cfi_endproc
 422              	.LFE343:
 424              		.section	.text.TIM3_IRQHandler,"ax",%progbits
 425              		.align	1
 426              		.global	TIM3_IRQHandler
 427              		.syntax unified
 428              		.thumb
 429              		.thumb_func
 431              	TIM3_IRQHandler:
 432              	.LFB344:
 304:Core/Src/stm32g4xx_it.c **** 
 305:Core/Src/stm32g4xx_it.c **** /**
 306:Core/Src/stm32g4xx_it.c ****   * @brief This function handles TIM3 global interrupt.
 307:Core/Src/stm32g4xx_it.c ****   */
 308:Core/Src/stm32g4xx_it.c **** void TIM3_IRQHandler(void)
 309:Core/Src/stm32g4xx_it.c **** {
 433              		.loc 1 309 1 is_stmt 1 view -0
 434              		.cfi_startproc
 435              		@ args = 0, pretend = 0, frame = 0
 436              		@ frame_needed = 0, uses_anonymous_args = 0
 437 0000 08B5     		push	{r3, lr}
 438              		.cfi_def_cfa_offset 8
 439              		.cfi_offset 3, -8
 440              		.cfi_offset 14, -4
 310:Core/Src/stm32g4xx_it.c ****   /* USER CODE BEGIN TIM3_IRQn 0 */
 311:Core/Src/stm32g4xx_it.c **** 
 312:Core/Src/stm32g4xx_it.c ****   /* USER CODE END TIM3_IRQn 0 */
 313:Core/Src/stm32g4xx_it.c ****   HAL_TIM_IRQHandler(&htim3);
 441              		.loc 1 313 3 view .LVU50
 442 0002 0248     		ldr	r0, .L50
 443 0004 FFF7FEFF 		bl	HAL_TIM_IRQHandler
 444              	.LVL9:
 314:Core/Src/stm32g4xx_it.c ****   /* USER CODE BEGIN TIM3_IRQn 1 */
 315:Core/Src/stm32g4xx_it.c **** 
 316:Core/Src/stm32g4xx_it.c ****   /* USER CODE END TIM3_IRQn 1 */
 317:Core/Src/stm32g4xx_it.c **** }
 445              		.loc 1 317 1 is_stmt 0 view .LVU51
 446 0008 08BD     		pop	{r3, pc}
 447              	.L51:
 448 000a 00BF     		.align	2
 449              	.L50:
 450 000c 00000000 		.word	htim3
ARM GAS  /tmp/ccbJRtBh.s 			page 14


 451              		.cfi_endproc
 452              	.LFE344:
 454              		.section	.text.I2C1_EV_IRQHandler,"ax",%progbits
 455              		.align	1
 456              		.global	I2C1_EV_IRQHandler
 457              		.syntax unified
 458              		.thumb
 459              		.thumb_func
 461              	I2C1_EV_IRQHandler:
 462              	.LFB345:
 318:Core/Src/stm32g4xx_it.c **** 
 319:Core/Src/stm32g4xx_it.c **** /**
 320:Core/Src/stm32g4xx_it.c ****   * @brief This function handles I2C1 event interrupt / I2C1 wake-up interrupt through EXTI line 23
 321:Core/Src/stm32g4xx_it.c ****   */
 322:Core/Src/stm32g4xx_it.c **** void I2C1_EV_IRQHandler(void)
 323:Core/Src/stm32g4xx_it.c **** {
 463              		.loc 1 323 1 is_stmt 1 view -0
 464              		.cfi_startproc
 465              		@ args = 0, pretend = 0, frame = 0
 466              		@ frame_needed = 0, uses_anonymous_args = 0
 467 0000 08B5     		push	{r3, lr}
 468              		.cfi_def_cfa_offset 8
 469              		.cfi_offset 3, -8
 470              		.cfi_offset 14, -4
 324:Core/Src/stm32g4xx_it.c ****   /* USER CODE BEGIN I2C1_EV_IRQn 0 */
 325:Core/Src/stm32g4xx_it.c **** 
 326:Core/Src/stm32g4xx_it.c ****   /* USER CODE END I2C1_EV_IRQn 0 */
 327:Core/Src/stm32g4xx_it.c ****   HAL_I2C_EV_IRQHandler(&hi2c1);
 471              		.loc 1 327 3 view .LVU53
 472 0002 0248     		ldr	r0, .L54
 473 0004 FFF7FEFF 		bl	HAL_I2C_EV_IRQHandler
 474              	.LVL10:
 328:Core/Src/stm32g4xx_it.c ****   /* USER CODE BEGIN I2C1_EV_IRQn 1 */
 329:Core/Src/stm32g4xx_it.c **** 
 330:Core/Src/stm32g4xx_it.c ****   /* USER CODE END I2C1_EV_IRQn 1 */
 331:Core/Src/stm32g4xx_it.c **** }
 475              		.loc 1 331 1 is_stmt 0 view .LVU54
 476 0008 08BD     		pop	{r3, pc}
 477              	.L55:
 478 000a 00BF     		.align	2
 479              	.L54:
 480 000c 00000000 		.word	hi2c1
 481              		.cfi_endproc
 482              	.LFE345:
 484              		.section	.text.I2C1_ER_IRQHandler,"ax",%progbits
 485              		.align	1
 486              		.global	I2C1_ER_IRQHandler
 487              		.syntax unified
 488              		.thumb
 489              		.thumb_func
 491              	I2C1_ER_IRQHandler:
 492              	.LFB346:
 332:Core/Src/stm32g4xx_it.c **** 
 333:Core/Src/stm32g4xx_it.c **** /**
 334:Core/Src/stm32g4xx_it.c ****   * @brief This function handles I2C1 error interrupt.
 335:Core/Src/stm32g4xx_it.c ****   */
 336:Core/Src/stm32g4xx_it.c **** void I2C1_ER_IRQHandler(void)
ARM GAS  /tmp/ccbJRtBh.s 			page 15


 337:Core/Src/stm32g4xx_it.c **** {
 493              		.loc 1 337 1 is_stmt 1 view -0
 494              		.cfi_startproc
 495              		@ args = 0, pretend = 0, frame = 0
 496              		@ frame_needed = 0, uses_anonymous_args = 0
 497 0000 08B5     		push	{r3, lr}
 498              		.cfi_def_cfa_offset 8
 499              		.cfi_offset 3, -8
 500              		.cfi_offset 14, -4
 338:Core/Src/stm32g4xx_it.c ****   /* USER CODE BEGIN I2C1_ER_IRQn 0 */
 339:Core/Src/stm32g4xx_it.c **** 
 340:Core/Src/stm32g4xx_it.c ****   /* USER CODE END I2C1_ER_IRQn 0 */
 341:Core/Src/stm32g4xx_it.c ****   HAL_I2C_ER_IRQHandler(&hi2c1);
 501              		.loc 1 341 3 view .LVU56
 502 0002 0248     		ldr	r0, .L58
 503 0004 FFF7FEFF 		bl	HAL_I2C_ER_IRQHandler
 504              	.LVL11:
 342:Core/Src/stm32g4xx_it.c ****   /* USER CODE BEGIN I2C1_ER_IRQn 1 */
 343:Core/Src/stm32g4xx_it.c **** 
 344:Core/Src/stm32g4xx_it.c ****   /* USER CODE END I2C1_ER_IRQn 1 */
 345:Core/Src/stm32g4xx_it.c **** }
 505              		.loc 1 345 1 is_stmt 0 view .LVU57
 506 0008 08BD     		pop	{r3, pc}
 507              	.L59:
 508 000a 00BF     		.align	2
 509              	.L58:
 510 000c 00000000 		.word	hi2c1
 511              		.cfi_endproc
 512              	.LFE346:
 514              		.section	.text.USART1_IRQHandler,"ax",%progbits
 515              		.align	1
 516              		.global	USART1_IRQHandler
 517              		.syntax unified
 518              		.thumb
 519              		.thumb_func
 521              	USART1_IRQHandler:
 522              	.LFB347:
 346:Core/Src/stm32g4xx_it.c **** 
 347:Core/Src/stm32g4xx_it.c **** /**
 348:Core/Src/stm32g4xx_it.c ****   * @brief This function handles USART1 global interrupt / USART1 wake-up interrupt through EXTI li
 349:Core/Src/stm32g4xx_it.c ****   */
 350:Core/Src/stm32g4xx_it.c **** void USART1_IRQHandler(void)
 351:Core/Src/stm32g4xx_it.c **** {
 523              		.loc 1 351 1 is_stmt 1 view -0
 524              		.cfi_startproc
 525              		@ args = 0, pretend = 0, frame = 0
 526              		@ frame_needed = 0, uses_anonymous_args = 0
 527 0000 08B5     		push	{r3, lr}
 528              		.cfi_def_cfa_offset 8
 529              		.cfi_offset 3, -8
 530              		.cfi_offset 14, -4
 352:Core/Src/stm32g4xx_it.c ****   /* USER CODE BEGIN USART1_IRQn 0 */
 353:Core/Src/stm32g4xx_it.c **** 
 354:Core/Src/stm32g4xx_it.c ****   /* USER CODE END USART1_IRQn 0 */
 355:Core/Src/stm32g4xx_it.c ****   HAL_UART_IRQHandler(&huart1);
 531              		.loc 1 355 3 view .LVU59
 532 0002 0248     		ldr	r0, .L62
ARM GAS  /tmp/ccbJRtBh.s 			page 16


 533 0004 FFF7FEFF 		bl	HAL_UART_IRQHandler
 534              	.LVL12:
 356:Core/Src/stm32g4xx_it.c ****   /* USER CODE BEGIN USART1_IRQn 1 */
 357:Core/Src/stm32g4xx_it.c **** 
 358:Core/Src/stm32g4xx_it.c ****   /* USER CODE END USART1_IRQn 1 */
 359:Core/Src/stm32g4xx_it.c **** }
 535              		.loc 1 359 1 is_stmt 0 view .LVU60
 536 0008 08BD     		pop	{r3, pc}
 537              	.L63:
 538 000a 00BF     		.align	2
 539              	.L62:
 540 000c 00000000 		.word	huart1
 541              		.cfi_endproc
 542              	.LFE347:
 544              		.section	.text.USART2_IRQHandler,"ax",%progbits
 545              		.align	1
 546              		.global	USART2_IRQHandler
 547              		.syntax unified
 548              		.thumb
 549              		.thumb_func
 551              	USART2_IRQHandler:
 552              	.LFB348:
 360:Core/Src/stm32g4xx_it.c **** 
 361:Core/Src/stm32g4xx_it.c **** /**
 362:Core/Src/stm32g4xx_it.c ****   * @brief This function handles USART2 global interrupt / USART2 wake-up interrupt through EXTI li
 363:Core/Src/stm32g4xx_it.c ****   */
 364:Core/Src/stm32g4xx_it.c **** void USART2_IRQHandler(void)
 365:Core/Src/stm32g4xx_it.c **** {
 553              		.loc 1 365 1 is_stmt 1 view -0
 554              		.cfi_startproc
 555              		@ args = 0, pretend = 0, frame = 0
 556              		@ frame_needed = 0, uses_anonymous_args = 0
 557 0000 08B5     		push	{r3, lr}
 558              		.cfi_def_cfa_offset 8
 559              		.cfi_offset 3, -8
 560              		.cfi_offset 14, -4
 366:Core/Src/stm32g4xx_it.c ****   /* USER CODE BEGIN USART2_IRQn 0 */
 367:Core/Src/stm32g4xx_it.c **** 
 368:Core/Src/stm32g4xx_it.c ****   /* USER CODE END USART2_IRQn 0 */
 369:Core/Src/stm32g4xx_it.c ****   HAL_UART_IRQHandler(&huart2);
 561              		.loc 1 369 3 view .LVU62
 562 0002 0248     		ldr	r0, .L66
 563 0004 FFF7FEFF 		bl	HAL_UART_IRQHandler
 564              	.LVL13:
 370:Core/Src/stm32g4xx_it.c ****   /* USER CODE BEGIN USART2_IRQn 1 */
 371:Core/Src/stm32g4xx_it.c **** 
 372:Core/Src/stm32g4xx_it.c ****   /* USER CODE END USART2_IRQn 1 */
 373:Core/Src/stm32g4xx_it.c **** }
 565              		.loc 1 373 1 is_stmt 0 view .LVU63
 566 0008 08BD     		pop	{r3, pc}
 567              	.L67:
 568 000a 00BF     		.align	2
 569              	.L66:
 570 000c 00000000 		.word	huart2
 571              		.cfi_endproc
 572              	.LFE348:
 574              		.section	.text.USART3_IRQHandler,"ax",%progbits
ARM GAS  /tmp/ccbJRtBh.s 			page 17


 575              		.align	1
 576              		.global	USART3_IRQHandler
 577              		.syntax unified
 578              		.thumb
 579              		.thumb_func
 581              	USART3_IRQHandler:
 582              	.LFB349:
 374:Core/Src/stm32g4xx_it.c **** 
 375:Core/Src/stm32g4xx_it.c **** /**
 376:Core/Src/stm32g4xx_it.c ****   * @brief This function handles USART3 global interrupt / USART3 wake-up interrupt through EXTI li
 377:Core/Src/stm32g4xx_it.c ****   */
 378:Core/Src/stm32g4xx_it.c **** void USART3_IRQHandler(void)
 379:Core/Src/stm32g4xx_it.c **** {
 583              		.loc 1 379 1 is_stmt 1 view -0
 584              		.cfi_startproc
 585              		@ args = 0, pretend = 0, frame = 0
 586              		@ frame_needed = 0, uses_anonymous_args = 0
 587 0000 08B5     		push	{r3, lr}
 588              		.cfi_def_cfa_offset 8
 589              		.cfi_offset 3, -8
 590              		.cfi_offset 14, -4
 380:Core/Src/stm32g4xx_it.c ****   /* USER CODE BEGIN USART3_IRQn 0 */
 381:Core/Src/stm32g4xx_it.c **** 
 382:Core/Src/stm32g4xx_it.c ****   /* USER CODE END USART3_IRQn 0 */
 383:Core/Src/stm32g4xx_it.c ****   HAL_UART_IRQHandler(&huart3);
 591              		.loc 1 383 3 view .LVU65
 592 0002 0248     		ldr	r0, .L70
 593 0004 FFF7FEFF 		bl	HAL_UART_IRQHandler
 594              	.LVL14:
 384:Core/Src/stm32g4xx_it.c ****   /* USER CODE BEGIN USART3_IRQn 1 */
 385:Core/Src/stm32g4xx_it.c **** 
 386:Core/Src/stm32g4xx_it.c ****   /* USER CODE END USART3_IRQn 1 */
 387:Core/Src/stm32g4xx_it.c **** }
 595              		.loc 1 387 1 is_stmt 0 view .LVU66
 596 0008 08BD     		pop	{r3, pc}
 597              	.L71:
 598 000a 00BF     		.align	2
 599              	.L70:
 600 000c 00000000 		.word	huart3
 601              		.cfi_endproc
 602              	.LFE349:
 604              		.section	.text.TIM5_IRQHandler,"ax",%progbits
 605              		.align	1
 606              		.global	TIM5_IRQHandler
 607              		.syntax unified
 608              		.thumb
 609              		.thumb_func
 611              	TIM5_IRQHandler:
 612              	.LFB350:
 388:Core/Src/stm32g4xx_it.c **** 
 389:Core/Src/stm32g4xx_it.c **** /**
 390:Core/Src/stm32g4xx_it.c ****   * @brief This function handles TIM5 global interrupt.
 391:Core/Src/stm32g4xx_it.c ****   */
 392:Core/Src/stm32g4xx_it.c **** void TIM5_IRQHandler(void)
 393:Core/Src/stm32g4xx_it.c **** {
 613              		.loc 1 393 1 is_stmt 1 view -0
 614              		.cfi_startproc
ARM GAS  /tmp/ccbJRtBh.s 			page 18


 615              		@ args = 0, pretend = 0, frame = 0
 616              		@ frame_needed = 0, uses_anonymous_args = 0
 617 0000 08B5     		push	{r3, lr}
 618              		.cfi_def_cfa_offset 8
 619              		.cfi_offset 3, -8
 620              		.cfi_offset 14, -4
 394:Core/Src/stm32g4xx_it.c ****   /* USER CODE BEGIN TIM5_IRQn 0 */
 395:Core/Src/stm32g4xx_it.c **** 
 396:Core/Src/stm32g4xx_it.c ****   /* USER CODE END TIM5_IRQn 0 */
 397:Core/Src/stm32g4xx_it.c ****   HAL_TIM_IRQHandler(&htim5);
 621              		.loc 1 397 3 view .LVU68
 622 0002 0248     		ldr	r0, .L74
 623 0004 FFF7FEFF 		bl	HAL_TIM_IRQHandler
 624              	.LVL15:
 398:Core/Src/stm32g4xx_it.c ****   /* USER CODE BEGIN TIM5_IRQn 1 */
 399:Core/Src/stm32g4xx_it.c **** 
 400:Core/Src/stm32g4xx_it.c ****   /* USER CODE END TIM5_IRQn 1 */
 401:Core/Src/stm32g4xx_it.c **** }
 625              		.loc 1 401 1 is_stmt 0 view .LVU69
 626 0008 08BD     		pop	{r3, pc}
 627              	.L75:
 628 000a 00BF     		.align	2
 629              	.L74:
 630 000c 00000000 		.word	htim5
 631              		.cfi_endproc
 632              	.LFE350:
 634              		.section	.text.TIM20_UP_IRQHandler,"ax",%progbits
 635              		.align	1
 636              		.global	TIM20_UP_IRQHandler
 637              		.syntax unified
 638              		.thumb
 639              		.thumb_func
 641              	TIM20_UP_IRQHandler:
 642              	.LFB351:
 402:Core/Src/stm32g4xx_it.c **** 
 403:Core/Src/stm32g4xx_it.c **** /**
 404:Core/Src/stm32g4xx_it.c ****   * @brief This function handles TIM20 update interrupt.
 405:Core/Src/stm32g4xx_it.c ****   */
 406:Core/Src/stm32g4xx_it.c **** void TIM20_UP_IRQHandler(void)
 407:Core/Src/stm32g4xx_it.c **** {
 643              		.loc 1 407 1 is_stmt 1 view -0
 644              		.cfi_startproc
 645              		@ args = 0, pretend = 0, frame = 0
 646              		@ frame_needed = 0, uses_anonymous_args = 0
 647 0000 08B5     		push	{r3, lr}
 648              		.cfi_def_cfa_offset 8
 649              		.cfi_offset 3, -8
 650              		.cfi_offset 14, -4
 408:Core/Src/stm32g4xx_it.c ****   /* USER CODE BEGIN TIM20_UP_IRQn 0 */
 409:Core/Src/stm32g4xx_it.c **** 
 410:Core/Src/stm32g4xx_it.c ****   /* USER CODE END TIM20_UP_IRQn 0 */
 411:Core/Src/stm32g4xx_it.c ****   HAL_TIM_IRQHandler(&htim20);
 651              		.loc 1 411 3 view .LVU71
 652 0002 0248     		ldr	r0, .L78
 653 0004 FFF7FEFF 		bl	HAL_TIM_IRQHandler
 654              	.LVL16:
 412:Core/Src/stm32g4xx_it.c ****   /* USER CODE BEGIN TIM20_UP_IRQn 1 */
ARM GAS  /tmp/ccbJRtBh.s 			page 19


 413:Core/Src/stm32g4xx_it.c **** 
 414:Core/Src/stm32g4xx_it.c ****   /* USER CODE END TIM20_UP_IRQn 1 */
 415:Core/Src/stm32g4xx_it.c **** }
 655              		.loc 1 415 1 is_stmt 0 view .LVU72
 656 0008 08BD     		pop	{r3, pc}
 657              	.L79:
 658 000a 00BF     		.align	2
 659              	.L78:
 660 000c 00000000 		.word	htim20
 661              		.cfi_endproc
 662              	.LFE351:
 664              		.section	.text.FDCAN2_IT0_IRQHandler,"ax",%progbits
 665              		.align	1
 666              		.global	FDCAN2_IT0_IRQHandler
 667              		.syntax unified
 668              		.thumb
 669              		.thumb_func
 671              	FDCAN2_IT0_IRQHandler:
 672              	.LFB352:
 416:Core/Src/stm32g4xx_it.c **** 
 417:Core/Src/stm32g4xx_it.c **** /**
 418:Core/Src/stm32g4xx_it.c ****   * @brief This function handles FDCAN2 interrupt 0.
 419:Core/Src/stm32g4xx_it.c ****   */
 420:Core/Src/stm32g4xx_it.c **** void FDCAN2_IT0_IRQHandler(void)
 421:Core/Src/stm32g4xx_it.c **** {
 673              		.loc 1 421 1 is_stmt 1 view -0
 674              		.cfi_startproc
 675              		@ args = 0, pretend = 0, frame = 0
 676              		@ frame_needed = 0, uses_anonymous_args = 0
 677 0000 08B5     		push	{r3, lr}
 678              		.cfi_def_cfa_offset 8
 679              		.cfi_offset 3, -8
 680              		.cfi_offset 14, -4
 422:Core/Src/stm32g4xx_it.c ****   /* USER CODE BEGIN FDCAN2_IT0_IRQn 0 */
 423:Core/Src/stm32g4xx_it.c **** 
 424:Core/Src/stm32g4xx_it.c ****   /* USER CODE END FDCAN2_IT0_IRQn 0 */
 425:Core/Src/stm32g4xx_it.c ****   HAL_FDCAN_IRQHandler(&hfdcan2);
 681              		.loc 1 425 3 view .LVU74
 682 0002 0248     		ldr	r0, .L82
 683 0004 FFF7FEFF 		bl	HAL_FDCAN_IRQHandler
 684              	.LVL17:
 426:Core/Src/stm32g4xx_it.c ****   /* USER CODE BEGIN FDCAN2_IT0_IRQn 1 */
 427:Core/Src/stm32g4xx_it.c **** 
 428:Core/Src/stm32g4xx_it.c ****   /* USER CODE END FDCAN2_IT0_IRQn 1 */
 429:Core/Src/stm32g4xx_it.c **** }
 685              		.loc 1 429 1 is_stmt 0 view .LVU75
 686 0008 08BD     		pop	{r3, pc}
 687              	.L83:
 688 000a 00BF     		.align	2
 689              	.L82:
 690 000c 00000000 		.word	hfdcan2
 691              		.cfi_endproc
 692              	.LFE352:
 694              		.section	.text.FDCAN2_IT1_IRQHandler,"ax",%progbits
 695              		.align	1
 696              		.global	FDCAN2_IT1_IRQHandler
 697              		.syntax unified
ARM GAS  /tmp/ccbJRtBh.s 			page 20


 698              		.thumb
 699              		.thumb_func
 701              	FDCAN2_IT1_IRQHandler:
 702              	.LFB353:
 430:Core/Src/stm32g4xx_it.c **** 
 431:Core/Src/stm32g4xx_it.c **** /**
 432:Core/Src/stm32g4xx_it.c ****   * @brief This function handles FDCAN2 interrupt 1.
 433:Core/Src/stm32g4xx_it.c ****   */
 434:Core/Src/stm32g4xx_it.c **** void FDCAN2_IT1_IRQHandler(void)
 435:Core/Src/stm32g4xx_it.c **** {
 703              		.loc 1 435 1 is_stmt 1 view -0
 704              		.cfi_startproc
 705              		@ args = 0, pretend = 0, frame = 0
 706              		@ frame_needed = 0, uses_anonymous_args = 0
 707 0000 08B5     		push	{r3, lr}
 708              		.cfi_def_cfa_offset 8
 709              		.cfi_offset 3, -8
 710              		.cfi_offset 14, -4
 436:Core/Src/stm32g4xx_it.c ****   /* USER CODE BEGIN FDCAN2_IT1_IRQn 0 */
 437:Core/Src/stm32g4xx_it.c **** 
 438:Core/Src/stm32g4xx_it.c ****   /* USER CODE END FDCAN2_IT1_IRQn 0 */
 439:Core/Src/stm32g4xx_it.c ****   HAL_FDCAN_IRQHandler(&hfdcan2);
 711              		.loc 1 439 3 view .LVU77
 712 0002 0248     		ldr	r0, .L86
 713 0004 FFF7FEFF 		bl	HAL_FDCAN_IRQHandler
 714              	.LVL18:
 440:Core/Src/stm32g4xx_it.c ****   /* USER CODE BEGIN FDCAN2_IT1_IRQn 1 */
 441:Core/Src/stm32g4xx_it.c **** 
 442:Core/Src/stm32g4xx_it.c ****   /* USER CODE END FDCAN2_IT1_IRQn 1 */
 443:Core/Src/stm32g4xx_it.c **** }
 715              		.loc 1 443 1 is_stmt 0 view .LVU78
 716 0008 08BD     		pop	{r3, pc}
 717              	.L87:
 718 000a 00BF     		.align	2
 719              	.L86:
 720 000c 00000000 		.word	hfdcan2
 721              		.cfi_endproc
 722              	.LFE353:
 724              		.section	.text.CORDIC_IRQHandler,"ax",%progbits
 725              		.align	1
 726              		.global	CORDIC_IRQHandler
 727              		.syntax unified
 728              		.thumb
 729              		.thumb_func
 731              	CORDIC_IRQHandler:
 732              	.LFB354:
 444:Core/Src/stm32g4xx_it.c **** 
 445:Core/Src/stm32g4xx_it.c **** /**
 446:Core/Src/stm32g4xx_it.c ****   * @brief This function handles CORDIC interrupt.
 447:Core/Src/stm32g4xx_it.c ****   */
 448:Core/Src/stm32g4xx_it.c **** void CORDIC_IRQHandler(void)
 449:Core/Src/stm32g4xx_it.c **** {
 733              		.loc 1 449 1 is_stmt 1 view -0
 734              		.cfi_startproc
 735              		@ args = 0, pretend = 0, frame = 0
 736              		@ frame_needed = 0, uses_anonymous_args = 0
 737 0000 08B5     		push	{r3, lr}
ARM GAS  /tmp/ccbJRtBh.s 			page 21


 738              		.cfi_def_cfa_offset 8
 739              		.cfi_offset 3, -8
 740              		.cfi_offset 14, -4
 450:Core/Src/stm32g4xx_it.c ****   /* USER CODE BEGIN CORDIC_IRQn 0 */
 451:Core/Src/stm32g4xx_it.c **** 
 452:Core/Src/stm32g4xx_it.c ****   /* USER CODE END CORDIC_IRQn 0 */
 453:Core/Src/stm32g4xx_it.c ****   HAL_CORDIC_IRQHandler(&hcordic);
 741              		.loc 1 453 3 view .LVU80
 742 0002 0248     		ldr	r0, .L90
 743 0004 FFF7FEFF 		bl	HAL_CORDIC_IRQHandler
 744              	.LVL19:
 454:Core/Src/stm32g4xx_it.c ****   /* USER CODE BEGIN CORDIC_IRQn 1 */
 455:Core/Src/stm32g4xx_it.c **** 
 456:Core/Src/stm32g4xx_it.c ****   /* USER CODE END CORDIC_IRQn 1 */
 457:Core/Src/stm32g4xx_it.c **** }
 745              		.loc 1 457 1 is_stmt 0 view .LVU81
 746 0008 08BD     		pop	{r3, pc}
 747              	.L91:
 748 000a 00BF     		.align	2
 749              	.L90:
 750 000c 00000000 		.word	hcordic
 751              		.cfi_endproc
 752              	.LFE354:
 754              		.text
 755              	.Letext0:
 756              		.file 2 "/opt/arm-gnu-toolchain-14.2/arm-none-eabi/include/machine/_default_types.h"
 757              		.file 3 "/opt/arm-gnu-toolchain-14.2/arm-none-eabi/include/sys/_stdint.h"
 758              		.file 4 "Drivers/CMSIS/Device/ST/STM32G4xx/Include/stm32g474xx.h"
 759              		.file 5 "Drivers/CMSIS/Device/ST/STM32G4xx/Include/stm32g4xx.h"
 760              		.file 6 "Drivers/STM32G4xx_HAL_Driver/Inc/stm32g4xx_hal_def.h"
 761              		.file 7 "Drivers/STM32G4xx_HAL_Driver/Inc/stm32g4xx_hal_dma.h"
 762              		.file 8 "Drivers/STM32G4xx_HAL_Driver/Inc/stm32g4xx_hal_cordic.h"
 763              		.file 9 "Drivers/STM32G4xx_HAL_Driver/Inc/stm32g4xx_hal_fdcan.h"
 764              		.file 10 "Drivers/STM32G4xx_HAL_Driver/Inc/stm32g4xx_hal_i2c.h"
 765              		.file 11 "Drivers/STM32G4xx_HAL_Driver/Inc/stm32g4xx_ll_usb.h"
 766              		.file 12 "Drivers/STM32G4xx_HAL_Driver/Inc/stm32g4xx_hal_pcd.h"
 767              		.file 13 "Drivers/STM32G4xx_HAL_Driver/Inc/stm32g4xx_hal_tim.h"
 768              		.file 14 "Drivers/STM32G4xx_HAL_Driver/Inc/stm32g4xx_hal_uart.h"
ARM GAS  /tmp/ccbJRtBh.s 			page 22


DEFINED SYMBOLS
                            *ABS*:00000000 stm32g4xx_it.c
     /tmp/ccbJRtBh.s:21     .text.NMI_Handler:00000000 $t
     /tmp/ccbJRtBh.s:27     .text.NMI_Handler:00000000 NMI_Handler
     /tmp/ccbJRtBh.s:44     .text.HardFault_Handler:00000000 $t
     /tmp/ccbJRtBh.s:50     .text.HardFault_Handler:00000000 HardFault_Handler
     /tmp/ccbJRtBh.s:67     .text.MemManage_Handler:00000000 $t
     /tmp/ccbJRtBh.s:73     .text.MemManage_Handler:00000000 MemManage_Handler
     /tmp/ccbJRtBh.s:90     .text.BusFault_Handler:00000000 $t
     /tmp/ccbJRtBh.s:96     .text.BusFault_Handler:00000000 BusFault_Handler
     /tmp/ccbJRtBh.s:113    .text.UsageFault_Handler:00000000 $t
     /tmp/ccbJRtBh.s:119    .text.UsageFault_Handler:00000000 UsageFault_Handler
     /tmp/ccbJRtBh.s:136    .text.DebugMon_Handler:00000000 $t
     /tmp/ccbJRtBh.s:142    .text.DebugMon_Handler:00000000 DebugMon_Handler
     /tmp/ccbJRtBh.s:155    .text.DMA1_Channel1_IRQHandler:00000000 $t
     /tmp/ccbJRtBh.s:161    .text.DMA1_Channel1_IRQHandler:00000000 DMA1_Channel1_IRQHandler
     /tmp/ccbJRtBh.s:180    .text.DMA1_Channel1_IRQHandler:0000000c $d
     /tmp/ccbJRtBh.s:185    .text.DMA1_Channel2_IRQHandler:00000000 $t
     /tmp/ccbJRtBh.s:191    .text.DMA1_Channel2_IRQHandler:00000000 DMA1_Channel2_IRQHandler
     /tmp/ccbJRtBh.s:210    .text.DMA1_Channel2_IRQHandler:0000000c $d
     /tmp/ccbJRtBh.s:215    .text.DMA1_Channel3_IRQHandler:00000000 $t
     /tmp/ccbJRtBh.s:221    .text.DMA1_Channel3_IRQHandler:00000000 DMA1_Channel3_IRQHandler
     /tmp/ccbJRtBh.s:240    .text.DMA1_Channel3_IRQHandler:0000000c $d
     /tmp/ccbJRtBh.s:245    .text.DMA1_Channel4_IRQHandler:00000000 $t
     /tmp/ccbJRtBh.s:251    .text.DMA1_Channel4_IRQHandler:00000000 DMA1_Channel4_IRQHandler
     /tmp/ccbJRtBh.s:270    .text.DMA1_Channel4_IRQHandler:0000000c $d
     /tmp/ccbJRtBh.s:275    .text.DMA1_Channel5_IRQHandler:00000000 $t
     /tmp/ccbJRtBh.s:281    .text.DMA1_Channel5_IRQHandler:00000000 DMA1_Channel5_IRQHandler
     /tmp/ccbJRtBh.s:300    .text.DMA1_Channel5_IRQHandler:0000000c $d
     /tmp/ccbJRtBh.s:305    .text.DMA1_Channel6_IRQHandler:00000000 $t
     /tmp/ccbJRtBh.s:311    .text.DMA1_Channel6_IRQHandler:00000000 DMA1_Channel6_IRQHandler
     /tmp/ccbJRtBh.s:330    .text.DMA1_Channel6_IRQHandler:0000000c $d
     /tmp/ccbJRtBh.s:335    .text.DMA1_Channel7_IRQHandler:00000000 $t
     /tmp/ccbJRtBh.s:341    .text.DMA1_Channel7_IRQHandler:00000000 DMA1_Channel7_IRQHandler
     /tmp/ccbJRtBh.s:360    .text.DMA1_Channel7_IRQHandler:0000000c $d
     /tmp/ccbJRtBh.s:365    .text.USB_LP_IRQHandler:00000000 $t
     /tmp/ccbJRtBh.s:371    .text.USB_LP_IRQHandler:00000000 USB_LP_IRQHandler
     /tmp/ccbJRtBh.s:390    .text.USB_LP_IRQHandler:0000000c $d
     /tmp/ccbJRtBh.s:395    .text.TIM1_BRK_TIM15_IRQHandler:00000000 $t
     /tmp/ccbJRtBh.s:401    .text.TIM1_BRK_TIM15_IRQHandler:00000000 TIM1_BRK_TIM15_IRQHandler
     /tmp/ccbJRtBh.s:420    .text.TIM1_BRK_TIM15_IRQHandler:0000000c $d
     /tmp/ccbJRtBh.s:425    .text.TIM3_IRQHandler:00000000 $t
     /tmp/ccbJRtBh.s:431    .text.TIM3_IRQHandler:00000000 TIM3_IRQHandler
     /tmp/ccbJRtBh.s:450    .text.TIM3_IRQHandler:0000000c $d
     /tmp/ccbJRtBh.s:455    .text.I2C1_EV_IRQHandler:00000000 $t
     /tmp/ccbJRtBh.s:461    .text.I2C1_EV_IRQHandler:00000000 I2C1_EV_IRQHandler
     /tmp/ccbJRtBh.s:480    .text.I2C1_EV_IRQHandler:0000000c $d
     /tmp/ccbJRtBh.s:485    .text.I2C1_ER_IRQHandler:00000000 $t
     /tmp/ccbJRtBh.s:491    .text.I2C1_ER_IRQHandler:00000000 I2C1_ER_IRQHandler
     /tmp/ccbJRtBh.s:510    .text.I2C1_ER_IRQHandler:0000000c $d
     /tmp/ccbJRtBh.s:515    .text.USART1_IRQHandler:00000000 $t
     /tmp/ccbJRtBh.s:521    .text.USART1_IRQHandler:00000000 USART1_IRQHandler
     /tmp/ccbJRtBh.s:540    .text.USART1_IRQHandler:0000000c $d
     /tmp/ccbJRtBh.s:545    .text.USART2_IRQHandler:00000000 $t
     /tmp/ccbJRtBh.s:551    .text.USART2_IRQHandler:00000000 USART2_IRQHandler
     /tmp/ccbJRtBh.s:570    .text.USART2_IRQHandler:0000000c $d
     /tmp/ccbJRtBh.s:575    .text.USART3_IRQHandler:00000000 $t
ARM GAS  /tmp/ccbJRtBh.s 			page 23


     /tmp/ccbJRtBh.s:581    .text.USART3_IRQHandler:00000000 USART3_IRQHandler
     /tmp/ccbJRtBh.s:600    .text.USART3_IRQHandler:0000000c $d
     /tmp/ccbJRtBh.s:605    .text.TIM5_IRQHandler:00000000 $t
     /tmp/ccbJRtBh.s:611    .text.TIM5_IRQHandler:00000000 TIM5_IRQHandler
     /tmp/ccbJRtBh.s:630    .text.TIM5_IRQHandler:0000000c $d
     /tmp/ccbJRtBh.s:635    .text.TIM20_UP_IRQHandler:00000000 $t
     /tmp/ccbJRtBh.s:641    .text.TIM20_UP_IRQHandler:00000000 TIM20_UP_IRQHandler
     /tmp/ccbJRtBh.s:660    .text.TIM20_UP_IRQHandler:0000000c $d
     /tmp/ccbJRtBh.s:665    .text.FDCAN2_IT0_IRQHandler:00000000 $t
     /tmp/ccbJRtBh.s:671    .text.FDCAN2_IT0_IRQHandler:00000000 FDCAN2_IT0_IRQHandler
     /tmp/ccbJRtBh.s:690    .text.FDCAN2_IT0_IRQHandler:0000000c $d
     /tmp/ccbJRtBh.s:695    .text.FDCAN2_IT1_IRQHandler:00000000 $t
     /tmp/ccbJRtBh.s:701    .text.FDCAN2_IT1_IRQHandler:00000000 FDCAN2_IT1_IRQHandler
     /tmp/ccbJRtBh.s:720    .text.FDCAN2_IT1_IRQHandler:0000000c $d
     /tmp/ccbJRtBh.s:725    .text.CORDIC_IRQHandler:00000000 $t
     /tmp/ccbJRtBh.s:731    .text.CORDIC_IRQHandler:00000000 CORDIC_IRQHandler
     /tmp/ccbJRtBh.s:750    .text.CORDIC_IRQHandler:0000000c $d

UNDEFINED SYMBOLS
HAL_DMA_IRQHandler
hdma_usart1_rx
hdma_usart1_tx
hdma_usart2_rx
hdma_usart2_tx
hdma_usart3_rx
hdma_usart3_tx
hdma_adc2
HAL_PCD_IRQHandler
hpcd_USB_FS
HAL_TIM_IRQHandler
htim1
htim3
HAL_I2C_EV_IRQHandler
hi2c1
HAL_I2C_ER_IRQHandler
HAL_UART_IRQHandler
huart1
huart2
huart3
htim5
htim20
HAL_FDCAN_IRQHandler
hfdcan2
HAL_CORDIC_IRQHandler
hcordic
